2025-04-27 09:32:35,931 [INFO] WebApp:194 - Connection lost
2025-04-27 09:32:38,221 [INFO] WebApp:191 - Connection restablished
2025-04-27 09:32:50,699 [INFO] WebApp:194 - Connection lost
2025-04-27 09:32:55,486 [INFO] WebApp:191 - Connection restablished
2025-04-27 11:01:47,682 [INFO] WebApp:194 - Connection lost
2025-04-27 11:01:47,939 [INFO] WebApp:191 - Connection restablished
2025-04-27 11:17:05,962 [INFO] WebApp:194 - Connection lost
2025-04-27 11:17:06,191 [INFO] WebApp:191 - Connection restablished
2025-04-27 11:33:54,377 [INFO] WebApp:194 - Connection lost
2025-04-27 11:33:54,737 [INFO] WebApp:191 - Connection restablished
2025-04-27 11:46:30,923 [INFO] WebApp:194 - Connection lost
2025-04-27 11:46:31,112 [INFO] WebApp:191 - Connection restablished
2025-04-27 11:47:04,385 [INFO] WebApp:194 - Connection lost
2025-04-27 11:47:04,625 [INFO] WebApp:191 - Connection restablished
2025-04-27 12:04:35,648 [INFO] WebApp:194 - Connection lost
2025-04-27 12:04:35,827 [INFO] WebApp:191 - Connection restablished
2025-04-27 12:21:29,269 [INFO] WebApp:194 - Connection lost
2025-04-27 12:21:29,461 [INFO] WebApp:191 - Connection restablished
2025-04-27 12:37:07,289 [INFO] WebApp:194 - Connection lost
2025-04-27 12:37:07,466 [INFO] WebApp:191 - Connection restablished
2025-04-27 12:47:08,283 [INFO] WebApp:194 - Connection lost
2025-04-27 12:47:08,511 [INFO] WebApp:191 - Connection restablished
2025-04-27 12:47:10,404 [INFO] WebApp:194 - Connection lost
2025-04-27 12:47:10,518 [INFO] WebApp:191 - Connection restablished
2025-04-27 13:03:46,382 [INFO] WebApp:194 - Connection lost
2025-04-27 13:03:46,602 [INFO] WebApp:191 - Connection restablished
2025-04-27 13:21:39,337 [INFO] WebApp:194 - Connection lost
2025-04-27 13:21:41,179 [INFO] WebApp:191 - Connection restablished
2025-04-27 13:22:21,198 [INFO] WebApp:194 - Connection lost
2025-04-27 13:22:21,384 [INFO] WebApp:191 - Connection restablished
2025-04-27 13:33:04,140 [INFO] WebApp:194 - Connection lost
2025-04-27 13:33:08,793 [INFO] WebApp:191 - Connection restablished
2025-04-27 13:37:22,672 [INFO] WebApp:194 - Connection lost
2025-04-27 13:37:22,858 [INFO] WebApp:191 - Connection restablished
2025-04-27 13:37:26,956 [INFO] WebApp:194 - Connection lost
2025-04-27 13:37:27,091 [INFO] WebApp:191 - Connection restablished
2025-04-27 13:55:02,223 [INFO] WebApp:194 - Connection lost
2025-04-27 13:55:02,437 [INFO] WebApp:191 - Connection restablished
2025-04-27 14:10:54,124 [INFO] WebApp:194 - Connection lost
2025-04-27 14:10:54,293 [INFO] WebApp:191 - Connection restablished
2025-04-27 14:21:47,467 [INFO] WebApp:194 - Connection lost
2025-04-27 14:21:51,947 [INFO] WebApp:191 - Connection restablished
2025-04-27 14:22:45,451 [INFO] WebApp:194 - Connection lost
2025-04-27 14:22:50,484 [INFO] WebApp:191 - Connection restablished
2025-04-27 14:22:58,221 [INFO] WebApp:194 - Connection lost
2025-04-27 14:22:58,335 [INFO] WebApp:191 - Connection restablished
2025-04-27 14:22:59,143 [INFO] WebApp:194 - Connection lost
2025-04-27 14:22:59,312 [INFO] WebApp:191 - Connection restablished
2025-04-27 14:23:54,651 [INFO] WebApp:194 - Connection lost
2025-04-27 14:23:59,689 [INFO] WebApp:191 - Connection restablished
2025-04-27 14:26:29,332 [INFO] WebApp:194 - Connection lost
2025-04-27 14:26:31,247 [INFO] WebApp:191 - Connection restablished
2025-04-27 14:26:38,758 [INFO] WebApp:194 - Connection lost
2025-04-27 14:26:38,893 [INFO] WebApp:191 - Connection restablished
2025-04-27 14:36:43,384 [INFO] WebApp:194 - Connection lost
2025-04-27 14:36:47,609 [INFO] WebApp:191 - Connection restablished
2025-04-27 14:36:48,249 [INFO] WebApp:194 - Connection lost
2025-04-27 14:37:02,637 [INFO] WebApp:191 - Connection restablished
2025-04-27 14:38:21,965 [INFO] WebApp:194 - Connection lost
2025-04-27 14:38:27,304 [INFO] WebApp:191 - Connection restablished
2025-04-27 14:38:27,987 [INFO] WebApp:194 - Connection lost
2025-04-27 14:38:34,056 [INFO] WebApp:191 - Connection restablished
2025-04-27 14:40:09,601 [INFO] WebApp:194 - Connection lost
2025-04-27 14:40:14,374 [INFO] WebApp:191 - Connection restablished
2025-04-27 14:40:15,427 [INFO] WebApp:194 - Connection lost
2025-04-27 14:40:17,770 [INFO] WebApp:191 - Connection restablished
2025-04-27 14:48:00,727 [INFO] WebApp:194 - Connection lost
2025-04-27 14:48:06,656 [INFO] WebApp:191 - Connection restablished
2025-04-27 14:48:07,777 [INFO] WebApp:194 - Connection lost
2025-04-27 14:48:08,549 [INFO] WebApp:191 - Connection restablished
2025-04-27 14:48:12,783 [INFO] WebApp:194 - Connection lost
2025-04-27 14:48:13,012 [INFO] WebApp:191 - Connection restablished
2025-04-27 14:51:55,151 [INFO] WebApp:194 - Connection lost
2025-04-27 14:51:59,807 [INFO] WebApp:191 - Connection restablished
2025-04-27 14:52:02,496 [INFO] WebApp:194 - Connection lost
2025-04-27 14:52:02,767 [INFO] WebApp:191 - Connection restablished
2025-04-27 14:53:36,925 [INFO] WebApp:194 - Connection lost
2025-04-27 14:53:41,747 [INFO] WebApp:191 - Connection restablished
2025-04-27 14:54:21,666 [INFO] WebApp:194 - Connection lost
2025-04-27 14:54:26,546 [INFO] WebApp:191 - Connection restablished
2025-04-27 14:54:30,551 [INFO] WebApp:194 - Connection lost
2025-04-27 14:54:31,053 [INFO] WebApp:191 - Connection restablished
2025-04-27 14:54:46,865 [INFO] WebApp:194 - Connection lost
2025-04-27 14:54:55,627 [INFO] WebApp:191 - Connection restablished
2025-04-27 14:55:17,143 [INFO] WebApp:194 - Connection lost
2025-04-27 14:55:22,147 [INFO] WebApp:191 - Connection restablished
2025-04-27 14:55:25,333 [INFO] WebApp:194 - Connection lost
2025-04-27 14:55:26,200 [INFO] WebApp:191 - Connection restablished
2025-04-27 14:55:34,773 [INFO] WebApp:194 - Connection lost
2025-04-27 14:55:38,110 [INFO] WebApp:191 - Connection restablished
2025-04-27 14:55:40,075 [INFO] WebApp:194 - Connection lost
2025-04-27 14:55:40,319 [INFO] WebApp:191 - Connection restablished
2025-04-27 14:57:19,972 [INFO] WebApp:194 - Connection lost
2025-04-27 14:57:26,258 [INFO] WebApp:191 - Connection restablished
2025-04-27 14:58:59,752 [INFO] WebApp:194 - Connection lost
2025-04-27 14:59:05,414 [INFO] WebApp:191 - Connection restablished
2025-04-27 15:00:38,668 [INFO] WebApp:194 - Connection lost
2025-04-27 15:00:49,344 [INFO] WebApp:191 - Connection restablished
2025-04-27 15:01:07,610 [INFO] WebApp:194 - Connection lost
2025-04-27 15:01:19,053 [INFO] WebApp:191 - Connection restablished
2025-04-27 15:02:51,514 [INFO] WebApp:194 - Connection lost
2025-04-27 15:03:00,618 [INFO] WebApp:191 - Connection restablished
2025-04-27 15:07:58,498 [INFO] WebApp:194 - Connection lost
2025-04-27 15:08:03,068 [INFO] WebApp:191 - Connection restablished
2025-04-27 15:10:42,077 [INFO] WebApp:194 - Connection lost
2025-04-27 15:10:47,150 [INFO] WebApp:191 - Connection restablished
2025-04-27 15:10:49,918 [INFO] WebApp:194 - Connection lost
2025-04-27 15:10:51,069 [INFO] WebApp:191 - Connection restablished
2025-04-27 15:12:17,519 [INFO] WebApp:194 - Connection lost
2025-04-27 15:12:22,120 [INFO] WebApp:191 - Connection restablished
2025-04-27 15:27:00,470 [INFO] WebApp:194 - Connection lost
2025-04-27 15:27:04,644 [INFO] WebApp:191 - Connection restablished
2025-04-27 15:33:11,569 [INFO] WebApp:194 - Connection lost
2025-04-27 15:33:11,822 [INFO] WebApp:191 - Connection restablished
2025-04-27 15:48:49,164 [INFO] WebApp:194 - Connection lost
2025-04-27 15:48:49,468 [INFO] WebApp:191 - Connection restablished
2025-04-27 15:48:50,503 [INFO] WebApp:194 - Connection lost
2025-04-27 15:48:50,762 [INFO] WebApp:191 - Connection restablished
2025-04-27 16:04:05,021 [INFO] WebApp:194 - Connection lost
2025-04-27 16:04:05,354 [INFO] WebApp:191 - Connection restablished
2025-04-27 16:17:20,578 [INFO] WebApp:194 - Connection lost
2025-04-27 16:17:24,692 [INFO] WebApp:191 - Connection restablished
2025-04-27 16:22:28,843 [INFO] WebApp:194 - Connection lost
2025-04-27 16:22:33,121 [INFO] WebApp:191 - Connection restablished
2025-04-27 16:23:15,622 [INFO] WebApp:194 - Connection lost
2025-04-27 16:23:19,763 [INFO] WebApp:191 - Connection restablished
2025-04-27 16:27:01,204 [INFO] WebApp:194 - Connection lost
2025-04-27 16:27:07,249 [INFO] WebApp:191 - Connection restablished
2025-04-27 16:27:09,735 [INFO] WebApp:194 - Connection lost
2025-04-27 16:27:09,911 [INFO] WebApp:191 - Connection restablished
2025-04-27 16:27:18,186 [INFO] WebApp:194 - Connection lost
2025-04-27 16:27:18,349 [INFO] WebApp:191 - Connection restablished
2025-04-27 16:34:12,051 [INFO] WebApp:194 - Connection lost
2025-04-27 16:34:12,268 [INFO] WebApp:191 - Connection restablished
2025-04-27 16:39:57,287 [INFO] WebApp:194 - Connection lost
2025-04-27 16:40:01,005 [INFO] WebApp:191 - Connection restablished
2025-04-27 16:40:09,055 [INFO] WebApp:194 - Connection lost
2025-04-27 16:40:09,232 [INFO] WebApp:191 - Connection restablished
2025-04-27 16:57:38,928 [INFO] WebApp:194 - Connection lost
2025-04-27 16:57:39,183 [INFO] WebApp:191 - Connection restablished
2025-04-27 17:13:38,804 [INFO] WebApp:194 - Connection lost
2025-04-27 17:13:39,191 [INFO] WebApp:191 - Connection restablished
2025-04-27 17:26:31,789 [INFO] WebApp:194 - Connection lost
2025-04-27 17:26:32,273 [INFO] WebApp:191 - Connection restablished
2025-04-27 17:56:30,809 [INFO] WebApp:194 - Connection lost
2025-04-27 17:56:31,215 [INFO] WebApp:191 - Connection restablished
2025-04-27 17:56:40,211 [INFO] WebApp:194 - Connection lost
2025-04-27 17:56:40,378 [INFO] WebApp:191 - Connection restablished
2025-04-27 17:56:55,569 [INFO] WebApp:194 - Connection lost
2025-04-27 17:56:55,769 [INFO] WebApp:191 - Connection restablished
2025-04-27 17:59:33,578 [INFO] WebApp:194 - Connection lost
2025-04-27 17:59:33,834 [INFO] WebApp:191 - Connection restablished
2025-04-27 18:02:53,067 [INFO] WebApp:194 - Connection lost
2025-04-27 18:02:53,307 [INFO] WebApp:191 - Connection restablished
2025-04-27 18:07:05,697 [INFO] WebApp:194 - Connection lost
2025-04-27 18:07:05,886 [INFO] WebApp:191 - Connection restablished
2025-04-27 18:08:05,678 [INFO] WebApp:194 - Connection lost
2025-04-27 18:08:05,917 [INFO] WebApp:191 - Connection restablished
2025-04-27 20:21:19,130 [INFO] UtilMem:75 - End SaveConfig() Used Memory: 591154808 Bytes (1073741824)
2025-04-27 20:21:21,043 [INFO] UtilMem:75 - End SaveConfig() Used Memory: 661409400 Bytes (1073741824)
2025-04-27 20:21:21,868 [INFO] UtilMem:75 - End SaveConfig() Used Memory: 717046920 Bytes (1073741824)
2025-04-27 20:21:22,876 [INFO] BlockDiagram:2775 - set Specific Code input for plugin: RCC
2025-04-27 20:21:22,877 [INFO] BlockDiagram:2775 - set Specific Code input for plugin: NUCLEO-H753ZI
2025-04-27 20:21:22,878 [INFO] BlockDiagram:2775 - set Specific Code input for plugin: MEMORYMAP
2025-04-27 20:21:22,878 [INFO] BlockDiagram:2775 - set Specific Code input for plugin: TIM1_8H7
2025-04-27 20:21:22,879 [INFO] BlockDiagram:2775 - set Specific Code input for plugin: TIM1_8H7
2025-04-27 20:21:22,880 [INFO] BlockDiagram:2775 - set Specific Code input for plugin: SYS
2025-04-27 20:21:22,881 [INFO] BlockDiagram:2775 - set Specific Code input for plugin: NVIC
2025-04-27 20:21:22,882 [INFO] BlockDiagram:2775 - set Specific Code input for plugin: UART
2025-04-27 20:21:22,882 [INFO] BlockDiagram:2775 - set Specific Code input for plugin: UART
2025-04-27 20:21:22,886 [INFO] BlockDiagram:2775 - set Specific Code input for plugin: GPIO
2025-04-27 20:21:22,889 [INFO] CodeGenerator:882 - code generatio: config db path: /Applications/STM32CubeIDE.app/Contents/Eclipse/plugins/com.st.stm32cube.common.mx_6.14.1.202504091515//db/
2025-04-27 20:21:23,703 [INFO] CodeEngine:263 - oldGeneratedFile, /Users/sanjaybendale/STM32CubeIDE/workspace_1.11.2/motorcontrol/MXTmpFiles/license.tmp_save
2025-04-27 20:21:24,202 [INFO] CodeEngine:287 - Generated code: /Users/sanjaybendale/STM32CubeIDE/workspace_1.11.2/motorcontrol/MXTmpFiles/license.tmp
2025-04-27 20:21:24,540 [INFO] CodeEngine:263 - oldGeneratedFile, /Users/sanjaybendale/STM32CubeIDE/workspace_1.11.2/motorcontrol/MXTmpFiles/gpio.tmp_save
2025-04-27 20:21:24,791 [INFO] CodeEngine:287 - Generated code: /Users/sanjaybendale/STM32CubeIDE/workspace_1.11.2/motorcontrol/MXTmpFiles/gpio.tmp
2025-04-27 20:21:24,948 [WARN] IPConfigManager:103 - WARNING: Missing Config File for MEMORYMAP ip!!
2025-04-27 20:21:26,053 [INFO] CodeEngine:263 - oldGeneratedFile, /Users/sanjaybendale/STM32CubeIDE/workspace_1.11.2/motorcontrol/MXTmpFiles/cortex.tmp_save
2025-04-27 20:21:26,345 [INFO] CodeEngine:287 - Generated code: /Users/sanjaybendale/STM32CubeIDE/workspace_1.11.2/motorcontrol/MXTmpFiles/cortex.tmp
2025-04-27 20:21:26,467 [INFO] CodeEngine:263 - oldGeneratedFile, /Users/sanjaybendale/STM32CubeIDE/workspace_1.11.2/motorcontrol/Core/Inc/stm32h7xx_nucleo_conf.h_save
2025-04-27 20:21:26,708 [INFO] CodeEngine:287 - Generated code: /Users/sanjaybendale/STM32CubeIDE/workspace_1.11.2/motorcontrol/Core/Inc/stm32h7xx_nucleo_conf.h
2025-04-27 20:21:26,726 [INFO] CodeEngine:263 - oldGeneratedFile, /Users/sanjaybendale/STM32CubeIDE/workspace_1.11.2/motorcontrol/MXTmpFiles/bsp_inc.tmp_save
2025-04-27 20:21:26,847 [INFO] CodeEngine:287 - Generated code: /Users/sanjaybendale/STM32CubeIDE/workspace_1.11.2/motorcontrol/MXTmpFiles/bsp_inc.tmp
2025-04-27 20:21:26,854 [INFO] CodeEngine:263 - oldGeneratedFile, /Users/sanjaybendale/STM32CubeIDE/workspace_1.11.2/motorcontrol/MXTmpFiles/bsp_common_vars.tmp_save
2025-04-27 20:21:26,950 [INFO] CodeEngine:287 - Generated code: /Users/sanjaybendale/STM32CubeIDE/workspace_1.11.2/motorcontrol/MXTmpFiles/bsp_common_vars.tmp
2025-04-27 20:21:26,956 [INFO] CodeEngine:263 - oldGeneratedFile, /Users/sanjaybendale/STM32CubeIDE/workspace_1.11.2/motorcontrol/MXTmpFiles/bsp_common_init.tmp_save
2025-04-27 20:21:27,085 [INFO] CodeEngine:287 - Generated code: /Users/sanjaybendale/STM32CubeIDE/workspace_1.11.2/motorcontrol/MXTmpFiles/bsp_common_init.tmp
2025-04-27 20:21:27,089 [INFO] CodeEngine:263 - oldGeneratedFile, /Users/sanjaybendale/STM32CubeIDE/workspace_1.11.2/motorcontrol/MXTmpFiles/bsp_common_demo_before_while.tmp_save
2025-04-27 20:21:27,187 [INFO] CodeEngine:287 - Generated code: /Users/sanjaybendale/STM32CubeIDE/workspace_1.11.2/motorcontrol/MXTmpFiles/bsp_common_demo_before_while.tmp
2025-04-27 20:21:27,193 [INFO] CodeEngine:263 - oldGeneratedFile, /Users/sanjaybendale/STM32CubeIDE/workspace_1.11.2/motorcontrol/MXTmpFiles/bsp_common_demo_inside_while.tmp_save
2025-04-27 20:21:27,310 [INFO] CodeEngine:287 - Generated code: /Users/sanjaybendale/STM32CubeIDE/workspace_1.11.2/motorcontrol/MXTmpFiles/bsp_common_demo_inside_while.tmp
2025-04-27 20:21:27,321 [INFO] CodeEngine:263 - oldGeneratedFile, /Users/sanjaybendale/STM32CubeIDE/workspace_1.11.2/motorcontrol/MXTmpFiles/bsp_common_demo_fct.tmp_save
2025-04-27 20:21:27,556 [INFO] CodeEngine:287 - Generated code: /Users/sanjaybendale/STM32CubeIDE/workspace_1.11.2/motorcontrol/MXTmpFiles/bsp_common_demo_fct.tmp
2025-04-27 20:21:27,622 [INFO] CodeEngine:263 - oldGeneratedFile, /Users/sanjaybendale/STM32CubeIDE/workspace_1.11.2/motorcontrol/Core/Src/stm32h7xx_it.c_save
2025-04-27 20:21:28,092 [INFO] CodeEngine:287 - Generated code: /Users/sanjaybendale/STM32CubeIDE/workspace_1.11.2/motorcontrol/Core/Src/stm32h7xx_it.c
2025-04-27 20:21:28,099 [INFO] CodeEngine:263 - oldGeneratedFile, /Users/sanjaybendale/STM32CubeIDE/workspace_1.11.2/motorcontrol/Core/Inc/stm32h7xx_it.h_save
2025-04-27 20:21:28,201 [INFO] CodeEngine:287 - Generated code: /Users/sanjaybendale/STM32CubeIDE/workspace_1.11.2/motorcontrol/Core/Inc/stm32h7xx_it.h
2025-04-27 20:21:28,459 [INFO] CodeEngine:263 - oldGeneratedFile, /Users/sanjaybendale/STM32CubeIDE/workspace_1.11.2/motorcontrol/Core/Src/stm32h7xx_hal_msp.c_save
2025-04-27 20:21:28,763 [INFO] CodeEngine:287 - Generated code: /Users/sanjaybendale/STM32CubeIDE/workspace_1.11.2/motorcontrol/Core/Src/stm32h7xx_hal_msp.c
2025-04-27 20:21:28,770 [INFO] CodeEngine:263 - oldGeneratedFile, /Users/sanjaybendale/STM32CubeIDE/workspace_1.11.2/motorcontrol/MXTmpFiles/system.tmp_save
2025-04-27 20:21:28,865 [INFO] CodeEngine:287 - Generated code: /Users/sanjaybendale/STM32CubeIDE/workspace_1.11.2/motorcontrol/MXTmpFiles/system.tmp
2025-04-27 20:21:28,879 [INFO] CodeEngine:319 - oldGeneratedFile, /Users/sanjaybendale/STM32CubeIDE/workspace_1.11.2/motorcontrol/Core/Inc/stm32h7xx_hal_conf.h_save
2025-04-27 20:21:28,984 [INFO] CodeEngine:343 - Generated code: /Users/sanjaybendale/STM32CubeIDE/workspace_1.11.2/motorcontrol/Core/Inc/stm32h7xx_hal_conf.h
2025-04-27 20:21:29,070 [ERROR] ApiDbMcu:464 - Can't load MEMORYMAP-STM32xx root dir null
2025-04-27 20:21:29,070 [ERROR] ApiDbMcu:536 - Cannot parse MEMORYMAP_Config file : file do not exist
2025-04-27 20:21:29,101 [INFO] ApiDbMcu:508 - Load IP Config File for TIM1
2025-04-27 20:21:29,131 [INFO] ApiDbMcu:508 - Load IP Config File for TIM2
2025-04-27 20:21:29,160 [INFO] ApiDbMcu:508 - Load IP Config File for UART4
2025-04-27 20:21:29,181 [INFO] ApiDbMcu:508 - Load IP Config File for UART5
2025-04-27 20:21:29,191 [INFO] ApiDbMcu:508 - Load IP Config File for RCC
2025-04-27 20:21:29,198 [WARN] IPConfigManager:3790 - IP not found : TIM
2025-04-27 20:21:29,201 [WARN] CodeGenerator:4198 - IP not found : null
2025-04-27 20:21:29,208 [INFO] CodeEngine:263 - oldGeneratedFile, /Users/sanjaybendale/STM32CubeIDE/workspace_1.11.2/motorcontrol/Core/Inc/main.h_save
2025-04-27 20:21:29,403 [INFO] CodeEngine:287 - Generated code: /Users/sanjaybendale/STM32CubeIDE/workspace_1.11.2/motorcontrol/Core/Inc/main.h
2025-04-27 20:21:29,417 [INFO] CodeEngine:263 - oldGeneratedFile, /Users/sanjaybendale/STM32CubeIDE/workspace_1.11.2/motorcontrol/Core/Src/main.c_save
2025-04-27 20:21:29,636 [INFO] CodeEngine:287 - Generated code: /Users/sanjaybendale/STM32CubeIDE/workspace_1.11.2/motorcontrol/Core/Src/main.c
2025-04-27 20:21:31,218 [INFO] ProjectBuilder:3324 - Time for Copy HAL[1] : 400mS.
2025-04-27 20:21:31,268 [INFO] ProjectBuilder:4912 - Project Generator version: 4.6.0.1-B1
2025-04-27 20:21:31,711 [INFO] ConfigFileManager:1590 - The Die is : DIE450
2025-04-27 20:21:31,761 [INFO] ApiDbMcu:508 - Load IP Config File for FATFS
2025-04-27 20:21:31,789 [INFO] ApiDbMcu:508 - Load IP Config File for FREERTOS
2025-04-27 20:21:31,795 [INFO] ApiDbMcu:508 - Load IP Config File for LIBJPEG
2025-04-27 20:21:31,808 [INFO] ApiDbMcu:508 - Load IP Config File for LWIP
2025-04-27 20:21:31,823 [INFO] ApiDbMcu:508 - Load IP Config File for MBEDTLS
2025-04-27 20:21:31,857 [INFO] ApiDbMcu:508 - Load IP Config File for USB_DEVICE
2025-04-27 20:21:31,867 [INFO] ApiDbMcu:508 - Load IP Config File for USB_HOST
2025-04-27 20:21:35,568 [INFO] ProjectBuilder:5191 - Time for Generating toolchain IDE Files: 4300mS.
2025-04-27 20:21:35,572 [INFO] ProjectBuilder:3181 - Time for Copy CMSIS : 1mS.
2025-04-27 20:21:35,575 [INFO] ProjectBuilder:3181 - Time for Copy CMSIS : 0mS.
2025-04-27 22:46:58,712 [INFO] WebApp:194 - Connection lost
2025-04-27 22:48:09,457 [INFO] WebApp:191 - Connection restablished
2025-04-27 23:20:20,958 [INFO] WebApp:194 - Connection lost
2025-04-27 23:21:36,410 [INFO] WebApp:191 - Connection restablished
2025-04-27 23:45:33,961 [INFO] MainUpdater:2872 - connection check result : 10
2025-04-27 23:45:33,974 [INFO] MainUpdater:2872 - connection check result : 10
2025-04-27 23:45:35,060 [INFO] MicroXplorer:468 - Change Database Path : 
2025-04-27 23:45:35,065 [INFO] MicroXplorer:498 - Change Database Version : DB.6.0.141
2025-04-27 23:45:35,208 [ERROR] ProjectManagerView:395 - 
java.lang.NullPointerException: Cannot invoke "javax.swing.JTextField.getText()" because the return value of "java.util.List.get(int)" is null
	at com.st.microxplorer.plugins.projectmanager.gui.ProjectChoiceTab$9.caretUpdate(ProjectChoiceTab.java:2678) ~[filemanager.jar:?]
	at javax.swing.text.JTextComponent.fireCaretUpdate(JTextComponent.java:408) ~[?:?]
	at javax.swing.text.JTextComponent$MutableCaretEvent.fire(JTextComponent.java:4484) ~[?:?]
	at javax.swing.text.JTextComponent$MutableCaretEvent.stateChanged(JTextComponent.java:4506) ~[?:?]
	at javax.swing.text.DefaultCaret.fireStateChanged(DefaultCaret.java:857) ~[?:?]
	at javax.swing.text.DefaultCaret.changeCaretPosition(DefaultCaret.java:1343) ~[?:?]
	at javax.swing.text.DefaultCaret.handleSetDot(DefaultCaret.java:1242) ~[?:?]
	at javax.swing.text.DefaultCaret.setDot(DefaultCaret.java:1223) ~[?:?]
	at javax.swing.text.DefaultCaret$Handler.insertUpdate(DefaultCaret.java:1819) ~[?:?]
	at javax.swing.text.AbstractDocument.fireInsertUpdate(AbstractDocument.java:227) ~[?:?]
	at javax.swing.text.AbstractDocument.handleInsertString(AbstractDocument.java:781) ~[?:?]
	at javax.swing.text.AbstractDocument.insertString(AbstractDocument.java:740) ~[?:?]
	at javax.swing.text.PlainDocument.insertString(PlainDocument.java:131) ~[?:?]
	at javax.swing.text.AbstractDocument.replace(AbstractDocument.java:699) ~[?:?]
	at javax.swing.text.JTextComponent.setText(JTextComponent.java:1725) ~[?:?]
	at com.st.microxplorer.plugins.projectmanager.gui.ProjectChoiceTab.createHeapStackFields(ProjectChoiceTab.java:979) ~[filemanager.jar:?]
	at com.st.microxplorer.plugins.projectmanager.gui.ProjectChoiceTab.buildLinkSettingsPanel(ProjectChoiceTab.java:3766) ~[filemanager.jar:?]
	at com.st.microxplorer.plugins.projectmanager.gui.ProjectChoiceTab.defineWindowsFields(ProjectChoiceTab.java:1962) ~[filemanager.jar:?]
	at com.st.microxplorer.plugins.projectmanager.gui.ProjectChoiceTab.updateSettings(ProjectChoiceTab.java:555) ~[filemanager.jar:?]
	at com.st.microxplorer.plugins.projectmanager.gui.ProjectSettingsPanel.UpdateDialog(ProjectSettingsPanel.java:245) ~[filemanager.jar:?]
	at com.st.microxplorer.plugins.projectmanager.ProjectManagerView.propertyChange(ProjectManagerView.java:392) ~[filemanager.jar:?]
	at java.beans.PropertyChangeSupport.fire(PropertyChangeSupport.java:343) ~[?:?]
	at java.beans.PropertyChangeSupport.firePropertyChange(PropertyChangeSupport.java:335) ~[?:?]
	at java.beans.PropertyChangeSupport.firePropertyChange(PropertyChangeSupport.java:268) ~[?:?]
	at com.st.microxplorer.util.MXPropertyChangeSupport.firePropertyChange(MXPropertyChangeSupport.java:54) ~[STM32CubeMX.jar:?]
	at com.st.microxplorer.mxsystem.MxSystem.closeConfig(MxSystem.java:899) ~[STM32CubeMX.jar:?]
	at com.st.microxplorer.maingui.MainPanel.closeConfig(MainPanel.java:789) ~[STM32CubeMX.jar:?]
	at com.st.microxplorer.plugins.filemanager.engine.OpenFileManager.loadConfigurationFile(OpenFileManager.java:287) ~[filemanager.jar:?]
	at com.st.microxplorer.plugins.filemanager.engine.MainFileManager.userLoadConfig(MainFileManager.java:341) ~[filemanager.jar:?]
	at com.st.microxplorer.plugins.filemanager.engine.MainFileManager.userLoadConfig(MainFileManager.java:319) ~[filemanager.jar:?]
	at com.st.microxplorer.plugins.filemanager.FileManagerView.getSpecificTask(FileManagerView.java:246) ~[filemanager.jar:?]
	at com.st.stm32cube.common.mx.editor.CubeMxEditor.getMxTabbedPaneInstance(CubeMxEditor.java:1198) ~[com.st.stm32cube.common.mx_6.14.1.202504091515/:?]
	at com.st.stm32cube.common.mx.editor.CubeMxEditor$12$1.createSwingComponent(CubeMxEditor.java:1068) ~[com.st.stm32cube.common.mx_6.14.1.202504091515/:?]
	at com.st.stm32cube.common.mx.oss.core.awtswtbridge.EmbeddedSwingComposite.doComponentCreation(EmbeddedSwingComposite.java:492) ~[com.st.stm32cube.common.mx.oss_6.14.1.202504091515/:?]
	at com.st.stm32cube.common.mx.oss.core.awtswtbridge.EmbeddedSwingComposite$4.run(EmbeddedSwingComposite.java:291) ~[com.st.stm32cube.common.mx.oss_6.14.1.202504091515/:?]
	at com.st.stm32cube.common.mx.oss.core.awtswtbridge.AwtEnvironment$2.run(AwtEnvironment.java:166) ~[com.st.stm32cube.common.mx.oss_6.14.1.202504091515/:?]
	at java.awt.event.InvocationEvent.dispatch(InvocationEvent.java:318) ~[?:?]
	at java.awt.EventQueue.dispatchEventImpl(EventQueue.java:773) ~[?:?]
	at java.awt.EventQueue$4.run(EventQueue.java:720) ~[?:?]
	at java.awt.EventQueue$4.run(EventQueue.java:714) ~[?:?]
	at java.security.AccessController.doPrivileged(AccessController.java:400) ~[?:?]
	at java.security.ProtectionDomain$JavaSecurityAccessImpl.doIntersectionPrivilege(ProtectionDomain.java:87) ~[?:?]
	at java.awt.EventQueue.dispatchEvent(EventQueue.java:742) ~[?:?]
	at java.awt.EventDispatchThread.pumpOneEventForFilters(EventDispatchThread.java:203) ~[?:?]
	at java.awt.EventDispatchThread.pumpEventsForFilter(EventDispatchThread.java:124) ~[?:?]
	at java.awt.EventDispatchThread.pumpEventsForHierarchy(EventDispatchThread.java:113) ~[?:?]
	at java.awt.EventDispatchThread.pumpEvents(EventDispatchThread.java:109) ~[?:?]
	at java.awt.EventDispatchThread.pumpEvents(EventDispatchThread.java:101) ~[?:?]
	at java.awt.EventDispatchThread.run(EventDispatchThread.java:90) ~[?:?]
2025-04-27 23:45:35,322 [WARN] ThirdParty:871 - waiting for thirdparty lock release [close project]
2025-04-27 23:45:35,333 [INFO] ThirdParty:873 - entering critical section [close project]
2025-04-27 23:45:35,338 [INFO] ThirdParty:883 - exiting critical section [close project]
2025-04-27 23:45:35,393 [INFO] PinOutPanel:1589 - setPackage(No Configuration,No Configuration)
2025-04-27 23:45:35,603 [WARN] IpParametersView:155 - Warning: This peripheral hasn't parameters
2025-04-27 23:45:36,040 [WARN] MainPanel:289 - <html><b><center>Warning: This peripheral has no parameters to be configured<br></b></html>
2025-04-27 23:45:36,150 [INFO] UtilMem:75 - Begin LoadConfig() Used Memory: 611626056 Bytes (1073741824)
2025-04-27 23:45:38,459 [INFO] MicroXplorer:468 - Change Database Path : 
2025-04-27 23:45:38,468 [INFO] MicroXplorer:498 - Change Database Version : DB.6.0.141
2025-04-27 23:45:38,469 [INFO] OpenFileManager:354 - Change cursor
2025-04-27 23:45:38,759 [INFO] RulesReader:64 - Compatibility file has been processed (302 Rules)
2025-04-27 23:45:38,810 [INFO] Mcu:2011 - Initializing MCU STM32F767ZITx STM32F767ZITx 
2025-04-27 23:45:38,815 [INFO] Mcu:2026 - No CPN specified => set CPN to STM32F767ZIT6
2025-04-27 23:45:43,018 [INFO] Context:756 - Trying to add GPIOservice into a context  which must be forbidden
2025-04-27 23:45:44,793 [INFO] Rule:225 - rule 117617 - U5Cobra4M][GTZC] default value MPCBB3 and MPCBB5 - Not Secured memory - MPCBB1 is applicable
2025-04-27 23:45:44,801 [INFO] Rule:225 - rule 117617 - U5Cobra4M][GTZC] default value MPCBB3 and MPCBB5 - Not Secured memory - MPCBB1 is applicable
2025-04-27 23:45:44,803 [INFO] Rule:225 - rule 117617 - U5Cobra4M][GTZC] default value MPCBB3 and MPCBB5 - Not Secured memory - MPCBB2 is applicable
2025-04-27 23:45:44,803 [INFO] Rule:225 - rule 117617 - U5Cobra4M][GTZC] default value MPCBB3 and MPCBB5 - Not Secured memory - MPCBB2 is applicable
2025-04-27 23:45:44,803 [INFO] Rule:225 - rule 117617 - U5Cobra4M][GTZC] default value MPCBB3 and MPCBB5 - Not Secured memory - MPCBB3 is applicable
2025-04-27 23:45:44,803 [INFO] Rule:225 - rule 117617 - U5Cobra4M][GTZC] default value MPCBB3 and MPCBB5 - Not Secured memory - MPCBB3 is applicable
2025-04-27 23:45:44,803 [INFO] Rule:225 - rule 117617 - U5Cobra4M][GTZC] default value MPCBB3 and MPCBB5 - Not Secured memory - MPCBB4 is applicable
2025-04-27 23:45:44,803 [INFO] Rule:225 - rule 117617 - U5Cobra4M][GTZC] default value MPCBB3 and MPCBB5 - Not Secured memory - MPCBB4 is applicable
2025-04-27 23:45:44,803 [INFO] Rule:225 - rule 117617 - U5Cobra4M][GTZC] default value MPCBB3 and MPCBB5 - Secured memory - MPCBB1 is applicable
2025-04-27 23:45:44,803 [INFO] Rule:225 - rule 117617 - U5Cobra4M][GTZC] default value MPCBB3 and MPCBB5 - Secured memory - MPCBB2 is applicable
2025-04-27 23:45:44,804 [INFO] Rule:225 - rule 117617 - U5Cobra4M][GTZC] default value MPCBB3 and MPCBB5 - Secured memory - MPCBB3 is applicable
2025-04-27 23:45:44,804 [INFO] Rule:225 - rule 117617 - U5Cobra4M][GTZC] default value MPCBB3 and MPCBB5 - Secured memory - MPCBB4 is applicable
2025-04-27 23:45:44,804 [INFO] Rule:225 - rule 117617 - U5Cobra4M][GTZC] default value MPCBB3 and MPCBB5 - Privileged memory - MPCBB1 is applicable
2025-04-27 23:45:44,804 [INFO] Rule:225 - rule 117617 - U5Cobra4M][GTZC] default value MPCBB3 and MPCBB5 - Privileged memory - MPCBB2 is applicable
2025-04-27 23:45:44,804 [INFO] Rule:225 - rule 117617 - U5Cobra4M][GTZC] default value MPCBB3 and MPCBB5 - Privileged memory - MPCBB3 is applicable
2025-04-27 23:45:44,804 [INFO] Rule:225 - rule 117617 - U5Cobra4M][GTZC] default value MPCBB3 and MPCBB5 - Privileged memory - MPCBB4 is applicable
2025-04-27 23:45:44,804 [INFO] Rule:225 - rule 117617 - U5Cobra4M][GTZC] default value MPCBB3 and MPCBB5 - Not Privileged memory - MPCBB1 is applicable
2025-04-27 23:45:44,804 [INFO] Rule:225 - rule 117617 - U5Cobra4M][GTZC] default value MPCBB3 and MPCBB5 - Not Privileged memory - MPCBB2 is applicable
2025-04-27 23:45:44,805 [INFO] Rule:225 - rule 117617 - U5Cobra4M][GTZC] default value MPCBB3 and MPCBB5 - Not Privileged memory - MPCBB3 is applicable
2025-04-27 23:45:44,805 [INFO] Rule:225 - rule 117617 - U5Cobra4M][GTZC] default value MPCBB3 and MPCBB5 - Not Privileged memory - MPCBB4 is applicable
2025-04-27 23:45:44,805 [INFO] Rule:225 - rule 117617 - U5Cobra4M][GTZC] default value MPCBB3 and MPCBB5 - Privileged memory - MPCBB1 is applicable
2025-04-27 23:45:44,805 [INFO] Rule:225 - rule 117617 - U5Cobra4M][GTZC] default value MPCBB3 and MPCBB5 - Privileged memory - MPCBB2 is applicable
2025-04-27 23:45:44,805 [INFO] Rule:225 - rule 117617 - U5Cobra4M][GTZC] default value MPCBB3 and MPCBB5 - Privileged memory - MPCBB3 is applicable
2025-04-27 23:45:44,805 [INFO] Rule:225 - rule 117617 - U5Cobra4M][GTZC] default value MPCBB3 and MPCBB5 - Privileged memory - MPCBB4 is applicable
2025-04-27 23:45:44,805 [INFO] Rule:225 - rule 117617 - U5Cobra4M][GTZC] default value MPCBB3 and MPCBB5 - Privileged memory - MPCBB1 is applicable
2025-04-27 23:45:44,805 [INFO] Rule:225 - rule 117617 - U5Cobra4M][GTZC] default value MPCBB3 and MPCBB5 - Privileged memory - MPCBB2 is applicable
2025-04-27 23:45:44,806 [INFO] Rule:225 - rule 117617 - U5Cobra4M][GTZC] default value MPCBB3 and MPCBB5 - Privileged memory - MPCBB3 is applicable
2025-04-27 23:45:44,806 [INFO] Rule:225 - rule 117617 - U5Cobra4M][GTZC] default value MPCBB3 and MPCBB5 - Privileged memory - MPCBB4 is applicable
2025-04-27 23:45:44,806 [INFO] Rule:225 - rule 117617 - U5Cobra4M][GTZC] default value MPCBB3 and MPCBB5 - Not Privileged memory - MPCBB1 is applicable
2025-04-27 23:45:44,806 [INFO] Rule:225 - rule 117617 - U5Cobra4M][GTZC] default value MPCBB3 and MPCBB5 - Not Privileged memory - MPCBB2 is applicable
2025-04-27 23:45:44,806 [INFO] Rule:225 - rule 117617 - U5Cobra4M][GTZC] default value MPCBB3 and MPCBB5 - Not Privileged memory - MPCBB3 is applicable
2025-04-27 23:45:44,806 [INFO] Rule:225 - rule 117617 - U5Cobra4M][GTZC] default value MPCBB3 and MPCBB5 - Not Privileged memory - MPCBB4 is applicable
2025-04-27 23:45:44,806 [INFO] Rule:225 - rule 117617 - U5Cobra4M][GTZC] default value MPCBB3 and MPCBB5 - Privileged memory - MPCBB1 is applicable
2025-04-27 23:45:44,806 [INFO] Rule:225 - rule 117617 - U5Cobra4M][GTZC] default value MPCBB3 and MPCBB5 - Privileged memory - MPCBB2 is applicable
2025-04-27 23:45:44,806 [INFO] Rule:225 - rule 117617 - U5Cobra4M][GTZC] default value MPCBB3 and MPCBB5 - Privileged memory - MPCBB3 is applicable
2025-04-27 23:45:44,807 [INFO] Rule:225 - rule 117617 - U5Cobra4M][GTZC] default value MPCBB3 and MPCBB5 - Privileged memory - MPCBB4 is applicable
2025-04-27 23:45:44,808 [INFO] Rule:225 - rule Rename SubGHz_Phy SUBGHZ_APPLICATION SUBGHZ_PINGPONG to SUBGHZ_ADV_APPLICATION is applicable
2025-04-27 23:45:44,808 [INFO] Rule:225 - rule GTZC_S instance for project manager is applicable
2025-04-27 23:45:44,808 [INFO] Rule:225 - rule GTZC_S instance for context M33S is applicable
2025-04-27 23:45:44,808 [INFO] Rule:225 - rule GTZC_S instance value for IP GTZC is applicable
2025-04-27 23:45:44,808 [INFO] Rule:225 - rule GTZC_S instance for mcu.IP is applicable
2025-04-27 23:45:44,808 [INFO] Rule:225 - rule GTZC_S instance for VP is applicable
2025-04-27 23:45:44,808 [INFO] Rule:225 - rule GTZC_S instance for signal is applicable
2025-04-27 23:45:44,808 [INFO] Rule:225 - rule WakeUp0 Mode is applicable
2025-04-27 23:45:44,809 [INFO] Rule:225 - rule WakeUp0 SIGNAL is applicable
2025-04-27 23:45:44,809 [INFO] Rule:225 - rule WakeUp1 Mode is applicable
2025-04-27 23:45:44,809 [INFO] Rule:225 - rule WakeUp1 SIGNAL is applicable
2025-04-27 23:45:44,809 [INFO] Rule:225 - rule WakeUp2 Mode is applicable
2025-04-27 23:45:44,809 [INFO] Rule:225 - rule WakeUp2 SIGNAL is applicable
2025-04-27 23:45:44,809 [INFO] Rule:225 - rule WakeUp4 Mode is applicable
2025-04-27 23:45:44,809 [INFO] Rule:225 - rule WakeUp4 SIGNAL is applicable
2025-04-27 23:45:44,809 [INFO] Rule:225 - rule WakeUp5 Mode is applicable
2025-04-27 23:45:44,809 [INFO] Rule:225 - rule WakeUp5 SIGNAL is applicable
2025-04-27 23:45:44,809 [INFO] Rule:225 - rule Change Default Value for LSE Drive Capability for WB family is applicable
2025-04-27 23:45:44,809 [INFO] Rule:225 - rule Change Default Value for ADC Clock Prescaler G0 family is applicable
2025-04-27 23:45:44,810 [INFO] Rule:225 - rule Change GPIO_Pu Default Value for I2C is applicable
2025-04-27 23:45:44,810 [INFO] Rule:225 - rule Change GPIO_Pu Default Value for SMBus is applicable
2025-04-27 23:45:44,812 [INFO] Rule:225 - rule change FDCAN default value is applicable
2025-04-27 23:45:44,813 [INFO] Rule:225 - rule Adapt Old IOC before rework replace old CORTEX_M33/CORTEX_M55 attributes by the new one. is applicable
2025-04-27 23:45:44,813 [INFO] Rule:225 - rule Rename parametre of RCC RCC_APBDBG_DIV2 to RCC_TIMPRES_DIV2 is applicable
2025-04-27 23:45:44,813 [INFO] Rule:225 - rule Rename DIE493 pin PA10 [PA12] -> PA10 is applicable
2025-04-27 23:45:44,813 [INFO] Rule:225 - rule Rename DIE493 pin PA9 [PA11] -> PA9 is applicable
2025-04-27 23:45:44,813 [INFO] Rule:225 - rule Adapt Old IOC CSI. is applicable
2025-04-27 23:45:44,833 [INFO] DbConfProperties:307 - Apply Compatibility (3/63 Rules)
2025-04-27 23:45:44,877 [INFO] ImportTextPane:218 - (OptionalMessage_ERROR) Pin4 (VP_RIF_VS_RIF1) cannot be retrieved for this MCU
2025-04-27 23:45:45,495 [INFO] RtosManager:558 - Registered RTOS mode: class=CMSIS, group=RTOS, mode=CMSIS_V1, owner=FREERTOS
2025-04-27 23:45:45,497 [INFO] RtosManager:558 - Registered RTOS mode: class=CMSIS, group=RTOS2, mode=CMSIS_V2, owner=FREERTOS
2025-04-27 23:45:45,497 [INFO] RtosManager:558 - Registered RTOS mode: class=RTOS, group=Core, mode=CMSIS_V1, owner=FREERTOS
2025-04-27 23:45:45,497 [INFO] RtosManager:558 - Registered RTOS mode: class=RTOS, group=Core, mode=CMSIS_V2, owner=FREERTOS
2025-04-27 23:45:45,497 [WARN] ModelIntegratedComponent:184 - Missing modes for component STMicroelectronics:FreeRTOS:0.0.1:STMicroelectronics:RTOS:FreeRTOS:Core:::10.2.0:
2025-04-27 23:45:45,508 [WARN] ModelIntegratedComponent:63 - No mode defined for component null
2025-04-27 23:45:45,508 [WARN] ModelIntegratedComponent:63 - No mode defined for component null
2025-04-27 23:45:45,508 [WARN] ModelIntegratedComponent:63 - No mode defined for component null
2025-04-27 23:45:45,508 [WARN] ModelIntegratedComponent:63 - No mode defined for component null
2025-04-27 23:45:45,508 [WARN] ModelIntegratedComponent:63 - No mode defined for component null
2025-04-27 23:45:45,508 [WARN] ModelIntegratedComponent:63 - No mode defined for component null
2025-04-27 23:45:45,508 [WARN] ModelIntegratedComponent:63 - No mode defined for component null
2025-04-27 23:45:45,508 [WARN] ModelIntegratedComponent:63 - No mode defined for component null
2025-04-27 23:45:45,508 [WARN] ModelIntegratedComponent:63 - No mode defined for component null
2025-04-27 23:45:45,508 [WARN] ModelIntegratedComponent:63 - No mode defined for component null
2025-04-27 23:45:45,508 [WARN] ModelIntegratedComponent:63 - No mode defined for component null
2025-04-27 23:45:45,508 [WARN] ModelIntegratedComponent:63 - No mode defined for component null
2025-04-27 23:45:45,508 [WARN] ModelIntegratedComponent:63 - No mode defined for component null
2025-04-27 23:45:45,509 [WARN] ModelIntegratedComponent:63 - No mode defined for component null
2025-04-27 23:45:45,509 [WARN] ModelIntegratedComponent:63 - No mode defined for component null
2025-04-27 23:45:45,509 [WARN] ModelIntegratedComponent:63 - No mode defined for component null
2025-04-27 23:45:45,509 [WARN] ModelIntegratedComponent:63 - No mode defined for component null
2025-04-27 23:45:45,509 [WARN] ModelIntegratedComponent:63 - No mode defined for component null
2025-04-27 23:45:45,509 [WARN] ModelIntegratedComponent:63 - No mode defined for component null
2025-04-27 23:45:45,509 [WARN] ModelIntegratedComponent:63 - No mode defined for component null
2025-04-27 23:45:45,509 [WARN] ModelIntegratedComponent:63 - No mode defined for component null
2025-04-27 23:45:45,509 [WARN] ModelIntegratedComponent:63 - No mode defined for component null
2025-04-27 23:45:45,509 [WARN] ModelIntegratedComponent:63 - No mode defined for component null
2025-04-27 23:45:45,509 [WARN] ModelIntegratedComponent:63 - No mode defined for component null
2025-04-27 23:45:45,509 [WARN] ModelIntegratedComponent:63 - No mode defined for component null
2025-04-27 23:45:45,509 [WARN] ModelIntegratedComponent:63 - No mode defined for component null
2025-04-27 23:45:45,509 [WARN] ModelIntegratedComponent:63 - No mode defined for component null
2025-04-27 23:45:45,509 [WARN] ModelIntegratedComponent:63 - No mode defined for component null
2025-04-27 23:45:45,509 [WARN] ModelIntegratedComponent:63 - No mode defined for component null
2025-04-27 23:45:45,509 [WARN] ModelIntegratedComponent:63 - No mode defined for component null
2025-04-27 23:45:45,509 [WARN] ModelIntegratedComponent:63 - No mode defined for component null
2025-04-27 23:45:45,510 [WARN] ModelIntegratedComponent:63 - No mode defined for component null
2025-04-27 23:45:45,510 [WARN] ModelIntegratedComponent:63 - No mode defined for component null
2025-04-27 23:45:45,510 [WARN] ModelIntegratedComponent:63 - No mode defined for component null
2025-04-27 23:45:45,510 [WARN] ModelIntegratedComponent:63 - No mode defined for component null
2025-04-27 23:45:45,512 [WARN] ModelPack:524 - Component already loaded: STMicroelectronics:HAL Drivers:0.0.0:STMicroelectronics:Device:STMicro_Driver:XSPI:HAL::0.0.1:HAL_XSPI
2025-04-27 23:45:46,576 [INFO] ThirdPartyModel:298 - Start build external matchings
2025-04-27 23:45:49,654 [INFO] ThirdPartyModel:316 - End build external matchings
2025-04-27 23:45:50,362 [INFO] UtilMem:75 - End LoadConfig() Used Memory: 616380520 Bytes (1073741824)
2025-04-27 23:45:50,672 [WARN] ThirdParty:833 - waiting for thirdparty lock release [change project]
2025-04-27 23:45:50,673 [INFO] ThirdParty:835 - entering critical section [change project]
2025-04-27 23:45:50,673 [INFO] ThirdParty:1030 - CMSIS Pack Vendor :STMicroelectronics USBPD 4.1
2025-04-27 23:45:50,673 [INFO] ThirdParty:1030 - CMSIS Pack Vendor :STMicroelectronics X-CUBE-GNSS1 6.0.0
2025-04-27 23:45:50,673 [INFO] ThirdParty:1030 - CMSIS Pack Vendor :STMicroelectronics USB_HOST 2.0.0
2025-04-27 23:45:50,673 [INFO] ThirdParty:1030 - CMSIS Pack Vendor :STMicroelectronics X-CUBE-AZRTOS-F4 1.1.0
2025-04-27 23:45:50,673 [INFO] ThirdParty:1030 - CMSIS Pack Vendor :STMicroelectronics LIBJPEG 8.0.0
2025-04-27 23:45:50,673 [INFO] ThirdParty:1030 - CMSIS Pack Vendor :STMicroelectronics FP-ATR-ASTRA1 2.0.2
2025-04-27 23:45:50,673 [INFO] ThirdParty:1030 - CMSIS Pack Vendor :STMicroelectronics FP-ATR-ASTRA1 2.0.1
2025-04-27 23:45:50,673 [INFO] ThirdParty:1030 - CMSIS Pack Vendor :Avnet-IotConnect X-CUBE-IoTC-DA16k-PMOD 1.0.0
2025-04-27 23:45:50,673 [INFO] ThirdParty:1030 - CMSIS Pack Vendor :STMicroelectronics X-CUBE-WB05N 1.1.0
2025-04-27 23:45:50,673 [INFO] ThirdParty:1030 - CMSIS Pack Vendor :STMicroelectronics X-CUBE-FREERTOS 1.2.0
2025-04-27 23:45:50,674 [INFO] ThirdParty:1030 - CMSIS Pack Vendor :STMicroelectronics X-CUBE-AZRTOS-F7 1.1.0
2025-04-27 23:45:50,674 [INFO] ThirdParty:1030 - CMSIS Pack Vendor :STMicroelectronics X-CUBE-AZRTOS-L5 2.0.0
2025-04-27 23:45:50,674 [INFO] ThirdParty:1030 - CMSIS Pack Vendor :STMicroelectronics USB_DEVICE 2.0.0
2025-04-27 23:45:50,674 [INFO] ThirdParty:1030 - CMSIS Pack Vendor :STMicroelectronics X-CUBE-MEMS1 9.6.0
2025-04-27 23:45:50,674 [INFO] ThirdParty:1030 - CMSIS Pack Vendor :STMicroelectronics FP-SNS-FLIGHT1 5.0.0
2025-04-27 23:45:50,674 [INFO] ThirdParty:1030 - CMSIS Pack Vendor :STMicroelectronics X-CUBE-MEMS1 11.0.0
2025-04-27 23:45:50,674 [INFO] ThirdParty:1030 - CMSIS Pack Vendor :STMicroelectronics X-CUBE-BLE1 6.2.4
2025-04-27 23:45:50,674 [INFO] ThirdParty:1030 - CMSIS Pack Vendor :STMicroelectronics FreeRTOS 0.0.1
2025-04-27 23:45:50,674 [INFO] ThirdParty:1030 - CMSIS Pack Vendor :STMicroelectronics X-CUBE-BLEMGR 2.0.0
2025-04-27 23:45:50,674 [INFO] ThirdParty:1030 - CMSIS Pack Vendor :STMicroelectronics X-CUBE-DPower 1.2.0
2025-04-27 23:45:50,674 [INFO] ThirdParty:1030 - CMSIS Pack Vendor :STMicroelectronics FP-SNS-FLIGHT1 5.0.2
2025-04-27 23:45:50,674 [INFO] ThirdParty:1030 - CMSIS Pack Vendor :STMicroelectronics X-CUBE-AI 9.0.0
2025-04-27 23:45:50,674 [INFO] ThirdParty:1030 - CMSIS Pack Vendor :STMicroelectronics X-CUBE-AZRTOS-H7 3.1.0
2025-04-27 23:45:50,674 [INFO] ThirdParty:1030 - CMSIS Pack Vendor :STMicroelectronics PDM2PCM 3.3.0
2025-04-27 23:45:50,674 [INFO] ThirdParty:1030 - CMSIS Pack Vendor :STMicroelectronics X-CUBE-BLE1 7.0.0
2025-04-27 23:45:50,674 [INFO] ThirdParty:1030 - CMSIS Pack Vendor :STMicroelectronics X-CUBE-BLEMGR 4.0.0
2025-04-27 23:45:50,674 [INFO] ThirdParty:1030 - CMSIS Pack Vendor :STMicroelectronics HAL Drivers 0.0.0
2025-04-27 23:45:50,674 [INFO] ThirdParty:1030 - CMSIS Pack Vendor :emotas I-CUBE-CANOPEN 1.3.0
2025-04-27 23:45:50,674 [INFO] ThirdParty:1030 - CMSIS Pack Vendor :STMicroelectronics X-CUBE-FREERTOS 1.3.0
2025-04-27 23:45:50,674 [INFO] ThirdParty:1030 - CMSIS Pack Vendor :STMicroelectronics MBEDTLS 2.14.1
2025-04-27 23:45:50,674 [INFO] ThirdParty:1030 - CMSIS Pack Vendor :STMicroelectronics X-CUBE-NFC7 1.0.0
2025-04-27 23:45:50,674 [INFO] ThirdParty:1030 - CMSIS Pack Vendor :STMicroelectronics X-CUBE-BLEMGR 3.1.0
2025-04-27 23:45:50,674 [INFO] ThirdParty:1030 - CMSIS Pack Vendor :STMicroelectronics X-CUBE-AI 10.0.0
2025-04-27 23:45:50,674 [INFO] ThirdParty:1030 - CMSIS Pack Vendor :STMicroelectronics FP-SNS-FLIGHT1 5.1.0
2025-04-27 23:45:50,674 [INFO] ThirdParty:1030 - CMSIS Pack Vendor :STMicroelectronics X-CUBE-MEMS1 11.1.0
2025-04-27 23:45:50,674 [INFO] ThirdParty:1030 - CMSIS Pack Vendor :STMicroelectronics X-CUBE-AZRTOS-WL 2.0.0
2025-04-27 23:45:50,674 [INFO] ThirdParty:1030 - CMSIS Pack Vendor :STMicroelectronics X-CUBE-DPower 1.3.0
2025-04-27 23:45:50,674 [INFO] ThirdParty:1030 - CMSIS Pack Vendor :STMicroelectronics USB_DEVICE 1.0.0
2025-04-27 23:45:50,674 [INFO] ThirdParty:1030 - CMSIS Pack Vendor :wolfSSL I-CUBE-wolfMQTT 1.19.0
2025-04-27 23:45:50,674 [INFO] ThirdParty:1030 - CMSIS Pack Vendor :STMicroelectronics X-CUBE-AZRTOS-L4 2.0.0
2025-04-27 23:45:50,674 [INFO] ThirdParty:1030 - CMSIS Pack Vendor :STMicroelectronics ThreadX 0.0.2
2025-04-27 23:45:50,674 [INFO] ThirdParty:1030 - CMSIS Pack Vendor :WES I-CUBE-Cesium 1.3.0
2025-04-27 23:45:50,674 [INFO] ThirdParty:1030 - CMSIS Pack Vendor :STMicroelectronics lwIP 2.1.2
2025-04-27 23:45:50,674 [INFO] ThirdParty:1030 - CMSIS Pack Vendor :STMicroelectronics X-CUBE-SFXS2LP1 4.0.0
2025-04-27 23:45:50,674 [INFO] ThirdParty:1030 - CMSIS Pack Vendor :STMicroelectronics X-CUBE-BLE2 3.3.0
2025-04-27 23:45:50,674 [INFO] ThirdParty:1030 - CMSIS Pack Vendor :STMicroelectronics PDM2PCM 3.2.0
2025-04-27 23:45:50,674 [INFO] ThirdParty:1030 - CMSIS Pack Vendor :STMicroelectronics X-CUBE-ISPU 1.1.0
2025-04-27 23:45:50,674 [INFO] ThirdParty:1030 - CMSIS Pack Vendor :STMicroelectronics X-CUBE-AZRTOS-H7 3.3.0
2025-04-27 23:45:50,674 [INFO] ThirdParty:1030 - CMSIS Pack Vendor :STMicroelectronics X-CUBE-BLE1 7.1.0
2025-04-27 23:45:50,675 [INFO] ThirdParty:1030 - CMSIS Pack Vendor :STMicroelectronics USB_DEVICE 3.0.0
2025-04-27 23:45:50,675 [INFO] ThirdParty:1030 - CMSIS Pack Vendor :STMicroelectronics X-CUBE-TCPP 4.1.0
2025-04-27 23:45:50,675 [INFO] ThirdParty:1030 - CMSIS Pack Vendor :STMicroelectronics X-CUBE-AI 8.0.0
2025-04-27 23:45:50,675 [INFO] ThirdParty:1030 - CMSIS Pack Vendor :STMicroelectronics X-CUBE-IPS 3.0.0
2025-04-27 23:45:50,675 [INFO] ThirdParty:1030 - CMSIS Pack Vendor :STMicroelectronics X-CUBE-AZRTOS-WB 2.0.0
2025-04-27 23:45:50,675 [INFO] ThirdParty:1030 - CMSIS Pack Vendor :STMicroelectronics X-CUBE-FREERTOS 1.0.1
2025-04-27 23:45:50,675 [INFO] ThirdParty:1030 - CMSIS Pack Vendor :STMicroelectronics X-CUBE-GNSS1 7.0.0
2025-04-27 23:45:50,675 [INFO] ThirdParty:1030 - CMSIS Pack Vendor :STMicroelectronics X-CUBE-GNSS1 7.0.1
2025-04-27 23:45:50,675 [INFO] ThirdParty:1030 - CMSIS Pack Vendor :STMicroelectronics X-CUBE-TOUCHGFX 4.21.3
2025-04-27 23:45:50,675 [INFO] ThirdParty:1030 - CMSIS Pack Vendor :STMicroelectronics X-CUBE-TOUCHGFX 4.21.4
2025-04-27 23:45:50,675 [INFO] ThirdParty:1030 - CMSIS Pack Vendor :STMicroelectronics X-CUBE-TOUCHGFX 4.25.0
2025-04-27 23:45:50,675 [INFO] ThirdParty:1030 - CMSIS Pack Vendor :STMicroelectronics X-CUBE-MEMS1 9.4.0
2025-04-27 23:45:50,675 [INFO] ThirdParty:1030 - CMSIS Pack Vendor :STMicroelectronics X-CUBE-AI 7.3.0
2025-04-27 23:45:50,675 [INFO] ThirdParty:1030 - CMSIS Pack Vendor :STMicroelectronics X-CUBE-ALGOBUILD 1.3.0
2025-04-27 23:45:50,675 [INFO] ThirdParty:1030 - CMSIS Pack Vendor :STMicroelectronics X-CUBE-AZRTOS-L5 1.1.0
2025-04-27 23:45:50,675 [INFO] ThirdParty:1030 - CMSIS Pack Vendor :STMicroelectronics X-CUBE-MEMS1 11.2.0
2025-04-27 23:45:50,675 [INFO] ThirdParty:1030 - CMSIS Pack Vendor :STMicroelectronics X-CUBE-AZRTOS-G0 1.1.0
2025-04-27 23:45:50,675 [INFO] ThirdParty:1030 - CMSIS Pack Vendor :STMicroelectronics X-CUBE-AI 8.0.1
2025-04-27 23:45:50,675 [INFO] ThirdParty:1030 - CMSIS Pack Vendor :STMicroelectronics X-CUBE-SUBG2 5.0.0
2025-04-27 23:45:50,675 [INFO] ThirdParty:1030 - CMSIS Pack Vendor :STMicroelectronics X-CUBE-AZRTOS-H7RS 1.1.0
2025-04-27 23:45:50,675 [INFO] ThirdParty:1030 - CMSIS Pack Vendor :STMicroelectronics STM32_WPAN 1.0.0
2025-04-27 23:45:50,675 [INFO] ThirdParty:1030 - CMSIS Pack Vendor :EmbeddedOffice I-CUBE-FS-RTOS 1.0.1
2025-04-27 23:45:50,675 [INFO] ThirdParty:1030 - CMSIS Pack Vendor :STMicroelectronics lwIP 2.0.3
2025-04-27 23:45:50,675 [INFO] ThirdParty:1030 - CMSIS Pack Vendor :Cesanta I-CUBE-Mongoose 7.13.0
2025-04-27 23:45:50,675 [INFO] ThirdParty:1030 - CMSIS Pack Vendor :STMicroelectronics USB_HOST 1.0.0
2025-04-27 23:45:50,675 [INFO] ThirdParty:1030 - CMSIS Pack Vendor :STMicroelectronics X-CUBE-WB05N 2.0.0
2025-04-27 23:45:50,675 [INFO] ThirdParty:1030 - CMSIS Pack Vendor :STMicroelectronics PDM2PCM 3.1.0
2025-04-27 23:45:50,675 [INFO] ThirdParty:1030 - CMSIS Pack Vendor :STMicroelectronics X-CUBE-TOF1 3.3.0
2025-04-27 23:45:50,675 [INFO] ThirdParty:1030 - CMSIS Pack Vendor :STMicroelectronics FP-ATR-ASTRA1 1.1.1
2025-04-27 23:45:50,675 [INFO] ThirdParty:1030 - CMSIS Pack Vendor :STMicroelectronics X-CUBE-BLEMGR 1.3.0
2025-04-27 23:45:50,675 [INFO] ThirdParty:1030 - CMSIS Pack Vendor :STMicroelectronics X-CUBE-TCPP 4.2.0
2025-04-27 23:45:50,675 [INFO] ThirdParty:1030 - CMSIS Pack Vendor :RealThread X-CUBE-RT-Thread_Nano 4.1.1
2025-04-27 23:45:50,675 [INFO] ThirdParty:1030 - CMSIS Pack Vendor :STMicroelectronics FP-ATR-SIGFOX1 3.2.0
2025-04-27 23:45:50,675 [INFO] ThirdParty:1030 - CMSIS Pack Vendor :STMicroelectronics X-CUBE-AZRTOS-G4 1.0.0
2025-04-27 23:45:50,675 [INFO] ThirdParty:1030 - CMSIS Pack Vendor :STMicroelectronics X-CUBE-AZRTOS-L4 1.0.0
2025-04-27 23:45:50,675 [INFO] ThirdParty:1030 - CMSIS Pack Vendor :quantropi X-CUBE-qispace-sdk-base 1.9.3
2025-04-27 23:45:50,675 [INFO] ThirdParty:1030 - CMSIS Pack Vendor :STMicroelectronics MBEDTLS 2.16.2
2025-04-27 23:45:50,675 [INFO] ThirdParty:1030 - CMSIS Pack Vendor :STMicroelectronics X-CUBE-IPS 3.1.0
2025-04-27 23:45:50,675 [INFO] ThirdParty:1030 - CMSIS Pack Vendor :STMicroelectronics X-CUBE-MEMS1 10.0.0
2025-04-27 23:45:50,675 [INFO] ThirdParty:1030 - CMSIS Pack Vendor :ITTIA_DB I-CUBE-ITTIADB 8.9.0
2025-04-27 23:45:50,675 [INFO] ThirdParty:1030 - CMSIS Pack Vendor :STMicroelectronics X-CUBE-TOUCHGFX 4.24.2
2025-04-27 23:45:50,675 [INFO] ThirdParty:1030 - CMSIS Pack Vendor :STMicroelectronics X-CUBE-TOUCHGFX 4.24.1
2025-04-27 23:45:50,675 [INFO] ThirdParty:1030 - CMSIS Pack Vendor :wolfSSL I-CUBE-wolfTPM 3.4.0
2025-04-27 23:45:50,675 [INFO] ThirdParty:1030 - CMSIS Pack Vendor :portGmbH I-Cube-SoM-uGOAL 1.1.0
2025-04-27 23:45:50,675 [INFO] ThirdParty:1030 - CMSIS Pack Vendor :STMicroelectronics X-CUBE-ALS 1.0.1
2025-04-27 23:45:50,675 [INFO] ThirdParty:1030 - CMSIS Pack Vendor :STMicroelectronics X-CUBE-MEMS1 9.5.0
2025-04-27 23:45:50,675 [INFO] ThirdParty:1030 - CMSIS Pack Vendor :STMicroelectronics ThreadX 1.0.0
2025-04-27 23:45:50,675 [INFO] ThirdParty:1030 - CMSIS Pack Vendor :STMicroelectronics X-CUBE-AZRTOS-WB 1.1.0
2025-04-27 23:45:50,675 [INFO] ThirdParty:1030 - CMSIS Pack Vendor :SEGGER I-CUBE-embOS 1.3.1
2025-04-27 23:45:50,675 [INFO] ThirdParty:1030 - CMSIS Pack Vendor :STMicroelectronics X-CUBE-ALGOBUILD 1.4.0
2025-04-27 23:45:50,676 [INFO] ThirdParty:1030 - CMSIS Pack Vendor :STMicroelectronics X-CUBE-AZRTOS-H7RS 1.0.0
2025-04-27 23:45:50,676 [INFO] ThirdParty:1030 - CMSIS Pack Vendor :STMicroelectronics FP-ATR-ASTRA1 2.0.0
2025-04-27 23:45:50,676 [INFO] ThirdParty:1030 - CMSIS Pack Vendor :STMicroelectronics X-CUBE-TOF1 3.4.2
2025-04-27 23:45:50,676 [INFO] ThirdParty:1030 - CMSIS Pack Vendor :STMicroelectronics X-CUBE-TOF1 3.4.3
2025-04-27 23:45:50,676 [INFO] ThirdParty:1030 - CMSIS Pack Vendor :Infineon AIROC-Wi-Fi-Bluetooth-STM32 1.6.1
2025-04-27 23:45:50,676 [INFO] ThirdParty:1030 - CMSIS Pack Vendor :wolfSSL I-CUBE-wolfSSH 1.4.17
2025-04-27 23:45:50,679 [INFO] ThirdParty:841 - exiting critical section [change project]
2025-04-27 23:45:52,441 [INFO] PinOutPanel:1589 - setPackage(No Configuration,No Configuration)
2025-04-27 23:45:52,454 [INFO] PinOutPanel:1589 - setPackage(STM32F767ZITx,LQFP144)
2025-04-27 23:45:54,059 [INFO] UtilMem:75 - Before build in PCC Used Memory: 645503432 Bytes (1073741824)
2025-04-27 23:45:55,401 [INFO] UtilMem:75 - After build in PCC Used Memory: 696366744 Bytes (1073741824)
2025-04-27 23:45:55,524 [INFO] IPUIPlugin:80 - create IPUIPlugin
2025-04-27 23:45:55,525 [INFO] IPUIPlugin:80 - create IPUIPlugin
2025-04-27 23:45:55,525 [INFO] IPUIPlugin:80 - create IPUIPlugin
2025-04-27 23:45:55,527 [INFO] IPUIPlugin:80 - create IPUIPlugin
2025-04-27 23:45:55,527 [INFO] IPUIPlugin:80 - create IPUIPlugin
2025-04-27 23:45:55,527 [INFO] IPUIPlugin:80 - create IPUIPlugin
2025-04-27 23:45:55,528 [INFO] IPUIPlugin:80 - create IPUIPlugin
2025-04-27 23:45:55,528 [INFO] IPUIPlugin:80 - create IPUIPlugin
2025-04-27 23:45:55,529 [INFO] IPUIPlugin:80 - create IPUIPlugin
2025-04-27 23:45:55,529 [INFO] IPUIPlugin:80 - create IPUIPlugin
2025-04-27 23:45:55,529 [INFO] IPUIPlugin:80 - create IPUIPlugin
2025-04-27 23:45:55,531 [INFO] IPUIPlugin:80 - create IPUIPlugin
2025-04-27 23:45:55,532 [INFO] IPUIPlugin:80 - create IPUIPlugin
2025-04-27 23:45:55,532 [INFO] IPUIPlugin:80 - create IPUIPlugin
2025-04-27 23:45:55,532 [INFO] IPUIPlugin:80 - create IPUIPlugin
2025-04-27 23:45:55,533 [INFO] IPUIPlugin:80 - create IPUIPlugin
2025-04-27 23:45:55,533 [INFO] IPUIPlugin:80 - create IPUIPlugin
2025-04-27 23:45:55,534 [INFO] IPUIPlugin:80 - create IPUIPlugin
2025-04-27 23:45:55,535 [INFO] IPUIPlugin:80 - create IPUIPlugin
2025-04-27 23:45:55,535 [INFO] IPUIPlugin:80 - create IPUIPlugin
2025-04-27 23:45:55,535 [INFO] IPUIPlugin:80 - create IPUIPlugin
2025-04-27 23:45:55,536 [INFO] IPUIPlugin:80 - create IPUIPlugin
2025-04-27 23:45:55,536 [INFO] IPUIPlugin:80 - create IPUIPlugin
2025-04-27 23:45:55,536 [INFO] IPUIPlugin:80 - create IPUIPlugin
2025-04-27 23:45:55,536 [INFO] IPUIPlugin:80 - create IPUIPlugin
2025-04-27 23:45:55,536 [INFO] IPUIPlugin:80 - create IPUIPlugin
2025-04-27 23:45:55,537 [INFO] IPUIPlugin:80 - create IPUIPlugin
2025-04-27 23:45:55,537 [INFO] IPUIPlugin:80 - create IPUIPlugin
2025-04-27 23:45:55,537 [INFO] IPUIPlugin:80 - create IPUIPlugin
2025-04-27 23:45:55,538 [INFO] IPUIPlugin:80 - create IPUIPlugin
2025-04-27 23:45:55,538 [INFO] IPUIPlugin:80 - create IPUIPlugin
2025-04-27 23:45:55,538 [INFO] IPUIPlugin:80 - create IPUIPlugin
2025-04-27 23:45:55,538 [INFO] IPUIPlugin:80 - create IPUIPlugin
2025-04-27 23:45:55,538 [INFO] IPUIPlugin:80 - create IPUIPlugin
2025-04-27 23:45:55,539 [INFO] IPUIPlugin:80 - create IPUIPlugin
2025-04-27 23:45:55,539 [INFO] IPUIPlugin:80 - create IPUIPlugin
2025-04-27 23:45:55,539 [INFO] IPUIPlugin:80 - create IPUIPlugin
2025-04-27 23:45:55,539 [INFO] IPUIPlugin:80 - create IPUIPlugin
2025-04-27 23:45:55,539 [INFO] IPUIPlugin:80 - create IPUIPlugin
2025-04-27 23:45:55,540 [INFO] IPUIPlugin:80 - create IPUIPlugin
2025-04-27 23:45:55,540 [INFO] IPUIPlugin:80 - create IPUIPlugin
2025-04-27 23:45:55,540 [INFO] IPUIPlugin:80 - create IPUIPlugin
2025-04-27 23:45:55,541 [INFO] IPUIPlugin:80 - create IPUIPlugin
2025-04-27 23:45:55,541 [INFO] IPUIPlugin:80 - create IPUIPlugin
2025-04-27 23:45:55,541 [INFO] IPUIPlugin:80 - create IPUIPlugin
2025-04-27 23:45:55,541 [INFO] IPUIPlugin:80 - create IPUIPlugin
2025-04-27 23:45:55,542 [INFO] IPUIPlugin:80 - create IPUIPlugin
2025-04-27 23:45:55,542 [INFO] IPUIPlugin:80 - create IPUIPlugin
2025-04-27 23:45:55,542 [INFO] IPUIPlugin:80 - create IPUIPlugin
2025-04-27 23:45:55,542 [INFO] IPUIPlugin:80 - create IPUIPlugin
2025-04-27 23:45:55,542 [INFO] IPUIPlugin:80 - create IPUIPlugin
2025-04-27 23:45:55,542 [INFO] IPUIPlugin:80 - create IPUIPlugin
2025-04-27 23:45:55,543 [INFO] IPUIPlugin:80 - create IPUIPlugin
2025-04-27 23:45:55,543 [INFO] IPUIPlugin:80 - create IPUIPlugin
2025-04-27 23:45:55,543 [INFO] IPUIPlugin:80 - create IPUIPlugin
2025-04-27 23:45:55,543 [INFO] IPUIPlugin:80 - create IPUIPlugin
2025-04-27 23:45:55,543 [INFO] IPUIPlugin:80 - create IPUIPlugin
2025-04-27 23:45:55,543 [INFO] IPUIPlugin:80 - create IPUIPlugin
2025-04-27 23:45:55,543 [INFO] IPUIPlugin:80 - create IPUIPlugin
2025-04-27 23:45:55,543 [INFO] IPUIPlugin:80 - create IPUIPlugin
2025-04-27 23:45:55,543 [INFO] IPUIPlugin:80 - create IPUIPlugin
2025-04-27 23:45:55,543 [INFO] IPUIPlugin:80 - create IPUIPlugin
2025-04-27 23:45:55,543 [INFO] IPUIPlugin:80 - create IPUIPlugin
2025-04-27 23:45:55,544 [INFO] IPUIPlugin:80 - create IPUIPlugin
2025-04-27 23:45:55,544 [INFO] IPUIPlugin:80 - create IPUIPlugin
2025-04-27 23:45:55,544 [INFO] IPUIPlugin:80 - create IPUIPlugin
2025-04-27 23:45:55,545 [INFO] IPUIPlugin:80 - create IPUIPlugin
2025-04-27 23:45:55,546 [INFO] IPUIPlugin:80 - create IPUIPlugin
2025-04-27 23:45:55,546 [INFO] IPUIPlugin:80 - create IPUIPlugin
2025-04-27 23:45:55,546 [INFO] IPUIPlugin:80 - create IPUIPlugin
2025-04-27 23:45:55,546 [INFO] IPUIPlugin:80 - create IPUIPlugin
2025-04-27 23:45:55,547 [INFO] IPUIPlugin:80 - create IPUIPlugin
2025-04-27 23:45:55,547 [INFO] IPUIPlugin:80 - create IPUIPlugin
2025-04-27 23:45:55,547 [INFO] IPUIPlugin:80 - create IPUIPlugin
2025-04-27 23:45:55,548 [INFO] IPUIPlugin:80 - create IPUIPlugin
2025-04-27 23:45:55,548 [INFO] IPUIPlugin:80 - create IPUIPlugin
2025-04-27 23:45:55,549 [INFO] IPUIPlugin:80 - create IPUIPlugin
2025-04-27 23:45:55,549 [INFO] IPUIPlugin:80 - create IPUIPlugin
2025-04-27 23:45:55,549 [INFO] IPUIPlugin:80 - create IPUIPlugin
2025-04-27 23:45:55,571 [INFO] ApiDbMcu:508 - Load IP Config File for PDM2PCM
2025-04-27 23:45:55,832 [INFO] CADModel:165 - CPN selected for project levelSTM32F767ZIT6
2025-04-27 23:45:55,833 [INFO] CADModel:114 - Register for checkConnection events
2025-04-27 23:45:55,887 [INFO] OpenFileManager:385 - Restore cursor
