2025-09-11 00:21:49,813 [INFO] Activator:176 - 


2025-09-11 00:21:49,822 [INFO] Activator:177 - !SESSION log4j initialized
2025-09-11 00:21:55,186 [INFO] LogOutputStream:77 - [STDOUT_REDIRECT] 
2025-09-11 00:22:02,741 [INFO] LogOutputStream:77 - [STDOUT_REDIRECT] 
2025-09-11 00:22:05,732 [ERROR] LogOutputStream:75 - [STDERR_REDIRECT] 
2025-09-11 00:22:07,368 [INFO] ApplicationProperties:184 - Using Application install path: /Applications/STM32CubeIDE.app/Contents/Eclipse/plugins/com.st.stm32cube.common.mx_6.14.1.202504091515
2025-09-11 00:22:07,388 [INFO] DbMcusXml:78 - Set database path to: /Applications/STM32CubeIDE.app/Contents/Eclipse/plugins/com.st.stm32cube.common.mx_6.14.1.202504091515//db//mcu/
2025-09-11 00:22:07,388 [INFO] ApiDb:274 - Set plugin database path to: /Applications/STM32CubeIDE.app/Contents/Eclipse/plugins/com.st.stm32cube.common.mx_6.14.1.202504091515//db//plugins/boardmanager/
2025-09-11 00:22:07,389 [WARN] ApiDb:259 - Overriding images path with different value:  => /Applications/STM32CubeIDE.app/Contents/Eclipse/plugins/com.st.stm32cube.common.mx_6.14.1.202504091515//db//plugins/mcufinder/images/
2025-09-11 00:22:07,400 [INFO] ApiDb:250 - Set database path to: /Users/sanjaybendale/.stmcufinder/plugins/mcufinder//mcu/
2025-09-11 00:22:07,402 [INFO] DbMcusAds:125 - Set database path to: /Users/sanjaybendale/.stmcufinder/plugins/mcufinder//mcu/
2025-09-11 00:22:07,403 [INFO] CrossReferenceDbSqlite:203 - Set database path to: /Users/sanjaybendale/.stmcufinder/plugins/mcufinder//mcu/cs/
2025-09-11 00:22:07,580 [INFO] RulesReader:64 - Compatibility file has been processed (302 Rules)
2025-09-11 00:22:07,708 [INFO] DbMcusXml:78 - Set database path to: /Applications/STM32CubeIDE.app/Contents/Eclipse/plugins/com.st.stm32cube.common.mx_6.14.1.202504091515//db//mcu/
2025-09-11 00:22:07,708 [INFO] ApiDb:274 - Set plugin database path to: /Applications/STM32CubeIDE.app/Contents/Eclipse/plugins/com.st.stm32cube.common.mx_6.14.1.202504091515//db//plugins/boardmanager/
2025-09-11 00:22:07,708 [INFO] ApiDb:261 - Set plugin images path to: /Applications/STM32CubeIDE.app/Contents/Eclipse/plugins/com.st.stm32cube.common.mx_6.14.1.202504091515//db//plugins/mcufinder/images/
2025-09-11 00:22:07,711 [WARN] DbFile:41 - Overriding database path with different value: /Users/sanjaybendale/.stmcufinder/plugins/mcufinder/ => /Users/sanjaybendale/.stmcufinder/plugins/mcufinder
2025-09-11 00:22:07,711 [INFO] ApiDb:250 - Set database path to: /Users/sanjaybendale/.stmcufinder/plugins/mcufinder//mcu/
2025-09-11 00:22:07,711 [WARN] DbFile:41 - Overriding database path with different value: /Users/sanjaybendale/.stmcufinder/plugins/mcufinder/ => /Users/sanjaybendale/.stmcufinder/plugins/mcufinder
2025-09-11 00:22:07,711 [INFO] DbMcusAds:125 - Set database path to: /Users/sanjaybendale/.stmcufinder/plugins/mcufinder//mcu/
2025-09-11 00:22:07,711 [WARN] DbFile:41 - Overriding database path with different value: /Users/sanjaybendale/.stmcufinder/plugins/mcufinder/ => /Users/sanjaybendale/.stmcufinder/plugins/mcufinder
2025-09-11 00:22:07,711 [WARN] DbFile:41 - Overriding database path with different value: /Users/sanjaybendale/.stmcufinder/plugins/mcufinder/ => /Users/sanjaybendale/.stmcufinder/plugins/mcufinder
2025-09-11 00:22:07,711 [INFO] CrossReferenceDbSqlite:203 - Set database path to: /Users/sanjaybendale/.stmcufinder/plugins/mcufinder//mcu/cs/
2025-09-11 00:22:07,842 [INFO] MainPanel:272 - HeapMemory: 268435456
2025-09-11 00:22:08,392 [INFO] DbMcusXml:78 - Set database path to: /Applications/STM32CubeIDE.app/Contents/Eclipse/plugins/com.st.stm32cube.common.mx_6.14.1.202504091515//db//mcu/
2025-09-11 00:22:08,392 [INFO] ApiDb:274 - Set plugin database path to: /Applications/STM32CubeIDE.app/Contents/Eclipse/plugins/com.st.stm32cube.common.mx_6.14.1.202504091515//db//plugins/boardmanager/
2025-09-11 00:22:08,392 [INFO] ApiDb:261 - Set plugin images path to: /Applications/STM32CubeIDE.app/Contents/Eclipse/plugins/com.st.stm32cube.common.mx_6.14.1.202504091515//db//plugins/mcufinder/images/
2025-09-11 00:22:08,393 [WARN] DbFile:41 - Overriding database path with different value: /Users/sanjaybendale/.stmcufinder/plugins/mcufinder/ => /Users/sanjaybendale/.stmcufinder/plugins/mcufinder
2025-09-11 00:22:08,393 [INFO] ApiDb:250 - Set database path to: /Users/sanjaybendale/.stmcufinder/plugins/mcufinder//mcu/
2025-09-11 00:22:08,393 [WARN] DbFile:41 - Overriding database path with different value: /Users/sanjaybendale/.stmcufinder/plugins/mcufinder/ => /Users/sanjaybendale/.stmcufinder/plugins/mcufinder
2025-09-11 00:22:08,393 [INFO] DbMcusAds:125 - Set database path to: /Users/sanjaybendale/.stmcufinder/plugins/mcufinder//mcu/
2025-09-11 00:22:08,393 [WARN] DbFile:41 - Overriding database path with different value: /Users/sanjaybendale/.stmcufinder/plugins/mcufinder/ => /Users/sanjaybendale/.stmcufinder/plugins/mcufinder
2025-09-11 00:22:08,393 [WARN] DbFile:41 - Overriding database path with different value: /Users/sanjaybendale/.stmcufinder/plugins/mcufinder/ => /Users/sanjaybendale/.stmcufinder/plugins/mcufinder
2025-09-11 00:22:08,393 [INFO] CrossReferenceDbSqlite:203 - Set database path to: /Users/sanjaybendale/.stmcufinder/plugins/mcufinder//mcu/cs/
2025-09-11 00:22:08,419 [INFO] ApplicationProperties:184 - Using Application install path: /Applications/STM32CubeIDE.app/Contents/Eclipse/plugins/com.st.stm32cube.common.mx_6.14.1.202504091515
2025-09-11 00:22:08,420 [INFO] PluginManage:196 - Search for loadable plugins [exclusion list=, ]
2025-09-11 00:22:08,421 [INFO] PluginManage:310 - Check plugin analytics
2025-09-11 00:22:08,664 [INFO] AnalyticsPlugin:253 - Accepted Software Licenses: 
2025-09-11 00:22:08,664 [INFO] AnalyticsPlugin:255 - Accepted CMSIS Pack Licenses: 
2025-09-11 00:22:08,664 [INFO] AnalyticsPlugin:257 - Accepted Firmware Licenses: FW.H7.1.12.0
2025-09-11 00:22:08,672 [INFO] PluginManage:359 - Loaded plugin analytics (category:tool,tabindex:-1)
2025-09-11 00:22:08,673 [INFO] PluginManage:310 - Check plugin cadmodel
2025-09-11 00:22:08,686 [INFO] CADModel:105 - Init CAD model plugin
2025-09-11 00:22:08,687 [INFO] PluginManage:359 - Loaded plugin cadmodel (category:power,tabindex:5)
2025-09-11 00:22:08,687 [INFO] PluginManage:310 - Check plugin clock
2025-09-11 00:22:08,699 [INFO] PluginManage:359 - Loaded plugin clock (category:base,tabindex:2)
2025-09-11 00:22:08,700 [INFO] PluginManage:310 - Check plugin ddr
2025-09-11 00:22:08,703 [INFO] PluginManage:359 - Loaded plugin ddr (category:tool,tabindex:6)
2025-09-11 00:22:08,703 [INFO] PluginManage:310 - Check plugin filemanager
2025-09-11 00:22:08,904 [INFO] PluginManage:359 - Loaded plugin filemanager (category:base,tabindex:10)
2025-09-11 00:22:08,905 [INFO] PluginManage:310 - Check plugin ipmanager
2025-09-11 00:22:08,916 [INFO] PluginManage:359 - Loaded plugin ipmanager (category:base,tabindex:5)
2025-09-11 00:22:08,916 [INFO] PluginManage:310 - Check plugin lpbam
2025-09-11 00:22:08,927 [INFO] PluginManage:359 - Loaded plugin lpbam (category:base,tabindex:0)
2025-09-11 00:22:08,927 [INFO] PluginManage:310 - Check plugin memorymap
2025-09-11 00:22:08,951 [INFO] PluginManage:359 - Loaded plugin memorymap (category:base,tabindex:4)
2025-09-11 00:22:08,951 [INFO] PluginManage:310 - Check plugin pinoutandconfiguration
2025-09-11 00:22:08,961 [INFO] PluginManage:359 - Loaded plugin pinoutandconfiguration (category:base,tabindex:1)
2025-09-11 00:22:08,961 [INFO] PluginManage:310 - Check plugin pinoutconfig
2025-09-11 00:22:09,080 [WARN] SupportedApi:132 - Cannot load RTOS API schema: s4s-elt-must-match.1: The content of 'definitions' must match (annotation?, (simpleType | complexType)?, (unique | key | keyref)*)). A problem was found starting at: attribute.
2025-09-11 00:22:09,295 [INFO] PluginManage:359 - Loaded plugin pinoutconfig (category:base,tabindex:0)
2025-09-11 00:22:09,295 [INFO] PluginManage:310 - Check plugin power
2025-09-11 00:22:09,311 [INFO] PluginManage:359 - Loaded plugin power (category:power,tabindex:4)
2025-09-11 00:22:09,311 [INFO] PluginManage:310 - Check plugin projectmanager
2025-09-11 00:22:09,340 [INFO] PluginManage:359 - Loaded plugin projectmanager (category:projectmanager,tabindex:4)
2025-09-11 00:22:09,340 [INFO] PluginManage:310 - Check plugin rif
2025-09-11 00:22:09,353 [INFO] PluginManage:359 - Loaded plugin rif (category:base,tabindex:3)
2025-09-11 00:22:09,353 [INFO] PluginManage:310 - Check plugin thirdparty
2025-09-11 00:22:09,591 [INFO] PluginManage:359 - Loaded plugin thirdparty (category:base,tabindex:-1)
2025-09-11 00:22:09,591 [INFO] PluginManage:310 - Check plugin tools
2025-09-11 00:22:09,591 [WARN] IntegrityCheckThread:84 - waiting for thirdparty lock release [integrity check]
2025-09-11 00:22:09,595 [INFO] IntegrityCheckThread:86 - entering critical section [integrity check]
2025-09-11 00:22:09,595 [INFO] ThirdPartyUpdaterWithRetryManager:70 - Updater plugin not ready yet. [1/15]
2025-09-11 00:22:09,597 [INFO] PluginManage:359 - Loaded plugin tools (category:base,tabindex:7)
2025-09-11 00:22:09,597 [INFO] PluginManage:310 - Check plugin tutovideos
2025-09-11 00:22:09,802 [INFO] PluginManage:359 - Loaded plugin tutovideos (category:base,tabindex:-1)
2025-09-11 00:22:09,803 [INFO] PluginManage:310 - Check plugin updater
2025-09-11 00:22:09,851 [INFO] PluginManage:359 - Loaded plugin updater (category:base,tabindex:12)
2025-09-11 00:22:09,851 [INFO] PluginManage:310 - Check plugin userauth
2025-09-11 00:22:09,859 [INFO] UserAuth:118 - Init User Auth plugin
2025-09-11 00:22:09,860 [INFO] PluginManage:359 - Loaded plugin userauth (category:base,tabindex:14)
2025-09-11 00:22:09,862 [INFO] PluginManage:283 - PluginManage : Loaded plugins [18]
2025-09-11 00:22:10,121 [INFO] PinOutPanel:1589 - setPackage(No Configuration,No Configuration)
2025-09-11 00:22:10,201 [INFO] CADModel:165 - CPN selected for project level
2025-09-11 00:22:10,201 [INFO] CADModel:114 - Register for checkConnection events
2025-09-11 00:22:10,215 [INFO] IPUIPlugin:80 - create IPUIPlugin
2025-09-11 00:22:10,216 [INFO] PluginManager:220 - loadIPPluginJar : add mdma
2025-09-11 00:22:10,227 [INFO] IPUIPlugin:80 - create IPUIPlugin
2025-09-11 00:22:10,228 [INFO] PluginManager:220 - loadIPPluginJar : add freertos
2025-09-11 00:22:10,231 [INFO] IPUIPlugin:80 - create IPUIPlugin
2025-09-11 00:22:10,232 [INFO] PluginManager:220 - loadIPPluginJar : add gic
2025-09-11 00:22:10,246 [INFO] IPUIPlugin:80 - create IPUIPlugin
2025-09-11 00:22:10,246 [INFO] PluginManager:220 - loadIPPluginJar : add adc
2025-09-11 00:22:10,249 [INFO] IPUIPlugin:80 - create IPUIPlugin
2025-09-11 00:22:10,249 [INFO] PluginManager:220 - loadIPPluginJar : add gtzc
2025-09-11 00:22:10,250 [INFO] IPUIPlugin:80 - create IPUIPlugin
2025-09-11 00:22:10,250 [INFO] PluginManager:220 - loadIPPluginJar : add quadspi
2025-09-11 00:22:10,251 [INFO] IPUIPlugin:80 - create IPUIPlugin
2025-09-11 00:22:10,251 [INFO] PluginManager:220 - loadIPPluginJar : add aes
2025-09-11 00:22:10,253 [INFO] IPUIPlugin:80 - create IPUIPlugin
2025-09-11 00:22:10,253 [INFO] PluginManager:220 - loadIPPluginJar : add pdm2pcm
2025-09-11 00:22:10,254 [INFO] IPUIPlugin:80 - create IPUIPlugin
2025-09-11 00:22:10,254 [INFO] PluginManager:220 - loadIPPluginJar : add hash
2025-09-11 00:22:10,255 [INFO] IPUIPlugin:80 - create IPUIPlugin
2025-09-11 00:22:10,255 [INFO] PluginManager:220 - loadIPPluginJar : add tim
2025-09-11 00:22:10,257 [INFO] IPUIPlugin:80 - create IPUIPlugin
2025-09-11 00:22:10,257 [INFO] PluginManager:220 - loadIPPluginJar : add tsc
2025-09-11 00:22:10,261 [INFO] IPUIPlugin:80 - create IPUIPlugin
2025-09-11 00:22:10,261 [INFO] PluginManager:220 - loadIPPluginJar : add extmemmanager
2025-09-11 00:22:10,263 [INFO] IPUIPlugin:80 - create IPUIPlugin
2025-09-11 00:22:10,263 [INFO] PluginManager:220 - loadIPPluginJar : add ts
2025-09-11 00:22:10,264 [INFO] IPUIPlugin:80 - create IPUIPlugin
2025-09-11 00:22:10,266 [INFO] PluginManager:220 - loadIPPluginJar : add radio
2025-09-11 00:22:10,267 [INFO] IPUIPlugin:80 - create IPUIPlugin
2025-09-11 00:22:10,267 [INFO] PluginManager:220 - loadIPPluginJar : add can
2025-09-11 00:22:10,269 [INFO] IPUIPlugin:80 - create IPUIPlugin
2025-09-11 00:22:10,269 [INFO] PluginManager:220 - loadIPPluginJar : add dma3
2025-09-11 00:22:10,270 [INFO] IPUIPlugin:80 - create IPUIPlugin
2025-09-11 00:22:10,270 [INFO] PluginManager:220 - loadIPPluginJar : add dfsdm
2025-09-11 00:22:10,272 [INFO] IPUIPlugin:80 - create IPUIPlugin
2025-09-11 00:22:10,272 [INFO] PluginManager:220 - loadIPPluginJar : add spi
2025-09-11 00:22:10,275 [INFO] IPUIPlugin:80 - create IPUIPlugin
2025-09-11 00:22:10,275 [INFO] PluginManager:220 - loadIPPluginJar : add gfxmmu
2025-09-11 00:22:10,277 [INFO] IPUIPlugin:80 - create IPUIPlugin
2025-09-11 00:22:10,277 [INFO] PluginManager:220 - loadIPPluginJar : add genericplugin
2025-09-11 00:22:10,279 [INFO] IPUIPlugin:80 - create IPUIPlugin
2025-09-11 00:22:10,279 [INFO] PluginManager:220 - loadIPPluginJar : add cryp
2025-09-11 00:22:10,283 [INFO] IPUIPlugin:80 - create IPUIPlugin
2025-09-11 00:22:10,283 [INFO] PluginManager:220 - loadIPPluginJar : add gpio
2025-09-11 00:22:10,286 [INFO] IPUIPlugin:80 - create IPUIPlugin
2025-09-11 00:22:10,286 [INFO] PluginManager:220 - loadIPPluginJar : add ddr_ctrl_phy
2025-09-11 00:22:10,288 [INFO] IPUIPlugin:80 - create IPUIPlugin
2025-09-11 00:22:10,289 [INFO] PluginManager:220 - loadIPPluginJar : add comp
2025-09-11 00:22:10,292 [INFO] IPUIPlugin:80 - create IPUIPlugin
2025-09-11 00:22:10,292 [INFO] PluginManager:220 - loadIPPluginJar : add tracer_emb
2025-09-11 00:22:10,295 [INFO] IPUIPlugin:80 - create IPUIPlugin
2025-09-11 00:22:10,295 [INFO] PluginManager:220 - loadIPPluginJar : add openamp
2025-09-11 00:22:10,300 [INFO] IPUIPlugin:80 - create IPUIPlugin
2025-09-11 00:22:10,300 [INFO] PluginManager:220 - loadIPPluginJar : add stm32_wpan
2025-09-11 00:22:10,305 [INFO] IPUIPlugin:80 - create IPUIPlugin
2025-09-11 00:22:10,309 [INFO] PluginManager:220 - loadIPPluginJar : add plateformsettings
2025-09-11 00:22:10,314 [INFO] IPUIPlugin:80 - create IPUIPlugin
2025-09-11 00:22:10,314 [INFO] PluginManager:220 - loadIPPluginJar : add ipddr
2025-09-11 00:22:10,316 [INFO] IPUIPlugin:80 - create IPUIPlugin
2025-09-11 00:22:10,316 [INFO] PluginManager:220 - loadIPPluginJar : add usart
2025-09-11 00:22:10,317 [INFO] IPUIPlugin:80 - create IPUIPlugin
2025-09-11 00:22:10,317 [INFO] PluginManager:220 - loadIPPluginJar : add ltdc
2025-09-11 00:22:10,322 [INFO] IPUIPlugin:80 - create IPUIPlugin
2025-09-11 00:22:10,322 [INFO] PluginManager:220 - loadIPPluginJar : add nvic
2025-09-11 00:22:10,323 [INFO] IPUIPlugin:80 - create IPUIPlugin
2025-09-11 00:22:10,323 [INFO] PluginManager:220 - loadIPPluginJar : add fatfs
2025-09-11 00:22:10,333 [INFO] IPUIPlugin:80 - create IPUIPlugin
2025-09-11 00:22:10,333 [INFO] PluginManager:220 - loadIPPluginJar : add linkedlist
2025-09-11 00:22:10,338 [INFO] IPUIPlugin:80 - create IPUIPlugin
2025-09-11 00:22:10,338 [INFO] PluginManager:220 - loadIPPluginJar : add dma
2025-09-11 00:22:10,341 [INFO] IPUIPlugin:80 - create IPUIPlugin
2025-09-11 00:22:10,341 [INFO] PluginManager:220 - loadIPPluginJar : add fmc
2025-09-11 00:22:10,342 [INFO] IPUIPlugin:80 - create IPUIPlugin
2025-09-11 00:22:10,342 [INFO] PluginManager:220 - loadIPPluginJar : add i2s
2025-09-11 00:22:10,343 [INFO] IPUIPlugin:80 - create IPUIPlugin
2025-09-11 00:22:10,343 [INFO] PluginManager:220 - loadIPPluginJar : add ucpd
2025-09-11 00:22:10,345 [INFO] IPUIPlugin:80 - create IPUIPlugin
2025-09-11 00:22:10,345 [INFO] PluginManager:220 - loadIPPluginJar : add lorawan
2025-09-11 00:22:10,347 [INFO] IPUIPlugin:80 - create IPUIPlugin
2025-09-11 00:22:10,347 [INFO] PluginManager:220 - loadIPPluginJar : add opamp
2025-09-11 00:22:10,349 [INFO] IPUIPlugin:80 - create IPUIPlugin
2025-09-11 00:22:10,349 [INFO] PluginManager:220 - loadIPPluginJar : add i3c
2025-09-11 00:22:10,353 [INFO] IPUIPlugin:80 - create IPUIPlugin
2025-09-11 00:22:10,353 [INFO] PluginManager:220 - loadIPPluginJar : add touchsensing
2025-09-11 00:22:10,356 [INFO] IPUIPlugin:80 - create IPUIPlugin
2025-09-11 00:22:10,356 [INFO] PluginManager:220 - loadIPPluginJar : add i2c
2025-09-11 00:22:10,360 [INFO] IPUIPlugin:80 - create IPUIPlugin
2025-09-11 00:22:10,360 [INFO] PluginManager:220 - loadIPPluginJar : add resmgrutility
2025-09-11 00:22:10,362 [INFO] IPUIPlugin:80 - create IPUIPlugin
2025-09-11 00:22:10,362 [INFO] PluginManager:220 - loadIPPluginJar : add sai
2025-09-11 00:22:10,364 [INFO] IPUIPlugin:80 - create IPUIPlugin
2025-09-11 00:22:10,364 [INFO] PluginManager:220 - loadIPPluginJar : add usbx
2025-09-11 00:22:10,482 [FATAL] Updater:351 - Updater called before beeing initialized
2025-09-11 00:22:10,529 [INFO] RulesReader:64 - Compatibility file has been processed (302 Rules)
2025-09-11 00:22:10,543 [INFO] RulesReader:64 - Compatibility file has been processed (302 Rules)
2025-09-11 00:22:10,558 [INFO] CADModel:165 - CPN selected for project level
2025-09-11 00:22:10,558 [INFO] CADModel:114 - Register for checkConnection events
2025-09-11 00:22:10,558 [FATAL] Updater:351 - Updater called before beeing initialized
2025-09-11 00:22:10,559 [ERROR] CADModel:125 - Updater not yet initialized, retry later 
2025-09-11 00:22:10,827 [FATAL] Updater:351 - Updater called before beeing initialized
2025-09-11 00:22:10,828 [INFO] CADModel:165 - CPN selected for project level
2025-09-11 00:22:10,828 [INFO] CADModel:114 - Register for checkConnection events
2025-09-11 00:22:10,828 [FATAL] Updater:351 - Updater called before beeing initialized
2025-09-11 00:22:10,828 [ERROR] CADModel:125 - Updater not yet initialized, retry later 
2025-09-11 00:22:10,832 [FATAL] Updater:351 - Updater called before beeing initialized
2025-09-11 00:22:11,005 [FATAL] Updater:351 - Updater called before beeing initialized
2025-09-11 00:22:11,010 [INFO] DbMcusAds:53 - JSON generation date=Thu Mar 06 06:54:22 PST 2025 (1741272862204)
2025-09-11 00:22:11,010 [FATAL] Updater:351 - Updater called before beeing initialized
2025-09-11 00:22:11,924 [WARN] DetailPanel:346 - Failed to get advertising image, set to default
2025-09-11 00:22:12,313 [FATAL] Updater:351 - Updater called before beeing initialized
2025-09-11 00:22:12,352 [FATAL] Updater:351 - Updater called before beeing initialized
2025-09-11 00:22:12,354 [FATAL] Updater:351 - Updater called before beeing initialized
2025-09-11 00:22:12,356 [WARN] DetailPanel:346 - Failed to get advertising image, set to default
2025-09-11 00:22:12,387 [FATAL] Updater:351 - Updater called before beeing initialized
2025-09-11 00:22:12,601 [INFO] ThirdPartyUpdaterWithRetryManager:70 - Updater plugin not ready yet. [2/15]
2025-09-11 00:22:12,616 [ERROR] Updater:1198 - MainUpdater not yet initialized. External WinMGr cannot be set.
2025-09-11 00:22:12,631 [INFO] Updater:1134 - Updater Version found : 6.14.1
2025-09-11 00:22:12,667 [INFO] ApplicationProperties:184 - Using Application install path: /Applications/STM32CubeIDE.app/Contents/Eclipse/plugins/com.st.stm32cube.common.mx_6.14.1.202504091515
2025-09-11 00:22:13,345 [INFO] MainUpdater:2872 - connection check result : 10
2025-09-11 00:22:13,346 [INFO] MainUpdater:3566 - Updater definition file requires update
2025-09-11 00:22:13,347 [INFO] MainUpdater:289 - Updater Check For Update Now.
2025-09-11 00:22:13,347 [INFO] MicroXplorer:498 - Change Database Version : DB.6.0.141
2025-09-11 00:22:13,360 [INFO] McuFinderGlobals:63 - Set McuFinder mode to 2 (CubeIDE integrated)
2025-09-11 00:22:13,360 [INFO] UserAuth:171 - activating auth plugin
2025-09-11 00:22:13,373 [INFO] UserAuth:484 - Internet connection configuration mode: 1
2025-09-11 00:22:13,395 [INFO] JxBrowserEngine:152 - Initiate JxBrowser Engine with user profile folder
2025-09-11 00:22:13,497 [INFO] ServerAccessManage:473 - Download File updaters.zip
2025-09-11 00:22:13,650 [INFO] FileExtend:242 - Unzip File : updaters.zip
2025-09-11 00:22:13,650 [INFO] FileExtend:257 - Standard Zip Deflate
2025-09-11 00:22:13,892 [INFO] ServerAccessManage:473 - Download File PacksControlFlags.xml
2025-09-11 00:22:14,015 [INFO] ServerAccessManage:473 - Download File cubemx.pidx
2025-09-11 00:22:14,549 [INFO] ServerAccessManage:473 - Download File STMicroelectronics.FP-SNS-STBOX1.pdsc
2025-09-11 00:22:14,984 [INFO] ServerAccessManage:473 - Download File STMicroelectronics.FP-SNS-STAIOTCFT.pdsc
2025-09-11 00:22:15,285 [INFO] ServerAccessManage:473 - Download File STMicroelectronics.X-CUBE-AI.pdsc
2025-09-11 00:22:15,608 [WARN] MainUpdater:1193 - Updater busy. Cannot search thirdparties
2025-09-11 00:22:15,609 [INFO] ThirdPartyUpdaterWithRetryManager:96 - Updater plugin is busy. [1/15]
2025-09-11 00:22:17,228 [INFO] ServerAccessManage:473 - Download File STMicroelectronics.X-CUBE-BLEMGR.pdsc
2025-09-11 00:22:18,026 [ERROR] ServerAccessManage:1089 - Problem, file not found on Server
2025-09-11 00:22:18,614 [WARN] MainUpdater:1193 - Updater busy. Cannot search thirdparties
2025-09-11 00:22:18,614 [INFO] ThirdPartyUpdaterWithRetryManager:96 - Updater plugin is busy. [2/15]
2025-09-11 00:22:18,733 [INFO] ServerAccessManage:473 - Download File STMicroelectronics.X-CUBE-EEPRMA1.pdsc
2025-09-11 00:22:19,455 [ERROR] ServerAccessManage:1089 - Problem, file not found on Server
2025-09-11 00:22:20,275 [ERROR] ServerAccessManage:1089 - Problem, file not found on Server
2025-09-11 00:22:20,604 [INFO] ServerAccessManage:473 - Download File STMicroelectronics.X-CUBE-FREERTOS.pdsc
2025-09-11 00:22:21,094 [INFO] ServerAccessManage:473 - Download File STMicroelectronics.X-CUBE-MEMS1.pdsc
2025-09-11 00:22:21,619 [WARN] MainUpdater:1193 - Updater busy. Cannot search thirdparties
2025-09-11 00:22:21,619 [INFO] ThirdPartyUpdaterWithRetryManager:96 - Updater plugin is busy. [3/15]
2025-09-11 00:22:22,819 [INFO] WebApp:169 - Instantiating new browser for Auth
2025-09-11 00:22:23,363 [INFO] ServerAccessManage:473 - Download File STMicroelectronics.X-CUBE-NFC12.pdsc
2025-09-11 00:22:23,662 [INFO] ServerAccessManage:473 - Download File STMicroelectronics.X-CUBE-ST60.pdsc
2025-09-11 00:22:23,764 [INFO] ServerAccessManage:473 - Download File STMicroelectronics.X-CUBE-ST67W61.pdsc
2025-09-11 00:22:23,953 [INFO] ServerAccessManage:473 - Download File STMicroelectronics.X-CUBE-STSE01.pdsc
2025-09-11 00:22:24,119 [INFO] ServerAccessManage:473 - Download File STMicroelectronics.X-CUBE-PM33A1.pdsc
2025-09-11 00:22:24,385 [INFO] ServerAccessManage:473 - Download File STMicroelectronics.X-CUBE-AZRTOS-H7.pdsc
2025-09-11 00:22:24,624 [WARN] MainUpdater:1193 - Updater busy. Cannot search thirdparties
2025-09-11 00:22:24,626 [INFO] ThirdPartyUpdaterWithRetryManager:96 - Updater plugin is busy. [4/15]
2025-09-11 00:22:25,698 [WARN] PopulateThirdPartyThread:106 - Error when creating pack: /Users/sanjaybendale/.stm32cubemx/thirdparties/pdsc/STMicroelectronics.FP-SNS-STBOX1.pdsc
2025-09-11 00:22:25,711 [INFO] WebApp:463 - Apply proxy settings
2025-09-11 00:22:25,721 [INFO] WebApp:508 - Chromium authenticates against Manually configured proxy
2025-09-11 00:22:25,752 [INFO] WebApp:516 - Username used for proxy authentication: 
2025-09-11 00:22:25,790 [WARN] PackLoader:240 - Cannot read IP mode file for STMicroelectronics.FP-SNS-STAIOTCFT.1.0.0
2025-09-11 00:22:25,830 [WARN] PackLoader:240 - Cannot read IP mode file for STMicroelectronics.X-CUBE-AI.10.2.0
2025-09-11 00:22:25,866 [WARN] PackLoader:240 - Cannot read IP mode file for STMicroelectronics.X-CUBE-BLEMGR.4.1.0
2025-09-11 00:22:25,873 [INFO] WebApp:894 - Register for checkConnection events
2025-09-11 00:22:25,874 [INFO] WebApp:463 - Apply proxy settings
2025-09-11 00:22:25,880 [INFO] WebApp:508 - Chromium authenticates against Manually configured proxy
2025-09-11 00:22:25,883 [INFO] WebApp:516 - Username used for proxy authentication: 
2025-09-11 00:22:25,938 [WARN] PackLoader:240 - Cannot read IP mode file for STMicroelectronics.X-CUBE-EEPRMA1.5.2.0
2025-09-11 00:22:25,955 [INFO] CheckServerUpdateThread:120 - End of CheckServer Thread
2025-09-11 00:22:26,007 [WARN] PackLoader:240 - Cannot read IP mode file for STMicroelectronics.X-CUBE-FREERTOS.1.3.1
2025-09-11 00:22:26,200 [INFO] WebApp:225 - Starting web application
2025-09-11 00:22:26,201 [INFO] WebApp:593 - Web application path used /Applications/STM32CubeIDE.app/Contents/Eclipse/plugins/com.st.stm32cube.common.mx_6.14.1.202504091515/db/plugins/mcufinder/reactClient1/index.html
2025-09-11 00:22:26,222 [WARN] PackLoader:240 - Cannot read IP mode file for STMicroelectronics.X-CUBE-MEMS1.11.3.0
2025-09-11 00:22:26,525 [INFO] WebApp:191 - Connection restablished
2025-09-11 00:22:26,792 [WARN] PackLoader:240 - Cannot read IP mode file for STMicroelectronics.X-CUBE-NFC12.1.0.0
2025-09-11 00:22:26,849 [WARN] PackLoader:240 - Cannot read IP mode file for STMicroelectronics.X-CUBE-ST60.1.0.0
2025-09-11 00:22:26,906 [WARN] PackLoader:240 - Cannot read IP mode file for STMicroelectronics.X-CUBE-ST67W61.1.0.0
2025-09-11 00:22:26,964 [WARN] PackLoader:240 - Cannot read IP mode file for STMicroelectronics.X-CUBE-STSE01.1.0.0
2025-09-11 00:22:26,989 [WARN] PackLoader:240 - Cannot read IP mode file for STMicroelectronics.X-CUBE-PM33A1.1.0.0
2025-09-11 00:22:27,074 [WARN] PackLoader:240 - Cannot read IP mode file for STMicroelectronics.X-CUBE-AZRTOS-H7.3.4.0
2025-09-11 00:22:27,116 [INFO] PopulateThirdPartyThread:66 - Ending populate Thread
2025-09-11 00:22:27,127 [INFO] ThirdParty:1030 - CMSIS Pack Vendor :STMicroelectronics X-CUBE-FREERTOS 1.3.1
2025-09-11 00:22:27,127 [INFO] ThirdParty:1030 - CMSIS Pack Vendor :STMicroelectronics X-CUBE-BLEMGR 4.1.0
2025-09-11 00:22:27,127 [INFO] ThirdParty:1030 - CMSIS Pack Vendor :STMicroelectronics X-CUBE-EEPRMA1 5.2.0
2025-09-11 00:22:27,127 [INFO] ThirdParty:1030 - CMSIS Pack Vendor :STMicroelectronics X-CUBE-ST67W61 1.0.0
2025-09-11 00:22:27,127 [INFO] ThirdParty:1030 - CMSIS Pack Vendor :STMicroelectronics X-CUBE-PM33A1 1.0.0
2025-09-11 00:22:27,127 [INFO] ThirdParty:1030 - CMSIS Pack Vendor :STMicroelectronics X-CUBE-AZRTOS-H7 3.4.0
2025-09-11 00:22:27,127 [INFO] ThirdParty:1030 - CMSIS Pack Vendor :STMicroelectronics FP-SNS-STAIOTCFT 1.0.0
2025-09-11 00:22:27,128 [INFO] ThirdParty:1030 - CMSIS Pack Vendor :STMicroelectronics X-CUBE-AI 10.2.0
2025-09-11 00:22:27,128 [INFO] ThirdParty:1030 - CMSIS Pack Vendor :STMicroelectronics X-CUBE-ST60 1.0.0
2025-09-11 00:22:27,128 [INFO] ThirdParty:1030 - CMSIS Pack Vendor :STMicroelectronics X-CUBE-MEMS1 11.3.0
2025-09-11 00:22:27,128 [INFO] ThirdParty:1030 - CMSIS Pack Vendor :STMicroelectronics X-CUBE-NFC12 1.0.0
2025-09-11 00:22:27,128 [INFO] ThirdParty:1030 - CMSIS Pack Vendor :STMicroelectronics X-CUBE-STSE01 1.0.0
2025-09-11 00:22:27,130 [INFO] LoadServerUpdatesThread:375 - End of LoadServerUpdate Thread
2025-09-11 00:22:28,237 [WARN] PackLoader:240 - Cannot read IP mode file for STMicroelectronics.FP-ATR-ASTRA1.2.0.2
2025-09-11 00:22:28,316 [WARN] PackLoader:240 - Cannot read IP mode file for STMicroelectronics.FP-ATR-ASTRA1.2.0.1
2025-09-11 00:22:28,352 [WARN] PackLoader:240 - Cannot read IP mode file for STMicroelectronics.X-CUBE-WB05N.1.1.0
2025-09-11 00:22:28,476 [WARN] PackLoader:240 - Cannot read IP mode file for STMicroelectronics.X-CUBE-ST60.1.0.0
2025-09-11 00:22:28,508 [WARN] PackLoader:240 - Cannot read IP mode file for STMicroelectronics.X-CUBE-AZRTOS-F7.1.1.0
2025-09-11 00:22:28,520 [WARN] PackLoader:240 - Cannot read IP mode file for STMicroelectronics.FP-SNS-FLIGHT1.5.0.0
2025-09-11 00:22:28,613 [WARN] PackLoader:240 - Cannot read IP mode file for STMicroelectronics.X-CUBE-MEMS1.11.0.0
2025-09-11 00:22:28,748 [WARN] PackLoader:240 - Cannot read IP mode file for STMicroelectronics.X-CUBE-BLE1.6.2.4
2025-09-11 00:22:28,754 [WARN] PackLoader:240 - Cannot read IP mode file for STMicroelectronics.FP-SNS-FLIGHT1.5.0.2
2025-09-11 00:22:28,786 [WARN] PackLoader:240 - Cannot read IP mode file for STMicroelectronics.X-CUBE-AZRTOS-H7.3.4.0
2025-09-11 00:22:28,798 [WARN] PackLoader:240 - Cannot read IP mode file for STMicroelectronics.X-CUBE-BLE1.7.0.0
2025-09-11 00:22:28,820 [WARN] PackLoader:240 - Cannot read IP mode file for STMicroelectronics.X-CUBE-BLEMGR.4.0.0
2025-09-11 00:22:28,839 [WARN] PackLoader:240 - Cannot read IP mode file for emotas.I-CUBE-CANOPEN.1.3.0
2025-09-11 00:22:28,855 [WARN] PackLoader:240 - Cannot read IP mode file for STMicroelectronics.X-CUBE-BLEMGR.3.1.0
2025-09-11 00:22:28,864 [WARN] PackLoader:240 - Cannot read IP mode file for STMicroelectronics.X-CUBE-AI.10.0.0
2025-09-11 00:22:28,869 [ERROR] Engine:466 - /Users/sanjaybendale/.stm32cubemx/thirdparties/pdsc/STMicroelectronics.FP-SNS-STBOX1.2.1.0.pdsc: PDSC version is not supported
2025-09-11 00:22:28,874 [WARN] PackLoader:240 - Cannot read IP mode file for STMicroelectronics.FP-SNS-FLIGHT1.5.1.0
2025-09-11 00:22:28,963 [WARN] PackLoader:240 - Cannot read IP mode file for STMicroelectronics.X-CUBE-MEMS1.11.1.0
2025-09-11 00:22:29,119 [INFO] LogOutputStream:77 - [STDOUT_REDIRECT] 1 : Invalid condition id : UX_CORESTACK_Condition cause : null
2025-09-11 00:22:29,124 [INFO] LogOutputStream:77 - [STDOUT_REDIRECT] 1 : Invalid condition id : UX_CORESTACK_Condition cause : null
2025-09-11 00:22:29,125 [INFO] LogOutputStream:77 - [STDOUT_REDIRECT] 1 : Invalid condition id : UX_CORESTACK_Condition cause : null
2025-09-11 00:22:29,125 [INFO] LogOutputStream:77 - [STDOUT_REDIRECT] 1 : Invalid condition id : UX_CORESTACK_Condition cause : null
2025-09-11 00:22:29,125 [INFO] LogOutputStream:77 - [STDOUT_REDIRECT] 1 : Invalid condition id : UX_CORESTACK_Condition cause : null
2025-09-11 00:22:29,132 [WARN] PackLoader:240 - Cannot read IP mode file for STMicroelectronics.X-CUBE-AZRTOS-WL.2.0.0
2025-09-11 00:22:29,141 [WARN] PackLoader:240 - Cannot read IP mode file for wolfSSL.I-CUBE-wolfMQTT.1.19.0
2025-09-11 00:22:29,153 [WARN] PackLoader:240 - Cannot read IP mode file for WES.I-CUBE-Cesium.1.3.0
2025-09-11 00:22:29,159 [WARN] PackLoader:240 - Cannot read IP mode file for STMicroelectronics.X-CUBE-BLE2.3.3.0
2025-09-11 00:22:29,167 [WARN] PackLoader:240 - Cannot read IP mode file for STMicroelectronics.X-CUBE-BLE1.7.1.0
2025-09-11 00:22:29,174 [WARN] PackLoader:240 - Cannot read IP mode file for STMicroelectronics.X-CUBE-TCPP.4.1.0
2025-09-11 00:22:29,189 [WARN] PackLoader:240 - Cannot read IP mode file for STMicroelectronics.X-CUBE-EEPRMA1.5.2.0
2025-09-11 00:22:29,195 [WARN] PackLoader:240 - Cannot read IP mode file for STMicroelectronics.X-CUBE-TOUCHGFX.4.21.3
2025-09-11 00:22:29,197 [WARN] PackLoader:240 - Cannot read IP mode file for STMicroelectronics.X-CUBE-TOUCHGFX.4.21.4
2025-09-11 00:22:29,266 [WARN] PackLoader:240 - Cannot read IP mode file for STMicroelectronics.X-CUBE-MEMS1.9.4.0
2025-09-11 00:22:29,378 [WARN] PackLoader:240 - Cannot read IP mode file for STMicroelectronics.X-CUBE-AI.7.3.0
2025-09-11 00:22:29,390 [WARN] PackLoader:240 - Cannot read IP mode file for STMicroelectronics.X-CUBE-ALGOBUILD.1.3.0
2025-09-11 00:22:29,469 [WARN] PackLoader:240 - Cannot read IP mode file for STMicroelectronics.X-CUBE-MEMS1.11.2.0
2025-09-11 00:22:29,616 [WARN] PackLoader:240 - Cannot read IP mode file for STMicroelectronics.X-CUBE-AZRTOS-G0.1.1.0
2025-09-11 00:22:29,660 [WARN] PackLoader:240 - Cannot read IP mode file for EmbeddedOffice.I-CUBE-FS-RTOS.1.0.1
2025-09-11 00:22:29,673 [WARN] PackLoader:240 - Cannot read IP mode file for STMicroelectronics.X-CUBE-WB05N.2.0.0
2025-09-11 00:22:29,689 [WARN] PackLoader:240 - Cannot read IP mode file for STMicroelectronics.X-CUBE-BLEMGR.1.3.0
2025-09-11 00:22:29,817 [WARN] PackLoader:240 - Cannot read IP mode file for STMicroelectronics.X-CUBE-TCPP.4.2.0
2025-09-11 00:22:30,347 [WARN] PackLoader:240 - Cannot read IP mode file for RealThread.X-CUBE-RT-Thread_Nano.4.1.1
2025-09-11 00:22:30,386 [WARN] PackLoader:240 - Cannot read IP mode file for STMicroelectronics.FP-ATR-SIGFOX1.3.2.0
2025-09-11 00:22:30,394 [WARN] ConditionMgr:438 - getConditionDescription Invalid condition id : Cortex-A Device cause : null
2025-09-11 00:22:30,531 [WARN] ConditionMgr:1044 - genDependencies : Invalid condition id : Cortex-A Device cause : null
2025-09-11 00:22:30,533 [WARN] ConditionMgr:1044 - genDependencies : Invalid condition id : Cortex-A Device cause : null
2025-09-11 00:22:30,534 [WARN] ConditionMgr:1044 - genDependencies : Invalid condition id : Cortex-A Device cause : null
2025-09-11 00:22:30,556 [WARN] PackLoader:240 - Cannot read IP mode file for STMicroelectronics.X-CUBE-EEPRMA1.5.1.0
2025-09-11 00:22:30,576 [WARN] PackLoader:240 - Cannot read IP mode file for ITTIA_DB.I-CUBE-ITTIADB.8.9.0
2025-09-11 00:22:30,644 [WARN] PackLoader:240 - Cannot read IP mode file for STMicroelectronics.X-CUBE-MEMS1.9.5.0
2025-09-11 00:22:30,733 [WARN] PackLoader:240 - Cannot read IP mode file for STMicroelectronics.X-CUBE-ST67W61.1.0.0
2025-09-11 00:22:30,742 [WARN] PackLoader:240 - Cannot read IP mode file for STMicroelectronics.X-CUBE-AI.10.2.0
2025-09-11 00:22:30,797 [WARN] PackLoader:240 - Cannot read IP mode file for SEGGER.I-CUBE-embOS.1.3.1
2025-09-11 00:22:30,835 [WARN] PackLoader:240 - Cannot read IP mode file for STMicroelectronics.X-CUBE-ALGOBUILD.1.4.0
2025-09-11 00:22:30,904 [WARN] PackLoader:240 - Cannot read IP mode file for STMicroelectronics.X-CUBE-MEMS1.11.3.0
2025-09-11 00:22:31,001 [WARN] PackLoader:240 - Cannot read IP mode file for STMicroelectronics.X-CUBE-AI.9.1.0
2025-09-11 00:22:31,012 [WARN] PackLoader:240 - Cannot read IP mode file for STMicroelectronics.X-CUBE-PM33A1.1.0.0
2025-09-11 00:22:31,037 [WARN] PackLoader:240 - Cannot read IP mode file for STMicroelectronics.X-CUBE-GNSS1.6.0.0
2025-09-11 00:22:31,063 [WARN] PackLoader:240 - Cannot read IP mode file for STMicroelectronics.X-CUBE-AZRTOS-F4.1.1.0
2025-09-11 00:22:31,072 [WARN] PackLoader:240 - Cannot read IP mode file for Avnet-IotConnect.X-CUBE-IoTC-DA16k-PMOD.1.0.0
2025-09-11 00:22:31,077 [WARN] PackLoader:240 - Cannot read IP mode file for STMicroelectronics.X-CUBE-FREERTOS.1.2.0
2025-09-11 00:22:31,085 [WARN] PackLoader:240 - Cannot read IP mode file for STMicroelectronics.X-CUBE-NFC12.1.0.0
2025-09-11 00:22:31,110 [WARN] PackLoader:240 - Cannot read IP mode file for STMicroelectronics.X-CUBE-AZRTOS-L5.2.0.0
2025-09-11 00:22:31,171 [WARN] PackLoader:240 - Cannot read IP mode file for STMicroelectronics.X-CUBE-MEMS1.9.6.0
2025-09-11 00:22:31,330 [WARN] PackLoader:240 - Cannot read IP mode file for STMicroelectronics.X-CUBE-BLEMGR.2.0.0
2025-09-11 00:22:31,360 [WARN] PackLoader:240 - Cannot read IP mode file for STMicroelectronics.X-CUBE-DPower.1.2.0
2025-09-11 00:22:31,372 [WARN] PackLoader:240 - Cannot read IP mode file for STMicroelectronics.X-CUBE-AI.9.0.0
2025-09-11 00:22:31,394 [WARN] ConditionMgr:438 - getConditionDescription Invalid condition id : UX DEVICE CLASS RTOS Condition cause : null
2025-09-11 00:22:31,396 [WARN] ConditionMgr:438 - getConditionDescription Invalid condition id : UX DEVICE CLASS RTOS Condition cause : null
2025-09-11 00:22:31,403 [WARN] PackLoader:240 - Cannot read IP mode file for STMicroelectronics.X-CUBE-AZRTOS-H7.3.1.0
2025-09-11 00:22:31,406 [WARN] ConditionMgr:1044 - genDependencies : Invalid condition id : UX DEVICE CLASS RTOS Condition cause : null
2025-09-11 00:22:31,406 [WARN] ConditionMgr:1044 - genDependencies : Invalid condition id : UX DEVICE CLASS RTOS Condition cause : null
2025-09-11 00:22:31,407 [WARN] ConditionMgr:1044 - genDependencies : Invalid condition id : UX DEVICE CLASS RTOS Condition cause : null
2025-09-11 00:22:31,408 [WARN] ConditionMgr:1044 - genDependencies : Invalid condition id : UX DEVICE CLASS RTOS Condition cause : null
2025-09-11 00:22:31,408 [WARN] ConditionMgr:1044 - genDependencies : Invalid condition id : UX DEVICE CLASS RTOS Condition cause : null
2025-09-11 00:22:31,419 [WARN] PackLoader:240 - Cannot read IP mode file for STMicroelectronics.X-CUBE-FREERTOS.1.3.1
2025-09-11 00:22:31,427 [WARN] PackLoader:240 - Cannot read IP mode file for STMicroelectronics.X-CUBE-FREERTOS.1.3.0
2025-09-11 00:22:31,438 [WARN] PackLoader:240 - Cannot read IP mode file for STMicroelectronics.X-CUBE-NFC7.1.0.1
2025-09-11 00:22:31,446 [WARN] PackLoader:240 - Cannot read IP mode file for STMicroelectronics.X-CUBE-NFC7.1.0.0
2025-09-11 00:22:31,464 [WARN] PackLoader:240 - Cannot read IP mode file for STMicroelectronics.X-CUBE-EEPRMA1.4.1.0
2025-09-11 00:22:31,481 [WARN] PackLoader:240 - Cannot read IP mode file for STMicroelectronics.FP-SNS-STAIOTCFT.1.0.0
2025-09-11 00:22:31,503 [WARN] PackLoader:240 - Cannot read IP mode file for STMicroelectronics.X-CUBE-DPower.1.3.0
2025-09-11 00:22:31,534 [WARN] ConditionMgr:438 - getConditionDescription Invalid condition id : LAN8742 Phy interface Condition cause : null
2025-09-11 00:22:31,537 [WARN] PackLoader:240 - Cannot read IP mode file for STMicroelectronics.X-CUBE-AZRTOS-L4.2.0.0
2025-09-11 00:22:31,540 [WARN] ConditionMgr:1044 - genDependencies : Invalid condition id : LAN8742 Phy interface Condition cause : null
2025-09-11 00:22:31,540 [WARN] ConditionMgr:1044 - genDependencies : Invalid condition id : LAN8742 Phy interface Condition cause : null
2025-09-11 00:22:31,541 [WARN] ConditionMgr:1044 - genDependencies : Invalid condition id : LAN8742 Phy interface Condition cause : null
2025-09-11 00:22:31,563 [WARN] PackLoader:240 - Cannot read IP mode file for STMicroelectronics.X-CUBE-SFXS2LP1.4.0.0
2025-09-11 00:22:31,573 [WARN] PackLoader:240 - Cannot read IP mode file for STMicroelectronics.X-CUBE-ISPU.1.1.0
2025-09-11 00:22:31,665 [WARN] PackLoader:240 - Cannot read IP mode file for STMicroelectronics.X-CUBE-AZRTOS-H7.3.3.0
2025-09-11 00:22:31,694 [WARN] PackLoader:240 - Cannot read IP mode file for STMicroelectronics.X-CUBE-BLEMGR.4.1.0
2025-09-11 00:22:31,703 [WARN] PackLoader:240 - Cannot read IP mode file for STMicroelectronics.X-CUBE-AI.8.0.0
2025-09-11 00:22:31,713 [WARN] PackLoader:240 - Cannot read IP mode file for STMicroelectronics.X-CUBE-IPS.3.0.0
2025-09-11 00:22:31,730 [WARN] ConditionMgr:438 - getConditionDescription Invalid condition id : UX DEVICE CLASS RTOS Condition cause : null
2025-09-11 00:22:31,730 [WARN] ConditionMgr:438 - getConditionDescription Invalid condition id : UX DEVICE CLASS RTOS Condition cause : null
2025-09-11 00:22:31,735 [WARN] PackLoader:240 - Cannot read IP mode file for STMicroelectronics.X-CUBE-AZRTOS-WB.2.0.0
2025-09-11 00:22:31,736 [WARN] ConditionMgr:1044 - genDependencies : Invalid condition id : UX DEVICE CLASS RTOS Condition cause : null
2025-09-11 00:22:31,736 [WARN] ConditionMgr:1044 - genDependencies : Invalid condition id : UX DEVICE CLASS RTOS Condition cause : null
2025-09-11 00:22:31,737 [WARN] ConditionMgr:1044 - genDependencies : Invalid condition id : UX DEVICE CLASS RTOS Condition cause : null
2025-09-11 00:22:31,738 [WARN] ConditionMgr:1044 - genDependencies : Invalid condition id : UX DEVICE CLASS RTOS Condition cause : null
2025-09-11 00:22:31,738 [WARN] ConditionMgr:1044 - genDependencies : Invalid condition id : UX DEVICE CLASS RTOS Condition cause : null
2025-09-11 00:22:31,743 [WARN] PackLoader:240 - Cannot read IP mode file for STMicroelectronics.X-CUBE-FREERTOS.1.0.1
2025-09-11 00:22:31,750 [WARN] PackLoader:240 - Cannot read IP mode file for STMicroelectronics.X-CUBE-GNSS1.7.0.0
2025-09-11 00:22:31,760 [WARN] PackLoader:240 - Cannot read IP mode file for STMicroelectronics.X-CUBE-GNSS1.7.0.1
2025-09-11 00:22:31,763 [WARN] PackLoader:240 - Cannot read IP mode file for STMicroelectronics.X-CUBE-TOUCHGFX.4.25.0
2025-09-11 00:22:31,770 [WARN] PackLoader:240 - Cannot read IP mode file for STMicroelectronics.FP-SNS-STBOX1.2.0.0
2025-09-11 00:22:31,788 [WARN] PackLoader:240 - Cannot read IP mode file for STMicroelectronics.X-CUBE-AZRTOS-L5.1.1.0
2025-09-11 00:22:31,796 [WARN] PackLoader:240 - Cannot read IP mode file for STMicroelectronics.X-CUBE-AI.8.0.1
2025-09-11 00:22:31,809 [WARN] PackLoader:240 - Cannot read IP mode file for STMicroelectronics.X-CUBE-SUBG2.5.0.0
2025-09-11 00:22:31,838 [WARN] PackLoader:240 - Cannot read IP mode file for STMicroelectronics.X-CUBE-AZRTOS-H7RS.1.1.0
2025-09-11 00:22:31,852 [WARN] PackLoader:240 - Cannot read IP mode file for Cesanta.I-CUBE-Mongoose.7.13.0
2025-09-11 00:22:31,867 [WARN] PackLoader:240 - Cannot read IP mode file for STMicroelectronics.X-CUBE-TOF1.3.3.0
2025-09-11 00:22:31,875 [WARN] PackLoader:240 - Cannot read IP mode file for STMicroelectronics.FP-ATR-ASTRA1.1.1.1
2025-09-11 00:22:31,879 [WARN] PackLoader:240 - Cannot read IP mode file for STMicroelectronics.X-CUBE-NFC7.2.0.0
2025-09-11 00:22:31,893 [WARN] PackLoader:240 - Cannot read IP mode file for STMicroelectronics.X-CUBE-AZRTOS-G4.1.0.0
2025-09-11 00:22:31,914 [WARN] PackLoader:240 - Cannot read IP mode file for STMicroelectronics.X-CUBE-AZRTOS-L4.1.0.0
2025-09-11 00:22:31,929 [WARN] PackLoader:240 - Cannot read IP mode file for STMicroelectronics.X-CUBE-IPS.3.1.0
2025-09-11 00:22:32,000 [WARN] PackLoader:240 - Cannot read IP mode file for STMicroelectronics.X-CUBE-MEMS1.10.0.0
2025-09-11 00:22:32,079 [WARN] PackLoader:240 - Cannot read IP mode file for STMicroelectronics.X-CUBE-TOUCHGFX.4.24.2
2025-09-11 00:22:32,086 [WARN] PackLoader:240 - Cannot read IP mode file for STMicroelectronics.X-CUBE-TOUCHGFX.4.24.1
2025-09-11 00:22:32,102 [WARN] PackLoader:240 - Cannot read IP mode file for STMicroelectronics.X-CUBE-STSE01.1.0.0
2025-09-11 00:22:32,109 [WARN] PackLoader:240 - Cannot read IP mode file for wolfSSL.I-CUBE-wolfTPM.3.4.0
2025-09-11 00:22:32,116 [WARN] PackLoader:240 - Cannot read IP mode file for portGmbH.I-Cube-SoM-uGOAL.1.1.0
2025-09-11 00:22:32,120 [WARN] PackLoader:240 - Cannot read IP mode file for STMicroelectronics.X-CUBE-ALS.1.0.1
2025-09-11 00:22:32,136 [WARN] PackLoader:240 - Cannot read IP mode file for STMicroelectronics.X-CUBE-AZRTOS-WB.1.1.0
2025-09-11 00:22:32,164 [WARN] PackLoader:240 - Cannot read IP mode file for STMicroelectronics.X-CUBE-AZRTOS-H7RS.1.0.0
2025-09-11 00:22:32,173 [WARN] PackLoader:240 - Cannot read IP mode file for STMicroelectronics.FP-ATR-ASTRA1.2.0.0
2025-09-11 00:22:32,190 [WARN] PackLoader:240 - Cannot read IP mode file for STMicroelectronics.X-CUBE-TOF1.3.4.2
2025-09-11 00:22:32,212 [WARN] PackLoader:240 - Cannot read IP mode file for STMicroelectronics.X-CUBE-TOF1.3.4.3
2025-09-11 00:22:32,249 [WARN] PackLoader:240 - Cannot read IP mode file for Infineon.AIROC-Wi-Fi-Bluetooth-STM32.1.6.1
2025-09-11 00:22:32,256 [WARN] PackLoader:240 - Cannot read IP mode file for wolfSSL.I-CUBE-wolfSSH.1.4.17
2025-09-11 00:22:32,259 [INFO] ThirdParty:978 - Integrity check success = true
2025-09-11 00:22:32,260 [INFO] IntegrityCheckThread:100 - exiting critical section [integrity check]
2025-09-11 00:22:32,260 [INFO] IntegrityCheckThread:103 - End integrity checks thread
