2025-04-16 00:05:42,702 [INFO] WebApp:194 - Connection lost
2025-04-16 00:05:45,939 [INFO] WebApp:191 - Connection restablished
2025-04-16 00:10:09,537 [INFO] WebApp:194 - Connection lost
2025-04-16 00:10:10,784 [INFO] WebApp:191 - Connection restablished
2025-04-16 00:10:11,543 [INFO] WebApp:194 - Connection lost
2025-04-16 00:10:11,669 [INFO] WebApp:191 - Connection restablished
2025-04-16 00:49:15,436 [INFO] WebApp:194 - Connection lost
2025-04-16 00:49:15,746 [INFO] WebApp:191 - Connection restablished
2025-04-16 01:52:27,856 [INFO] WebApp:194 - Connection lost
2025-04-16 01:52:28,593 [INFO] WebApp:191 - Connection restablished
2025-04-16 02:12:32,826 [INFO] WebApp:194 - Connection lost
2025-04-16 02:12:33,130 [INFO] WebApp:191 - Connection restablished
2025-04-16 02:30:12,630 [INFO] WebApp:194 - Connection lost
2025-04-16 02:30:12,863 [INFO] WebApp:191 - Connection restablished
2025-04-16 02:48:07,421 [INFO] WebApp:194 - Connection lost
2025-04-16 02:48:07,692 [INFO] WebApp:191 - Connection restablished
2025-04-16 02:48:10,209 [INFO] WebApp:194 - Connection lost
2025-04-16 02:48:10,454 [INFO] WebApp:191 - Connection restablished
2025-04-16 03:04:53,559 [INFO] WebApp:194 - Connection lost
2025-04-16 03:04:53,812 [INFO] WebApp:191 - Connection restablished
2025-04-16 03:21:03,326 [INFO] WebApp:194 - Connection lost
2025-04-16 03:21:03,624 [INFO] WebApp:191 - Connection restablished
2025-04-16 03:37:36,243 [INFO] WebApp:194 - Connection lost
2025-04-16 03:37:36,581 [INFO] WebApp:191 - Connection restablished
2025-04-16 03:37:42,427 [INFO] WebApp:194 - Connection lost
2025-04-16 03:37:42,636 [INFO] WebApp:191 - Connection restablished
2025-04-16 03:53:42,212 [INFO] WebApp:194 - Connection lost
2025-04-16 03:53:42,611 [INFO] WebApp:191 - Connection restablished
2025-04-16 03:56:12,335 [INFO] WebApp:194 - Connection lost
2025-04-16 03:56:13,839 [INFO] WebApp:191 - Connection restablished
2025-04-16 04:13:18,419 [INFO] WebApp:194 - Connection lost
2025-04-16 04:13:18,724 [INFO] WebApp:191 - Connection restablished
2025-04-16 04:30:16,395 [INFO] WebApp:194 - Connection lost
2025-04-16 04:30:16,659 [INFO] WebApp:191 - Connection restablished
2025-04-16 04:45:28,250 [INFO] WebApp:194 - Connection lost
2025-04-16 04:45:28,499 [INFO] WebApp:191 - Connection restablished
2025-04-16 04:57:13,334 [INFO] WebApp:194 - Connection lost
2025-04-16 04:57:13,612 [INFO] WebApp:191 - Connection restablished
2025-04-16 05:15:13,999 [INFO] WebApp:194 - Connection lost
2025-04-16 05:15:14,311 [INFO] WebApp:191 - Connection restablished
2025-04-16 05:32:55,382 [INFO] WebApp:194 - Connection lost
2025-04-16 05:48:24,683 [INFO] WebApp:191 - Connection restablished
2025-04-16 05:58:14,197 [INFO] WebApp:194 - Connection lost
2025-04-16 05:58:14,533 [INFO] WebApp:191 - Connection restablished
2025-04-16 06:15:31,141 [INFO] WebApp:194 - Connection lost
2025-04-16 06:15:34,299 [INFO] WebApp:191 - Connection restablished
2025-04-16 06:32:08,087 [INFO] WebApp:194 - Connection lost
2025-04-16 06:32:08,378 [INFO] WebApp:191 - Connection restablished
2025-04-16 06:49:50,875 [INFO] WebApp:194 - Connection lost
2025-04-16 06:49:51,170 [INFO] WebApp:191 - Connection restablished
2025-04-16 06:59:15,075 [INFO] WebApp:194 - Connection lost
2025-04-16 06:59:15,344 [INFO] WebApp:191 - Connection restablished
2025-04-16 07:17:09,882 [INFO] WebApp:194 - Connection lost
2025-04-16 07:17:10,161 [INFO] WebApp:191 - Connection restablished
2025-04-16 07:17:15,909 [INFO] WebApp:194 - Connection lost
2025-04-16 07:17:16,163 [INFO] WebApp:191 - Connection restablished
2025-04-16 07:33:05,828 [INFO] WebApp:194 - Connection lost
2025-04-16 07:33:06,086 [INFO] WebApp:191 - Connection restablished
2025-04-16 07:49:49,849 [INFO] WebApp:194 - Connection lost
2025-04-16 07:49:50,114 [INFO] WebApp:191 - Connection restablished
2025-04-16 08:00:14,808 [INFO] WebApp:194 - Connection lost
2025-04-16 08:00:15,048 [INFO] WebApp:191 - Connection restablished
2025-04-16 08:18:11,014 [INFO] WebApp:194 - Connection lost
2025-04-16 08:18:11,360 [INFO] WebApp:191 - Connection restablished
2025-04-16 08:34:00,126 [INFO] WebApp:194 - Connection lost
2025-04-16 08:50:02,607 [INFO] WebApp:191 - Connection restablished
2025-04-16 09:01:14,875 [INFO] WebApp:194 - Connection lost
2025-04-16 09:01:15,207 [INFO] WebApp:191 - Connection restablished
2025-04-16 09:17:29,770 [INFO] WebApp:194 - Connection lost
2025-04-16 09:17:30,093 [INFO] WebApp:191 - Connection restablished
2025-04-16 09:34:55,572 [INFO] WebApp:194 - Connection lost
2025-04-16 09:34:55,880 [INFO] WebApp:191 - Connection restablished
2025-04-16 09:50:24,611 [INFO] WebApp:194 - Connection lost
2025-04-16 09:50:24,870 [INFO] WebApp:191 - Connection restablished
2025-04-16 10:01:46,122 [INFO] WebApp:194 - Connection lost
2025-04-16 10:01:46,353 [INFO] WebApp:191 - Connection restablished
2025-04-16 10:02:09,474 [INFO] WebApp:194 - Connection lost
2025-04-16 10:02:09,785 [INFO] WebApp:191 - Connection restablished
2025-04-16 11:04:56,134 [INFO] WebApp:194 - Connection lost
2025-04-16 11:04:56,608 [INFO] WebApp:191 - Connection restablished
2025-04-16 11:06:33,955 [INFO] WebApp:194 - Connection lost
2025-04-16 11:06:34,554 [INFO] WebApp:191 - Connection restablished
2025-04-16 11:06:57,498 [INFO] WebApp:194 - Connection lost
2025-04-16 11:06:57,813 [INFO] WebApp:191 - Connection restablished
2025-04-16 11:44:50,421 [INFO] WebApp:194 - Connection lost
2025-04-16 11:44:50,788 [INFO] WebApp:191 - Connection restablished
2025-04-16 11:52:08,600 [INFO] WebApp:194 - Connection lost
2025-04-16 11:52:08,880 [INFO] WebApp:191 - Connection restablished
2025-04-16 22:36:42,899 [INFO] Activator:176 - 


2025-04-16 22:36:42,903 [INFO] Activator:177 - !SESSION log4j initialized
2025-04-16 22:36:51,163 [INFO] LogOutputStream:77 - [STDOUT_REDIRECT] 
2025-04-16 22:36:55,230 [ERROR] LogOutputStream:75 - [STDERR_REDIRECT] 
2025-04-16 22:36:58,878 [INFO] LogOutputStream:77 - [STDOUT_REDIRECT] 
2025-04-16 22:37:00,110 [INFO] ApplicationProperties:184 - Using Application install path: /Applications/STM32CubeIDE.app/Contents/Eclipse/plugins/com.st.stm32cube.common.mx_6.14.0.202502271554
2025-04-16 22:37:00,142 [INFO] DbMcusXml:78 - Set database path to: /Applications/STM32CubeIDE.app/Contents/Eclipse/plugins/com.st.stm32cube.common.mx_6.14.0.202502271554//db//mcu/
2025-04-16 22:37:00,143 [INFO] ApiDb:274 - Set plugin database path to: /Applications/STM32CubeIDE.app/Contents/Eclipse/plugins/com.st.stm32cube.common.mx_6.14.0.202502271554//db//plugins/boardmanager/
2025-04-16 22:37:00,144 [WARN] ApiDb:259 - Overriding images path with different value:  => /Applications/STM32CubeIDE.app/Contents/Eclipse/plugins/com.st.stm32cube.common.mx_6.14.0.202502271554//db//plugins/mcufinder/images/
2025-04-16 22:37:00,157 [INFO] ApiDb:250 - Set database path to: /Users/sanjaybendale/.stmcufinder/plugins/mcufinder//mcu/
2025-04-16 22:37:00,158 [INFO] DbMcusAds:125 - Set database path to: /Users/sanjaybendale/.stmcufinder/plugins/mcufinder//mcu/
2025-04-16 22:37:00,161 [INFO] CrossReferenceDbSqlite:203 - Set database path to: /Users/sanjaybendale/.stmcufinder/plugins/mcufinder//mcu/cs/
2025-04-16 22:37:00,414 [INFO] RulesReader:64 - Compatibility file has been processed (301 Rules)
2025-04-16 22:37:00,528 [INFO] DbMcusXml:78 - Set database path to: /Applications/STM32CubeIDE.app/Contents/Eclipse/plugins/com.st.stm32cube.common.mx_6.14.0.202502271554//db//mcu/
2025-04-16 22:37:00,528 [INFO] ApiDb:274 - Set plugin database path to: /Applications/STM32CubeIDE.app/Contents/Eclipse/plugins/com.st.stm32cube.common.mx_6.14.0.202502271554//db//plugins/boardmanager/
2025-04-16 22:37:00,529 [INFO] ApiDb:261 - Set plugin images path to: /Applications/STM32CubeIDE.app/Contents/Eclipse/plugins/com.st.stm32cube.common.mx_6.14.0.202502271554//db//plugins/mcufinder/images/
2025-04-16 22:37:00,529 [WARN] DbFile:41 - Overriding database path with different value: /Users/sanjaybendale/.stmcufinder/plugins/mcufinder/ => /Users/sanjaybendale/.stmcufinder/plugins/mcufinder
2025-04-16 22:37:00,529 [INFO] ApiDb:250 - Set database path to: /Users/sanjaybendale/.stmcufinder/plugins/mcufinder//mcu/
2025-04-16 22:37:00,529 [WARN] DbFile:41 - Overriding database path with different value: /Users/sanjaybendale/.stmcufinder/plugins/mcufinder/ => /Users/sanjaybendale/.stmcufinder/plugins/mcufinder
2025-04-16 22:37:00,530 [INFO] DbMcusAds:125 - Set database path to: /Users/sanjaybendale/.stmcufinder/plugins/mcufinder//mcu/
2025-04-16 22:37:00,530 [WARN] DbFile:41 - Overriding database path with different value: /Users/sanjaybendale/.stmcufinder/plugins/mcufinder/ => /Users/sanjaybendale/.stmcufinder/plugins/mcufinder
2025-04-16 22:37:00,530 [WARN] DbFile:41 - Overriding database path with different value: /Users/sanjaybendale/.stmcufinder/plugins/mcufinder/ => /Users/sanjaybendale/.stmcufinder/plugins/mcufinder
2025-04-16 22:37:00,530 [INFO] CrossReferenceDbSqlite:203 - Set database path to: /Users/sanjaybendale/.stmcufinder/plugins/mcufinder//mcu/cs/
2025-04-16 22:37:00,645 [INFO] MainPanel:272 - HeapMemory: 268435456
2025-04-16 22:37:01,284 [INFO] DbMcusXml:78 - Set database path to: /Applications/STM32CubeIDE.app/Contents/Eclipse/plugins/com.st.stm32cube.common.mx_6.14.0.202502271554//db//mcu/
2025-04-16 22:37:01,285 [INFO] ApiDb:274 - Set plugin database path to: /Applications/STM32CubeIDE.app/Contents/Eclipse/plugins/com.st.stm32cube.common.mx_6.14.0.202502271554//db//plugins/boardmanager/
2025-04-16 22:37:01,285 [INFO] ApiDb:261 - Set plugin images path to: /Applications/STM32CubeIDE.app/Contents/Eclipse/plugins/com.st.stm32cube.common.mx_6.14.0.202502271554//db//plugins/mcufinder/images/
2025-04-16 22:37:01,285 [WARN] DbFile:41 - Overriding database path with different value: /Users/sanjaybendale/.stmcufinder/plugins/mcufinder/ => /Users/sanjaybendale/.stmcufinder/plugins/mcufinder
2025-04-16 22:37:01,285 [INFO] ApiDb:250 - Set database path to: /Users/sanjaybendale/.stmcufinder/plugins/mcufinder//mcu/
2025-04-16 22:37:01,285 [WARN] DbFile:41 - Overriding database path with different value: /Users/sanjaybendale/.stmcufinder/plugins/mcufinder/ => /Users/sanjaybendale/.stmcufinder/plugins/mcufinder
2025-04-16 22:37:01,285 [INFO] DbMcusAds:125 - Set database path to: /Users/sanjaybendale/.stmcufinder/plugins/mcufinder//mcu/
2025-04-16 22:37:01,286 [WARN] DbFile:41 - Overriding database path with different value: /Users/sanjaybendale/.stmcufinder/plugins/mcufinder/ => /Users/sanjaybendale/.stmcufinder/plugins/mcufinder
2025-04-16 22:37:01,286 [WARN] DbFile:41 - Overriding database path with different value: /Users/sanjaybendale/.stmcufinder/plugins/mcufinder/ => /Users/sanjaybendale/.stmcufinder/plugins/mcufinder
2025-04-16 22:37:01,286 [INFO] CrossReferenceDbSqlite:203 - Set database path to: /Users/sanjaybendale/.stmcufinder/plugins/mcufinder//mcu/cs/
2025-04-16 22:37:01,314 [INFO] ApplicationProperties:184 - Using Application install path: /Applications/STM32CubeIDE.app/Contents/Eclipse/plugins/com.st.stm32cube.common.mx_6.14.0.202502271554
2025-04-16 22:37:01,316 [INFO] PluginManage:196 - Search for loadable plugins [exclusion list=, ]
2025-04-16 22:37:01,317 [INFO] PluginManage:310 - Check plugin analytics
2025-04-16 22:37:01,613 [INFO] AnalyticsPlugin:253 - Accepted Software Licenses: 
2025-04-16 22:37:01,613 [INFO] AnalyticsPlugin:255 - Accepted CMSIS Pack Licenses: 
2025-04-16 22:37:01,613 [INFO] AnalyticsPlugin:257 - Accepted Firmware Licenses: FW.H7.1.12.0
2025-04-16 22:37:01,619 [INFO] PluginManage:359 - Loaded plugin analytics (category:tool,tabindex:-1)
2025-04-16 22:37:01,621 [INFO] PluginManage:310 - Check plugin cadmodel
2025-04-16 22:37:01,639 [INFO] CADModel:105 - Init CAD model plugin
2025-04-16 22:37:01,639 [INFO] PluginManage:359 - Loaded plugin cadmodel (category:power,tabindex:5)
2025-04-16 22:37:01,640 [INFO] PluginManage:310 - Check plugin clock
2025-04-16 22:37:01,665 [INFO] PluginManage:359 - Loaded plugin clock (category:base,tabindex:2)
2025-04-16 22:37:01,665 [INFO] PluginManage:310 - Check plugin ddr
2025-04-16 22:37:01,671 [INFO] PluginManage:359 - Loaded plugin ddr (category:tool,tabindex:6)
2025-04-16 22:37:01,671 [INFO] PluginManage:310 - Check plugin filemanager
2025-04-16 22:37:01,899 [INFO] PluginManage:359 - Loaded plugin filemanager (category:base,tabindex:10)
2025-04-16 22:37:01,899 [INFO] PluginManage:310 - Check plugin ipmanager
2025-04-16 22:37:01,913 [INFO] PluginManage:359 - Loaded plugin ipmanager (category:base,tabindex:5)
2025-04-16 22:37:01,913 [INFO] PluginManage:310 - Check plugin lpbam
2025-04-16 22:37:01,930 [INFO] PluginManage:359 - Loaded plugin lpbam (category:base,tabindex:0)
2025-04-16 22:37:01,930 [INFO] PluginManage:310 - Check plugin memorymap
2025-04-16 22:37:01,954 [INFO] PluginManage:359 - Loaded plugin memorymap (category:base,tabindex:4)
2025-04-16 22:37:01,954 [INFO] PluginManage:310 - Check plugin pinoutandconfiguration
2025-04-16 22:37:01,970 [INFO] PluginManage:359 - Loaded plugin pinoutandconfiguration (category:base,tabindex:1)
2025-04-16 22:37:01,970 [INFO] PluginManage:310 - Check plugin pinoutconfig
2025-04-16 22:37:02,089 [WARN] SupportedApi:132 - Cannot load RTOS API schema: s4s-elt-must-match.1: The content of 'definitions' must match (annotation?, (simpleType | complexType)?, (unique | key | keyref)*)). A problem was found starting at: attribute.
2025-04-16 22:37:02,311 [INFO] PluginManage:359 - Loaded plugin pinoutconfig (category:base,tabindex:0)
2025-04-16 22:37:02,311 [INFO] PluginManage:310 - Check plugin power
2025-04-16 22:37:02,335 [INFO] PluginManage:359 - Loaded plugin power (category:power,tabindex:4)
2025-04-16 22:37:02,336 [INFO] PluginManage:310 - Check plugin projectmanager
2025-04-16 22:37:02,372 [INFO] PluginManage:359 - Loaded plugin projectmanager (category:projectmanager,tabindex:4)
2025-04-16 22:37:02,372 [INFO] PluginManage:310 - Check plugin rif
2025-04-16 22:37:02,387 [INFO] PluginManage:359 - Loaded plugin rif (category:base,tabindex:3)
2025-04-16 22:37:02,388 [INFO] PluginManage:310 - Check plugin thirdparty
2025-04-16 22:37:02,620 [INFO] PluginManage:359 - Loaded plugin thirdparty (category:base,tabindex:-1)
2025-04-16 22:37:02,620 [INFO] PluginManage:310 - Check plugin tools
2025-04-16 22:37:02,620 [WARN] IntegrityCheckThread:84 - waiting for thirdparty lock release [integrity check]
2025-04-16 22:37:02,621 [INFO] IntegrityCheckThread:86 - entering critical section [integrity check]
2025-04-16 22:37:02,621 [INFO] ThirdPartyUpdaterWithRetryManager:70 - Updater plugin not ready yet. [1/15]
2025-04-16 22:37:02,624 [INFO] PluginManage:359 - Loaded plugin tools (category:base,tabindex:7)
2025-04-16 22:37:02,624 [INFO] PluginManage:310 - Check plugin tutovideos
2025-04-16 22:37:02,848 [INFO] PluginManage:359 - Loaded plugin tutovideos (category:base,tabindex:-1)
2025-04-16 22:37:02,848 [INFO] PluginManage:310 - Check plugin updater
2025-04-16 22:37:02,889 [INFO] PluginManage:359 - Loaded plugin updater (category:base,tabindex:12)
2025-04-16 22:37:02,889 [INFO] PluginManage:310 - Check plugin userauth
2025-04-16 22:37:02,898 [INFO] UserAuth:118 - Init User Auth plugin
2025-04-16 22:37:02,899 [INFO] PluginManage:359 - Loaded plugin userauth (category:base,tabindex:14)
2025-04-16 22:37:02,901 [INFO] PluginManage:283 - PluginManage : Loaded plugins [18]
2025-04-16 22:37:03,216 [INFO] PinOutPanel:1589 - setPackage(No Configuration,No Configuration)
2025-04-16 22:37:03,335 [INFO] CADModel:165 - CPN selected for project level
2025-04-16 22:37:03,336 [INFO] CADModel:114 - Register for checkConnection events
2025-04-16 22:37:03,359 [INFO] IPUIPlugin:80 - create IPUIPlugin
2025-04-16 22:37:03,359 [INFO] PluginManager:220 - loadIPPluginJar : add mdma
2025-04-16 22:37:03,372 [INFO] IPUIPlugin:80 - create IPUIPlugin
2025-04-16 22:37:03,372 [INFO] PluginManager:220 - loadIPPluginJar : add freertos
2025-04-16 22:37:03,379 [INFO] IPUIPlugin:80 - create IPUIPlugin
2025-04-16 22:37:03,379 [INFO] PluginManager:220 - loadIPPluginJar : add gic
2025-04-16 22:37:03,399 [INFO] IPUIPlugin:80 - create IPUIPlugin
2025-04-16 22:37:03,399 [INFO] PluginManager:220 - loadIPPluginJar : add adc
2025-04-16 22:37:03,403 [INFO] IPUIPlugin:80 - create IPUIPlugin
2025-04-16 22:37:03,403 [INFO] PluginManager:220 - loadIPPluginJar : add gtzc
2025-04-16 22:37:03,404 [INFO] IPUIPlugin:80 - create IPUIPlugin
2025-04-16 22:37:03,405 [INFO] PluginManager:220 - loadIPPluginJar : add quadspi
2025-04-16 22:37:03,407 [INFO] IPUIPlugin:80 - create IPUIPlugin
2025-04-16 22:37:03,407 [INFO] PluginManager:220 - loadIPPluginJar : add aes
2025-04-16 22:37:03,412 [INFO] IPUIPlugin:80 - create IPUIPlugin
2025-04-16 22:37:03,413 [INFO] PluginManager:220 - loadIPPluginJar : add pdm2pcm
2025-04-16 22:37:03,414 [INFO] IPUIPlugin:80 - create IPUIPlugin
2025-04-16 22:37:03,414 [INFO] PluginManager:220 - loadIPPluginJar : add hash
2025-04-16 22:37:03,416 [INFO] IPUIPlugin:80 - create IPUIPlugin
2025-04-16 22:37:03,416 [INFO] PluginManager:220 - loadIPPluginJar : add tim
2025-04-16 22:37:03,417 [INFO] IPUIPlugin:80 - create IPUIPlugin
2025-04-16 22:37:03,418 [INFO] PluginManager:220 - loadIPPluginJar : add tsc
2025-04-16 22:37:03,422 [INFO] IPUIPlugin:80 - create IPUIPlugin
2025-04-16 22:37:03,423 [INFO] PluginManager:220 - loadIPPluginJar : add extmemmanager
2025-04-16 22:37:03,425 [INFO] IPUIPlugin:80 - create IPUIPlugin
2025-04-16 22:37:03,425 [INFO] PluginManager:220 - loadIPPluginJar : add ts
2025-04-16 22:37:03,427 [INFO] IPUIPlugin:80 - create IPUIPlugin
2025-04-16 22:37:03,427 [INFO] PluginManager:220 - loadIPPluginJar : add radio
2025-04-16 22:37:03,431 [INFO] IPUIPlugin:80 - create IPUIPlugin
2025-04-16 22:37:03,431 [INFO] PluginManager:220 - loadIPPluginJar : add can
2025-04-16 22:37:03,433 [INFO] IPUIPlugin:80 - create IPUIPlugin
2025-04-16 22:37:03,434 [INFO] PluginManager:220 - loadIPPluginJar : add dma3
2025-04-16 22:37:03,435 [INFO] IPUIPlugin:80 - create IPUIPlugin
2025-04-16 22:37:03,435 [INFO] PluginManager:220 - loadIPPluginJar : add dfsdm
2025-04-16 22:37:03,438 [INFO] IPUIPlugin:80 - create IPUIPlugin
2025-04-16 22:37:03,438 [INFO] PluginManager:220 - loadIPPluginJar : add spi
2025-04-16 22:37:03,444 [INFO] IPUIPlugin:80 - create IPUIPlugin
2025-04-16 22:37:03,445 [INFO] PluginManager:220 - loadIPPluginJar : add gfxmmu
2025-04-16 22:37:03,448 [INFO] IPUIPlugin:80 - create IPUIPlugin
2025-04-16 22:37:03,448 [INFO] PluginManager:220 - loadIPPluginJar : add genericplugin
2025-04-16 22:37:03,451 [INFO] IPUIPlugin:80 - create IPUIPlugin
2025-04-16 22:37:03,451 [INFO] PluginManager:220 - loadIPPluginJar : add cryp
2025-04-16 22:37:03,462 [INFO] IPUIPlugin:80 - create IPUIPlugin
2025-04-16 22:37:03,463 [INFO] PluginManager:220 - loadIPPluginJar : add gpio
2025-04-16 22:37:03,471 [INFO] IPUIPlugin:80 - create IPUIPlugin
2025-04-16 22:37:03,471 [INFO] PluginManager:220 - loadIPPluginJar : add ddr_ctrl_phy
2025-04-16 22:37:03,473 [INFO] IPUIPlugin:80 - create IPUIPlugin
2025-04-16 22:37:03,474 [INFO] PluginManager:220 - loadIPPluginJar : add comp
2025-04-16 22:37:03,476 [INFO] IPUIPlugin:80 - create IPUIPlugin
2025-04-16 22:37:03,477 [INFO] PluginManager:220 - loadIPPluginJar : add tracer_emb
2025-04-16 22:37:03,480 [INFO] IPUIPlugin:80 - create IPUIPlugin
2025-04-16 22:37:03,480 [INFO] PluginManager:220 - loadIPPluginJar : add openamp
2025-04-16 22:37:03,488 [INFO] IPUIPlugin:80 - create IPUIPlugin
2025-04-16 22:37:03,488 [INFO] PluginManager:220 - loadIPPluginJar : add stm32_wpan
2025-04-16 22:37:03,497 [INFO] IPUIPlugin:80 - create IPUIPlugin
2025-04-16 22:37:03,501 [INFO] PluginManager:220 - loadIPPluginJar : add plateformsettings
2025-04-16 22:37:03,507 [INFO] IPUIPlugin:80 - create IPUIPlugin
2025-04-16 22:37:03,507 [INFO] PluginManager:220 - loadIPPluginJar : add ipddr
2025-04-16 22:37:03,511 [INFO] IPUIPlugin:80 - create IPUIPlugin
2025-04-16 22:37:03,511 [INFO] PluginManager:220 - loadIPPluginJar : add usart
2025-04-16 22:37:03,513 [INFO] IPUIPlugin:80 - create IPUIPlugin
2025-04-16 22:37:03,514 [INFO] PluginManager:220 - loadIPPluginJar : add ltdc
2025-04-16 22:37:03,520 [INFO] IPUIPlugin:80 - create IPUIPlugin
2025-04-16 22:37:03,520 [INFO] PluginManager:220 - loadIPPluginJar : add nvic
2025-04-16 22:37:03,521 [INFO] IPUIPlugin:80 - create IPUIPlugin
2025-04-16 22:37:03,521 [INFO] PluginManager:220 - loadIPPluginJar : add fatfs
2025-04-16 22:37:03,535 [INFO] IPUIPlugin:80 - create IPUIPlugin
2025-04-16 22:37:03,535 [INFO] PluginManager:220 - loadIPPluginJar : add linkedlist
2025-04-16 22:37:03,543 [INFO] IPUIPlugin:80 - create IPUIPlugin
2025-04-16 22:37:03,543 [INFO] PluginManager:220 - loadIPPluginJar : add dma
2025-04-16 22:37:03,548 [INFO] IPUIPlugin:80 - create IPUIPlugin
2025-04-16 22:37:03,548 [INFO] PluginManager:220 - loadIPPluginJar : add fmc
2025-04-16 22:37:03,550 [INFO] IPUIPlugin:80 - create IPUIPlugin
2025-04-16 22:37:03,550 [INFO] PluginManager:220 - loadIPPluginJar : add i2s
2025-04-16 22:37:03,552 [INFO] IPUIPlugin:80 - create IPUIPlugin
2025-04-16 22:37:03,552 [INFO] PluginManager:220 - loadIPPluginJar : add ucpd
2025-04-16 22:37:03,554 [INFO] IPUIPlugin:80 - create IPUIPlugin
2025-04-16 22:37:03,554 [INFO] PluginManager:220 - loadIPPluginJar : add lorawan
2025-04-16 22:37:03,556 [INFO] IPUIPlugin:80 - create IPUIPlugin
2025-04-16 22:37:03,556 [INFO] PluginManager:220 - loadIPPluginJar : add opamp
2025-04-16 22:37:03,559 [INFO] IPUIPlugin:80 - create IPUIPlugin
2025-04-16 22:37:03,559 [INFO] PluginManager:220 - loadIPPluginJar : add i3c
2025-04-16 22:37:03,563 [INFO] IPUIPlugin:80 - create IPUIPlugin
2025-04-16 22:37:03,563 [INFO] PluginManager:220 - loadIPPluginJar : add touchsensing
2025-04-16 22:37:03,566 [INFO] IPUIPlugin:80 - create IPUIPlugin
2025-04-16 22:37:03,566 [INFO] PluginManager:220 - loadIPPluginJar : add i2c
2025-04-16 22:37:03,571 [INFO] IPUIPlugin:80 - create IPUIPlugin
2025-04-16 22:37:03,571 [INFO] PluginManager:220 - loadIPPluginJar : add resmgrutility
2025-04-16 22:37:03,576 [INFO] IPUIPlugin:80 - create IPUIPlugin
2025-04-16 22:37:03,576 [INFO] PluginManager:220 - loadIPPluginJar : add sai
2025-04-16 22:37:03,580 [INFO] IPUIPlugin:80 - create IPUIPlugin
2025-04-16 22:37:03,581 [INFO] PluginManager:220 - loadIPPluginJar : add usbx
2025-04-16 22:37:03,703 [FATAL] Updater:351 - Updater called before beeing initialized
2025-04-16 22:37:03,758 [INFO] RulesReader:64 - Compatibility file has been processed (301 Rules)
2025-04-16 22:37:03,779 [INFO] RulesReader:64 - Compatibility file has been processed (301 Rules)
2025-04-16 22:37:03,796 [INFO] CADModel:165 - CPN selected for project level
2025-04-16 22:37:03,796 [INFO] CADModel:114 - Register for checkConnection events
2025-04-16 22:37:03,796 [FATAL] Updater:351 - Updater called before beeing initialized
2025-04-16 22:37:03,796 [ERROR] CADModel:125 - Updater not yet initialized, retry later 
2025-04-16 22:37:04,120 [FATAL] Updater:351 - Updater called before beeing initialized
2025-04-16 22:37:04,123 [INFO] CADModel:165 - CPN selected for project level
2025-04-16 22:37:04,131 [INFO] CADModel:114 - Register for checkConnection events
2025-04-16 22:37:04,131 [FATAL] Updater:351 - Updater called before beeing initialized
2025-04-16 22:37:04,131 [ERROR] CADModel:125 - Updater not yet initialized, retry later 
2025-04-16 22:37:04,135 [FATAL] Updater:351 - Updater called before beeing initialized
2025-04-16 22:37:04,400 [FATAL] Updater:351 - Updater called before beeing initialized
2025-04-16 22:37:04,407 [INFO] DbMcusAds:53 - JSON generation date=Thu Mar 06 09:54:22 EST 2025 (1741272862078)
2025-04-16 22:37:04,408 [FATAL] Updater:351 - Updater called before beeing initialized
2025-04-16 22:37:05,027 [WARN] DetailPanel:346 - Failed to get advertising image, set to default
2025-04-16 22:37:05,321 [FATAL] Updater:351 - Updater called before beeing initialized
2025-04-16 22:37:05,329 [FATAL] Updater:351 - Updater called before beeing initialized
2025-04-16 22:37:05,330 [FATAL] Updater:351 - Updater called before beeing initialized
2025-04-16 22:37:05,330 [WARN] DetailPanel:346 - Failed to get advertising image, set to default
2025-04-16 22:37:05,336 [FATAL] Updater:351 - Updater called before beeing initialized
2025-04-16 22:37:05,417 [ERROR] Updater:1198 - MainUpdater not yet initialized. External WinMGr cannot be set.
2025-04-16 22:37:05,424 [INFO] Updater:1134 - Updater Version found : 6.14.0
2025-04-16 22:37:05,458 [INFO] ApplicationProperties:184 - Using Application install path: /Applications/STM32CubeIDE.app/Contents/Eclipse/plugins/com.st.stm32cube.common.mx_6.14.0.202502271554
2025-04-16 22:37:05,624 [INFO] ThirdPartyUpdaterWithRetryManager:70 - Updater plugin not ready yet. [2/15]
2025-04-16 22:37:06,089 [INFO] MainUpdater:2872 - connection check result : 10
2025-04-16 22:37:06,090 [INFO] MainUpdater:289 - Updater Check For Update Now.
2025-04-16 22:37:06,090 [INFO] MicroXplorer:498 - Change Database Version : DB.6.0.140
2025-04-16 22:37:06,104 [INFO] McuFinderGlobals:63 - Set McuFinder mode to 2 (CubeIDE integrated)
2025-04-16 22:37:06,104 [INFO] UserAuth:171 - activating auth plugin
2025-04-16 22:37:06,119 [INFO] UserAuth:486 - Internet connection configuration mode: 1
2025-04-16 22:37:06,149 [INFO] JxBrowserEngine:152 - Initiate JxBrowser Engine with user profile folder
2025-04-16 22:37:06,417 [INFO] CheckServerUpdateThread:120 - End of CheckServer Thread
2025-04-16 22:37:08,831 [WARN] PackLoader:240 - Cannot read IP mode file for STMicroelectronics.FP-ATR-ASTRA1.2.0.2
2025-04-16 22:37:08,859 [WARN] PackLoader:240 - Cannot read IP mode file for STMicroelectronics.FP-ATR-ASTRA1.2.0.1
2025-04-16 22:37:08,882 [WARN] PackLoader:240 - Cannot read IP mode file for STMicroelectronics.X-CUBE-WB05N.1.1.0
2025-04-16 22:37:08,956 [WARN] PackLoader:240 - Cannot read IP mode file for STMicroelectronics.X-CUBE-AZRTOS-F7.1.1.0
2025-04-16 22:37:08,992 [WARN] PackLoader:240 - Cannot read IP mode file for STMicroelectronics.FP-SNS-FLIGHT1.5.0.0
2025-04-16 22:37:09,102 [WARN] PackLoader:240 - Cannot read IP mode file for STMicroelectronics.X-CUBE-MEMS1.11.0.0
2025-04-16 22:37:09,428 [WARN] PackLoader:240 - Cannot read IP mode file for STMicroelectronics.X-CUBE-BLE1.6.2.4
2025-04-16 22:37:09,436 [WARN] PackLoader:240 - Cannot read IP mode file for STMicroelectronics.FP-SNS-FLIGHT1.5.0.2
2025-04-16 22:37:09,443 [WARN] PackLoader:240 - Cannot read IP mode file for STMicroelectronics.X-CUBE-BLE1.7.0.0
2025-04-16 22:37:09,463 [WARN] PackLoader:240 - Cannot read IP mode file for STMicroelectronics.X-CUBE-BLEMGR.4.0.0
2025-04-16 22:37:09,475 [WARN] PackLoader:240 - Cannot read IP mode file for emotas.I-CUBE-CANOPEN.1.3.0
2025-04-16 22:37:09,489 [WARN] PackLoader:240 - Cannot read IP mode file for STMicroelectronics.X-CUBE-BLEMGR.3.1.0
2025-04-16 22:37:09,497 [WARN] PackLoader:240 - Cannot read IP mode file for STMicroelectronics.X-CUBE-AI.10.0.0
2025-04-16 22:37:09,500 [WARN] PackLoader:240 - Cannot read IP mode file for STMicroelectronics.FP-SNS-FLIGHT1.5.1.0
2025-04-16 22:37:09,564 [WARN] PackLoader:240 - Cannot read IP mode file for STMicroelectronics.X-CUBE-MEMS1.11.1.0
2025-04-16 22:37:10,140 [INFO] LogOutputStream:77 - [STDOUT_REDIRECT] 1 : Invalid condition id : UX_CORESTACK_Condition cause : null
2025-04-16 22:37:10,154 [INFO] LogOutputStream:77 - [STDOUT_REDIRECT] 1 : Invalid condition id : UX_CORESTACK_Condition cause : null
2025-04-16 22:37:10,155 [INFO] LogOutputStream:77 - [STDOUT_REDIRECT] 1 : Invalid condition id : UX_CORESTACK_Condition cause : null
2025-04-16 22:37:10,155 [INFO] LogOutputStream:77 - [STDOUT_REDIRECT] 1 : Invalid condition id : UX_CORESTACK_Condition cause : null
2025-04-16 22:37:10,156 [INFO] LogOutputStream:77 - [STDOUT_REDIRECT] 1 : Invalid condition id : UX_CORESTACK_Condition cause : null
2025-04-16 22:37:10,165 [WARN] PackLoader:240 - Cannot read IP mode file for STMicroelectronics.X-CUBE-AZRTOS-WL.2.0.0
2025-04-16 22:37:10,216 [WARN] PackLoader:240 - Cannot read IP mode file for wolfSSL.I-CUBE-wolfMQTT.1.19.0
2025-04-16 22:37:10,273 [WARN] PackLoader:240 - Cannot read IP mode file for WES.I-CUBE-Cesium.1.3.0
2025-04-16 22:37:10,298 [WARN] PackLoader:240 - Cannot read IP mode file for STMicroelectronics.X-CUBE-BLE2.3.3.0
2025-04-16 22:37:10,310 [WARN] PackLoader:240 - Cannot read IP mode file for STMicroelectronics.X-CUBE-BLE1.7.1.0
2025-04-16 22:37:10,326 [WARN] PackLoader:240 - Cannot read IP mode file for STMicroelectronics.X-CUBE-TCPP.4.1.0
2025-04-16 22:37:10,350 [WARN] PackLoader:240 - Cannot read IP mode file for STMicroelectronics.X-CUBE-TOUCHGFX.4.21.3
2025-04-16 22:37:10,353 [WARN] PackLoader:240 - Cannot read IP mode file for STMicroelectronics.X-CUBE-TOUCHGFX.4.21.4
2025-04-16 22:37:10,412 [WARN] PackLoader:240 - Cannot read IP mode file for STMicroelectronics.X-CUBE-MEMS1.9.4.0
2025-04-16 22:37:10,578 [WARN] PackLoader:240 - Cannot read IP mode file for STMicroelectronics.X-CUBE-AI.7.3.0
2025-04-16 22:37:10,595 [WARN] PackLoader:240 - Cannot read IP mode file for STMicroelectronics.X-CUBE-ALGOBUILD.1.3.0
2025-04-16 22:37:10,623 [WARN] PackLoader:240 - Cannot read IP mode file for STMicroelectronics.X-CUBE-AZRTOS-G0.1.1.0
2025-04-16 22:37:10,648 [WARN] PackLoader:240 - Cannot read IP mode file for EmbeddedOffice.I-CUBE-FS-RTOS.1.0.1
2025-04-16 22:37:10,709 [WARN] PackLoader:240 - Cannot read IP mode file for STMicroelectronics.X-CUBE-BLEMGR.1.3.0
2025-04-16 22:37:10,737 [WARN] PackLoader:240 - Cannot read IP mode file for STMicroelectronics.X-CUBE-TCPP.4.2.0
2025-04-16 22:37:10,746 [WARN] PackLoader:240 - Cannot read IP mode file for RealThread.X-CUBE-RT-Thread_Nano.4.1.1
2025-04-16 22:37:10,750 [WARN] PackLoader:240 - Cannot read IP mode file for STMicroelectronics.FP-ATR-SIGFOX1.3.2.0
2025-04-16 22:37:10,760 [WARN] ConditionMgr:438 - getConditionDescription Invalid condition id : Cortex-A Device cause : null
2025-04-16 22:37:10,812 [WARN] ConditionMgr:1044 - genDependencies : Invalid condition id : Cortex-A Device cause : null
2025-04-16 22:37:10,813 [WARN] ConditionMgr:1044 - genDependencies : Invalid condition id : Cortex-A Device cause : null
2025-04-16 22:37:10,813 [WARN] ConditionMgr:1044 - genDependencies : Invalid condition id : Cortex-A Device cause : null
2025-04-16 22:37:10,819 [WARN] PackLoader:240 - Cannot read IP mode file for ITTIA_DB.I-CUBE-ITTIADB.8.9.0
2025-04-16 22:37:10,896 [WARN] PackLoader:240 - Cannot read IP mode file for STMicroelectronics.X-CUBE-MEMS1.9.5.0
2025-04-16 22:37:11,053 [WARN] PackLoader:240 - Cannot read IP mode file for SEGGER.I-CUBE-embOS.1.3.1
2025-04-16 22:37:11,094 [WARN] PackLoader:240 - Cannot read IP mode file for STMicroelectronics.X-CUBE-ALGOBUILD.1.4.0
2025-04-16 22:37:11,108 [WARN] PackLoader:240 - Cannot read IP mode file for STMicroelectronics.X-CUBE-GNSS1.6.0.0
2025-04-16 22:37:11,334 [WARN] PackLoader:240 - Cannot read IP mode file for STMicroelectronics.X-CUBE-AZRTOS-F4.1.1.0
2025-04-16 22:37:11,486 [WARN] PackLoader:240 - Cannot read IP mode file for STMicroelectronics.X-CUBE-FREERTOS.1.2.0
2025-04-16 22:37:11,536 [WARN] PackLoader:240 - Cannot read IP mode file for STMicroelectronics.X-CUBE-AZRTOS-L5.2.0.0
2025-04-16 22:37:11,619 [WARN] PackLoader:240 - Cannot read IP mode file for STMicroelectronics.X-CUBE-MEMS1.9.6.0
2025-04-16 22:37:11,815 [WARN] PackLoader:240 - Cannot read IP mode file for STMicroelectronics.X-CUBE-BLEMGR.2.0.0
2025-04-16 22:37:11,832 [WARN] PackLoader:240 - Cannot read IP mode file for STMicroelectronics.X-CUBE-DPower.1.2.0
2025-04-16 22:37:11,842 [WARN] PackLoader:240 - Cannot read IP mode file for STMicroelectronics.X-CUBE-AI.9.0.0
2025-04-16 22:37:11,877 [WARN] ConditionMgr:438 - getConditionDescription Invalid condition id : UX DEVICE CLASS RTOS Condition cause : null
2025-04-16 22:37:11,878 [WARN] ConditionMgr:438 - getConditionDescription Invalid condition id : UX DEVICE CLASS RTOS Condition cause : null
2025-04-16 22:37:11,888 [WARN] PackLoader:240 - Cannot read IP mode file for STMicroelectronics.X-CUBE-AZRTOS-H7.3.1.0
2025-04-16 22:37:11,893 [WARN] ConditionMgr:1044 - genDependencies : Invalid condition id : UX DEVICE CLASS RTOS Condition cause : null
2025-04-16 22:37:11,894 [WARN] ConditionMgr:1044 - genDependencies : Invalid condition id : UX DEVICE CLASS RTOS Condition cause : null
2025-04-16 22:37:11,896 [WARN] ConditionMgr:1044 - genDependencies : Invalid condition id : UX DEVICE CLASS RTOS Condition cause : null
2025-04-16 22:37:11,896 [WARN] ConditionMgr:1044 - genDependencies : Invalid condition id : UX DEVICE CLASS RTOS Condition cause : null
2025-04-16 22:37:11,897 [WARN] ConditionMgr:1044 - genDependencies : Invalid condition id : UX DEVICE CLASS RTOS Condition cause : null
2025-04-16 22:37:11,906 [WARN] PackLoader:240 - Cannot read IP mode file for STMicroelectronics.X-CUBE-FREERTOS.1.3.0
2025-04-16 22:37:11,913 [WARN] PackLoader:240 - Cannot read IP mode file for STMicroelectronics.X-CUBE-NFC7.1.0.0
2025-04-16 22:37:11,920 [WARN] PackLoader:240 - Cannot read IP mode file for STMicroelectronics.X-CUBE-DPower.1.3.0
2025-04-16 22:37:11,948 [WARN] ConditionMgr:438 - getConditionDescription Invalid condition id : LAN8742 Phy interface Condition cause : null
2025-04-16 22:37:11,949 [WARN] PackLoader:240 - Cannot read IP mode file for STMicroelectronics.X-CUBE-AZRTOS-L4.2.0.0
2025-04-16 22:37:11,952 [WARN] ConditionMgr:1044 - genDependencies : Invalid condition id : LAN8742 Phy interface Condition cause : null
2025-04-16 22:37:11,952 [WARN] ConditionMgr:1044 - genDependencies : Invalid condition id : LAN8742 Phy interface Condition cause : null
2025-04-16 22:37:11,953 [WARN] ConditionMgr:1044 - genDependencies : Invalid condition id : LAN8742 Phy interface Condition cause : null
2025-04-16 22:37:11,970 [WARN] PackLoader:240 - Cannot read IP mode file for STMicroelectronics.X-CUBE-SFXS2LP1.4.0.0
2025-04-16 22:37:11,986 [WARN] PackLoader:240 - Cannot read IP mode file for STMicroelectronics.X-CUBE-ISPU.1.1.0
2025-04-16 22:37:12,022 [WARN] PackLoader:240 - Cannot read IP mode file for STMicroelectronics.X-CUBE-AZRTOS-H7.3.3.0
2025-04-16 22:37:12,033 [WARN] PackLoader:240 - Cannot read IP mode file for STMicroelectronics.X-CUBE-AI.8.0.0
2025-04-16 22:37:12,046 [WARN] PackLoader:240 - Cannot read IP mode file for STMicroelectronics.X-CUBE-IPS.3.0.0
2025-04-16 22:37:12,068 [WARN] ConditionMgr:438 - getConditionDescription Invalid condition id : UX DEVICE CLASS RTOS Condition cause : null
2025-04-16 22:37:12,068 [WARN] ConditionMgr:438 - getConditionDescription Invalid condition id : UX DEVICE CLASS RTOS Condition cause : null
2025-04-16 22:37:12,072 [WARN] PackLoader:240 - Cannot read IP mode file for STMicroelectronics.X-CUBE-AZRTOS-WB.2.0.0
2025-04-16 22:37:12,073 [WARN] ConditionMgr:1044 - genDependencies : Invalid condition id : UX DEVICE CLASS RTOS Condition cause : null
2025-04-16 22:37:12,073 [WARN] ConditionMgr:1044 - genDependencies : Invalid condition id : UX DEVICE CLASS RTOS Condition cause : null
2025-04-16 22:37:12,074 [WARN] ConditionMgr:1044 - genDependencies : Invalid condition id : UX DEVICE CLASS RTOS Condition cause : null
2025-04-16 22:37:12,074 [WARN] ConditionMgr:1044 - genDependencies : Invalid condition id : UX DEVICE CLASS RTOS Condition cause : null
2025-04-16 22:37:12,074 [WARN] ConditionMgr:1044 - genDependencies : Invalid condition id : UX DEVICE CLASS RTOS Condition cause : null
2025-04-16 22:37:12,080 [WARN] PackLoader:240 - Cannot read IP mode file for STMicroelectronics.X-CUBE-FREERTOS.1.0.1
2025-04-16 22:37:12,086 [WARN] PackLoader:240 - Cannot read IP mode file for STMicroelectronics.X-CUBE-GNSS1.7.0.0
2025-04-16 22:37:12,095 [WARN] PackLoader:240 - Cannot read IP mode file for STMicroelectronics.X-CUBE-GNSS1.7.0.1
2025-04-16 22:37:12,099 [WARN] PackLoader:240 - Cannot read IP mode file for STMicroelectronics.X-CUBE-TOUCHGFX.4.25.0
2025-04-16 22:37:12,114 [WARN] PackLoader:240 - Cannot read IP mode file for STMicroelectronics.X-CUBE-AZRTOS-L5.1.1.0
2025-04-16 22:37:12,120 [WARN] PackLoader:240 - Cannot read IP mode file for STMicroelectronics.X-CUBE-AI.8.0.1
2025-04-16 22:37:12,133 [WARN] PackLoader:240 - Cannot read IP mode file for STMicroelectronics.X-CUBE-SUBG2.5.0.0
2025-04-16 22:37:12,161 [WARN] PackLoader:240 - Cannot read IP mode file for STMicroelectronics.X-CUBE-AZRTOS-H7RS.1.1.0
2025-04-16 22:37:12,170 [WARN] PackLoader:240 - Cannot read IP mode file for Cesanta.I-CUBE-Mongoose.7.13.0
2025-04-16 22:37:12,178 [WARN] PackLoader:240 - Cannot read IP mode file for STMicroelectronics.FP-ATR-ASTRA1.1.1.1
2025-04-16 22:37:12,205 [WARN] PackLoader:240 - Cannot read IP mode file for STMicroelectronics.X-CUBE-AZRTOS-G4.1.0.0
2025-04-16 22:37:12,227 [WARN] PackLoader:240 - Cannot read IP mode file for STMicroelectronics.X-CUBE-AZRTOS-L4.1.0.0
2025-04-16 22:37:12,247 [WARN] PackLoader:240 - Cannot read IP mode file for STMicroelectronics.X-CUBE-IPS.3.1.0
2025-04-16 22:37:12,336 [WARN] PackLoader:240 - Cannot read IP mode file for STMicroelectronics.X-CUBE-MEMS1.10.0.0
2025-04-16 22:37:12,419 [WARN] PackLoader:240 - Cannot read IP mode file for STMicroelectronics.X-CUBE-TOUCHGFX.4.24.2
2025-04-16 22:37:12,423 [WARN] PackLoader:240 - Cannot read IP mode file for STMicroelectronics.X-CUBE-TOUCHGFX.4.24.1
2025-04-16 22:37:12,429 [WARN] PackLoader:240 - Cannot read IP mode file for wolfSSL.I-CUBE-wolfTPM.3.4.0
2025-04-16 22:37:12,435 [WARN] PackLoader:240 - Cannot read IP mode file for portGmbH.I-Cube-SoM-uGOAL.1.1.0
2025-04-16 22:37:12,442 [WARN] PackLoader:240 - Cannot read IP mode file for STMicroelectronics.X-CUBE-ALS.1.0.1
2025-04-16 22:37:12,459 [WARN] PackLoader:240 - Cannot read IP mode file for STMicroelectronics.X-CUBE-AZRTOS-WB.1.1.0
2025-04-16 22:37:12,481 [WARN] PackLoader:240 - Cannot read IP mode file for STMicroelectronics.X-CUBE-AZRTOS-H7RS.1.0.0
2025-04-16 22:37:12,487 [WARN] PackLoader:240 - Cannot read IP mode file for STMicroelectronics.FP-ATR-ASTRA1.2.0.0
2025-04-16 22:37:12,514 [WARN] PackLoader:240 - Cannot read IP mode file for Infineon.AIROC-Wi-Fi-Bluetooth-STM32.1.6.1
2025-04-16 22:37:12,520 [WARN] PackLoader:240 - Cannot read IP mode file for wolfSSL.I-CUBE-wolfSSH.1.4.17
2025-04-16 22:37:12,546 [INFO] ThirdParty:978 - Integrity check success = true
2025-04-16 22:37:12,546 [INFO] IntegrityCheckThread:100 - exiting critical section [integrity check]
2025-04-16 22:37:12,546 [INFO] IntegrityCheckThread:103 - End integrity checks thread
2025-04-16 22:37:16,181 [INFO] WebApp:169 - Instantiating new browser for Auth
2025-04-16 22:37:19,311 [INFO] WebApp:463 - Apply proxy settings
2025-04-16 22:37:19,392 [INFO] WebApp:508 - Chromium authenticates against Manually configured proxy
2025-04-16 22:37:19,422 [INFO] WebApp:516 - Username used for proxy authentication: 
2025-04-16 22:37:19,555 [INFO] WebApp:894 - Register for checkConnection events
2025-04-16 22:37:19,556 [INFO] WebApp:463 - Apply proxy settings
2025-04-16 22:37:19,573 [INFO] WebApp:508 - Chromium authenticates against Manually configured proxy
2025-04-16 22:37:19,573 [INFO] WebApp:516 - Username used for proxy authentication: 
2025-04-16 22:37:19,954 [INFO] WebApp:225 - Starting web application
2025-04-16 22:37:19,954 [INFO] WebApp:593 - Web application path used /Applications/STM32CubeIDE.app/Contents/Eclipse/plugins/com.st.stm32cube.common.mx_6.14.0.202502271554/db/plugins/mcufinder/reactClient1/index.html
2025-04-16 22:37:20,150 [INFO] WebApp:191 - Connection restablished
