2025-04-17 00:59:27,059 [INFO] WebApp:194 - Connection lost
2025-04-17 00:59:27,398 [INFO] WebApp:191 - Connection restablished
2025-04-17 00:59:29,565 [INFO] WebApp:194 - Connection lost
2025-04-17 00:59:29,670 [INFO] WebApp:191 - Connection restablished
2025-04-17 00:59:54,353 [INFO] WebApp:194 - Connection lost
2025-04-17 00:59:54,455 [INFO] WebApp:191 - Connection restablished
2025-04-17 00:59:55,359 [INFO] WebApp:194 - Connection lost
2025-04-17 00:59:55,454 [INFO] WebApp:191 - Connection restablished
2025-04-17 03:52:23,552 [INFO] WebApp:194 - Connection lost
2025-04-17 03:52:23,763 [INFO] WebApp:191 - Connection restablished
2025-04-17 03:52:24,406 [INFO] WebApp:194 - Connection lost
2025-04-17 03:52:24,501 [INFO] WebApp:191 - Connection restablished
2025-04-17 04:10:41,252 [INFO] WebApp:194 - Connection lost
2025-04-17 04:10:41,414 [INFO] WebApp:191 - Connection restablished
2025-04-17 04:10:44,025 [INFO] WebApp:194 - Connection lost
2025-04-17 04:10:44,116 [INFO] WebApp:191 - Connection restablished
2025-04-17 04:25:59,038 [INFO] WebApp:194 - Connection lost
2025-04-17 04:25:59,135 [INFO] WebApp:191 - Connection restablished
2025-04-17 04:26:02,005 [INFO] WebApp:194 - Connection lost
2025-04-17 04:26:02,116 [INFO] WebApp:191 - Connection restablished
2025-04-17 04:27:03,681 [INFO] WebApp:194 - Connection lost
2025-04-17 04:27:03,788 [INFO] WebApp:191 - Connection restablished
2025-04-17 04:28:00,636 [INFO] WebApp:194 - Connection lost
2025-04-17 04:28:00,745 [INFO] WebApp:191 - Connection restablished
2025-04-17 04:28:01,484 [INFO] WebApp:194 - Connection lost
2025-04-17 04:28:01,583 [INFO] WebApp:191 - Connection restablished
2025-04-17 04:28:52,124 [INFO] WebApp:194 - Connection lost
2025-04-17 04:28:52,225 [INFO] WebApp:191 - Connection restablished
2025-04-17 04:28:53,214 [INFO] WebApp:194 - Connection lost
2025-04-17 04:28:53,308 [INFO] WebApp:191 - Connection restablished
2025-04-17 04:39:51,810 [INFO] WebApp:194 - Connection lost
2025-04-17 04:39:51,924 [INFO] WebApp:191 - Connection restablished
2025-04-17 04:42:33,050 [INFO] WebApp:194 - Connection lost
2025-04-17 04:42:33,163 [INFO] WebApp:191 - Connection restablished
2025-04-17 11:23:24,936 [INFO] WebApp:194 - Connection lost
2025-04-17 11:23:44,999 [INFO] WebApp:191 - Connection restablished
2025-04-17 15:24:21,109 [INFO] Activator:176 - 


2025-04-17 15:24:21,113 [INFO] Activator:177 - !SESSION log4j initialized
2025-04-17 15:24:28,001 [INFO] LogOutputStream:77 - [STDOUT_REDIRECT] 
2025-04-17 15:24:31,598 [INFO] LogOutputStream:77 - [STDOUT_REDIRECT] 
2025-04-17 15:24:32,881 [ERROR] LogOutputStream:75 - [STDERR_REDIRECT] 
2025-04-17 15:24:33,226 [INFO] ApplicationProperties:184 - Using Application install path: /Applications/STM32CubeIDE.app/Contents/Eclipse/plugins/com.st.stm32cube.common.mx_6.14.1.202504091515
2025-04-17 15:24:33,248 [INFO] DbMcusXml:78 - Set database path to: /Applications/STM32CubeIDE.app/Contents/Eclipse/plugins/com.st.stm32cube.common.mx_6.14.1.202504091515//db//mcu/
2025-04-17 15:24:33,248 [INFO] ApiDb:274 - Set plugin database path to: /Applications/STM32CubeIDE.app/Contents/Eclipse/plugins/com.st.stm32cube.common.mx_6.14.1.202504091515//db//plugins/boardmanager/
2025-04-17 15:24:33,249 [WARN] ApiDb:259 - Overriding images path with different value:  => /Applications/STM32CubeIDE.app/Contents/Eclipse/plugins/com.st.stm32cube.common.mx_6.14.1.202504091515//db//plugins/mcufinder/images/
2025-04-17 15:24:33,261 [INFO] ApiDb:250 - Set database path to: /Users/sanjaybendale/.stmcufinder/plugins/mcufinder//mcu/
2025-04-17 15:24:33,263 [INFO] DbMcusAds:125 - Set database path to: /Users/sanjaybendale/.stmcufinder/plugins/mcufinder//mcu/
2025-04-17 15:24:33,264 [INFO] CrossReferenceDbSqlite:203 - Set database path to: /Users/sanjaybendale/.stmcufinder/plugins/mcufinder//mcu/cs/
2025-04-17 15:24:33,436 [INFO] RulesReader:64 - Compatibility file has been processed (302 Rules)
2025-04-17 15:24:33,566 [INFO] DbMcusXml:78 - Set database path to: /Applications/STM32CubeIDE.app/Contents/Eclipse/plugins/com.st.stm32cube.common.mx_6.14.1.202504091515//db//mcu/
2025-04-17 15:24:33,566 [INFO] ApiDb:274 - Set plugin database path to: /Applications/STM32CubeIDE.app/Contents/Eclipse/plugins/com.st.stm32cube.common.mx_6.14.1.202504091515//db//plugins/boardmanager/
2025-04-17 15:24:33,567 [INFO] ApiDb:261 - Set plugin images path to: /Applications/STM32CubeIDE.app/Contents/Eclipse/plugins/com.st.stm32cube.common.mx_6.14.1.202504091515//db//plugins/mcufinder/images/
2025-04-17 15:24:33,567 [WARN] DbFile:41 - Overriding database path with different value: /Users/sanjaybendale/.stmcufinder/plugins/mcufinder/ => /Users/sanjaybendale/.stmcufinder/plugins/mcufinder
2025-04-17 15:24:33,567 [INFO] ApiDb:250 - Set database path to: /Users/sanjaybendale/.stmcufinder/plugins/mcufinder//mcu/
2025-04-17 15:24:33,567 [WARN] DbFile:41 - Overriding database path with different value: /Users/sanjaybendale/.stmcufinder/plugins/mcufinder/ => /Users/sanjaybendale/.stmcufinder/plugins/mcufinder
2025-04-17 15:24:33,567 [INFO] DbMcusAds:125 - Set database path to: /Users/sanjaybendale/.stmcufinder/plugins/mcufinder//mcu/
2025-04-17 15:24:33,567 [WARN] DbFile:41 - Overriding database path with different value: /Users/sanjaybendale/.stmcufinder/plugins/mcufinder/ => /Users/sanjaybendale/.stmcufinder/plugins/mcufinder
2025-04-17 15:24:33,567 [WARN] DbFile:41 - Overriding database path with different value: /Users/sanjaybendale/.stmcufinder/plugins/mcufinder/ => /Users/sanjaybendale/.stmcufinder/plugins/mcufinder
2025-04-17 15:24:33,567 [INFO] CrossReferenceDbSqlite:203 - Set database path to: /Users/sanjaybendale/.stmcufinder/plugins/mcufinder//mcu/cs/
2025-04-17 15:24:33,674 [INFO] MainPanel:272 - HeapMemory: 268435456
2025-04-17 15:24:34,225 [INFO] DbMcusXml:78 - Set database path to: /Applications/STM32CubeIDE.app/Contents/Eclipse/plugins/com.st.stm32cube.common.mx_6.14.1.202504091515//db//mcu/
2025-04-17 15:24:34,225 [INFO] ApiDb:274 - Set plugin database path to: /Applications/STM32CubeIDE.app/Contents/Eclipse/plugins/com.st.stm32cube.common.mx_6.14.1.202504091515//db//plugins/boardmanager/
2025-04-17 15:24:34,225 [INFO] ApiDb:261 - Set plugin images path to: /Applications/STM32CubeIDE.app/Contents/Eclipse/plugins/com.st.stm32cube.common.mx_6.14.1.202504091515//db//plugins/mcufinder/images/
2025-04-17 15:24:34,226 [WARN] DbFile:41 - Overriding database path with different value: /Users/sanjaybendale/.stmcufinder/plugins/mcufinder/ => /Users/sanjaybendale/.stmcufinder/plugins/mcufinder
2025-04-17 15:24:34,226 [INFO] ApiDb:250 - Set database path to: /Users/sanjaybendale/.stmcufinder/plugins/mcufinder//mcu/
2025-04-17 15:24:34,226 [WARN] DbFile:41 - Overriding database path with different value: /Users/sanjaybendale/.stmcufinder/plugins/mcufinder/ => /Users/sanjaybendale/.stmcufinder/plugins/mcufinder
2025-04-17 15:24:34,226 [INFO] DbMcusAds:125 - Set database path to: /Users/sanjaybendale/.stmcufinder/plugins/mcufinder//mcu/
2025-04-17 15:24:34,226 [WARN] DbFile:41 - Overriding database path with different value: /Users/sanjaybendale/.stmcufinder/plugins/mcufinder/ => /Users/sanjaybendale/.stmcufinder/plugins/mcufinder
2025-04-17 15:24:34,226 [WARN] DbFile:41 - Overriding database path with different value: /Users/sanjaybendale/.stmcufinder/plugins/mcufinder/ => /Users/sanjaybendale/.stmcufinder/plugins/mcufinder
2025-04-17 15:24:34,226 [INFO] CrossReferenceDbSqlite:203 - Set database path to: /Users/sanjaybendale/.stmcufinder/plugins/mcufinder//mcu/cs/
2025-04-17 15:24:34,251 [INFO] ApplicationProperties:184 - Using Application install path: /Applications/STM32CubeIDE.app/Contents/Eclipse/plugins/com.st.stm32cube.common.mx_6.14.1.202504091515
2025-04-17 15:24:34,252 [INFO] PluginManage:196 - Search for loadable plugins [exclusion list=, ]
2025-04-17 15:24:34,254 [INFO] PluginManage:310 - Check plugin analytics
2025-04-17 15:24:34,530 [INFO] AnalyticsPlugin:253 - Accepted Software Licenses: 
2025-04-17 15:24:34,531 [INFO] AnalyticsPlugin:255 - Accepted CMSIS Pack Licenses: 
2025-04-17 15:24:34,531 [INFO] AnalyticsPlugin:257 - Accepted Firmware Licenses: FW.H7.1.12.0
2025-04-17 15:24:34,543 [INFO] PluginManage:359 - Loaded plugin analytics (category:tool,tabindex:-1)
2025-04-17 15:24:34,544 [INFO] PluginManage:310 - Check plugin cadmodel
2025-04-17 15:24:34,565 [INFO] CADModel:105 - Init CAD model plugin
2025-04-17 15:24:34,565 [INFO] PluginManage:359 - Loaded plugin cadmodel (category:power,tabindex:5)
2025-04-17 15:24:34,565 [INFO] PluginManage:310 - Check plugin clock
2025-04-17 15:24:34,580 [INFO] PluginManage:359 - Loaded plugin clock (category:base,tabindex:2)
2025-04-17 15:24:34,580 [INFO] PluginManage:310 - Check plugin ddr
2025-04-17 15:24:34,583 [INFO] PluginManage:359 - Loaded plugin ddr (category:tool,tabindex:6)
2025-04-17 15:24:34,583 [INFO] PluginManage:310 - Check plugin filemanager
2025-04-17 15:24:34,785 [INFO] PluginManage:359 - Loaded plugin filemanager (category:base,tabindex:10)
2025-04-17 15:24:34,785 [INFO] PluginManage:310 - Check plugin ipmanager
2025-04-17 15:24:34,797 [INFO] PluginManage:359 - Loaded plugin ipmanager (category:base,tabindex:5)
2025-04-17 15:24:34,797 [INFO] PluginManage:310 - Check plugin lpbam
2025-04-17 15:24:34,811 [INFO] PluginManage:359 - Loaded plugin lpbam (category:base,tabindex:0)
2025-04-17 15:24:34,811 [INFO] PluginManage:310 - Check plugin memorymap
2025-04-17 15:24:34,835 [INFO] PluginManage:359 - Loaded plugin memorymap (category:base,tabindex:4)
2025-04-17 15:24:34,835 [INFO] PluginManage:310 - Check plugin pinoutandconfiguration
2025-04-17 15:24:34,847 [INFO] PluginManage:359 - Loaded plugin pinoutandconfiguration (category:base,tabindex:1)
2025-04-17 15:24:34,847 [INFO] PluginManage:310 - Check plugin pinoutconfig
2025-04-17 15:24:34,974 [WARN] SupportedApi:132 - Cannot load RTOS API schema: s4s-elt-must-match.1: The content of 'definitions' must match (annotation?, (simpleType | complexType)?, (unique | key | keyref)*)). A problem was found starting at: attribute.
2025-04-17 15:24:35,181 [INFO] PluginManage:359 - Loaded plugin pinoutconfig (category:base,tabindex:0)
2025-04-17 15:24:35,181 [INFO] PluginManage:310 - Check plugin power
2025-04-17 15:24:35,200 [INFO] PluginManage:359 - Loaded plugin power (category:power,tabindex:4)
2025-04-17 15:24:35,201 [INFO] PluginManage:310 - Check plugin projectmanager
2025-04-17 15:24:35,231 [INFO] PluginManage:359 - Loaded plugin projectmanager (category:projectmanager,tabindex:4)
2025-04-17 15:24:35,231 [INFO] PluginManage:310 - Check plugin rif
2025-04-17 15:24:35,245 [INFO] PluginManage:359 - Loaded plugin rif (category:base,tabindex:3)
2025-04-17 15:24:35,245 [INFO] PluginManage:310 - Check plugin thirdparty
2025-04-17 15:24:35,478 [INFO] PluginManage:359 - Loaded plugin thirdparty (category:base,tabindex:-1)
2025-04-17 15:24:35,478 [WARN] IntegrityCheckThread:84 - waiting for thirdparty lock release [integrity check]
2025-04-17 15:24:35,478 [INFO] PluginManage:310 - Check plugin tools
2025-04-17 15:24:35,479 [INFO] IntegrityCheckThread:86 - entering critical section [integrity check]
2025-04-17 15:24:35,479 [INFO] ThirdPartyUpdaterWithRetryManager:70 - Updater plugin not ready yet. [1/15]
2025-04-17 15:24:35,481 [INFO] PluginManage:359 - Loaded plugin tools (category:base,tabindex:7)
2025-04-17 15:24:35,481 [INFO] PluginManage:310 - Check plugin tutovideos
2025-04-17 15:24:35,687 [INFO] PluginManage:359 - Loaded plugin tutovideos (category:base,tabindex:-1)
2025-04-17 15:24:35,687 [INFO] PluginManage:310 - Check plugin updater
2025-04-17 15:24:35,731 [INFO] PluginManage:359 - Loaded plugin updater (category:base,tabindex:12)
2025-04-17 15:24:35,732 [INFO] PluginManage:310 - Check plugin userauth
2025-04-17 15:24:35,742 [INFO] UserAuth:118 - Init User Auth plugin
2025-04-17 15:24:35,743 [INFO] PluginManage:359 - Loaded plugin userauth (category:base,tabindex:14)
2025-04-17 15:24:35,743 [INFO] PluginManage:283 - PluginManage : Loaded plugins [18]
2025-04-17 15:24:36,106 [INFO] PinOutPanel:1589 - setPackage(No Configuration,No Configuration)
2025-04-17 15:24:36,243 [INFO] CADModel:165 - CPN selected for project level
2025-04-17 15:24:36,243 [INFO] CADModel:114 - Register for checkConnection events
2025-04-17 15:24:36,276 [INFO] IPUIPlugin:80 - create IPUIPlugin
2025-04-17 15:24:36,277 [INFO] PluginManager:220 - loadIPPluginJar : add mdma
2025-04-17 15:24:36,291 [INFO] IPUIPlugin:80 - create IPUIPlugin
2025-04-17 15:24:36,291 [INFO] PluginManager:220 - loadIPPluginJar : add freertos
2025-04-17 15:24:36,297 [INFO] IPUIPlugin:80 - create IPUIPlugin
2025-04-17 15:24:36,298 [INFO] PluginManager:220 - loadIPPluginJar : add gic
2025-04-17 15:24:36,313 [INFO] IPUIPlugin:80 - create IPUIPlugin
2025-04-17 15:24:36,314 [INFO] PluginManager:220 - loadIPPluginJar : add adc
2025-04-17 15:24:36,318 [INFO] IPUIPlugin:80 - create IPUIPlugin
2025-04-17 15:24:36,318 [INFO] PluginManager:220 - loadIPPluginJar : add gtzc
2025-04-17 15:24:36,321 [INFO] IPUIPlugin:80 - create IPUIPlugin
2025-04-17 15:24:36,321 [INFO] PluginManager:220 - loadIPPluginJar : add quadspi
2025-04-17 15:24:36,323 [INFO] IPUIPlugin:80 - create IPUIPlugin
2025-04-17 15:24:36,323 [INFO] PluginManager:220 - loadIPPluginJar : add aes
2025-04-17 15:24:36,326 [INFO] IPUIPlugin:80 - create IPUIPlugin
2025-04-17 15:24:36,326 [INFO] PluginManager:220 - loadIPPluginJar : add pdm2pcm
2025-04-17 15:24:36,328 [INFO] IPUIPlugin:80 - create IPUIPlugin
2025-04-17 15:24:36,328 [INFO] PluginManager:220 - loadIPPluginJar : add hash
2025-04-17 15:24:36,330 [INFO] IPUIPlugin:80 - create IPUIPlugin
2025-04-17 15:24:36,331 [INFO] PluginManager:220 - loadIPPluginJar : add tim
2025-04-17 15:24:36,333 [INFO] IPUIPlugin:80 - create IPUIPlugin
2025-04-17 15:24:36,333 [INFO] PluginManager:220 - loadIPPluginJar : add tsc
2025-04-17 15:24:36,340 [INFO] IPUIPlugin:80 - create IPUIPlugin
2025-04-17 15:24:36,341 [INFO] PluginManager:220 - loadIPPluginJar : add extmemmanager
2025-04-17 15:24:36,343 [INFO] IPUIPlugin:80 - create IPUIPlugin
2025-04-17 15:24:36,343 [INFO] PluginManager:220 - loadIPPluginJar : add ts
2025-04-17 15:24:36,345 [INFO] IPUIPlugin:80 - create IPUIPlugin
2025-04-17 15:24:36,348 [INFO] PluginManager:220 - loadIPPluginJar : add radio
2025-04-17 15:24:36,352 [INFO] IPUIPlugin:80 - create IPUIPlugin
2025-04-17 15:24:36,352 [INFO] PluginManager:220 - loadIPPluginJar : add can
2025-04-17 15:24:36,356 [INFO] IPUIPlugin:80 - create IPUIPlugin
2025-04-17 15:24:36,357 [INFO] PluginManager:220 - loadIPPluginJar : add dma3
2025-04-17 15:24:36,360 [INFO] IPUIPlugin:80 - create IPUIPlugin
2025-04-17 15:24:36,360 [INFO] PluginManager:220 - loadIPPluginJar : add dfsdm
2025-04-17 15:24:36,362 [INFO] IPUIPlugin:80 - create IPUIPlugin
2025-04-17 15:24:36,362 [INFO] PluginManager:220 - loadIPPluginJar : add spi
2025-04-17 15:24:36,364 [INFO] IPUIPlugin:80 - create IPUIPlugin
2025-04-17 15:24:36,364 [INFO] PluginManager:220 - loadIPPluginJar : add gfxmmu
2025-04-17 15:24:36,366 [INFO] IPUIPlugin:80 - create IPUIPlugin
2025-04-17 15:24:36,366 [INFO] PluginManager:220 - loadIPPluginJar : add genericplugin
2025-04-17 15:24:36,368 [INFO] IPUIPlugin:80 - create IPUIPlugin
2025-04-17 15:24:36,368 [INFO] PluginManager:220 - loadIPPluginJar : add cryp
2025-04-17 15:24:36,374 [INFO] IPUIPlugin:80 - create IPUIPlugin
2025-04-17 15:24:36,374 [INFO] PluginManager:220 - loadIPPluginJar : add gpio
2025-04-17 15:24:36,381 [INFO] IPUIPlugin:80 - create IPUIPlugin
2025-04-17 15:24:36,381 [INFO] PluginManager:220 - loadIPPluginJar : add ddr_ctrl_phy
2025-04-17 15:24:36,383 [INFO] IPUIPlugin:80 - create IPUIPlugin
2025-04-17 15:24:36,383 [INFO] PluginManager:220 - loadIPPluginJar : add comp
2025-04-17 15:24:36,385 [INFO] IPUIPlugin:80 - create IPUIPlugin
2025-04-17 15:24:36,387 [INFO] PluginManager:220 - loadIPPluginJar : add tracer_emb
2025-04-17 15:24:36,392 [INFO] IPUIPlugin:80 - create IPUIPlugin
2025-04-17 15:24:36,392 [INFO] PluginManager:220 - loadIPPluginJar : add openamp
2025-04-17 15:24:36,401 [INFO] IPUIPlugin:80 - create IPUIPlugin
2025-04-17 15:24:36,401 [INFO] PluginManager:220 - loadIPPluginJar : add stm32_wpan
2025-04-17 15:24:36,408 [INFO] IPUIPlugin:80 - create IPUIPlugin
2025-04-17 15:24:36,413 [INFO] PluginManager:220 - loadIPPluginJar : add plateformsettings
2025-04-17 15:24:36,418 [INFO] IPUIPlugin:80 - create IPUIPlugin
2025-04-17 15:24:36,418 [INFO] PluginManager:220 - loadIPPluginJar : add ipddr
2025-04-17 15:24:36,421 [INFO] IPUIPlugin:80 - create IPUIPlugin
2025-04-17 15:24:36,421 [INFO] PluginManager:220 - loadIPPluginJar : add usart
2025-04-17 15:24:36,422 [INFO] IPUIPlugin:80 - create IPUIPlugin
2025-04-17 15:24:36,422 [INFO] PluginManager:220 - loadIPPluginJar : add ltdc
2025-04-17 15:24:36,427 [INFO] IPUIPlugin:80 - create IPUIPlugin
2025-04-17 15:24:36,427 [INFO] PluginManager:220 - loadIPPluginJar : add nvic
2025-04-17 15:24:36,428 [INFO] IPUIPlugin:80 - create IPUIPlugin
2025-04-17 15:24:36,428 [INFO] PluginManager:220 - loadIPPluginJar : add fatfs
2025-04-17 15:24:36,438 [INFO] IPUIPlugin:80 - create IPUIPlugin
2025-04-17 15:24:36,439 [INFO] PluginManager:220 - loadIPPluginJar : add linkedlist
2025-04-17 15:24:36,501 [INFO] IPUIPlugin:80 - create IPUIPlugin
2025-04-17 15:24:36,502 [INFO] PluginManager:220 - loadIPPluginJar : add dma
2025-04-17 15:24:36,509 [INFO] IPUIPlugin:80 - create IPUIPlugin
2025-04-17 15:24:36,509 [INFO] PluginManager:220 - loadIPPluginJar : add fmc
2025-04-17 15:24:36,510 [INFO] IPUIPlugin:80 - create IPUIPlugin
2025-04-17 15:24:36,510 [INFO] PluginManager:220 - loadIPPluginJar : add i2s
2025-04-17 15:24:36,511 [INFO] IPUIPlugin:80 - create IPUIPlugin
2025-04-17 15:24:36,512 [INFO] PluginManager:220 - loadIPPluginJar : add ucpd
2025-04-17 15:24:36,513 [INFO] IPUIPlugin:80 - create IPUIPlugin
2025-04-17 15:24:36,513 [INFO] PluginManager:220 - loadIPPluginJar : add lorawan
2025-04-17 15:24:36,515 [INFO] IPUIPlugin:80 - create IPUIPlugin
2025-04-17 15:24:36,515 [INFO] PluginManager:220 - loadIPPluginJar : add opamp
2025-04-17 15:24:36,517 [INFO] IPUIPlugin:80 - create IPUIPlugin
2025-04-17 15:24:36,517 [INFO] PluginManager:220 - loadIPPluginJar : add i3c
2025-04-17 15:24:36,522 [INFO] IPUIPlugin:80 - create IPUIPlugin
2025-04-17 15:24:36,526 [INFO] PluginManager:220 - loadIPPluginJar : add touchsensing
2025-04-17 15:24:36,528 [INFO] IPUIPlugin:80 - create IPUIPlugin
2025-04-17 15:24:36,529 [INFO] PluginManager:220 - loadIPPluginJar : add i2c
2025-04-17 15:24:36,533 [INFO] IPUIPlugin:80 - create IPUIPlugin
2025-04-17 15:24:36,533 [INFO] PluginManager:220 - loadIPPluginJar : add resmgrutility
2025-04-17 15:24:36,537 [INFO] IPUIPlugin:80 - create IPUIPlugin
2025-04-17 15:24:36,537 [INFO] PluginManager:220 - loadIPPluginJar : add sai
2025-04-17 15:24:36,540 [INFO] IPUIPlugin:80 - create IPUIPlugin
2025-04-17 15:24:36,540 [INFO] PluginManager:220 - loadIPPluginJar : add usbx
2025-04-17 15:24:36,679 [FATAL] Updater:351 - Updater called before beeing initialized
2025-04-17 15:24:36,740 [INFO] RulesReader:64 - Compatibility file has been processed (302 Rules)
2025-04-17 15:24:36,754 [INFO] RulesReader:64 - Compatibility file has been processed (302 Rules)
2025-04-17 15:24:36,769 [INFO] CADModel:165 - CPN selected for project level
2025-04-17 15:24:36,769 [INFO] CADModel:114 - Register for checkConnection events
2025-04-17 15:24:36,769 [FATAL] Updater:351 - Updater called before beeing initialized
2025-04-17 15:24:36,770 [ERROR] CADModel:125 - Updater not yet initialized, retry later 
2025-04-17 15:24:37,038 [FATAL] Updater:351 - Updater called before beeing initialized
2025-04-17 15:24:37,039 [INFO] CADModel:165 - CPN selected for project level
2025-04-17 15:24:37,039 [INFO] CADModel:114 - Register for checkConnection events
2025-04-17 15:24:37,040 [FATAL] Updater:351 - Updater called before beeing initialized
2025-04-17 15:24:37,040 [ERROR] CADModel:125 - Updater not yet initialized, retry later 
2025-04-17 15:24:37,043 [FATAL] Updater:351 - Updater called before beeing initialized
2025-04-17 15:24:37,224 [FATAL] Updater:351 - Updater called before beeing initialized
2025-04-17 15:24:37,232 [INFO] DbMcusAds:53 - JSON generation date=Thu Mar 06 09:54:22 EST 2025 (1741272862078)
2025-04-17 15:24:37,232 [FATAL] Updater:351 - Updater called before beeing initialized
2025-04-17 15:24:37,313 [WARN] DetailPanel:346 - Failed to get advertising image, set to default
2025-04-17 15:24:37,548 [FATAL] Updater:351 - Updater called before beeing initialized
2025-04-17 15:24:37,552 [FATAL] Updater:351 - Updater called before beeing initialized
2025-04-17 15:24:37,552 [FATAL] Updater:351 - Updater called before beeing initialized
2025-04-17 15:24:37,552 [WARN] DetailPanel:346 - Failed to get advertising image, set to default
2025-04-17 15:24:37,553 [FATAL] Updater:351 - Updater called before beeing initialized
2025-04-17 15:24:37,601 [ERROR] Updater:1198 - MainUpdater not yet initialized. External WinMGr cannot be set.
2025-04-17 15:24:37,609 [INFO] Updater:1134 - Updater Version found : 6.14.1
2025-04-17 15:24:37,641 [INFO] ApplicationProperties:184 - Using Application install path: /Applications/STM32CubeIDE.app/Contents/Eclipse/plugins/com.st.stm32cube.common.mx_6.14.1.202504091515
2025-04-17 15:24:37,701 [INFO] MainUpdater:525 - Copy updater definitions from MX database
2025-04-17 15:24:38,307 [INFO] MainUpdater:2872 - connection check result : 10
2025-04-17 15:24:38,308 [INFO] MainUpdater:3566 - Updater definition file requires update
2025-04-17 15:24:38,309 [INFO] MainUpdater:289 - Updater Check For Update Now.
2025-04-17 15:24:38,310 [INFO] MicroXplorer:498 - Change Database Version : DB.6.0.141
2025-04-17 15:24:38,321 [INFO] McuFinderGlobals:63 - Set McuFinder mode to 2 (CubeIDE integrated)
2025-04-17 15:24:38,321 [INFO] UserAuth:171 - activating auth plugin
2025-04-17 15:24:38,330 [INFO] UserAuth:484 - Internet connection configuration mode: 1
2025-04-17 15:24:38,355 [INFO] JxBrowserEngine:152 - Initiate JxBrowser Engine with user profile folder
2025-04-17 15:24:38,486 [WARN] MainUpdater:1193 - Updater busy. Cannot search thirdparties
2025-04-17 15:24:38,487 [INFO] ThirdPartyUpdaterWithRetryManager:96 - Updater plugin is busy. [1/15]
2025-04-17 15:24:38,667 [INFO] ServerAccessManage:473 - Download File updaters.zip
2025-04-17 15:24:38,886 [INFO] FileExtend:242 - Unzip File : updaters.zip
2025-04-17 15:24:38,887 [INFO] FileExtend:257 - Standard Zip Deflate
2025-04-17 15:24:39,174 [INFO] ServerAccessManage:473 - Download File PacksControlFlags.xml
2025-04-17 15:24:39,485 [INFO] ServerAccessManage:473 - Download File cubemx.pidx
2025-04-17 15:24:40,458 [INFO] ServerAccessManage:473 - Download File STMicroelectronics.X-CUBE-MEMS1.pdsc
2025-04-17 15:24:41,500 [WARN] MainUpdater:1193 - Updater busy. Cannot search thirdparties
2025-04-17 15:24:41,500 [INFO] ThirdPartyUpdaterWithRetryManager:96 - Updater plugin is busy. [2/15]
2025-04-17 15:40:09,377 [WARN] MainUpdater:1193 - Updater busy. Cannot search thirdparties
2025-04-17 15:40:09,377 [INFO] ThirdPartyUpdaterWithRetryManager:96 - Updater plugin is busy. [3/15]
2025-04-17 15:40:09,883 [INFO] WebApp:169 - Instantiating new browser for Auth
2025-04-17 15:40:12,385 [WARN] MainUpdater:1193 - Updater busy. Cannot search thirdparties
2025-04-17 15:40:12,388 [INFO] ThirdPartyUpdaterWithRetryManager:96 - Updater plugin is busy. [4/15]
2025-04-17 15:40:12,738 [INFO] WebApp:463 - Apply proxy settings
2025-04-17 15:40:12,745 [INFO] WebApp:508 - Chromium authenticates against Manually configured proxy
2025-04-17 15:40:12,765 [INFO] WebApp:516 - Username used for proxy authentication: 
2025-04-17 15:40:12,892 [INFO] WebApp:894 - Register for checkConnection events
2025-04-17 15:40:12,892 [INFO] WebApp:463 - Apply proxy settings
2025-04-17 15:40:12,894 [INFO] WebApp:508 - Chromium authenticates against Manually configured proxy
2025-04-17 15:40:12,894 [INFO] WebApp:516 - Username used for proxy authentication: 
2025-04-17 15:40:13,164 [INFO] WebApp:225 - Starting web application
2025-04-17 15:40:13,164 [INFO] WebApp:593 - Web application path used /Applications/STM32CubeIDE.app/Contents/Eclipse/plugins/com.st.stm32cube.common.mx_6.14.1.202504091515/db/plugins/mcufinder/reactClient1/index.html
2025-04-17 15:40:13,472 [INFO] WebApp:191 - Connection restablished
2025-04-17 15:40:15,400 [WARN] MainUpdater:1193 - Updater busy. Cannot search thirdparties
2025-04-17 15:40:15,404 [INFO] ThirdPartyUpdaterWithRetryManager:96 - Updater plugin is busy. [5/15]
2025-04-17 15:40:18,418 [WARN] MainUpdater:1193 - Updater busy. Cannot search thirdparties
2025-04-17 15:40:18,423 [INFO] ThirdPartyUpdaterWithRetryManager:96 - Updater plugin is busy. [6/15]
2025-04-17 15:40:21,433 [WARN] MainUpdater:1193 - Updater busy. Cannot search thirdparties
2025-04-17 15:40:21,433 [INFO] ThirdPartyUpdaterWithRetryManager:96 - Updater plugin is busy. [7/15]
2025-04-17 15:40:24,444 [WARN] MainUpdater:1193 - Updater busy. Cannot search thirdparties
2025-04-17 15:40:24,444 [INFO] ThirdPartyUpdaterWithRetryManager:96 - Updater plugin is busy. [8/15]
2025-04-17 15:40:27,445 [WARN] MainUpdater:1193 - Updater busy. Cannot search thirdparties
2025-04-17 15:40:27,445 [INFO] ThirdPartyUpdaterWithRetryManager:96 - Updater plugin is busy. [9/15]
2025-04-17 15:40:30,448 [WARN] MainUpdater:1193 - Updater busy. Cannot search thirdparties
2025-04-17 15:40:30,448 [INFO] ThirdPartyUpdaterWithRetryManager:96 - Updater plugin is busy. [10/15]
2025-04-17 15:40:33,459 [WARN] MainUpdater:1193 - Updater busy. Cannot search thirdparties
2025-04-17 15:40:33,460 [INFO] ThirdPartyUpdaterWithRetryManager:96 - Updater plugin is busy. [11/15]
2025-04-17 15:40:36,470 [WARN] MainUpdater:1193 - Updater busy. Cannot search thirdparties
2025-04-17 15:40:36,471 [INFO] ThirdPartyUpdaterWithRetryManager:96 - Updater plugin is busy. [12/15]
2025-04-17 15:40:39,475 [WARN] MainUpdater:1193 - Updater busy. Cannot search thirdparties
2025-04-17 15:40:39,475 [INFO] ThirdPartyUpdaterWithRetryManager:96 - Updater plugin is busy. [13/15]
2025-04-17 15:40:42,497 [WARN] MainUpdater:1193 - Updater busy. Cannot search thirdparties
2025-04-17 15:40:42,502 [INFO] ThirdPartyUpdaterWithRetryManager:96 - Updater plugin is busy. [14/15]
2025-04-17 15:40:45,533 [WARN] MainUpdater:1193 - Updater busy. Cannot search thirdparties
2025-04-17 15:40:45,555 [INFO] ThirdPartyUpdaterWithRetryManager:96 - Updater plugin is busy. [15/15]
2025-04-17 15:40:45,593 [ERROR] IntegrityCheckThread:130 - Cannot retrieve database content from updater: error -1
2025-04-17 15:40:45,612 [INFO] ThirdParty:978 - Integrity check success = false
2025-04-17 15:40:45,614 [INFO] IntegrityCheckThread:100 - exiting critical section [integrity check]
2025-04-17 15:40:45,619 [INFO] IntegrityCheckThread:103 - End integrity checks thread
2025-04-17 15:53:26,183 [INFO] WebApp:194 - Connection lost
2025-04-17 15:53:26,548 [INFO] WebApp:191 - Connection restablished
2025-04-17 15:53:26,616 [WARN] ServerAccessManage:1168 - Warning during Server Connection :  timeout Read timed out
2025-04-17 15:53:27,722 [INFO] ServerAccessManage:473 - Download File STMicroelectronics.X-CUBE-TOF1.pdsc
2025-04-17 15:53:28,388 [INFO] WebApp:194 - Connection lost
2025-04-17 15:53:28,487 [INFO] WebApp:191 - Connection restablished
2025-04-17 15:53:28,830 [ERROR] ServerAccessManage:1089 - Problem, file not found on Server
2025-04-17 15:53:29,910 [INFO] ServerAccessManage:473 - Download File Avnet-IotConnect.X-CUBE-IoTC-DA16k-PMOD.pdsc
2025-04-17 15:53:30,425 [INFO] CheckServerUpdateThread:120 - End of CheckServer Thread
2025-04-17 15:53:30,929 [WARN] PackLoader:240 - Cannot read IP mode file for STMicroelectronics.X-CUBE-MEMS1.11.2.0
2025-04-17 15:53:31,470 [WARN] PackLoader:240 - Cannot read IP mode file for STMicroelectronics.X-CUBE-TOF1.3.4.3
2025-04-17 15:53:31,514 [WARN] PackLoader:240 - Cannot read IP mode file for Avnet-IotConnect.X-CUBE-IoTC-DA16k-PMOD.1.0.0
2025-04-17 15:53:31,516 [INFO] PopulateThirdPartyThread:66 - Ending populate Thread
2025-04-17 15:53:31,537 [INFO] ThirdParty:1030 - CMSIS Pack Vendor :STMicroelectronics X-CUBE-TOF1 3.4.3
2025-04-17 15:53:31,538 [INFO] ThirdParty:1030 - CMSIS Pack Vendor :STMicroelectronics X-CUBE-MEMS1 11.2.0
2025-04-17 15:53:31,538 [INFO] ThirdParty:1030 - CMSIS Pack Vendor :Avnet-IotConnect X-CUBE-IoTC-DA16k-PMOD 1.0.0
2025-04-17 15:53:31,538 [INFO] LoadServerUpdatesThread:375 - End of LoadServerUpdate Thread
2025-04-17 15:56:07,739 [INFO] WebApp:194 - Connection lost
2025-04-17 15:57:16,516 [INFO] WebApp:191 - Connection restablished
2025-04-17 15:57:16,699 [INFO] WebApp:194 - Connection lost
2025-04-17 15:57:16,991 [INFO] WebApp:191 - Connection restablished
2025-04-17 16:12:54,552 [INFO] WebApp:194 - Connection lost
2025-04-17 16:12:54,697 [INFO] WebApp:191 - Connection restablished
2025-04-17 16:20:11,905 [INFO] WebApp:194 - Connection lost
2025-04-17 16:20:13,632 [INFO] WebApp:191 - Connection restablished
2025-04-17 16:20:15,289 [INFO] WebApp:194 - Connection lost
2025-04-17 16:20:15,430 [INFO] WebApp:191 - Connection restablished
2025-04-17 16:20:15,867 [INFO] WebApp:194 - Connection lost
2025-04-17 16:20:16,057 [INFO] WebApp:191 - Connection restablished
2025-04-17 16:20:47,135 [INFO] WebApp:194 - Connection lost
2025-04-17 16:20:50,248 [INFO] WebApp:191 - Connection restablished
2025-04-17 16:20:51,394 [INFO] WebApp:194 - Connection lost
2025-04-17 16:20:51,497 [INFO] WebApp:191 - Connection restablished
2025-04-17 16:22:28,891 [INFO] WebApp:194 - Connection lost
2025-04-17 16:22:31,689 [INFO] WebApp:191 - Connection restablished
2025-04-17 16:22:38,959 [INFO] WebApp:194 - Connection lost
2025-04-17 16:22:41,090 [INFO] WebApp:191 - Connection restablished
2025-04-17 16:22:54,044 [INFO] WebApp:194 - Connection lost
2025-04-17 16:22:54,358 [INFO] WebApp:191 - Connection restablished
2025-04-17 16:24:52,705 [INFO] WebApp:194 - Connection lost
2025-04-17 16:25:04,955 [INFO] WebApp:191 - Connection restablished
2025-04-17 16:25:06,426 [INFO] WebApp:194 - Connection lost
2025-04-17 16:25:06,627 [INFO] WebApp:191 - Connection restablished
2025-04-17 16:25:08,140 [INFO] WebApp:194 - Connection lost
2025-04-17 16:25:08,387 [INFO] WebApp:191 - Connection restablished
2025-04-17 16:26:15,987 [INFO] WebApp:194 - Connection lost
2025-04-17 16:26:16,116 [INFO] WebApp:191 - Connection restablished
2025-04-17 16:26:32,358 [INFO] WebApp:194 - Connection lost
2025-04-17 16:26:32,775 [INFO] WebApp:191 - Connection restablished
2025-04-17 16:26:35,340 [INFO] WebApp:194 - Connection lost
2025-04-17 16:26:35,884 [INFO] WebApp:191 - Connection restablished
2025-04-17 16:26:37,823 [INFO] WebApp:194 - Connection lost
2025-04-17 16:26:37,959 [INFO] WebApp:191 - Connection restablished
2025-04-17 16:26:38,702 [INFO] WebApp:194 - Connection lost
2025-04-17 16:26:38,822 [INFO] WebApp:191 - Connection restablished
2025-04-17 16:26:40,982 [INFO] WebApp:194 - Connection lost
2025-04-17 16:26:41,088 [INFO] WebApp:191 - Connection restablished
2025-04-17 16:26:41,744 [INFO] WebApp:194 - Connection lost
2025-04-17 16:26:42,085 [INFO] WebApp:191 - Connection restablished
2025-04-17 16:26:46,660 [INFO] WebApp:194 - Connection lost
2025-04-17 16:28:07,920 [INFO] WebApp:191 - Connection restablished
2025-04-17 16:28:10,489 [INFO] WebApp:194 - Connection lost
2025-04-17 16:28:10,673 [INFO] WebApp:191 - Connection restablished
2025-04-17 16:29:37,149 [INFO] WebApp:194 - Connection lost
2025-04-17 16:29:37,377 [INFO] WebApp:191 - Connection restablished
2025-04-17 16:29:49,286 [INFO] WebApp:194 - Connection lost
2025-04-17 16:29:49,377 [INFO] WebApp:191 - Connection restablished
2025-04-17 16:31:09,411 [INFO] WebApp:194 - Connection lost
2025-04-17 16:32:00,830 [INFO] WebApp:191 - Connection restablished
2025-04-17 16:32:18,524 [INFO] WebApp:194 - Connection lost
2025-04-17 16:32:27,334 [INFO] WebApp:191 - Connection restablished
2025-04-17 16:32:38,795 [INFO] WebApp:194 - Connection lost
2025-04-17 16:33:25,292 [INFO] WebApp:191 - Connection restablished
2025-04-17 16:33:35,906 [INFO] WebApp:194 - Connection lost
2025-04-17 16:34:00,868 [INFO] WebApp:191 - Connection restablished
2025-04-17 16:34:04,955 [INFO] WebApp:194 - Connection lost
2025-04-17 16:45:54,820 [INFO] WebApp:191 - Connection restablished
2025-04-17 16:46:21,989 [INFO] WebApp:194 - Connection lost
2025-04-17 16:46:22,240 [INFO] WebApp:191 - Connection restablished
2025-04-17 16:46:52,304 [INFO] WebApp:194 - Connection lost
2025-04-17 16:46:52,474 [INFO] WebApp:191 - Connection restablished
2025-04-17 16:47:22,445 [INFO] WebApp:194 - Connection lost
2025-04-17 16:47:22,661 [INFO] WebApp:191 - Connection restablished
2025-04-17 16:47:52,916 [INFO] WebApp:194 - Connection lost
2025-04-17 16:47:53,094 [INFO] WebApp:191 - Connection restablished
2025-04-17 16:48:22,825 [INFO] WebApp:194 - Connection lost
2025-04-17 16:48:26,151 [INFO] WebApp:191 - Connection restablished
2025-04-17 16:48:52,985 [INFO] WebApp:194 - Connection lost
2025-04-17 16:48:53,148 [INFO] WebApp:191 - Connection restablished
2025-04-17 16:49:23,314 [INFO] WebApp:194 - Connection lost
2025-04-17 16:49:24,726 [INFO] WebApp:191 - Connection restablished
2025-04-17 16:49:25,906 [INFO] WebApp:194 - Connection lost
2025-04-17 16:49:26,026 [INFO] WebApp:191 - Connection restablished
2025-04-17 16:49:53,444 [INFO] WebApp:194 - Connection lost
2025-04-17 16:49:53,591 [INFO] WebApp:191 - Connection restablished
2025-04-17 16:50:23,655 [INFO] WebApp:194 - Connection lost
2025-04-17 16:50:23,912 [INFO] WebApp:191 - Connection restablished
2025-04-17 16:51:44,973 [INFO] WebApp:194 - Connection lost
2025-04-17 16:51:45,144 [INFO] WebApp:191 - Connection restablished
2025-04-17 17:07:06,168 [INFO] WebApp:194 - Connection lost
2025-04-17 17:07:06,373 [INFO] WebApp:191 - Connection restablished
2025-04-17 17:08:04,292 [INFO] WebApp:194 - Connection lost
2025-04-17 17:08:04,484 [INFO] WebApp:191 - Connection restablished
2025-04-17 17:28:16,748 [INFO] WebApp:194 - Connection lost
2025-04-17 17:28:17,024 [INFO] WebApp:191 - Connection restablished
2025-04-17 17:45:21,997 [INFO] WebApp:194 - Connection lost
2025-04-17 17:45:22,281 [INFO] WebApp:191 - Connection restablished
2025-04-17 18:01:30,068 [INFO] WebApp:194 - Connection lost
2025-04-17 18:19:04,484 [INFO] WebApp:191 - Connection restablished
2025-04-17 18:37:04,925 [INFO] WebApp:194 - Connection lost
2025-04-17 18:37:05,133 [INFO] WebApp:191 - Connection restablished
2025-04-17 18:53:26,996 [INFO] WebApp:194 - Connection lost
2025-04-17 18:53:27,163 [INFO] WebApp:191 - Connection restablished
2025-04-17 18:53:27,530 [INFO] WebApp:194 - Connection lost
2025-04-17 18:53:27,642 [INFO] WebApp:191 - Connection restablished
2025-04-17 19:09:55,661 [INFO] WebApp:194 - Connection lost
2025-04-17 19:09:56,389 [INFO] WebApp:191 - Connection restablished
2025-04-17 19:13:19,832 [INFO] WebApp:194 - Connection lost
2025-04-17 19:13:20,025 [INFO] WebApp:191 - Connection restablished
2025-04-17 19:28:53,772 [INFO] WebApp:194 - Connection lost
2025-04-17 19:28:54,001 [INFO] WebApp:191 - Connection restablished
2025-04-17 19:46:40,939 [INFO] WebApp:194 - Connection lost
2025-04-17 19:46:41,112 [INFO] WebApp:191 - Connection restablished
2025-04-17 20:02:44,814 [INFO] WebApp:194 - Connection lost
2025-04-17 20:02:45,009 [INFO] WebApp:191 - Connection restablished
2025-04-17 20:14:19,601 [INFO] WebApp:194 - Connection lost
2025-04-17 20:14:19,849 [INFO] WebApp:191 - Connection restablished
2025-04-17 20:31:09,664 [INFO] WebApp:194 - Connection lost
2025-04-17 20:31:13,315 [INFO] WebApp:191 - Connection restablished
2025-04-17 20:49:12,380 [INFO] WebApp:194 - Connection lost
2025-04-17 20:49:12,548 [INFO] WebApp:191 - Connection restablished
2025-04-17 21:07:05,641 [INFO] WebApp:194 - Connection lost
2025-04-17 21:07:05,838 [INFO] WebApp:191 - Connection restablished
2025-04-17 21:15:19,654 [INFO] WebApp:194 - Connection lost
2025-04-17 21:15:20,296 [INFO] WebApp:191 - Connection restablished
2025-04-17 21:33:21,782 [INFO] WebApp:194 - Connection lost
2025-04-17 21:33:21,992 [INFO] WebApp:191 - Connection restablished
2025-04-17 21:50:23,520 [INFO] WebApp:194 - Connection lost
2025-04-17 21:50:23,731 [INFO] WebApp:191 - Connection restablished
2025-04-17 22:06:53,582 [INFO] WebApp:194 - Connection lost
2025-04-17 22:06:53,777 [INFO] WebApp:191 - Connection restablished
2025-04-17 22:16:19,527 [INFO] WebApp:194 - Connection lost
2025-04-17 22:16:19,770 [INFO] WebApp:191 - Connection restablished
2025-04-17 22:17:18,209 [INFO] WebApp:194 - Connection lost
2025-04-17 22:17:18,432 [INFO] WebApp:191 - Connection restablished
2025-04-17 22:26:13,053 [INFO] WebApp:194 - Connection lost
2025-04-17 22:26:13,286 [INFO] WebApp:191 - Connection restablished
