2025-04-30 00:29:50,629 [INFO] WebApp:194 - Connection lost
2025-04-30 00:29:51,164 [INFO] WebApp:191 - Connection restablished
2025-04-30 00:47:47,519 [INFO] WebApp:194 - Connection lost
2025-04-30 00:47:47,780 [INFO] WebApp:191 - Connection restablished
2025-04-30 00:47:49,971 [INFO] WebApp:194 - Connection lost
2025-04-30 00:47:50,120 [INFO] WebApp:191 - Connection restablished
2025-04-30 01:04:38,572 [INFO] WebApp:194 - Connection lost
2025-04-30 01:04:38,775 [INFO] WebApp:191 - Connection restablished
2025-04-30 01:20:03,346 [INFO] WebApp:194 - Connection lost
2025-04-30 01:20:03,627 [INFO] WebApp:191 - Connection restablished
2025-04-30 01:36:17,622 [INFO] WebApp:194 - Connection lost
2025-04-30 01:36:17,796 [INFO] WebApp:191 - Connection restablished
2025-04-30 01:54:13,506 [INFO] WebApp:194 - Connection lost
2025-04-30 01:54:13,698 [INFO] WebApp:191 - Connection restablished
2025-04-30 02:09:31,092 [INFO] WebApp:194 - Connection lost
2025-04-30 02:09:31,434 [INFO] WebApp:191 - Connection restablished
2025-04-30 02:09:32,667 [INFO] WebApp:194 - Connection lost
2025-04-30 02:09:32,867 [INFO] WebApp:191 - Connection restablished
2025-04-30 02:25:17,229 [INFO] WebApp:194 - Connection lost
2025-04-30 02:25:17,458 [INFO] WebApp:191 - Connection restablished
2025-04-30 02:28:53,166 [INFO] WebApp:194 - Connection lost
2025-04-30 02:28:53,405 [INFO] WebApp:191 - Connection restablished
2025-04-30 02:37:23,454 [INFO] WebApp:194 - Connection lost
2025-04-30 02:37:26,301 [INFO] WebApp:191 - Connection restablished
2025-04-30 02:54:02,370 [INFO] WebApp:194 - Connection lost
2025-04-30 02:54:02,604 [INFO] WebApp:191 - Connection restablished
2025-04-30 03:11:46,396 [INFO] WebApp:194 - Connection lost
2025-04-30 03:11:46,589 [INFO] WebApp:191 - Connection restablished
2025-04-30 03:11:52,051 [INFO] WebApp:194 - Connection lost
2025-04-30 03:11:52,268 [INFO] WebApp:191 - Connection restablished
2025-04-30 03:29:54,157 [INFO] WebApp:194 - Connection lost
2025-04-30 03:29:54,355 [INFO] WebApp:191 - Connection restablished
2025-04-30 03:47:47,030 [INFO] WebApp:194 - Connection lost
2025-04-30 03:47:47,270 [INFO] WebApp:191 - Connection restablished
2025-04-30 04:03:07,124 [INFO] WebApp:194 - Connection lost
2025-04-30 04:03:07,312 [INFO] WebApp:191 - Connection restablished
2025-04-30 04:18:36,214 [INFO] WebApp:194 - Connection lost
2025-04-30 04:18:36,399 [INFO] WebApp:191 - Connection restablished
2025-04-30 04:30:55,004 [INFO] WebApp:194 - Connection lost
2025-04-30 04:30:55,160 [INFO] WebApp:191 - Connection restablished
2025-04-30 04:46:20,939 [INFO] WebApp:194 - Connection lost
2025-04-30 04:46:21,191 [INFO] WebApp:191 - Connection restablished
2025-04-30 05:02:57,206 [INFO] WebApp:194 - Connection lost
2025-04-30 05:02:57,473 [INFO] WebApp:191 - Connection restablished
2025-04-30 05:18:08,777 [INFO] WebApp:194 - Connection lost
2025-04-30 05:18:09,117 [INFO] WebApp:191 - Connection restablished
2025-04-30 05:31:54,811 [INFO] WebApp:194 - Connection lost
2025-04-30 05:31:55,149 [INFO] WebApp:191 - Connection restablished
2025-04-30 05:49:51,851 [INFO] WebApp:194 - Connection lost
2025-04-30 05:49:52,142 [INFO] WebApp:191 - Connection restablished
2025-04-30 06:05:41,908 [INFO] WebApp:194 - Connection lost
2025-04-30 06:05:42,118 [INFO] WebApp:191 - Connection restablished
2025-04-30 06:22:30,529 [INFO] WebApp:194 - Connection lost
2025-04-30 06:22:30,740 [INFO] WebApp:191 - Connection restablished
2025-04-30 06:32:54,618 [INFO] WebApp:194 - Connection lost
2025-04-30 06:32:55,325 [INFO] WebApp:191 - Connection restablished
2025-04-30 06:48:55,966 [INFO] WebApp:194 - Connection lost
2025-04-30 06:48:56,163 [INFO] WebApp:191 - Connection restablished
2025-04-30 07:05:29,750 [INFO] WebApp:194 - Connection lost
2025-04-30 07:05:29,914 [INFO] WebApp:191 - Connection restablished
2025-04-30 07:21:29,571 [INFO] WebApp:194 - Connection lost
2025-04-30 07:21:29,859 [INFO] WebApp:191 - Connection restablished
2025-04-30 07:33:55,140 [INFO] WebApp:194 - Connection lost
2025-04-30 07:33:55,407 [INFO] WebApp:191 - Connection restablished
2025-04-30 07:45:01,951 [INFO] WebApp:194 - Connection lost
2025-04-30 07:45:02,182 [INFO] WebApp:191 - Connection restablished
2025-04-30 07:56:31,429 [INFO] WebApp:194 - Connection lost
2025-04-30 07:56:31,741 [INFO] WebApp:191 - Connection restablished
2025-04-30 13:08:12,434 [INFO] WebApp:194 - Connection lost
2025-04-30 13:08:12,924 [INFO] WebApp:191 - Connection restablished
2025-04-30 13:18:09,905 [INFO] WebApp:194 - Connection lost
2025-04-30 13:18:10,886 [INFO] WebApp:191 - Connection restablished
2025-04-30 13:22:20,314 [INFO] MainUpdater:2872 - connection check result : 10
2025-04-30 13:22:20,318 [INFO] MainUpdater:2872 - connection check result : 10
2025-04-30 13:22:21,764 [INFO] MicroXplorer:468 - Change Database Path : 
2025-04-30 13:22:21,765 [INFO] MicroXplorer:498 - Change Database Version : DB.6.0.141
2025-04-30 13:22:22,008 [ERROR] ProjectManagerView:395 - 
java.lang.NullPointerException: Cannot invoke "javax.swing.JTextField.getText()" because the return value of "java.util.List.get(int)" is null
	at com.st.microxplorer.plugins.projectmanager.gui.ProjectChoiceTab$9.caretUpdate(ProjectChoiceTab.java:2678) ~[filemanager.jar:?]
	at javax.swing.text.JTextComponent.fireCaretUpdate(JTextComponent.java:408) ~[?:?]
	at javax.swing.text.JTextComponent$MutableCaretEvent.fire(JTextComponent.java:4484) ~[?:?]
	at javax.swing.text.JTextComponent$MutableCaretEvent.stateChanged(JTextComponent.java:4506) ~[?:?]
	at javax.swing.text.DefaultCaret.fireStateChanged(DefaultCaret.java:857) ~[?:?]
	at javax.swing.text.DefaultCaret.changeCaretPosition(DefaultCaret.java:1343) ~[?:?]
	at javax.swing.text.DefaultCaret.handleSetDot(DefaultCaret.java:1242) ~[?:?]
	at javax.swing.text.DefaultCaret.setDot(DefaultCaret.java:1223) ~[?:?]
	at javax.swing.text.DefaultCaret$Handler.insertUpdate(DefaultCaret.java:1819) ~[?:?]
	at javax.swing.text.AbstractDocument.fireInsertUpdate(AbstractDocument.java:227) ~[?:?]
	at javax.swing.text.AbstractDocument.handleInsertString(AbstractDocument.java:781) ~[?:?]
	at javax.swing.text.AbstractDocument.insertString(AbstractDocument.java:740) ~[?:?]
	at javax.swing.text.PlainDocument.insertString(PlainDocument.java:131) ~[?:?]
	at javax.swing.text.AbstractDocument.replace(AbstractDocument.java:699) ~[?:?]
	at javax.swing.text.JTextComponent.setText(JTextComponent.java:1725) ~[?:?]
	at com.st.microxplorer.plugins.projectmanager.gui.ProjectChoiceTab.createHeapStackFields(ProjectChoiceTab.java:979) ~[filemanager.jar:?]
	at com.st.microxplorer.plugins.projectmanager.gui.ProjectChoiceTab.buildLinkSettingsPanel(ProjectChoiceTab.java:3766) ~[filemanager.jar:?]
	at com.st.microxplorer.plugins.projectmanager.gui.ProjectChoiceTab.defineWindowsFields(ProjectChoiceTab.java:1962) ~[filemanager.jar:?]
	at com.st.microxplorer.plugins.projectmanager.gui.ProjectChoiceTab.updateSettings(ProjectChoiceTab.java:555) ~[filemanager.jar:?]
	at com.st.microxplorer.plugins.projectmanager.gui.ProjectSettingsPanel.UpdateDialog(ProjectSettingsPanel.java:245) ~[filemanager.jar:?]
	at com.st.microxplorer.plugins.projectmanager.ProjectManagerView.propertyChange(ProjectManagerView.java:392) ~[filemanager.jar:?]
	at java.beans.PropertyChangeSupport.fire(PropertyChangeSupport.java:343) ~[?:?]
	at java.beans.PropertyChangeSupport.firePropertyChange(PropertyChangeSupport.java:335) ~[?:?]
	at java.beans.PropertyChangeSupport.firePropertyChange(PropertyChangeSupport.java:268) ~[?:?]
	at com.st.microxplorer.util.MXPropertyChangeSupport.firePropertyChange(MXPropertyChangeSupport.java:54) ~[STM32CubeMX.jar:?]
	at com.st.microxplorer.mxsystem.MxSystem.closeConfig(MxSystem.java:899) ~[STM32CubeMX.jar:?]
	at com.st.microxplorer.maingui.MainPanel.closeConfig(MainPanel.java:789) ~[STM32CubeMX.jar:?]
	at com.st.microxplorer.plugins.filemanager.engine.OpenFileManager.loadConfigurationFile(OpenFileManager.java:287) ~[filemanager.jar:?]
	at com.st.microxplorer.plugins.filemanager.engine.MainFileManager.userLoadConfig(MainFileManager.java:341) ~[filemanager.jar:?]
	at com.st.microxplorer.plugins.filemanager.engine.MainFileManager.userLoadConfig(MainFileManager.java:319) ~[filemanager.jar:?]
	at com.st.microxplorer.plugins.filemanager.FileManagerView.getSpecificTask(FileManagerView.java:246) ~[filemanager.jar:?]
	at com.st.stm32cube.common.mx.editor.CubeMxEditor.getMxTabbedPaneInstance(CubeMxEditor.java:1198) ~[com.st.stm32cube.common.mx_6.14.1.202504091515/:?]
	at com.st.stm32cube.common.mx.editor.CubeMxEditor$12$1.createSwingComponent(CubeMxEditor.java:1068) ~[com.st.stm32cube.common.mx_6.14.1.202504091515/:?]
	at com.st.stm32cube.common.mx.oss.core.awtswtbridge.EmbeddedSwingComposite.doComponentCreation(EmbeddedSwingComposite.java:492) ~[com.st.stm32cube.common.mx.oss_6.14.1.202504091515/:?]
	at com.st.stm32cube.common.mx.oss.core.awtswtbridge.EmbeddedSwingComposite$4.run(EmbeddedSwingComposite.java:291) ~[com.st.stm32cube.common.mx.oss_6.14.1.202504091515/:?]
	at com.st.stm32cube.common.mx.oss.core.awtswtbridge.AwtEnvironment$2.run(AwtEnvironment.java:166) ~[com.st.stm32cube.common.mx.oss_6.14.1.202504091515/:?]
	at java.awt.event.InvocationEvent.dispatch(InvocationEvent.java:318) ~[?:?]
	at java.awt.EventQueue.dispatchEventImpl(EventQueue.java:773) ~[?:?]
	at java.awt.EventQueue$4.run(EventQueue.java:720) ~[?:?]
	at java.awt.EventQueue$4.run(EventQueue.java:714) ~[?:?]
	at java.security.AccessController.doPrivileged(AccessController.java:400) ~[?:?]
	at java.security.ProtectionDomain$JavaSecurityAccessImpl.doIntersectionPrivilege(ProtectionDomain.java:87) ~[?:?]
	at java.awt.EventQueue.dispatchEvent(EventQueue.java:742) ~[?:?]
	at java.awt.EventDispatchThread.pumpOneEventForFilters(EventDispatchThread.java:203) ~[?:?]
	at java.awt.EventDispatchThread.pumpEventsForFilter(EventDispatchThread.java:124) ~[?:?]
	at java.awt.EventDispatchThread.pumpEventsForHierarchy(EventDispatchThread.java:113) ~[?:?]
	at java.awt.EventDispatchThread.pumpEvents(EventDispatchThread.java:109) ~[?:?]
	at java.awt.EventDispatchThread.pumpEvents(EventDispatchThread.java:101) ~[?:?]
	at java.awt.EventDispatchThread.run(EventDispatchThread.java:90) ~[?:?]
2025-04-30 13:22:22,016 [WARN] ThirdParty:871 - waiting for thirdparty lock release [close project]
2025-04-30 13:22:22,016 [INFO] ThirdParty:873 - entering critical section [close project]
2025-04-30 13:22:22,017 [INFO] ThirdParty:883 - exiting critical section [close project]
2025-04-30 13:22:22,027 [INFO] PinOutPanel:1589 - setPackage(No Configuration,No Configuration)
2025-04-30 13:22:22,118 [WARN] IpParametersView:155 - Warning: This peripheral hasn't parameters
2025-04-30 13:22:22,221 [WARN] MainPanel:289 - <html><b><center>Warning: This peripheral has no parameters to be configured<br></b></html>
2025-04-30 13:22:22,244 [INFO] UtilMem:75 - Begin LoadConfig() Used Memory: 731241392 Bytes (1073741824)
2025-04-30 13:22:22,250 [INFO] MicroXplorer:468 - Change Database Path : 
2025-04-30 13:22:22,250 [INFO] MicroXplorer:498 - Change Database Version : DB.6.0.141
2025-04-30 13:22:22,251 [INFO] OpenFileManager:354 - Change cursor
2025-04-30 13:22:22,458 [INFO] RulesReader:64 - Compatibility file has been processed (302 Rules)
2025-04-30 13:22:22,512 [INFO] Mcu:2011 - Initializing MCU STM32H753ZITx STM32H753ZITx STM32H753ZIT6
2025-04-30 13:22:31,268 [INFO] Context:756 - Trying to add GPIOservice into a context  which must be forbidden
2025-04-30 13:22:34,827 [INFO] ApiDbMcu:508 - Load IP Config File for NUCLEO-H753ZI
2025-04-30 13:22:35,035 [INFO] ImportTextPane:218 - (OptionalMessage_ERROR) Pin20 (VP_RIF_VS_RIF1) cannot be retrieved for this MCU
2025-04-30 13:22:35,053 [INFO] ImportTextPane:218 - (OptionalMessage_ERROR) Unable to find key (Mcu.IP8) in loaded IOC file
2025-04-30 13:22:35,054 [INFO] ImportTextPane:218 - (OptionalMessage_ERROR) Unknown IP (dummy)
2025-04-30 13:22:35,567 [INFO] RtosManager:558 - Registered RTOS mode: class=CMSIS, group=RTOS, mode=CMSIS_V1, owner=FREERTOS
2025-04-30 13:22:35,568 [INFO] RtosManager:558 - Registered RTOS mode: class=CMSIS, group=RTOS2, mode=CMSIS_V2, owner=FREERTOS
2025-04-30 13:22:35,569 [INFO] RtosManager:558 - Registered RTOS mode: class=RTOS, group=Core, mode=CMSIS_V1, owner=FREERTOS
2025-04-30 13:22:35,569 [INFO] RtosManager:558 - Registered RTOS mode: class=RTOS, group=Core, mode=CMSIS_V2, owner=FREERTOS
2025-04-30 13:22:35,569 [WARN] ModelIntegratedComponent:184 - Missing modes for component STMicroelectronics:FreeRTOS:0.0.1:STMicroelectronics:RTOS:FreeRTOS:Core:::10.2.0:
2025-04-30 13:22:35,576 [WARN] ModelIntegratedComponent:63 - No mode defined for component null
2025-04-30 13:22:35,577 [WARN] ModelIntegratedComponent:63 - No mode defined for component null
2025-04-30 13:22:35,577 [WARN] ModelIntegratedComponent:63 - No mode defined for component null
2025-04-30 13:22:35,577 [WARN] ModelIntegratedComponent:63 - No mode defined for component null
2025-04-30 13:22:35,578 [WARN] ModelIntegratedComponent:63 - No mode defined for component null
2025-04-30 13:22:35,578 [WARN] ModelIntegratedComponent:63 - No mode defined for component null
2025-04-30 13:22:35,578 [WARN] ModelIntegratedComponent:63 - No mode defined for component null
2025-04-30 13:22:35,578 [WARN] ModelIntegratedComponent:63 - No mode defined for component null
2025-04-30 13:22:35,578 [WARN] ModelIntegratedComponent:63 - No mode defined for component null
2025-04-30 13:22:35,578 [WARN] ModelIntegratedComponent:63 - No mode defined for component null
2025-04-30 13:22:35,578 [WARN] ModelIntegratedComponent:63 - No mode defined for component null
2025-04-30 13:22:35,578 [WARN] ModelIntegratedComponent:63 - No mode defined for component null
2025-04-30 13:22:35,579 [WARN] ModelIntegratedComponent:63 - No mode defined for component null
2025-04-30 13:22:35,579 [WARN] ModelIntegratedComponent:63 - No mode defined for component null
2025-04-30 13:22:35,580 [WARN] ModelIntegratedComponent:63 - No mode defined for component null
2025-04-30 13:22:35,580 [WARN] ModelIntegratedComponent:63 - No mode defined for component null
2025-04-30 13:22:35,581 [WARN] ModelIntegratedComponent:63 - No mode defined for component null
2025-04-30 13:22:35,582 [WARN] ModelIntegratedComponent:63 - No mode defined for component null
2025-04-30 13:22:35,582 [WARN] ModelIntegratedComponent:63 - No mode defined for component null
2025-04-30 13:22:35,582 [WARN] ModelIntegratedComponent:63 - No mode defined for component null
2025-04-30 13:22:35,582 [WARN] ModelIntegratedComponent:63 - No mode defined for component null
2025-04-30 13:22:35,582 [WARN] ModelIntegratedComponent:63 - No mode defined for component null
2025-04-30 13:22:35,582 [WARN] ModelIntegratedComponent:63 - No mode defined for component null
2025-04-30 13:22:35,584 [WARN] ModelIntegratedComponent:63 - No mode defined for component null
2025-04-30 13:22:35,587 [WARN] ModelIntegratedComponent:63 - No mode defined for component null
2025-04-30 13:22:35,589 [WARN] ModelIntegratedComponent:63 - No mode defined for component null
2025-04-30 13:22:35,592 [WARN] ModelIntegratedComponent:63 - No mode defined for component null
2025-04-30 13:22:35,595 [WARN] ModelIntegratedComponent:63 - No mode defined for component null
2025-04-30 13:22:35,599 [WARN] ModelIntegratedComponent:63 - No mode defined for component null
2025-04-30 13:22:35,600 [WARN] ModelIntegratedComponent:63 - No mode defined for component null
2025-04-30 13:22:35,600 [WARN] ModelIntegratedComponent:63 - No mode defined for component null
2025-04-30 13:22:35,600 [WARN] ModelIntegratedComponent:63 - No mode defined for component null
2025-04-30 13:22:35,600 [WARN] ModelIntegratedComponent:63 - No mode defined for component null
2025-04-30 13:22:35,601 [WARN] ModelIntegratedComponent:63 - No mode defined for component null
2025-04-30 13:22:35,601 [WARN] ModelIntegratedComponent:63 - No mode defined for component null
2025-04-30 13:22:35,602 [WARN] ModelPack:524 - Component already loaded: STMicroelectronics:HAL Drivers:0.0.0:STMicroelectronics:Device:STMicro_Driver:XSPI:HAL::0.0.1:HAL_XSPI
2025-04-30 13:22:36,787 [INFO] ThirdPartyModel:298 - Start build external matchings
2025-04-30 13:22:39,890 [INFO] ThirdPartyModel:316 - End build external matchings
2025-04-30 13:22:40,678 [INFO] UtilMem:75 - End LoadConfig() Used Memory: 873662888 Bytes (1073741824)
2025-04-30 13:22:40,768 [WARN] ThirdParty:833 - waiting for thirdparty lock release [change project]
2025-04-30 13:22:40,770 [INFO] ThirdParty:835 - entering critical section [change project]
2025-04-30 13:22:40,771 [INFO] ThirdParty:1030 - CMSIS Pack Vendor :STMicroelectronics USBPD 4.1
2025-04-30 13:22:40,771 [INFO] ThirdParty:1030 - CMSIS Pack Vendor :STMicroelectronics X-CUBE-GNSS1 6.0.0
2025-04-30 13:22:40,771 [INFO] ThirdParty:1030 - CMSIS Pack Vendor :STMicroelectronics USB_HOST 2.0.0
2025-04-30 13:22:40,771 [INFO] ThirdParty:1030 - CMSIS Pack Vendor :STMicroelectronics X-CUBE-AZRTOS-F4 1.1.0
2025-04-30 13:22:40,771 [INFO] ThirdParty:1030 - CMSIS Pack Vendor :STMicroelectronics LIBJPEG 8.0.0
2025-04-30 13:22:40,771 [INFO] ThirdParty:1030 - CMSIS Pack Vendor :STMicroelectronics FP-ATR-ASTRA1 2.0.2
2025-04-30 13:22:40,771 [INFO] ThirdParty:1030 - CMSIS Pack Vendor :STMicroelectronics FP-ATR-ASTRA1 2.0.1
2025-04-30 13:22:40,771 [INFO] ThirdParty:1030 - CMSIS Pack Vendor :Avnet-IotConnect X-CUBE-IoTC-DA16k-PMOD 1.0.0
2025-04-30 13:22:40,771 [INFO] ThirdParty:1030 - CMSIS Pack Vendor :STMicroelectronics X-CUBE-WB05N 1.1.0
2025-04-30 13:22:40,771 [INFO] ThirdParty:1030 - CMSIS Pack Vendor :STMicroelectronics X-CUBE-FREERTOS 1.2.0
2025-04-30 13:22:40,771 [INFO] ThirdParty:1030 - CMSIS Pack Vendor :STMicroelectronics X-CUBE-AZRTOS-F7 1.1.0
2025-04-30 13:22:40,771 [INFO] ThirdParty:1030 - CMSIS Pack Vendor :STMicroelectronics X-CUBE-AZRTOS-L5 2.0.0
2025-04-30 13:22:40,772 [INFO] ThirdParty:1030 - CMSIS Pack Vendor :STMicroelectronics USB_DEVICE 2.0.0
2025-04-30 13:22:40,773 [INFO] ThirdParty:1030 - CMSIS Pack Vendor :STMicroelectronics X-CUBE-MEMS1 9.6.0
2025-04-30 13:22:40,773 [INFO] ThirdParty:1030 - CMSIS Pack Vendor :STMicroelectronics FP-SNS-FLIGHT1 5.0.0
2025-04-30 13:22:40,773 [INFO] ThirdParty:1030 - CMSIS Pack Vendor :STMicroelectronics X-CUBE-MEMS1 11.0.0
2025-04-30 13:22:40,773 [INFO] ThirdParty:1030 - CMSIS Pack Vendor :STMicroelectronics X-CUBE-BLE1 6.2.4
2025-04-30 13:22:40,773 [INFO] ThirdParty:1030 - CMSIS Pack Vendor :STMicroelectronics FreeRTOS 0.0.1
2025-04-30 13:22:40,773 [INFO] ThirdParty:1030 - CMSIS Pack Vendor :STMicroelectronics X-CUBE-BLEMGR 2.0.0
2025-04-30 13:22:40,773 [INFO] ThirdParty:1030 - CMSIS Pack Vendor :STMicroelectronics X-CUBE-DPower 1.2.0
2025-04-30 13:22:40,773 [INFO] ThirdParty:1030 - CMSIS Pack Vendor :STMicroelectronics FP-SNS-FLIGHT1 5.0.2
2025-04-30 13:22:40,773 [INFO] ThirdParty:1030 - CMSIS Pack Vendor :STMicroelectronics X-CUBE-AI 9.0.0
2025-04-30 13:22:40,773 [INFO] ThirdParty:1030 - CMSIS Pack Vendor :STMicroelectronics X-CUBE-AZRTOS-H7 3.1.0
2025-04-30 13:22:40,773 [INFO] ThirdParty:1030 - CMSIS Pack Vendor :STMicroelectronics PDM2PCM 3.3.0
2025-04-30 13:22:40,773 [INFO] ThirdParty:1030 - CMSIS Pack Vendor :STMicroelectronics X-CUBE-BLE1 7.0.0
2025-04-30 13:22:40,773 [INFO] ThirdParty:1030 - CMSIS Pack Vendor :STMicroelectronics X-CUBE-BLEMGR 4.0.0
2025-04-30 13:22:40,773 [INFO] ThirdParty:1030 - CMSIS Pack Vendor :STMicroelectronics HAL Drivers 0.0.0
2025-04-30 13:22:40,773 [INFO] ThirdParty:1030 - CMSIS Pack Vendor :emotas I-CUBE-CANOPEN 1.3.0
2025-04-30 13:22:40,774 [INFO] ThirdParty:1030 - CMSIS Pack Vendor :STMicroelectronics X-CUBE-FREERTOS 1.3.0
2025-04-30 13:22:40,774 [INFO] ThirdParty:1030 - CMSIS Pack Vendor :STMicroelectronics MBEDTLS 2.14.1
2025-04-30 13:22:40,774 [INFO] ThirdParty:1030 - CMSIS Pack Vendor :STMicroelectronics X-CUBE-NFC7 1.0.0
2025-04-30 13:22:40,775 [INFO] ThirdParty:1030 - CMSIS Pack Vendor :STMicroelectronics X-CUBE-BLEMGR 3.1.0
2025-04-30 13:22:40,775 [INFO] ThirdParty:1030 - CMSIS Pack Vendor :STMicroelectronics X-CUBE-AI 10.0.0
2025-04-30 13:22:40,777 [INFO] ThirdParty:1030 - CMSIS Pack Vendor :STMicroelectronics FP-SNS-FLIGHT1 5.1.0
2025-04-30 13:22:40,778 [INFO] ThirdParty:1030 - CMSIS Pack Vendor :STMicroelectronics X-CUBE-MEMS1 11.1.0
2025-04-30 13:22:40,779 [INFO] ThirdParty:1030 - CMSIS Pack Vendor :STMicroelectronics X-CUBE-AZRTOS-WL 2.0.0
2025-04-30 13:22:40,781 [INFO] ThirdParty:1030 - CMSIS Pack Vendor :STMicroelectronics X-CUBE-DPower 1.3.0
2025-04-30 13:22:40,784 [INFO] ThirdParty:1030 - CMSIS Pack Vendor :STMicroelectronics USB_DEVICE 1.0.0
2025-04-30 13:22:40,786 [INFO] ThirdParty:1030 - CMSIS Pack Vendor :wolfSSL I-CUBE-wolfMQTT 1.19.0
2025-04-30 13:22:40,786 [INFO] ThirdParty:1030 - CMSIS Pack Vendor :STMicroelectronics X-CUBE-AZRTOS-L4 2.0.0
2025-04-30 13:22:40,787 [INFO] ThirdParty:1030 - CMSIS Pack Vendor :STMicroelectronics ThreadX 0.0.2
2025-04-30 13:22:40,787 [INFO] ThirdParty:1030 - CMSIS Pack Vendor :WES I-CUBE-Cesium 1.3.0
2025-04-30 13:22:40,787 [INFO] ThirdParty:1030 - CMSIS Pack Vendor :STMicroelectronics lwIP 2.1.2
2025-04-30 13:22:40,787 [INFO] ThirdParty:1030 - CMSIS Pack Vendor :STMicroelectronics X-CUBE-SFXS2LP1 4.0.0
2025-04-30 13:22:40,787 [INFO] ThirdParty:1030 - CMSIS Pack Vendor :STMicroelectronics X-CUBE-BLE2 3.3.0
2025-04-30 13:22:40,787 [INFO] ThirdParty:1030 - CMSIS Pack Vendor :STMicroelectronics PDM2PCM 3.2.0
2025-04-30 13:22:40,787 [INFO] ThirdParty:1030 - CMSIS Pack Vendor :STMicroelectronics X-CUBE-ISPU 1.1.0
2025-04-30 13:22:40,787 [INFO] ThirdParty:1030 - CMSIS Pack Vendor :STMicroelectronics X-CUBE-AZRTOS-H7 3.3.0
2025-04-30 13:22:40,787 [INFO] ThirdParty:1030 - CMSIS Pack Vendor :STMicroelectronics X-CUBE-BLE1 7.1.0
2025-04-30 13:22:40,787 [INFO] ThirdParty:1030 - CMSIS Pack Vendor :STMicroelectronics USB_DEVICE 3.0.0
2025-04-30 13:22:40,787 [INFO] ThirdParty:1030 - CMSIS Pack Vendor :STMicroelectronics X-CUBE-TCPP 4.1.0
2025-04-30 13:22:40,788 [INFO] ThirdParty:1030 - CMSIS Pack Vendor :STMicroelectronics X-CUBE-AI 8.0.0
2025-04-30 13:22:40,788 [INFO] ThirdParty:1030 - CMSIS Pack Vendor :STMicroelectronics X-CUBE-IPS 3.0.0
2025-04-30 13:22:40,788 [INFO] ThirdParty:1030 - CMSIS Pack Vendor :STMicroelectronics X-CUBE-AZRTOS-WB 2.0.0
2025-04-30 13:22:40,788 [INFO] ThirdParty:1030 - CMSIS Pack Vendor :STMicroelectronics X-CUBE-FREERTOS 1.0.1
2025-04-30 13:22:40,788 [INFO] ThirdParty:1030 - CMSIS Pack Vendor :STMicroelectronics X-CUBE-GNSS1 7.0.0
2025-04-30 13:22:40,789 [INFO] ThirdParty:1030 - CMSIS Pack Vendor :STMicroelectronics X-CUBE-GNSS1 7.0.1
2025-04-30 13:22:40,789 [INFO] ThirdParty:1030 - CMSIS Pack Vendor :STMicroelectronics X-CUBE-TOUCHGFX 4.21.3
2025-04-30 13:22:40,790 [INFO] ThirdParty:1030 - CMSIS Pack Vendor :STMicroelectronics X-CUBE-TOUCHGFX 4.21.4
2025-04-30 13:22:40,790 [INFO] ThirdParty:1030 - CMSIS Pack Vendor :STMicroelectronics X-CUBE-TOUCHGFX 4.25.0
2025-04-30 13:22:40,791 [INFO] ThirdParty:1030 - CMSIS Pack Vendor :STMicroelectronics X-CUBE-MEMS1 9.4.0
2025-04-30 13:22:40,791 [INFO] ThirdParty:1030 - CMSIS Pack Vendor :STMicroelectronics X-CUBE-AI 7.3.0
2025-04-30 13:22:40,791 [INFO] ThirdParty:1030 - CMSIS Pack Vendor :STMicroelectronics X-CUBE-ALGOBUILD 1.3.0
2025-04-30 13:22:40,791 [INFO] ThirdParty:1030 - CMSIS Pack Vendor :STMicroelectronics X-CUBE-AZRTOS-L5 1.1.0
2025-04-30 13:22:40,791 [INFO] ThirdParty:1030 - CMSIS Pack Vendor :STMicroelectronics X-CUBE-MEMS1 11.2.0
2025-04-30 13:22:40,791 [INFO] ThirdParty:1030 - CMSIS Pack Vendor :STMicroelectronics X-CUBE-AZRTOS-G0 1.1.0
2025-04-30 13:22:40,791 [INFO] ThirdParty:1030 - CMSIS Pack Vendor :STMicroelectronics X-CUBE-AI 8.0.1
2025-04-30 13:22:40,791 [INFO] ThirdParty:1030 - CMSIS Pack Vendor :STMicroelectronics X-CUBE-SUBG2 5.0.0
2025-04-30 13:22:40,791 [INFO] ThirdParty:1030 - CMSIS Pack Vendor :STMicroelectronics X-CUBE-AZRTOS-H7RS 1.1.0
2025-04-30 13:22:40,791 [INFO] ThirdParty:1030 - CMSIS Pack Vendor :STMicroelectronics STM32_WPAN 1.0.0
2025-04-30 13:22:40,791 [INFO] ThirdParty:1030 - CMSIS Pack Vendor :EmbeddedOffice I-CUBE-FS-RTOS 1.0.1
2025-04-30 13:22:40,791 [INFO] ThirdParty:1030 - CMSIS Pack Vendor :STMicroelectronics lwIP 2.0.3
2025-04-30 13:22:40,791 [INFO] ThirdParty:1030 - CMSIS Pack Vendor :Cesanta I-CUBE-Mongoose 7.13.0
2025-04-30 13:22:40,791 [INFO] ThirdParty:1030 - CMSIS Pack Vendor :STMicroelectronics USB_HOST 1.0.0
2025-04-30 13:22:40,791 [INFO] ThirdParty:1030 - CMSIS Pack Vendor :STMicroelectronics X-CUBE-WB05N 2.0.0
2025-04-30 13:22:40,791 [INFO] ThirdParty:1030 - CMSIS Pack Vendor :STMicroelectronics PDM2PCM 3.1.0
2025-04-30 13:22:40,791 [INFO] ThirdParty:1030 - CMSIS Pack Vendor :STMicroelectronics X-CUBE-TOF1 3.3.0
2025-04-30 13:22:40,791 [INFO] ThirdParty:1030 - CMSIS Pack Vendor :STMicroelectronics FP-ATR-ASTRA1 1.1.1
2025-04-30 13:22:40,791 [INFO] ThirdParty:1030 - CMSIS Pack Vendor :STMicroelectronics X-CUBE-BLEMGR 1.3.0
2025-04-30 13:22:40,791 [INFO] ThirdParty:1030 - CMSIS Pack Vendor :STMicroelectronics X-CUBE-TCPP 4.2.0
2025-04-30 13:22:40,791 [INFO] ThirdParty:1030 - CMSIS Pack Vendor :RealThread X-CUBE-RT-Thread_Nano 4.1.1
2025-04-30 13:22:40,791 [INFO] ThirdParty:1030 - CMSIS Pack Vendor :STMicroelectronics FP-ATR-SIGFOX1 3.2.0
2025-04-30 13:22:40,791 [INFO] ThirdParty:1030 - CMSIS Pack Vendor :STMicroelectronics X-CUBE-AZRTOS-G4 1.0.0
2025-04-30 13:22:40,791 [INFO] ThirdParty:1030 - CMSIS Pack Vendor :STMicroelectronics X-CUBE-AZRTOS-L4 1.0.0
2025-04-30 13:22:40,791 [INFO] ThirdParty:1030 - CMSIS Pack Vendor :quantropi X-CUBE-qispace-sdk-base 1.9.3
2025-04-30 13:22:40,791 [INFO] ThirdParty:1030 - CMSIS Pack Vendor :STMicroelectronics MBEDTLS 2.16.2
2025-04-30 13:22:40,791 [INFO] ThirdParty:1030 - CMSIS Pack Vendor :STMicroelectronics X-CUBE-IPS 3.1.0
2025-04-30 13:22:40,791 [INFO] ThirdParty:1030 - CMSIS Pack Vendor :STMicroelectronics X-CUBE-MEMS1 10.0.0
2025-04-30 13:22:40,791 [INFO] ThirdParty:1030 - CMSIS Pack Vendor :ITTIA_DB I-CUBE-ITTIADB 8.9.0
2025-04-30 13:22:40,791 [INFO] ThirdParty:1030 - CMSIS Pack Vendor :STMicroelectronics X-CUBE-TOUCHGFX 4.24.2
2025-04-30 13:22:40,791 [INFO] ThirdParty:1030 - CMSIS Pack Vendor :STMicroelectronics X-CUBE-TOUCHGFX 4.24.1
2025-04-30 13:22:40,791 [INFO] ThirdParty:1030 - CMSIS Pack Vendor :wolfSSL I-CUBE-wolfTPM 3.4.0
2025-04-30 13:22:40,791 [INFO] ThirdParty:1030 - CMSIS Pack Vendor :portGmbH I-Cube-SoM-uGOAL 1.1.0
2025-04-30 13:22:40,791 [INFO] ThirdParty:1030 - CMSIS Pack Vendor :STMicroelectronics X-CUBE-ALS 1.0.1
2025-04-30 13:22:40,791 [INFO] ThirdParty:1030 - CMSIS Pack Vendor :STMicroelectronics X-CUBE-MEMS1 9.5.0
2025-04-30 13:22:40,791 [INFO] ThirdParty:1030 - CMSIS Pack Vendor :STMicroelectronics ThreadX 1.0.0
2025-04-30 13:22:40,791 [INFO] ThirdParty:1030 - CMSIS Pack Vendor :STMicroelectronics X-CUBE-AZRTOS-WB 1.1.0
2025-04-30 13:22:40,792 [INFO] ThirdParty:1030 - CMSIS Pack Vendor :SEGGER I-CUBE-embOS 1.3.1
2025-04-30 13:22:40,792 [INFO] ThirdParty:1030 - CMSIS Pack Vendor :STMicroelectronics X-CUBE-ALGOBUILD 1.4.0
2025-04-30 13:22:40,792 [INFO] ThirdParty:1030 - CMSIS Pack Vendor :STMicroelectronics X-CUBE-AZRTOS-H7RS 1.0.0
2025-04-30 13:22:40,793 [INFO] ThirdParty:1030 - CMSIS Pack Vendor :STMicroelectronics FP-ATR-ASTRA1 2.0.0
2025-04-30 13:22:40,793 [INFO] ThirdParty:1030 - CMSIS Pack Vendor :STMicroelectronics X-CUBE-TOF1 3.4.2
2025-04-30 13:22:40,793 [INFO] ThirdParty:1030 - CMSIS Pack Vendor :STMicroelectronics X-CUBE-TOF1 3.4.3
2025-04-30 13:22:40,793 [INFO] ThirdParty:1030 - CMSIS Pack Vendor :Infineon AIROC-Wi-Fi-Bluetooth-STM32 1.6.1
2025-04-30 13:22:40,793 [INFO] ThirdParty:1030 - CMSIS Pack Vendor :wolfSSL I-CUBE-wolfSSH 1.4.17
2025-04-30 13:22:40,797 [INFO] ThirdParty:841 - exiting critical section [change project]
2025-04-30 13:22:43,373 [INFO] PinOutPanel:1589 - setPackage(No Configuration,No Configuration)
2025-04-30 13:22:43,402 [INFO] PinOutPanel:1589 - setPackage(STM32H753ZITx,LQFP144)
2025-04-30 13:22:44,794 [INFO] UtilMem:75 - Before build in PCC Used Memory: 701949544 Bytes (1073741824)
2025-04-30 13:22:46,011 [INFO] UtilMem:75 - After build in PCC Used Memory: 765915344 Bytes (1073741824)
2025-04-30 13:22:46,205 [INFO] IPUIPlugin:80 - create IPUIPlugin
2025-04-30 13:22:46,207 [INFO] IPUIPlugin:80 - create IPUIPlugin
2025-04-30 13:22:46,207 [INFO] IPUIPlugin:80 - create IPUIPlugin
2025-04-30 13:22:46,209 [INFO] IPUIPlugin:80 - create IPUIPlugin
2025-04-30 13:22:46,210 [INFO] IPUIPlugin:80 - create IPUIPlugin
2025-04-30 13:22:46,210 [INFO] IPUIPlugin:80 - create IPUIPlugin
2025-04-30 13:22:46,211 [INFO] IPUIPlugin:80 - create IPUIPlugin
2025-04-30 13:22:46,211 [INFO] IPUIPlugin:80 - create IPUIPlugin
2025-04-30 13:22:46,211 [INFO] IPUIPlugin:80 - create IPUIPlugin
2025-04-30 13:22:46,211 [INFO] IPUIPlugin:80 - create IPUIPlugin
2025-04-30 13:22:46,213 [INFO] IPUIPlugin:80 - create IPUIPlugin
2025-04-30 13:22:46,213 [INFO] IPUIPlugin:80 - create IPUIPlugin
2025-04-30 13:22:46,214 [INFO] IPUIPlugin:80 - create IPUIPlugin
2025-04-30 13:22:46,214 [INFO] IPUIPlugin:80 - create IPUIPlugin
2025-04-30 13:22:46,214 [INFO] IPUIPlugin:80 - create IPUIPlugin
2025-04-30 13:22:46,214 [INFO] IPUIPlugin:80 - create IPUIPlugin
2025-04-30 13:22:46,214 [INFO] IPUIPlugin:80 - create IPUIPlugin
2025-04-30 13:22:46,215 [INFO] IPUIPlugin:80 - create IPUIPlugin
2025-04-30 13:22:46,215 [INFO] IPUIPlugin:80 - create IPUIPlugin
2025-04-30 13:22:46,215 [INFO] IPUIPlugin:80 - create IPUIPlugin
2025-04-30 13:22:46,215 [INFO] IPUIPlugin:80 - create IPUIPlugin
2025-04-30 13:22:46,216 [INFO] IPUIPlugin:80 - create IPUIPlugin
2025-04-30 13:22:46,216 [INFO] IPUIPlugin:80 - create IPUIPlugin
2025-04-30 13:22:46,216 [INFO] IPUIPlugin:80 - create IPUIPlugin
2025-04-30 13:22:46,217 [INFO] IPUIPlugin:80 - create IPUIPlugin
2025-04-30 13:22:46,217 [INFO] IPUIPlugin:80 - create IPUIPlugin
2025-04-30 13:22:46,218 [INFO] IPUIPlugin:80 - create IPUIPlugin
2025-04-30 13:22:46,220 [INFO] IPUIPlugin:80 - create IPUIPlugin
2025-04-30 13:22:46,220 [INFO] IPUIPlugin:80 - create IPUIPlugin
2025-04-30 13:22:46,221 [INFO] IPUIPlugin:80 - create IPUIPlugin
2025-04-30 13:22:46,221 [INFO] IPUIPlugin:80 - create IPUIPlugin
2025-04-30 13:22:46,221 [INFO] IPUIPlugin:80 - create IPUIPlugin
2025-04-30 13:22:46,222 [INFO] IPUIPlugin:80 - create IPUIPlugin
2025-04-30 13:22:46,222 [INFO] IPUIPlugin:80 - create IPUIPlugin
2025-04-30 13:22:46,222 [INFO] IPUIPlugin:80 - create IPUIPlugin
2025-04-30 13:22:46,222 [INFO] IPUIPlugin:80 - create IPUIPlugin
2025-04-30 13:22:46,223 [INFO] IPUIPlugin:80 - create IPUIPlugin
2025-04-30 13:22:46,223 [INFO] IPUIPlugin:80 - create IPUIPlugin
2025-04-30 13:22:46,223 [INFO] IPUIPlugin:80 - create IPUIPlugin
2025-04-30 13:22:46,224 [INFO] IPUIPlugin:80 - create IPUIPlugin
2025-04-30 13:22:46,224 [INFO] IPUIPlugin:80 - create IPUIPlugin
2025-04-30 13:22:46,224 [INFO] IPUIPlugin:80 - create IPUIPlugin
2025-04-30 13:22:46,225 [INFO] IPUIPlugin:80 - create IPUIPlugin
2025-04-30 13:22:46,225 [INFO] IPUIPlugin:80 - create IPUIPlugin
2025-04-30 13:22:46,225 [INFO] IPUIPlugin:80 - create IPUIPlugin
2025-04-30 13:22:46,225 [INFO] IPUIPlugin:80 - create IPUIPlugin
2025-04-30 13:22:46,226 [INFO] IPUIPlugin:80 - create IPUIPlugin
2025-04-30 13:22:46,227 [INFO] IPUIPlugin:80 - create IPUIPlugin
2025-04-30 13:22:46,228 [INFO] IPUIPlugin:80 - create IPUIPlugin
2025-04-30 13:22:46,229 [INFO] IPUIPlugin:80 - create IPUIPlugin
2025-04-30 13:22:46,230 [INFO] IPUIPlugin:80 - create IPUIPlugin
2025-04-30 13:22:46,230 [INFO] IPUIPlugin:80 - create IPUIPlugin
2025-04-30 13:22:46,231 [INFO] IPUIPlugin:80 - create IPUIPlugin
2025-04-30 13:22:46,231 [INFO] IPUIPlugin:80 - create IPUIPlugin
2025-04-30 13:22:46,232 [INFO] IPUIPlugin:80 - create IPUIPlugin
2025-04-30 13:22:46,232 [INFO] IPUIPlugin:80 - create IPUIPlugin
2025-04-30 13:22:46,232 [INFO] IPUIPlugin:80 - create IPUIPlugin
2025-04-30 13:22:46,233 [INFO] IPUIPlugin:80 - create IPUIPlugin
2025-04-30 13:22:46,233 [INFO] IPUIPlugin:80 - create IPUIPlugin
2025-04-30 13:22:46,234 [INFO] IPUIPlugin:80 - create IPUIPlugin
2025-04-30 13:22:46,234 [INFO] IPUIPlugin:80 - create IPUIPlugin
2025-04-30 13:22:46,235 [INFO] IPUIPlugin:80 - create IPUIPlugin
2025-04-30 13:22:46,236 [INFO] IPUIPlugin:80 - create IPUIPlugin
2025-04-30 13:22:46,237 [INFO] IPUIPlugin:80 - create IPUIPlugin
2025-04-30 13:22:46,237 [INFO] IPUIPlugin:80 - create IPUIPlugin
2025-04-30 13:22:46,238 [INFO] IPUIPlugin:80 - create IPUIPlugin
2025-04-30 13:22:46,238 [INFO] IPUIPlugin:80 - create IPUIPlugin
2025-04-30 13:22:46,238 [INFO] IPUIPlugin:80 - create IPUIPlugin
2025-04-30 13:22:46,238 [INFO] IPUIPlugin:80 - create IPUIPlugin
2025-04-30 13:22:46,238 [INFO] IPUIPlugin:80 - create IPUIPlugin
2025-04-30 13:22:46,239 [INFO] IPUIPlugin:80 - create IPUIPlugin
2025-04-30 13:22:46,239 [INFO] IPUIPlugin:80 - create IPUIPlugin
2025-04-30 13:22:46,240 [INFO] IPUIPlugin:80 - create IPUIPlugin
2025-04-30 13:22:46,240 [INFO] IPUIPlugin:80 - create IPUIPlugin
2025-04-30 13:22:46,240 [INFO] IPUIPlugin:80 - create IPUIPlugin
2025-04-30 13:22:46,240 [INFO] IPUIPlugin:80 - create IPUIPlugin
2025-04-30 13:22:46,240 [INFO] IPUIPlugin:80 - create IPUIPlugin
2025-04-30 13:22:46,241 [INFO] IPUIPlugin:80 - create IPUIPlugin
2025-04-30 13:22:46,241 [INFO] IPUIPlugin:80 - create IPUIPlugin
2025-04-30 13:22:46,241 [INFO] IPUIPlugin:80 - create IPUIPlugin
2025-04-30 13:22:46,241 [INFO] IPUIPlugin:80 - create IPUIPlugin
2025-04-30 13:22:46,241 [INFO] IPUIPlugin:80 - create IPUIPlugin
2025-04-30 13:22:46,241 [INFO] IPUIPlugin:80 - create IPUIPlugin
2025-04-30 13:22:46,242 [INFO] IPUIPlugin:80 - create IPUIPlugin
2025-04-30 13:22:46,242 [INFO] IPUIPlugin:80 - create IPUIPlugin
2025-04-30 13:22:46,242 [INFO] IPUIPlugin:80 - create IPUIPlugin
2025-04-30 13:22:46,242 [INFO] IPUIPlugin:80 - create IPUIPlugin
2025-04-30 13:22:46,242 [INFO] IPUIPlugin:80 - create IPUIPlugin
2025-04-30 13:22:46,243 [INFO] IPUIPlugin:80 - create IPUIPlugin
2025-04-30 13:22:46,243 [INFO] IPUIPlugin:80 - create IPUIPlugin
2025-04-30 13:22:46,243 [INFO] IPUIPlugin:80 - create IPUIPlugin
2025-04-30 13:22:46,244 [INFO] IPUIPlugin:80 - create IPUIPlugin
2025-04-30 13:22:46,244 [INFO] IPUIPlugin:80 - create IPUIPlugin
2025-04-30 13:22:46,245 [INFO] IPUIPlugin:80 - create IPUIPlugin
2025-04-30 13:22:46,245 [INFO] IPUIPlugin:80 - create IPUIPlugin
2025-04-30 13:22:46,246 [INFO] IPUIPlugin:80 - create IPUIPlugin
2025-04-30 13:22:46,246 [INFO] IPUIPlugin:80 - create IPUIPlugin
2025-04-30 13:22:46,247 [INFO] IPUIPlugin:80 - create IPUIPlugin
2025-04-30 13:22:46,247 [INFO] IPUIPlugin:80 - create IPUIPlugin
2025-04-30 13:22:46,248 [INFO] IPUIPlugin:80 - create IPUIPlugin
2025-04-30 13:22:46,249 [INFO] IPUIPlugin:80 - create IPUIPlugin
2025-04-30 13:22:46,278 [INFO] ApiDbMcu:508 - Load IP Config File for PDM2PCM
2025-04-30 13:22:46,579 [INFO] CADModel:165 - CPN selected for project levelSTM32H753ZIT6
2025-04-30 13:22:46,579 [INFO] CADModel:114 - Register for checkConnection events
2025-04-30 13:22:46,660 [INFO] OpenFileManager:385 - Restore cursor
2025-04-30 13:44:25,593 [INFO] WebApp:194 - Connection lost
2025-04-30 13:44:26,148 [INFO] WebApp:191 - Connection restablished
2025-04-30 13:45:58,182 [INFO] WebApp:194 - Connection lost
2025-04-30 13:45:58,471 [INFO] WebApp:191 - Connection restablished
2025-04-30 14:17:16,274 [INFO] WebApp:194 - Connection lost
2025-04-30 14:17:16,631 [INFO] WebApp:191 - Connection restablished
2025-04-30 14:17:55,473 [INFO] WebApp:194 - Connection lost
2025-04-30 14:17:55,801 [INFO] WebApp:191 - Connection restablished
2025-04-30 14:34:09,380 [INFO] WebApp:194 - Connection lost
2025-04-30 14:34:09,637 [INFO] WebApp:191 - Connection restablished
2025-04-30 14:51:52,927 [INFO] WebApp:194 - Connection lost
2025-04-30 14:51:53,521 [INFO] WebApp:191 - Connection restablished
2025-04-30 15:07:30,399 [INFO] WebApp:194 - Connection lost
2025-04-30 15:07:30,713 [INFO] WebApp:191 - Connection restablished
2025-04-30 15:22:46,991 [INFO] WebApp:194 - Connection lost
2025-04-30 15:22:47,251 [INFO] WebApp:191 - Connection restablished
2025-04-30 15:37:52,951 [INFO] WebApp:194 - Connection lost
2025-04-30 15:37:53,233 [INFO] WebApp:191 - Connection restablished
2025-04-30 15:38:12,881 [INFO] WebApp:194 - Connection lost
2025-04-30 15:38:13,196 [INFO] WebApp:191 - Connection restablished
2025-04-30 15:39:25,500 [INFO] WebApp:194 - Connection lost
2025-04-30 15:39:25,751 [INFO] WebApp:191 - Connection restablished
2025-04-30 15:39:36,248 [INFO] WebApp:194 - Connection lost
2025-04-30 15:39:36,458 [INFO] WebApp:191 - Connection restablished
2025-04-30 15:40:52,734 [INFO] WebApp:194 - Connection lost
2025-04-30 15:40:53,400 [INFO] WebApp:191 - Connection restablished
2025-04-30 15:40:54,974 [INFO] WebApp:194 - Connection lost
2025-04-30 15:40:55,194 [INFO] WebApp:191 - Connection restablished
2025-04-30 15:41:02,506 [INFO] WebApp:194 - Connection lost
2025-04-30 15:41:02,633 [INFO] WebApp:191 - Connection restablished
2025-04-30 15:42:12,708 [INFO] WebApp:194 - Connection lost
2025-04-30 15:42:13,234 [INFO] WebApp:191 - Connection restablished
2025-04-30 15:42:22,253 [INFO] WebApp:194 - Connection lost
2025-04-30 15:42:22,567 [INFO] WebApp:191 - Connection restablished
2025-04-30 15:43:36,785 [INFO] WebApp:194 - Connection lost
2025-04-30 15:43:37,082 [INFO] WebApp:191 - Connection restablished
2025-04-30 15:44:03,458 [INFO] WebApp:194 - Connection lost
2025-04-30 15:44:03,710 [INFO] WebApp:191 - Connection restablished
2025-04-30 15:44:12,853 [INFO] WebApp:194 - Connection lost
2025-04-30 15:44:13,128 [INFO] WebApp:191 - Connection restablished
2025-04-30 15:44:22,604 [INFO] WebApp:194 - Connection lost
2025-04-30 15:44:22,814 [INFO] WebApp:191 - Connection restablished
2025-04-30 15:44:31,802 [INFO] WebApp:194 - Connection lost
2025-04-30 15:44:32,008 [INFO] WebApp:191 - Connection restablished
2025-04-30 15:44:41,188 [INFO] WebApp:194 - Connection lost
2025-04-30 15:44:41,708 [INFO] WebApp:191 - Connection restablished
2025-04-30 15:45:08,894 [INFO] WebApp:194 - Connection lost
2025-04-30 15:45:09,118 [INFO] WebApp:191 - Connection restablished
2025-04-30 15:45:35,154 [INFO] WebApp:194 - Connection lost
2025-04-30 15:45:35,520 [INFO] WebApp:191 - Connection restablished
2025-04-30 15:45:45,414 [INFO] WebApp:194 - Connection lost
2025-04-30 15:45:45,923 [INFO] WebApp:191 - Connection restablished
2025-04-30 15:45:59,413 [INFO] WebApp:194 - Connection lost
2025-04-30 15:45:59,604 [INFO] WebApp:191 - Connection restablished
2025-04-30 15:46:23,737 [INFO] WebApp:194 - Connection lost
2025-04-30 15:46:23,985 [INFO] WebApp:191 - Connection restablished
2025-04-30 15:46:33,230 [INFO] WebApp:194 - Connection lost
2025-04-30 15:46:33,433 [INFO] WebApp:191 - Connection restablished
2025-04-30 15:46:42,834 [INFO] WebApp:194 - Connection lost
2025-04-30 15:46:43,048 [INFO] WebApp:191 - Connection restablished
2025-04-30 15:47:04,448 [INFO] WebApp:194 - Connection lost
2025-04-30 15:47:04,695 [INFO] WebApp:191 - Connection restablished
2025-04-30 15:47:15,315 [INFO] WebApp:194 - Connection lost
2025-04-30 15:47:15,600 [INFO] WebApp:191 - Connection restablished
2025-04-30 15:47:28,183 [INFO] WebApp:194 - Connection lost
2025-04-30 15:47:28,315 [INFO] WebApp:191 - Connection restablished
2025-04-30 15:47:37,857 [INFO] WebApp:194 - Connection lost
2025-04-30 15:47:38,049 [INFO] WebApp:191 - Connection restablished
2025-04-30 15:48:02,201 [INFO] WebApp:194 - Connection lost
2025-04-30 15:48:02,456 [INFO] WebApp:191 - Connection restablished
2025-04-30 15:48:16,370 [INFO] WebApp:194 - Connection lost
2025-04-30 15:48:16,549 [INFO] WebApp:191 - Connection restablished
2025-04-30 15:48:26,626 [INFO] WebApp:194 - Connection lost
2025-04-30 15:48:26,886 [INFO] WebApp:191 - Connection restablished
2025-04-30 15:48:37,111 [INFO] WebApp:194 - Connection lost
2025-04-30 15:48:37,398 [INFO] WebApp:191 - Connection restablished
2025-04-30 15:48:47,388 [INFO] WebApp:194 - Connection lost
2025-04-30 15:48:47,651 [INFO] WebApp:191 - Connection restablished
2025-04-30 15:48:49,802 [INFO] WebApp:194 - Connection lost
2025-04-30 15:48:49,913 [INFO] WebApp:191 - Connection restablished
2025-04-30 15:49:15,115 [INFO] WebApp:194 - Connection lost
2025-04-30 15:49:15,389 [INFO] WebApp:191 - Connection restablished
2025-04-30 15:49:47,979 [INFO] WebApp:194 - Connection lost
2025-04-30 15:49:48,181 [INFO] WebApp:191 - Connection restablished
2025-04-30 15:49:58,509 [INFO] WebApp:194 - Connection lost
2025-04-30 15:49:58,653 [INFO] WebApp:191 - Connection restablished
2025-04-30 15:50:39,825 [INFO] WebApp:194 - Connection lost
2025-04-30 15:58:17,897 [INFO] WebApp:191 - Connection restablished
2025-04-30 15:58:19,840 [INFO] WebApp:194 - Connection lost
2025-04-30 15:58:20,598 [INFO] WebApp:191 - Connection restablished
2025-04-30 15:58:31,599 [INFO] WebApp:194 - Connection lost
2025-04-30 15:58:39,791 [INFO] WebApp:191 - Connection restablished
2025-04-30 15:58:43,370 [INFO] WebApp:194 - Connection lost
2025-04-30 15:58:43,479 [INFO] WebApp:191 - Connection restablished
2025-04-30 15:59:08,052 [INFO] WebApp:194 - Connection lost
2025-04-30 15:59:08,329 [INFO] WebApp:191 - Connection restablished
2025-04-30 15:59:12,246 [INFO] WebApp:194 - Connection lost
2025-04-30 15:59:12,590 [INFO] WebApp:191 - Connection restablished
2025-04-30 15:59:19,499 [INFO] WebApp:194 - Connection lost
2025-04-30 15:59:24,009 [INFO] WebApp:191 - Connection restablished
2025-04-30 15:59:26,877 [INFO] WebApp:194 - Connection lost
2025-04-30 15:59:27,079 [INFO] WebApp:191 - Connection restablished
2025-04-30 16:00:29,066 [INFO] WebApp:194 - Connection lost
2025-04-30 16:00:32,869 [INFO] WebApp:191 - Connection restablished
2025-04-30 16:00:49,190 [INFO] WebApp:194 - Connection lost
2025-04-30 16:00:51,917 [INFO] WebApp:191 - Connection restablished
2025-04-30 16:01:09,510 [INFO] WebApp:194 - Connection lost
2025-04-30 16:01:10,206 [INFO] WebApp:191 - Connection restablished
2025-04-30 16:01:12,502 [INFO] WebApp:194 - Connection lost
2025-04-30 16:01:12,655 [INFO] WebApp:191 - Connection restablished
2025-04-30 16:01:21,400 [INFO] WebApp:194 - Connection lost
2025-04-30 16:01:31,235 [INFO] WebApp:191 - Connection restablished
2025-04-30 16:02:11,643 [INFO] WebApp:194 - Connection lost
2025-04-30 16:02:14,176 [INFO] WebApp:191 - Connection restablished
2025-04-30 16:03:52,168 [INFO] WebApp:194 - Connection lost
2025-04-30 16:03:53,201 [INFO] WebApp:191 - Connection restablished
2025-04-30 16:03:56,141 [INFO] WebApp:194 - Connection lost
2025-04-30 16:03:56,278 [INFO] WebApp:191 - Connection restablished
2025-04-30 16:04:54,515 [INFO] WebApp:194 - Connection lost
2025-04-30 16:04:54,814 [INFO] WebApp:191 - Connection restablished
2025-04-30 16:04:58,005 [INFO] WebApp:194 - Connection lost
2025-04-30 16:04:58,150 [INFO] WebApp:191 - Connection restablished
2025-04-30 16:10:36,453 [INFO] WebApp:194 - Connection lost
2025-04-30 16:10:36,594 [INFO] WebApp:191 - Connection restablished
2025-04-30 16:16:43,396 [INFO] WebApp:194 - Connection lost
2025-04-30 16:16:43,692 [INFO] WebApp:191 - Connection restablished
2025-04-30 16:16:44,170 [INFO] WebApp:194 - Connection lost
2025-04-30 16:16:44,491 [INFO] WebApp:191 - Connection restablished
2025-04-30 16:17:17,581 [INFO] WebApp:194 - Connection lost
2025-04-30 16:17:17,799 [INFO] WebApp:191 - Connection restablished
2025-04-30 16:17:19,683 [INFO] WebApp:194 - Connection lost
2025-04-30 16:17:19,838 [INFO] WebApp:191 - Connection restablished
2025-04-30 16:19:43,215 [INFO] WebApp:194 - Connection lost
2025-04-30 16:19:43,424 [INFO] WebApp:191 - Connection restablished
2025-04-30 16:19:45,008 [INFO] WebApp:194 - Connection lost
2025-04-30 16:19:45,145 [INFO] WebApp:191 - Connection restablished
2025-04-30 16:19:56,306 [INFO] WebApp:194 - Connection lost
2025-04-30 16:20:00,175 [INFO] WebApp:191 - Connection restablished
2025-04-30 16:20:01,627 [INFO] WebApp:194 - Connection lost
2025-04-30 16:20:01,816 [INFO] WebApp:191 - Connection restablished
2025-04-30 16:20:04,568 [INFO] WebApp:194 - Connection lost
2025-04-30 16:20:04,823 [INFO] WebApp:191 - Connection restablished
2025-04-30 16:20:15,615 [INFO] WebApp:194 - Connection lost
2025-04-30 16:20:16,546 [INFO] WebApp:191 - Connection restablished
2025-04-30 16:20:20,492 [INFO] WebApp:194 - Connection lost
2025-04-30 16:20:21,904 [INFO] WebApp:191 - Connection restablished
2025-04-30 16:20:24,004 [INFO] WebApp:194 - Connection lost
2025-04-30 16:20:24,382 [INFO] WebApp:191 - Connection restablished
2025-04-30 16:21:42,958 [INFO] WebApp:194 - Connection lost
2025-04-30 16:21:44,106 [INFO] WebApp:191 - Connection restablished
2025-04-30 16:21:44,736 [INFO] WebApp:194 - Connection lost
2025-04-30 16:22:17,706 [INFO] WebApp:191 - Connection restablished
2025-04-30 16:22:42,635 [INFO] WebApp:194 - Connection lost
2025-04-30 16:22:43,095 [INFO] WebApp:191 - Connection restablished
2025-04-30 16:22:45,147 [INFO] WebApp:194 - Connection lost
2025-04-30 16:22:45,316 [INFO] WebApp:191 - Connection restablished
2025-04-30 16:24:38,799 [INFO] WebApp:194 - Connection lost
2025-04-30 16:24:48,038 [INFO] WebApp:191 - Connection restablished
2025-04-30 16:24:48,737 [INFO] WebApp:194 - Connection lost
2025-04-30 16:25:14,073 [INFO] WebApp:191 - Connection restablished
2025-04-30 16:26:17,935 [INFO] WebApp:194 - Connection lost
2025-04-30 16:26:19,143 [INFO] WebApp:191 - Connection restablished
2025-04-30 16:26:55,773 [INFO] WebApp:194 - Connection lost
2025-04-30 16:26:57,207 [INFO] WebApp:191 - Connection restablished
2025-04-30 16:27:21,092 [INFO] WebApp:194 - Connection lost
2025-04-30 16:27:21,214 [INFO] WebApp:191 - Connection restablished
2025-04-30 16:27:31,931 [INFO] WebApp:194 - Connection lost
2025-04-30 16:27:32,216 [INFO] WebApp:191 - Connection restablished
2025-04-30 16:27:34,032 [INFO] WebApp:194 - Connection lost
2025-04-30 16:27:34,273 [INFO] WebApp:191 - Connection restablished
2025-04-30 16:27:41,808 [INFO] WebApp:194 - Connection lost
2025-04-30 16:27:41,966 [INFO] WebApp:191 - Connection restablished
2025-04-30 16:28:15,133 [INFO] WebApp:194 - Connection lost
2025-04-30 16:28:15,463 [INFO] WebApp:191 - Connection restablished
2025-04-30 16:28:19,858 [INFO] WebApp:194 - Connection lost
2025-04-30 16:28:19,955 [INFO] WebApp:191 - Connection restablished
2025-04-30 16:28:25,281 [INFO] WebApp:194 - Connection lost
2025-04-30 16:28:25,401 [INFO] WebApp:191 - Connection restablished
2025-04-30 16:28:26,517 [INFO] WebApp:194 - Connection lost
2025-04-30 16:28:26,612 [INFO] WebApp:191 - Connection restablished
2025-04-30 16:28:40,417 [INFO] WebApp:194 - Connection lost
2025-04-30 16:28:40,551 [INFO] WebApp:191 - Connection restablished
2025-04-30 16:28:42,180 [INFO] WebApp:194 - Connection lost
2025-04-30 16:28:42,409 [INFO] WebApp:191 - Connection restablished
2025-04-30 16:28:44,525 [INFO] WebApp:194 - Connection lost
2025-04-30 16:28:44,867 [INFO] WebApp:191 - Connection restablished
2025-04-30 16:28:52,112 [INFO] WebApp:194 - Connection lost
2025-04-30 16:28:52,236 [INFO] WebApp:191 - Connection restablished
2025-04-30 16:29:04,120 [INFO] WebApp:194 - Connection lost
2025-04-30 16:29:04,587 [INFO] WebApp:191 - Connection restablished
2025-04-30 16:29:08,591 [INFO] WebApp:194 - Connection lost
2025-04-30 16:29:08,874 [INFO] WebApp:191 - Connection restablished
2025-04-30 16:29:10,318 [INFO] WebApp:194 - Connection lost
2025-04-30 16:29:10,430 [INFO] WebApp:191 - Connection restablished
2025-04-30 16:29:14,832 [INFO] WebApp:194 - Connection lost
2025-04-30 16:29:15,133 [INFO] WebApp:191 - Connection restablished
2025-04-30 16:29:23,193 [INFO] WebApp:194 - Connection lost
2025-04-30 16:29:23,383 [INFO] WebApp:191 - Connection restablished
2025-04-30 16:29:31,285 [INFO] WebApp:194 - Connection lost
2025-04-30 16:29:31,487 [INFO] WebApp:191 - Connection restablished
2025-04-30 16:29:39,115 [INFO] WebApp:194 - Connection lost
2025-04-30 16:30:13,520 [INFO] WebApp:191 - Connection restablished
2025-04-30 16:30:19,573 [INFO] WebApp:194 - Connection lost
2025-04-30 16:30:19,778 [INFO] WebApp:191 - Connection restablished
2025-04-30 16:30:20,126 [INFO] WebApp:194 - Connection lost
2025-04-30 16:30:20,380 [INFO] WebApp:191 - Connection restablished
2025-04-30 16:30:23,078 [INFO] WebApp:194 - Connection lost
2025-04-30 16:30:23,201 [INFO] WebApp:191 - Connection restablished
2025-04-30 16:30:31,453 [INFO] WebApp:194 - Connection lost
2025-04-30 16:30:31,551 [INFO] WebApp:191 - Connection restablished
2025-04-30 16:30:33,125 [INFO] WebApp:194 - Connection lost
2025-04-30 16:30:33,223 [INFO] WebApp:191 - Connection restablished
2025-04-30 16:30:45,221 [INFO] WebApp:194 - Connection lost
2025-04-30 16:30:45,425 [INFO] WebApp:191 - Connection restablished
2025-04-30 16:30:46,450 [INFO] WebApp:194 - Connection lost
2025-04-30 16:30:46,537 [INFO] WebApp:191 - Connection restablished
2025-04-30 16:31:09,263 [INFO] WebApp:194 - Connection lost
2025-04-30 16:31:09,413 [INFO] WebApp:191 - Connection restablished
2025-04-30 16:31:11,852 [INFO] WebApp:194 - Connection lost
2025-04-30 16:31:11,942 [INFO] WebApp:191 - Connection restablished
2025-04-30 16:31:16,579 [INFO] WebApp:194 - Connection lost
2025-04-30 16:31:16,673 [INFO] WebApp:191 - Connection restablished
2025-04-30 16:31:33,963 [INFO] WebApp:194 - Connection lost
2025-04-30 16:31:34,064 [INFO] WebApp:191 - Connection restablished
2025-04-30 16:31:43,282 [INFO] WebApp:194 - Connection lost
2025-04-30 16:31:43,407 [INFO] WebApp:191 - Connection restablished
2025-04-30 16:31:43,966 [INFO] WebApp:194 - Connection lost
2025-04-30 16:31:44,083 [INFO] WebApp:191 - Connection restablished
2025-04-30 16:32:10,049 [INFO] WebApp:194 - Connection lost
2025-04-30 16:32:10,167 [INFO] WebApp:191 - Connection restablished
2025-04-30 16:32:11,007 [INFO] WebApp:194 - Connection lost
2025-04-30 16:32:11,110 [INFO] WebApp:191 - Connection restablished
2025-04-30 16:32:39,534 [INFO] WebApp:194 - Connection lost
2025-04-30 16:32:39,695 [INFO] WebApp:191 - Connection restablished
2025-04-30 16:33:10,537 [INFO] WebApp:194 - Connection lost
2025-04-30 16:33:10,837 [INFO] WebApp:191 - Connection restablished
2025-04-30 16:33:11,581 [INFO] WebApp:194 - Connection lost
2025-04-30 16:33:11,794 [INFO] WebApp:191 - Connection restablished
2025-04-30 16:33:12,299 [INFO] WebApp:194 - Connection lost
2025-04-30 16:33:12,391 [INFO] WebApp:191 - Connection restablished
2025-04-30 16:33:13,109 [INFO] WebApp:194 - Connection lost
2025-04-30 16:33:13,211 [INFO] WebApp:191 - Connection restablished
2025-04-30 16:33:17,154 [INFO] WebApp:194 - Connection lost
2025-04-30 16:33:17,252 [INFO] WebApp:191 - Connection restablished
2025-04-30 16:33:17,912 [INFO] WebApp:194 - Connection lost
2025-04-30 16:33:18,028 [INFO] WebApp:191 - Connection restablished
2025-04-30 16:33:40,564 [INFO] WebApp:194 - Connection lost
2025-04-30 16:33:40,701 [INFO] WebApp:191 - Connection restablished
2025-04-30 16:33:41,341 [INFO] WebApp:194 - Connection lost
2025-04-30 16:33:41,462 [INFO] WebApp:191 - Connection restablished
2025-04-30 16:33:46,128 [INFO] WebApp:194 - Connection lost
2025-04-30 16:33:46,236 [INFO] WebApp:191 - Connection restablished
2025-04-30 16:33:47,518 [INFO] WebApp:194 - Connection lost
2025-04-30 16:33:47,630 [INFO] WebApp:191 - Connection restablished
2025-04-30 16:33:51,999 [INFO] WebApp:194 - Connection lost
2025-04-30 16:33:52,082 [INFO] WebApp:191 - Connection restablished
2025-04-30 16:33:54,528 [INFO] WebApp:194 - Connection lost
2025-04-30 16:33:54,642 [INFO] WebApp:191 - Connection restablished
2025-04-30 16:34:03,388 [INFO] WebApp:194 - Connection lost
2025-04-30 16:34:03,493 [INFO] WebApp:191 - Connection restablished
2025-04-30 16:34:04,141 [INFO] WebApp:194 - Connection lost
2025-04-30 16:34:04,283 [INFO] WebApp:191 - Connection restablished
2025-04-30 16:34:10,476 [INFO] WebApp:194 - Connection lost
2025-04-30 16:34:10,584 [INFO] WebApp:191 - Connection restablished
2025-04-30 16:34:11,449 [INFO] WebApp:194 - Connection lost
2025-04-30 16:34:11,540 [INFO] WebApp:191 - Connection restablished
2025-04-30 16:34:15,935 [INFO] WebApp:194 - Connection lost
2025-04-30 16:34:16,039 [INFO] WebApp:191 - Connection restablished
2025-04-30 16:34:18,498 [INFO] WebApp:194 - Connection lost
2025-04-30 16:34:18,603 [INFO] WebApp:191 - Connection restablished
2025-04-30 16:34:41,193 [INFO] WebApp:194 - Connection lost
2025-04-30 16:34:41,354 [INFO] WebApp:191 - Connection restablished
2025-04-30 16:35:15,549 [INFO] WebApp:194 - Connection lost
2025-04-30 16:35:18,353 [INFO] WebApp:191 - Connection restablished
2025-04-30 16:35:19,658 [INFO] WebApp:194 - Connection lost
2025-04-30 16:35:19,775 [INFO] WebApp:191 - Connection restablished
2025-04-30 16:35:43,818 [INFO] WebApp:194 - Connection lost
2025-04-30 16:35:43,909 [INFO] WebApp:191 - Connection restablished
2025-04-30 16:36:02,198 [INFO] WebApp:194 - Connection lost
2025-04-30 16:36:02,302 [INFO] WebApp:191 - Connection restablished
2025-04-30 16:36:15,775 [INFO] WebApp:194 - Connection lost
2025-04-30 16:36:15,949 [INFO] WebApp:191 - Connection restablished
2025-04-30 16:36:28,915 [INFO] WebApp:194 - Connection lost
2025-04-30 16:36:29,092 [INFO] WebApp:191 - Connection restablished
2025-04-30 16:36:31,126 [INFO] WebApp:194 - Connection lost
2025-04-30 16:36:31,230 [INFO] WebApp:191 - Connection restablished
2025-04-30 16:36:39,294 [INFO] WebApp:194 - Connection lost
2025-04-30 16:36:39,388 [INFO] WebApp:191 - Connection restablished
2025-04-30 16:36:41,883 [INFO] WebApp:194 - Connection lost
2025-04-30 16:36:41,988 [INFO] WebApp:191 - Connection restablished
2025-04-30 16:36:50,213 [INFO] WebApp:194 - Connection lost
2025-04-30 16:36:50,372 [INFO] WebApp:191 - Connection restablished
2025-04-30 16:36:51,655 [INFO] WebApp:194 - Connection lost
2025-04-30 16:36:51,772 [INFO] WebApp:191 - Connection restablished
2025-04-30 17:52:48,436 [INFO] WebApp:194 - Connection lost
2025-04-30 17:52:49,034 [INFO] WebApp:191 - Connection restablished
2025-04-30 18:05:41,525 [INFO] WebApp:194 - Connection lost
2025-04-30 18:05:41,855 [INFO] WebApp:191 - Connection restablished
2025-04-30 18:05:43,134 [INFO] WebApp:194 - Connection lost
2025-04-30 18:05:43,258 [INFO] WebApp:191 - Connection restablished
2025-04-30 18:16:09,066 [INFO] WebApp:194 - Connection lost
2025-04-30 18:16:09,401 [INFO] WebApp:191 - Connection restablished
2025-04-30 18:16:10,321 [INFO] WebApp:194 - Connection lost
2025-04-30 18:16:10,417 [INFO] WebApp:191 - Connection restablished
2025-04-30 18:16:18,933 [INFO] WebApp:194 - Connection lost
2025-04-30 18:16:19,050 [INFO] WebApp:191 - Connection restablished
2025-04-30 18:16:19,927 [INFO] WebApp:194 - Connection lost
2025-04-30 18:16:20,037 [INFO] WebApp:191 - Connection restablished
2025-04-30 18:16:50,506 [INFO] WebApp:194 - Connection lost
2025-04-30 18:16:50,637 [INFO] WebApp:191 - Connection restablished
2025-04-30 18:16:51,092 [INFO] WebApp:194 - Connection lost
2025-04-30 18:16:51,182 [INFO] WebApp:191 - Connection restablished
2025-04-30 18:17:00,937 [INFO] WebApp:194 - Connection lost
2025-04-30 18:17:01,086 [INFO] WebApp:191 - Connection restablished
2025-04-30 18:17:28,502 [INFO] WebApp:194 - Connection lost
2025-04-30 18:17:28,634 [INFO] WebApp:191 - Connection restablished
2025-04-30 18:17:29,706 [INFO] WebApp:194 - Connection lost
2025-04-30 18:17:29,812 [INFO] WebApp:191 - Connection restablished
2025-04-30 18:18:06,193 [INFO] WebApp:194 - Connection lost
2025-04-30 18:18:08,842 [INFO] WebApp:191 - Connection restablished
2025-04-30 18:18:09,163 [INFO] WebApp:194 - Connection lost
2025-04-30 18:18:09,316 [INFO] WebApp:191 - Connection restablished
2025-04-30 18:18:46,956 [INFO] WebApp:194 - Connection lost
2025-04-30 18:18:47,098 [INFO] WebApp:191 - Connection restablished
2025-04-30 18:18:48,387 [INFO] WebApp:194 - Connection lost
2025-04-30 18:18:48,491 [INFO] WebApp:191 - Connection restablished
2025-04-30 18:18:52,622 [INFO] WebApp:194 - Connection lost
2025-04-30 18:18:52,708 [INFO] WebApp:191 - Connection restablished
2025-04-30 18:18:54,884 [INFO] WebApp:194 - Connection lost
2025-04-30 18:18:54,974 [INFO] WebApp:191 - Connection restablished
2025-04-30 18:19:04,870 [INFO] WebApp:194 - Connection lost
2025-04-30 18:19:05,003 [INFO] WebApp:191 - Connection restablished
2025-04-30 18:19:05,403 [INFO] WebApp:194 - Connection lost
2025-04-30 18:19:05,515 [INFO] WebApp:191 - Connection restablished
2025-04-30 18:19:14,003 [INFO] WebApp:194 - Connection lost
2025-04-30 18:19:14,118 [INFO] WebApp:191 - Connection restablished
2025-04-30 18:19:14,730 [INFO] WebApp:194 - Connection lost
2025-04-30 18:19:14,834 [INFO] WebApp:191 - Connection restablished
2025-04-30 18:19:23,617 [INFO] WebApp:194 - Connection lost
2025-04-30 18:19:23,754 [INFO] WebApp:191 - Connection restablished
2025-04-30 18:19:24,152 [INFO] WebApp:194 - Connection lost
2025-04-30 18:19:24,257 [INFO] WebApp:191 - Connection restablished
2025-04-30 18:19:25,518 [INFO] WebApp:194 - Connection lost
2025-04-30 18:19:25,618 [INFO] WebApp:191 - Connection restablished
2025-04-30 18:19:28,047 [INFO] WebApp:194 - Connection lost
2025-04-30 18:19:28,135 [INFO] WebApp:191 - Connection restablished
2025-04-30 18:19:30,579 [INFO] WebApp:194 - Connection lost
2025-04-30 18:19:30,668 [INFO] WebApp:191 - Connection restablished
2025-04-30 18:20:31,266 [INFO] WebApp:194 - Connection lost
2025-04-30 18:20:31,378 [INFO] WebApp:191 - Connection restablished
2025-04-30 18:20:33,568 [INFO] WebApp:194 - Connection lost
2025-04-30 18:20:33,674 [INFO] WebApp:191 - Connection restablished
2025-04-30 18:25:05,343 [INFO] WebApp:194 - Connection lost
2025-04-30 18:25:05,500 [INFO] WebApp:191 - Connection restablished
2025-04-30 18:25:06,672 [INFO] WebApp:194 - Connection lost
2025-04-30 18:25:06,769 [INFO] WebApp:191 - Connection restablished
2025-04-30 18:25:31,640 [INFO] WebApp:194 - Connection lost
2025-04-30 18:25:31,754 [INFO] WebApp:191 - Connection restablished
2025-04-30 18:25:32,532 [INFO] WebApp:194 - Connection lost
2025-04-30 18:25:32,620 [INFO] WebApp:191 - Connection restablished
2025-04-30 18:31:50,216 [INFO] WebApp:194 - Connection lost
2025-04-30 18:31:50,333 [INFO] WebApp:191 - Connection restablished
2025-04-30 18:31:51,820 [INFO] WebApp:194 - Connection lost
2025-04-30 18:31:52,331 [INFO] WebApp:191 - Connection restablished
2025-04-30 18:47:57,220 [INFO] WebApp:194 - Connection lost
2025-04-30 18:47:57,346 [INFO] WebApp:191 - Connection restablished
2025-04-30 18:47:58,282 [INFO] WebApp:194 - Connection lost
2025-04-30 18:47:58,373 [INFO] WebApp:191 - Connection restablished
2025-04-30 18:53:33,273 [INFO] WebApp:194 - Connection lost
2025-04-30 18:53:33,399 [INFO] WebApp:191 - Connection restablished
2025-04-30 18:53:35,614 [INFO] WebApp:194 - Connection lost
2025-04-30 18:53:35,725 [INFO] WebApp:191 - Connection restablished
2025-04-30 19:02:37,687 [INFO] WebApp:194 - Connection lost
2025-04-30 19:02:37,861 [INFO] WebApp:191 - Connection restablished
2025-04-30 19:02:38,739 [INFO] WebApp:194 - Connection lost
2025-04-30 19:02:38,834 [INFO] WebApp:191 - Connection restablished
2025-04-30 19:11:10,688 [INFO] WebApp:194 - Connection lost
2025-04-30 19:11:10,863 [INFO] WebApp:191 - Connection restablished
2025-04-30 19:27:05,786 [INFO] WebApp:194 - Connection lost
2025-04-30 19:27:05,956 [INFO] WebApp:191 - Connection restablished
2025-04-30 19:27:07,385 [INFO] WebApp:194 - Connection lost
2025-04-30 19:27:07,485 [INFO] WebApp:191 - Connection restablished
2025-04-30 19:38:00,151 [INFO] WebApp:194 - Connection lost
2025-04-30 19:38:00,385 [INFO] WebApp:191 - Connection restablished
2025-04-30 19:38:01,095 [INFO] WebApp:194 - Connection lost
2025-04-30 19:38:01,177 [INFO] WebApp:191 - Connection restablished
2025-04-30 19:39:19,949 [INFO] WebApp:194 - Connection lost
2025-04-30 19:39:20,111 [INFO] WebApp:191 - Connection restablished
2025-04-30 19:39:22,087 [INFO] WebApp:194 - Connection lost
2025-04-30 19:39:22,190 [INFO] WebApp:191 - Connection restablished
2025-04-30 19:44:00,725 [INFO] WebApp:194 - Connection lost
2025-04-30 19:44:01,087 [INFO] WebApp:191 - Connection restablished
2025-04-30 19:44:01,864 [INFO] WebApp:194 - Connection lost
2025-04-30 19:44:01,952 [INFO] WebApp:191 - Connection restablished
2025-04-30 19:53:54,676 [INFO] WebApp:194 - Connection lost
2025-04-30 19:53:54,809 [INFO] WebApp:191 - Connection restablished
2025-04-30 19:53:55,349 [INFO] WebApp:194 - Connection lost
2025-04-30 19:53:55,443 [INFO] WebApp:191 - Connection restablished
2025-04-30 19:54:42,070 [INFO] WebApp:194 - Connection lost
2025-04-30 19:54:42,224 [INFO] WebApp:191 - Connection restablished
2025-04-30 19:54:44,403 [INFO] WebApp:194 - Connection lost
2025-04-30 19:54:44,488 [INFO] WebApp:191 - Connection restablished
2025-04-30 20:10:16,354 [INFO] WebApp:194 - Connection lost
2025-04-30 20:10:16,645 [INFO] WebApp:191 - Connection restablished
2025-04-30 20:10:17,575 [INFO] WebApp:194 - Connection lost
2025-04-30 20:10:17,676 [INFO] WebApp:191 - Connection restablished
2025-04-30 20:14:38,970 [INFO] WebApp:194 - Connection lost
2025-04-30 20:14:39,113 [INFO] WebApp:191 - Connection restablished
2025-04-30 20:29:52,389 [INFO] WebApp:194 - Connection lost
2025-04-30 20:29:52,514 [INFO] WebApp:191 - Connection restablished
2025-04-30 20:29:54,012 [INFO] WebApp:194 - Connection lost
2025-04-30 20:29:54,117 [INFO] WebApp:191 - Connection restablished
2025-04-30 20:46:00,331 [INFO] WebApp:194 - Connection lost
2025-04-30 20:46:00,506 [INFO] WebApp:191 - Connection restablished
2025-04-30 20:55:50,981 [INFO] WebApp:194 - Connection lost
2025-04-30 20:55:51,148 [INFO] WebApp:191 - Connection restablished
2025-04-30 20:55:53,406 [INFO] WebApp:194 - Connection lost
2025-04-30 20:55:53,529 [INFO] WebApp:191 - Connection restablished
2025-04-30 22:08:08,828 [INFO] WebApp:194 - Connection lost
2025-04-30 22:08:09,705 [INFO] WebApp:191 - Connection restablished
2025-04-30 22:08:10,878 [INFO] WebApp:194 - Connection lost
2025-04-30 22:08:11,010 [INFO] WebApp:191 - Connection restablished
2025-04-30 22:08:11,355 [INFO] WebApp:194 - Connection lost
2025-04-30 22:08:11,518 [INFO] WebApp:191 - Connection restablished
2025-04-30 23:43:13,586 [INFO] WebApp:194 - Connection lost
2025-04-30 23:43:14,469 [INFO] WebApp:191 - Connection restablished
2025-04-30 23:43:43,120 [INFO] WebApp:194 - Connection lost
2025-04-30 23:43:43,476 [INFO] WebApp:191 - Connection restablished
2025-04-30 23:43:45,067 [INFO] WebApp:194 - Connection lost
2025-04-30 23:43:45,161 [INFO] WebApp:191 - Connection restablished
2025-04-30 23:52:34,170 [INFO] WebApp:194 - Connection lost
2025-04-30 23:52:34,320 [INFO] WebApp:191 - Connection restablished
2025-04-30 23:52:35,790 [INFO] WebApp:194 - Connection lost
2025-04-30 23:52:35,919 [INFO] WebApp:191 - Connection restablished
