2025-03-14 00:07:48,671 [INFO] MainUpdater:2872 - connection check result : 10
2025-03-14 00:07:48,725 [INFO] MainUpdater:2872 - connection check result : 10
2025-03-14 00:07:49,819 [INFO] I2cTimingTraitement:330 - 0x10707DBC
2025-03-14 00:07:49,862 [INFO] MicroXplorer:468 - Change Database Path : 
2025-03-14 00:07:49,864 [INFO] MicroXplorer:498 - Change Database Version : DB.6.0.130
2025-03-14 00:07:50,069 [ERROR] ProjectManagerView:394 - 
java.lang.NullPointerException: Cannot invoke "javax.swing.JTextField.getText()" because the return value of "java.util.List.get(int)" is null
	at com.st.microxplorer.plugins.projectmanager.gui.ProjectChoiceTab$9.caretUpdate(ProjectChoiceTab.java:2616) ~[filemanager.jar:?]
	at javax.swing.text.JTextComponent.fireCaretUpdate(JTextComponent.java:408) ~[?:?]
	at javax.swing.text.JTextComponent$MutableCaretEvent.fire(JTextComponent.java:4484) ~[?:?]
	at javax.swing.text.JTextComponent$MutableCaretEvent.stateChanged(JTextComponent.java:4506) ~[?:?]
	at javax.swing.text.DefaultCaret.fireStateChanged(DefaultCaret.java:857) ~[?:?]
	at com.apple.laf.AquaCaret.fireStateChanged(AquaCaret.java:86) ~[?:?]
	at javax.swing.text.DefaultCaret.changeCaretPosition(DefaultCaret.java:1343) ~[?:?]
	at javax.swing.text.DefaultCaret.handleSetDot(DefaultCaret.java:1242) ~[?:?]
	at javax.swing.text.DefaultCaret.setDot(DefaultCaret.java:1223) ~[?:?]
	at javax.swing.text.DefaultCaret$Handler.insertUpdate(DefaultCaret.java:1819) ~[?:?]
	at javax.swing.text.AbstractDocument.fireInsertUpdate(AbstractDocument.java:227) ~[?:?]
	at javax.swing.text.AbstractDocument.handleInsertString(AbstractDocument.java:781) ~[?:?]
	at javax.swing.text.AbstractDocument.insertString(AbstractDocument.java:740) ~[?:?]
	at javax.swing.text.PlainDocument.insertString(PlainDocument.java:131) ~[?:?]
	at javax.swing.text.AbstractDocument.replace(AbstractDocument.java:699) ~[?:?]
	at javax.swing.text.JTextComponent.setText(JTextComponent.java:1725) ~[?:?]
	at com.st.microxplorer.plugins.projectmanager.gui.ProjectChoiceTab.createHeapStackFields(ProjectChoiceTab.java:975) ~[filemanager.jar:?]
	at com.st.microxplorer.plugins.projectmanager.gui.ProjectChoiceTab.buildLinkSettingsPanel(ProjectChoiceTab.java:3666) ~[filemanager.jar:?]
	at com.st.microxplorer.plugins.projectmanager.gui.ProjectChoiceTab.defineWindowsFields(ProjectChoiceTab.java:1934) ~[filemanager.jar:?]
	at com.st.microxplorer.plugins.projectmanager.gui.ProjectChoiceTab.updateSettings(ProjectChoiceTab.java:553) ~[filemanager.jar:?]
	at com.st.microxplorer.plugins.projectmanager.gui.ProjectSettingsPanel.UpdateDialog(ProjectSettingsPanel.java:245) ~[filemanager.jar:?]
	at com.st.microxplorer.plugins.projectmanager.ProjectManagerView.propertyChange(ProjectManagerView.java:391) ~[filemanager.jar:?]
	at java.beans.PropertyChangeSupport.fire(PropertyChangeSupport.java:343) ~[?:?]
	at java.beans.PropertyChangeSupport.firePropertyChange(PropertyChangeSupport.java:335) ~[?:?]
	at java.beans.PropertyChangeSupport.firePropertyChange(PropertyChangeSupport.java:268) ~[?:?]
	at com.st.microxplorer.util.MXPropertyChangeSupport.firePropertyChange(MXPropertyChangeSupport.java:54) ~[STM32CubeMX.jar:?]
	at com.st.microxplorer.mxsystem.MxSystem.closeConfig(MxSystem.java:899) ~[STM32CubeMX.jar:?]
	at com.st.microxplorer.maingui.MainPanel.closeConfig(MainPanel.java:789) ~[STM32CubeMX.jar:?]
	at com.st.microxplorer.plugins.filemanager.engine.OpenFileManager.loadConfigurationFile(OpenFileManager.java:265) ~[filemanager.jar:?]
	at com.st.microxplorer.plugins.filemanager.engine.MainFileManager.userLoadConfig(MainFileManager.java:340) ~[filemanager.jar:?]
	at com.st.microxplorer.plugins.filemanager.engine.MainFileManager.userLoadConfig(MainFileManager.java:318) ~[filemanager.jar:?]
	at com.st.microxplorer.plugins.filemanager.FileManagerView.getSpecificTask(FileManagerView.java:246) ~[filemanager.jar:?]
	at com.st.stm32cube.common.mx.editor.CubeMxEditor.getMxTabbedPaneInstance(CubeMxEditor.java:1198) ~[com.st.stm32cube.common.mx_6.13.0.202411220809/:?]
	at com.st.stm32cube.common.mx.editor.CubeMxEditor$12$1.createSwingComponent(CubeMxEditor.java:1068) ~[com.st.stm32cube.common.mx_6.13.0.202411220809/:?]
	at com.st.stm32cube.common.mx.oss.core.awtswtbridge.EmbeddedSwingComposite.doComponentCreation(EmbeddedSwingComposite.java:492) ~[com.st.stm32cube.common.mx.oss_6.13.0.202411220809/:?]
	at com.st.stm32cube.common.mx.oss.core.awtswtbridge.EmbeddedSwingComposite$4.run(EmbeddedSwingComposite.java:291) ~[com.st.stm32cube.common.mx.oss_6.13.0.202411220809/:?]
	at com.st.stm32cube.common.mx.oss.core.awtswtbridge.AwtEnvironment$2.run(AwtEnvironment.java:166) ~[com.st.stm32cube.common.mx.oss_6.13.0.202411220809/:?]
	at java.awt.event.InvocationEvent.dispatch(InvocationEvent.java:318) ~[?:?]
	at java.awt.EventQueue.dispatchEventImpl(EventQueue.java:773) ~[?:?]
	at java.awt.EventQueue$4.run(EventQueue.java:720) ~[?:?]
	at java.awt.EventQueue$4.run(EventQueue.java:714) ~[?:?]
	at java.security.AccessController.doPrivileged(AccessController.java:400) ~[?:?]
	at java.security.ProtectionDomain$JavaSecurityAccessImpl.doIntersectionPrivilege(ProtectionDomain.java:87) ~[?:?]
	at java.awt.EventQueue.dispatchEvent(EventQueue.java:742) ~[?:?]
	at java.awt.EventDispatchThread.pumpOneEventForFilters(EventDispatchThread.java:203) ~[?:?]
	at java.awt.EventDispatchThread.pumpEventsForFilter(EventDispatchThread.java:124) ~[?:?]
	at java.awt.EventDispatchThread.pumpEventsForHierarchy(EventDispatchThread.java:113) ~[?:?]
	at java.awt.EventDispatchThread.pumpEvents(EventDispatchThread.java:109) ~[?:?]
	at java.awt.EventDispatchThread.pumpEvents(EventDispatchThread.java:101) ~[?:?]
	at java.awt.EventDispatchThread.run(EventDispatchThread.java:90) ~[?:?]
2025-03-14 00:07:50,072 [WARN] ThirdParty:871 - waiting for thirdparty lock release [close project]
2025-03-14 00:07:50,073 [INFO] ThirdParty:873 - entering critical section [close project]
2025-03-14 00:07:50,073 [INFO] ThirdParty:883 - exiting critical section [close project]
2025-03-14 00:07:50,084 [INFO] PinOutPanel:1589 - setPackage(No Configuration,No Configuration)
2025-03-14 00:07:50,176 [WARN] IpParametersView:154 - Warning: This peripheral hasn't parameters
2025-03-14 00:07:50,245 [WARN] MainPanel:289 - <html><b><center>Warning: This peripheral has no parameters to be configured<br></b></html>
2025-03-14 00:07:50,249 [ERROR] MainPanel:599 - java.lang.IndexOutOfBoundsException: Index: 0, Tab count: 0
2025-03-14 00:07:50,267 [INFO] UtilMem:75 - Begin LoadConfig() Used Memory: 968444832 Bytes (1073741824)
2025-03-14 00:07:50,270 [INFO] MicroXplorer:468 - Change Database Path : 
2025-03-14 00:07:50,271 [INFO] MicroXplorer:498 - Change Database Version : DB.6.0.130
2025-03-14 00:07:50,272 [INFO] OpenFileManager:332 - Change cursor
2025-03-14 00:07:50,378 [INFO] RulesReader:64 - Compatibility file has been processed (297 Rules)
2025-03-14 00:07:50,420 [INFO] Mcu:2035 - Initializing MCU STM32H753ZITx STM32H753ZITx STM32H753ZIT6
2025-03-14 00:07:58,310 [INFO] Context:748 - Trying to add GPIOservice into a context  which must be forbidden
2025-03-14 00:08:03,312 [INFO] ApiDbMcu:508 - Load IP Config File for NUCLEO-H753ZI
2025-03-14 00:08:04,046 [INFO] RtosManager:555 - Registered RTOS mode: class=CMSIS, group=RTOS, mode=CMSIS_V1, owner=FREERTOS
2025-03-14 00:08:04,049 [INFO] RtosManager:555 - Registered RTOS mode: class=CMSIS, group=RTOS2, mode=CMSIS_V2, owner=FREERTOS
2025-03-14 00:08:04,050 [INFO] RtosManager:555 - Registered RTOS mode: class=RTOS, group=Core, mode=CMSIS_V1, owner=FREERTOS
2025-03-14 00:08:04,050 [INFO] RtosManager:555 - Registered RTOS mode: class=RTOS, group=Core, mode=CMSIS_V2, owner=FREERTOS
2025-03-14 00:08:04,050 [WARN] ModelIntegratedComponent:184 - Missing modes for component STMicroelectronics:FreeRTOS:0.0.1:STMicroelectronics:RTOS:FreeRTOS:Core:::10.2.0:
2025-03-14 00:08:04,062 [WARN] ModelIntegratedComponent:63 - No mode defined for component null
2025-03-14 00:08:04,063 [WARN] ModelIntegratedComponent:63 - No mode defined for component null
2025-03-14 00:08:04,063 [WARN] ModelIntegratedComponent:63 - No mode defined for component null
2025-03-14 00:08:04,063 [WARN] ModelIntegratedComponent:63 - No mode defined for component null
2025-03-14 00:08:04,063 [WARN] ModelIntegratedComponent:63 - No mode defined for component null
2025-03-14 00:08:04,063 [WARN] ModelIntegratedComponent:63 - No mode defined for component null
2025-03-14 00:08:04,064 [WARN] ModelIntegratedComponent:63 - No mode defined for component null
2025-03-14 00:08:04,066 [WARN] ModelIntegratedComponent:63 - No mode defined for component null
2025-03-14 00:08:04,067 [WARN] ModelIntegratedComponent:63 - No mode defined for component null
2025-03-14 00:08:04,067 [WARN] ModelIntegratedComponent:63 - No mode defined for component null
2025-03-14 00:08:04,067 [WARN] ModelIntegratedComponent:63 - No mode defined for component null
2025-03-14 00:08:04,067 [WARN] ModelIntegratedComponent:63 - No mode defined for component null
2025-03-14 00:08:04,067 [WARN] ModelIntegratedComponent:63 - No mode defined for component null
2025-03-14 00:08:04,067 [WARN] ModelIntegratedComponent:63 - No mode defined for component null
2025-03-14 00:08:04,067 [WARN] ModelIntegratedComponent:63 - No mode defined for component null
2025-03-14 00:08:04,067 [WARN] ModelIntegratedComponent:63 - No mode defined for component null
2025-03-14 00:08:04,067 [WARN] ModelIntegratedComponent:63 - No mode defined for component null
2025-03-14 00:08:04,067 [WARN] ModelIntegratedComponent:63 - No mode defined for component null
2025-03-14 00:08:04,067 [WARN] ModelIntegratedComponent:63 - No mode defined for component null
2025-03-14 00:08:04,067 [WARN] ModelIntegratedComponent:63 - No mode defined for component null
2025-03-14 00:08:04,067 [WARN] ModelIntegratedComponent:63 - No mode defined for component null
2025-03-14 00:08:04,067 [WARN] ModelIntegratedComponent:63 - No mode defined for component null
2025-03-14 00:08:04,067 [WARN] ModelIntegratedComponent:63 - No mode defined for component null
2025-03-14 00:08:04,067 [WARN] ModelIntegratedComponent:63 - No mode defined for component null
2025-03-14 00:08:04,067 [WARN] ModelIntegratedComponent:63 - No mode defined for component null
2025-03-14 00:08:04,067 [WARN] ModelIntegratedComponent:63 - No mode defined for component null
2025-03-14 00:08:04,068 [WARN] ModelIntegratedComponent:63 - No mode defined for component null
2025-03-14 00:08:04,068 [WARN] ModelIntegratedComponent:63 - No mode defined for component null
2025-03-14 00:08:04,068 [WARN] ModelIntegratedComponent:63 - No mode defined for component null
2025-03-14 00:08:04,068 [WARN] ModelIntegratedComponent:63 - No mode defined for component null
2025-03-14 00:08:04,069 [WARN] ModelIntegratedComponent:63 - No mode defined for component null
2025-03-14 00:08:04,069 [WARN] ModelIntegratedComponent:63 - No mode defined for component null
2025-03-14 00:08:04,069 [WARN] ModelIntegratedComponent:63 - No mode defined for component null
2025-03-14 00:08:04,069 [WARN] ModelIntegratedComponent:63 - No mode defined for component null
2025-03-14 00:08:04,069 [WARN] ModelIntegratedComponent:63 - No mode defined for component null
2025-03-14 00:08:04,070 [WARN] ModelPack:524 - Component already loaded: STMicroelectronics:HAL Drivers:0.0.0:STMicroelectronics:Device:STMicro_Driver:XSPI:HAL::0.0.1:HAL_XSPI
2025-03-14 00:08:04,278 [INFO] ThirdPartyModel:298 - Start build external matchings
2025-03-14 00:08:05,463 [INFO] ThirdPartyModel:316 - End build external matchings
2025-03-14 00:08:05,531 [INFO] ImportTextPane:218 - (OptionalMessage_ERROR) IP (ETH) : Invalid parameter (RxBuffAddress)
2025-03-14 00:08:05,540 [INFO] ImportTextPane:218 - (OptionalMessage_ERROR) IP (HASH) : Parameter (pKey) has invalid value (__NULL)
2025-03-14 00:08:05,553 [INFO] ImportTextPane:218 - (OptionalMessage_ERROR) IP (RCC) : Invalid parameter (FamilyName)
2025-03-14 00:08:07,170 [INFO] UtilMem:75 - End LoadConfig() Used Memory: 926837424 Bytes (1073741824)
2025-03-14 00:08:07,274 [WARN] ThirdParty:833 - waiting for thirdparty lock release [change project]
2025-03-14 00:08:07,278 [INFO] ThirdParty:835 - entering critical section [change project]
2025-03-14 00:08:07,278 [INFO] ThirdParty:1030 - CMSIS Pack Vendor :STMicroelectronics X-CUBE-ISPU 1.1.0
2025-03-14 00:08:07,278 [INFO] ThirdParty:1030 - CMSIS Pack Vendor :STMicroelectronics USBPD 4.1
2025-03-14 00:08:07,278 [INFO] ThirdParty:1030 - CMSIS Pack Vendor :STMicroelectronics X-CUBE-AZRTOS-H7 3.3.0
2025-03-14 00:08:07,278 [INFO] ThirdParty:1030 - CMSIS Pack Vendor :STMicroelectronics X-CUBE-GNSS1 6.0.0
2025-03-14 00:08:07,278 [INFO] ThirdParty:1030 - CMSIS Pack Vendor :STMicroelectronics USB_HOST 2.0.0
2025-03-14 00:08:07,278 [INFO] ThirdParty:1030 - CMSIS Pack Vendor :STMicroelectronics X-CUBE-AZRTOS-F4 1.1.0
2025-03-14 00:08:07,278 [INFO] ThirdParty:1030 - CMSIS Pack Vendor :STMicroelectronics LIBJPEG 8.0.0
2025-03-14 00:08:07,278 [INFO] ThirdParty:1030 - CMSIS Pack Vendor :STMicroelectronics FP-ATR-ASTRA1 2.0.2
2025-03-14 00:08:07,278 [INFO] ThirdParty:1030 - CMSIS Pack Vendor :STMicroelectronics FP-ATR-ASTRA1 2.0.1
2025-03-14 00:08:07,278 [INFO] ThirdParty:1030 - CMSIS Pack Vendor :STMicroelectronics X-CUBE-BLE1 7.1.0
2025-03-14 00:08:07,278 [INFO] ThirdParty:1030 - CMSIS Pack Vendor :STMicroelectronics X-CUBE-WB05N 1.1.0
2025-03-14 00:08:07,279 [INFO] ThirdParty:1030 - CMSIS Pack Vendor :STMicroelectronics USB_DEVICE 3.0.0
2025-03-14 00:08:07,279 [INFO] ThirdParty:1030 - CMSIS Pack Vendor :STMicroelectronics X-CUBE-TCPP 4.1.0
2025-03-14 00:08:07,279 [INFO] ThirdParty:1030 - CMSIS Pack Vendor :STMicroelectronics X-CUBE-FREERTOS 1.2.0
2025-03-14 00:08:07,279 [INFO] ThirdParty:1030 - CMSIS Pack Vendor :STMicroelectronics X-CUBE-AI 8.0.0
2025-03-14 00:08:07,279 [INFO] ThirdParty:1030 - CMSIS Pack Vendor :STMicroelectronics X-CUBE-IPS 3.0.0
2025-03-14 00:08:07,279 [INFO] ThirdParty:1030 - CMSIS Pack Vendor :STMicroelectronics X-CUBE-AZRTOS-WB 2.0.0
2025-03-14 00:08:07,279 [INFO] ThirdParty:1030 - CMSIS Pack Vendor :STMicroelectronics X-CUBE-FREERTOS 1.0.1
2025-03-14 00:08:07,279 [INFO] ThirdParty:1030 - CMSIS Pack Vendor :STMicroelectronics X-CUBE-GNSS1 7.0.0
2025-03-14 00:08:07,279 [INFO] ThirdParty:1030 - CMSIS Pack Vendor :STMicroelectronics X-CUBE-GNSS1 7.0.1
2025-03-14 00:08:07,280 [INFO] ThirdParty:1030 - CMSIS Pack Vendor :STMicroelectronics X-CUBE-TOUCHGFX 4.21.3
2025-03-14 00:08:07,280 [INFO] ThirdParty:1030 - CMSIS Pack Vendor :STMicroelectronics X-CUBE-AZRTOS-F7 1.1.0
2025-03-14 00:08:07,280 [INFO] ThirdParty:1030 - CMSIS Pack Vendor :STMicroelectronics X-CUBE-TOUCHGFX 4.21.4
2025-03-14 00:08:07,280 [INFO] ThirdParty:1030 - CMSIS Pack Vendor :STMicroelectronics X-CUBE-AZRTOS-L5 2.0.0
2025-03-14 00:08:07,280 [INFO] ThirdParty:1030 - CMSIS Pack Vendor :STMicroelectronics X-CUBE-TOUCHGFX 4.25.0
2025-03-14 00:08:07,280 [INFO] ThirdParty:1030 - CMSIS Pack Vendor :STMicroelectronics X-CUBE-MEMS1 9.4.0
2025-03-14 00:08:07,280 [INFO] ThirdParty:1030 - CMSIS Pack Vendor :STMicroelectronics USB_DEVICE 2.0.0
2025-03-14 00:08:07,280 [INFO] ThirdParty:1030 - CMSIS Pack Vendor :STMicroelectronics X-CUBE-AI 7.3.0
2025-03-14 00:08:07,280 [INFO] ThirdParty:1030 - CMSIS Pack Vendor :STMicroelectronics X-CUBE-MEMS1 9.6.0
2025-03-14 00:08:07,280 [INFO] ThirdParty:1030 - CMSIS Pack Vendor :STMicroelectronics FP-SNS-FLIGHT1 5.0.0
2025-03-14 00:08:07,280 [INFO] ThirdParty:1030 - CMSIS Pack Vendor :STMicroelectronics X-CUBE-ALGOBUILD 1.3.0
2025-03-14 00:08:07,280 [INFO] ThirdParty:1030 - CMSIS Pack Vendor :STMicroelectronics X-CUBE-MEMS1 11.0.0
2025-03-14 00:08:07,281 [INFO] ThirdParty:1030 - CMSIS Pack Vendor :STMicroelectronics X-CUBE-BLE1 6.2.4
2025-03-14 00:08:07,281 [INFO] ThirdParty:1030 - CMSIS Pack Vendor :STMicroelectronics X-CUBE-AZRTOS-L5 1.1.0
2025-03-14 00:08:07,281 [INFO] ThirdParty:1030 - CMSIS Pack Vendor :STMicroelectronics FreeRTOS 0.0.1
2025-03-14 00:08:07,281 [INFO] ThirdParty:1030 - CMSIS Pack Vendor :STMicroelectronics X-CUBE-AZRTOS-G0 1.1.0
2025-03-14 00:08:07,281 [INFO] ThirdParty:1030 - CMSIS Pack Vendor :STMicroelectronics X-CUBE-BLEMGR 2.0.0
2025-03-14 00:08:07,281 [INFO] ThirdParty:1030 - CMSIS Pack Vendor :STMicroelectronics X-CUBE-AI 8.0.1
2025-03-14 00:08:07,281 [INFO] ThirdParty:1030 - CMSIS Pack Vendor :STMicroelectronics X-CUBE-SUBG2 5.0.0
2025-03-14 00:08:07,282 [INFO] ThirdParty:1030 - CMSIS Pack Vendor :STMicroelectronics STM32_WPAN 1.0.0
2025-03-14 00:08:07,282 [INFO] ThirdParty:1030 - CMSIS Pack Vendor :EmbeddedOffice I-CUBE-FS-RTOS 1.0.1
2025-03-14 00:08:07,282 [INFO] ThirdParty:1030 - CMSIS Pack Vendor :STMicroelectronics lwIP 2.0.3
2025-03-14 00:08:07,282 [INFO] ThirdParty:1030 - CMSIS Pack Vendor :STMicroelectronics FP-SNS-FLIGHT1 5.0.2
2025-03-14 00:08:07,283 [INFO] ThirdParty:1030 - CMSIS Pack Vendor :Cesanta I-CUBE-Mongoose 7.13.0
2025-03-14 00:08:07,283 [INFO] ThirdParty:1030 - CMSIS Pack Vendor :STMicroelectronics USB_HOST 1.0.0
2025-03-14 00:08:07,283 [INFO] ThirdParty:1030 - CMSIS Pack Vendor :STMicroelectronics X-CUBE-AI 9.0.0
2025-03-14 00:08:07,284 [INFO] ThirdParty:1030 - CMSIS Pack Vendor :STMicroelectronics PDM2PCM 3.1.0
2025-03-14 00:08:07,286 [INFO] ThirdParty:1030 - CMSIS Pack Vendor :STMicroelectronics X-CUBE-AZRTOS-H7 3.1.0
2025-03-14 00:08:07,287 [INFO] ThirdParty:1030 - CMSIS Pack Vendor :STMicroelectronics FP-ATR-ASTRA1 1.1.1
2025-03-14 00:08:07,288 [INFO] ThirdParty:1030 - CMSIS Pack Vendor :STMicroelectronics PDM2PCM 3.3.0
2025-03-14 00:08:07,289 [INFO] ThirdParty:1030 - CMSIS Pack Vendor :STMicroelectronics X-CUBE-BLEMGR 1.3.0
2025-03-14 00:08:07,289 [INFO] ThirdParty:1030 - CMSIS Pack Vendor :STMicroelectronics X-CUBE-TCPP 4.2.0
2025-03-14 00:08:07,289 [INFO] ThirdParty:1030 - CMSIS Pack Vendor :RealThread X-CUBE-RT-Thread_Nano 4.1.1
2025-03-14 00:08:07,290 [INFO] ThirdParty:1030 - CMSIS Pack Vendor :STMicroelectronics X-CUBE-BLE1 7.0.0
2025-03-14 00:08:07,290 [INFO] ThirdParty:1030 - CMSIS Pack Vendor :STMicroelectronics FP-ATR-SIGFOX1 3.2.0
2025-03-14 00:08:07,290 [INFO] ThirdParty:1030 - CMSIS Pack Vendor :STMicroelectronics X-CUBE-AZRTOS-G4 1.0.0
2025-03-14 00:08:07,291 [INFO] ThirdParty:1030 - CMSIS Pack Vendor :STMicroelectronics X-CUBE-AZRTOS-L4 1.0.0
2025-03-14 00:08:07,291 [INFO] ThirdParty:1030 - CMSIS Pack Vendor :quantropi X-CUBE-qispace-sdk-base 1.9.3
2025-03-14 00:08:07,291 [INFO] ThirdParty:1030 - CMSIS Pack Vendor :STMicroelectronics X-CUBE-BLEMGR 4.0.0
2025-03-14 00:08:07,292 [INFO] ThirdParty:1030 - CMSIS Pack Vendor :STMicroelectronics HAL Drivers 0.0.0
2025-03-14 00:08:07,292 [INFO] ThirdParty:1030 - CMSIS Pack Vendor :STMicroelectronics MBEDTLS 2.16.2
2025-03-14 00:08:07,293 [INFO] ThirdParty:1030 - CMSIS Pack Vendor :STMicroelectronics X-CUBE-IPS 3.1.0
2025-03-14 00:08:07,293 [INFO] ThirdParty:1030 - CMSIS Pack Vendor :emotas I-CUBE-CANOPEN 1.3.0
2025-03-14 00:08:07,294 [INFO] ThirdParty:1030 - CMSIS Pack Vendor :STMicroelectronics X-CUBE-FREERTOS 1.3.0
2025-03-14 00:08:07,295 [INFO] ThirdParty:1030 - CMSIS Pack Vendor :STMicroelectronics X-CUBE-MEMS1 10.0.0
2025-03-14 00:08:07,295 [INFO] ThirdParty:1030 - CMSIS Pack Vendor :STMicroelectronics MBEDTLS 2.14.1
2025-03-14 00:08:07,295 [INFO] ThirdParty:1030 - CMSIS Pack Vendor :STMicroelectronics X-CUBE-NFC7 1.0.0
2025-03-14 00:08:07,296 [INFO] ThirdParty:1030 - CMSIS Pack Vendor :ITTIA_DB I-CUBE-ITTIADB 8.9.0
2025-03-14 00:08:07,296 [INFO] ThirdParty:1030 - CMSIS Pack Vendor :STMicroelectronics X-CUBE-TOUCHGFX 4.24.2
2025-03-14 00:08:07,296 [INFO] ThirdParty:1030 - CMSIS Pack Vendor :STMicroelectronics X-CUBE-TOUCHGFX 4.24.1
2025-03-14 00:08:07,296 [INFO] ThirdParty:1030 - CMSIS Pack Vendor :wolfSSL I-CUBE-wolfTPM 3.4.0
2025-03-14 00:08:07,296 [INFO] ThirdParty:1030 - CMSIS Pack Vendor :portGmbH I-Cube-SoM-uGOAL 1.1.0
2025-03-14 00:08:07,296 [INFO] ThirdParty:1030 - CMSIS Pack Vendor :STMicroelectronics X-CUBE-ALS 1.0.1
2025-03-14 00:08:07,296 [INFO] ThirdParty:1030 - CMSIS Pack Vendor :STMicroelectronics X-CUBE-MEMS1 9.5.0
2025-03-14 00:08:07,296 [INFO] ThirdParty:1030 - CMSIS Pack Vendor :STMicroelectronics X-CUBE-BLEMGR 3.1.0
2025-03-14 00:08:07,296 [INFO] ThirdParty:1030 - CMSIS Pack Vendor :STMicroelectronics X-CUBE-AI 10.0.0
2025-03-14 00:08:07,296 [INFO] ThirdParty:1030 - CMSIS Pack Vendor :STMicroelectronics ThreadX 1.0.0
2025-03-14 00:08:07,296 [INFO] ThirdParty:1030 - CMSIS Pack Vendor :STMicroelectronics X-CUBE-AZRTOS-WB 1.1.0
2025-03-14 00:08:07,296 [INFO] ThirdParty:1030 - CMSIS Pack Vendor :STMicroelectronics FP-SNS-FLIGHT1 5.1.0
2025-03-14 00:08:07,296 [INFO] ThirdParty:1030 - CMSIS Pack Vendor :STMicroelectronics X-CUBE-MEMS1 11.1.0
2025-03-14 00:08:07,297 [INFO] ThirdParty:1030 - CMSIS Pack Vendor :STMicroelectronics X-CUBE-AZRTOS-WL 2.0.0
2025-03-14 00:08:07,297 [INFO] ThirdParty:1030 - CMSIS Pack Vendor :SEGGER I-CUBE-embOS 1.3.1
2025-03-14 00:08:07,297 [INFO] ThirdParty:1030 - CMSIS Pack Vendor :STMicroelectronics X-CUBE-ALGOBUILD 1.4.0
2025-03-14 00:08:07,297 [INFO] ThirdParty:1030 - CMSIS Pack Vendor :STMicroelectronics USB_DEVICE 1.0.0
2025-03-14 00:08:07,297 [INFO] ThirdParty:1030 - CMSIS Pack Vendor :STMicroelectronics X-CUBE-AZRTOS-H7RS 1.0.0
2025-03-14 00:08:07,298 [INFO] ThirdParty:1030 - CMSIS Pack Vendor :wolfSSL I-CUBE-wolfMQTT 1.19.0
2025-03-14 00:08:07,298 [INFO] ThirdParty:1030 - CMSIS Pack Vendor :STMicroelectronics X-CUBE-AZRTOS-L4 2.0.0
2025-03-14 00:08:07,298 [INFO] ThirdParty:1030 - CMSIS Pack Vendor :STMicroelectronics ThreadX 0.0.2
2025-03-14 00:08:07,298 [INFO] ThirdParty:1030 - CMSIS Pack Vendor :WES I-CUBE-Cesium 1.3.0
2025-03-14 00:08:07,298 [INFO] ThirdParty:1030 - CMSIS Pack Vendor :STMicroelectronics FP-ATR-ASTRA1 2.0.0
2025-03-14 00:08:07,298 [INFO] ThirdParty:1030 - CMSIS Pack Vendor :STMicroelectronics lwIP 2.1.2
2025-03-14 00:08:07,298 [INFO] ThirdParty:1030 - CMSIS Pack Vendor :STMicroelectronics X-CUBE-SFXS2LP1 4.0.0
2025-03-14 00:08:07,298 [INFO] ThirdParty:1030 - CMSIS Pack Vendor :STMicroelectronics X-CUBE-BLE2 3.3.0
2025-03-14 00:08:07,298 [INFO] ThirdParty:1030 - CMSIS Pack Vendor :Infineon AIROC-Wi-Fi-Bluetooth-STM32 1.6.1
2025-03-14 00:08:07,298 [INFO] ThirdParty:1030 - CMSIS Pack Vendor :STMicroelectronics PDM2PCM 3.2.0
2025-03-14 00:08:07,298 [INFO] ThirdParty:1030 - CMSIS Pack Vendor :wolfSSL I-CUBE-wolfSSH 1.4.17
2025-03-14 00:08:07,302 [INFO] ThirdParty:841 - exiting critical section [change project]
2025-03-14 00:08:09,449 [INFO] PinOutPanel:1589 - setPackage(No Configuration,No Configuration)
2025-03-14 00:08:09,460 [INFO] PinOutPanel:1589 - setPackage(STM32H753ZITx,LQFP144)
2025-03-14 00:08:12,245 [INFO] UtilMem:75 - Before build in PCC Used Memory: 1005815080 Bytes (1073741824)
2025-03-14 00:08:14,399 [INFO] UtilMem:75 - After build in PCC Used Memory: 1000237792 Bytes (1073741824)
2025-03-14 00:08:15,343 [INFO] IPUIPlugin:80 - create IPUIPlugin
2025-03-14 00:08:15,463 [INFO] IPUIPlugin:80 - create IPUIPlugin
2025-03-14 00:08:15,471 [INFO] IPUIPlugin:80 - create IPUIPlugin
2025-03-14 00:08:15,479 [INFO] IPUIPlugin:80 - create IPUIPlugin
2025-03-14 00:08:15,485 [INFO] IPUIPlugin:80 - create IPUIPlugin
2025-03-14 00:08:15,486 [INFO] IPUIPlugin:80 - create IPUIPlugin
2025-03-14 00:08:15,488 [INFO] IPUIPlugin:80 - create IPUIPlugin
2025-03-14 00:08:15,489 [INFO] IPUIPlugin:80 - create IPUIPlugin
2025-03-14 00:08:15,508 [INFO] IPUIPlugin:80 - create IPUIPlugin
2025-03-14 00:08:15,509 [INFO] IPUIPlugin:80 - create IPUIPlugin
2025-03-14 00:08:15,511 [INFO] IPUIPlugin:80 - create IPUIPlugin
2025-03-14 00:08:15,512 [INFO] IPUIPlugin:80 - create IPUIPlugin
2025-03-14 00:08:15,514 [INFO] IPUIPlugin:80 - create IPUIPlugin
2025-03-14 00:08:15,515 [INFO] IPUIPlugin:80 - create IPUIPlugin
2025-03-14 00:08:15,517 [INFO] IPUIPlugin:80 - create IPUIPlugin
2025-03-14 00:08:15,518 [INFO] IPUIPlugin:80 - create IPUIPlugin
2025-03-14 00:08:15,521 [INFO] IPUIPlugin:80 - create IPUIPlugin
2025-03-14 00:08:15,522 [INFO] IPUIPlugin:80 - create IPUIPlugin
2025-03-14 00:08:15,523 [INFO] IPUIPlugin:80 - create IPUIPlugin
2025-03-14 00:08:15,527 [INFO] IPUIPlugin:80 - create IPUIPlugin
2025-03-14 00:08:15,532 [INFO] IPUIPlugin:80 - create IPUIPlugin
2025-03-14 00:08:15,541 [INFO] IPUIPlugin:80 - create IPUIPlugin
2025-03-14 00:08:15,542 [INFO] IPUIPlugin:80 - create IPUIPlugin
2025-03-14 00:08:15,543 [INFO] IPUIPlugin:80 - create IPUIPlugin
2025-03-14 00:08:15,545 [INFO] IPUIPlugin:80 - create IPUIPlugin
2025-03-14 00:08:15,552 [INFO] IPUIPlugin:80 - create IPUIPlugin
2025-03-14 00:08:15,554 [INFO] IPUIPlugin:80 - create IPUIPlugin
2025-03-14 00:08:15,555 [INFO] IPUIPlugin:80 - create IPUIPlugin
2025-03-14 00:08:15,556 [INFO] IPUIPlugin:80 - create IPUIPlugin
2025-03-14 00:08:15,557 [INFO] IPUIPlugin:80 - create IPUIPlugin
2025-03-14 00:08:15,557 [INFO] IPUIPlugin:80 - create IPUIPlugin
2025-03-14 00:08:15,558 [INFO] IPUIPlugin:80 - create IPUIPlugin
2025-03-14 00:08:15,558 [INFO] IPUIPlugin:80 - create IPUIPlugin
2025-03-14 00:08:15,561 [INFO] IPUIPlugin:80 - create IPUIPlugin
2025-03-14 00:08:15,563 [INFO] IPUIPlugin:80 - create IPUIPlugin
2025-03-14 00:08:15,565 [INFO] IPUIPlugin:80 - create IPUIPlugin
2025-03-14 00:08:15,566 [INFO] IPUIPlugin:80 - create IPUIPlugin
2025-03-14 00:08:15,567 [INFO] IPUIPlugin:80 - create IPUIPlugin
2025-03-14 00:08:15,568 [INFO] IPUIPlugin:80 - create IPUIPlugin
2025-03-14 00:08:15,568 [INFO] IPUIPlugin:80 - create IPUIPlugin
2025-03-14 00:08:15,569 [INFO] IPUIPlugin:80 - create IPUIPlugin
2025-03-14 00:08:15,572 [INFO] IPUIPlugin:80 - create IPUIPlugin
2025-03-14 00:08:15,573 [INFO] IPUIPlugin:80 - create IPUIPlugin
2025-03-14 00:08:15,575 [INFO] IPUIPlugin:80 - create IPUIPlugin
2025-03-14 00:08:15,575 [INFO] IPUIPlugin:80 - create IPUIPlugin
2025-03-14 00:08:15,576 [INFO] IPUIPlugin:80 - create IPUIPlugin
2025-03-14 00:08:15,576 [INFO] IPUIPlugin:80 - create IPUIPlugin
2025-03-14 00:08:15,577 [INFO] IPUIPlugin:80 - create IPUIPlugin
2025-03-14 00:08:15,578 [INFO] IPUIPlugin:80 - create IPUIPlugin
2025-03-14 00:08:15,579 [INFO] IPUIPlugin:80 - create IPUIPlugin
2025-03-14 00:08:15,579 [INFO] IPUIPlugin:80 - create IPUIPlugin
2025-03-14 00:08:15,579 [INFO] IPUIPlugin:80 - create IPUIPlugin
2025-03-14 00:08:15,580 [INFO] IPUIPlugin:80 - create IPUIPlugin
2025-03-14 00:08:15,581 [INFO] IPUIPlugin:80 - create IPUIPlugin
2025-03-14 00:08:15,588 [INFO] IPUIPlugin:80 - create IPUIPlugin
2025-03-14 00:08:15,589 [INFO] IPUIPlugin:80 - create IPUIPlugin
2025-03-14 00:08:15,589 [INFO] IPUIPlugin:80 - create IPUIPlugin
2025-03-14 00:08:15,590 [INFO] IPUIPlugin:80 - create IPUIPlugin
2025-03-14 00:08:15,591 [INFO] IPUIPlugin:80 - create IPUIPlugin
2025-03-14 00:08:15,593 [INFO] IPUIPlugin:80 - create IPUIPlugin
2025-03-14 00:08:15,593 [INFO] IPUIPlugin:80 - create IPUIPlugin
2025-03-14 00:08:15,594 [INFO] IPUIPlugin:80 - create IPUIPlugin
2025-03-14 00:08:15,595 [INFO] IPUIPlugin:80 - create IPUIPlugin
2025-03-14 00:08:15,599 [INFO] IPUIPlugin:80 - create IPUIPlugin
2025-03-14 00:08:15,602 [INFO] IPUIPlugin:80 - create IPUIPlugin
2025-03-14 00:08:15,603 [INFO] IPUIPlugin:80 - create IPUIPlugin
2025-03-14 00:08:15,604 [INFO] IPUIPlugin:80 - create IPUIPlugin
2025-03-14 00:08:15,605 [INFO] IPUIPlugin:80 - create IPUIPlugin
2025-03-14 00:08:15,605 [INFO] IPUIPlugin:80 - create IPUIPlugin
2025-03-14 00:08:15,606 [INFO] IPUIPlugin:80 - create IPUIPlugin
2025-03-14 00:08:15,607 [INFO] IPUIPlugin:80 - create IPUIPlugin
2025-03-14 00:08:15,616 [INFO] IPUIPlugin:80 - create IPUIPlugin
2025-03-14 00:08:15,620 [INFO] IPUIPlugin:80 - create IPUIPlugin
2025-03-14 00:08:15,624 [INFO] IPUIPlugin:80 - create IPUIPlugin
2025-03-14 00:08:15,631 [INFO] IPUIPlugin:80 - create IPUIPlugin
2025-03-14 00:08:15,635 [INFO] IPUIPlugin:80 - create IPUIPlugin
2025-03-14 00:08:15,637 [INFO] IPUIPlugin:80 - create IPUIPlugin
2025-03-14 00:08:15,642 [INFO] IPUIPlugin:80 - create IPUIPlugin
2025-03-14 00:08:15,646 [INFO] IPUIPlugin:80 - create IPUIPlugin
2025-03-14 00:08:15,652 [INFO] IPUIPlugin:80 - create IPUIPlugin
2025-03-14 00:08:15,654 [INFO] IPUIPlugin:80 - create IPUIPlugin
2025-03-14 00:08:15,655 [INFO] IPUIPlugin:80 - create IPUIPlugin
2025-03-14 00:08:15,656 [INFO] IPUIPlugin:80 - create IPUIPlugin
2025-03-14 00:08:15,656 [INFO] IPUIPlugin:80 - create IPUIPlugin
2025-03-14 00:08:15,656 [INFO] IPUIPlugin:80 - create IPUIPlugin
2025-03-14 00:08:15,656 [INFO] IPUIPlugin:80 - create IPUIPlugin
2025-03-14 00:08:15,656 [INFO] IPUIPlugin:80 - create IPUIPlugin
2025-03-14 00:08:15,657 [INFO] IPUIPlugin:80 - create IPUIPlugin
2025-03-14 00:08:15,658 [INFO] IPUIPlugin:80 - create IPUIPlugin
2025-03-14 00:08:15,659 [INFO] IPUIPlugin:80 - create IPUIPlugin
2025-03-14 00:08:15,660 [INFO] IPUIPlugin:80 - create IPUIPlugin
2025-03-14 00:08:15,661 [INFO] IPUIPlugin:80 - create IPUIPlugin
2025-03-14 00:08:15,664 [INFO] IPUIPlugin:80 - create IPUIPlugin
2025-03-14 00:08:15,666 [INFO] IPUIPlugin:80 - create IPUIPlugin
2025-03-14 00:08:15,667 [INFO] IPUIPlugin:80 - create IPUIPlugin
2025-03-14 00:08:15,668 [INFO] IPUIPlugin:80 - create IPUIPlugin
2025-03-14 00:08:15,669 [INFO] IPUIPlugin:80 - create IPUIPlugin
2025-03-14 00:08:15,669 [INFO] IPUIPlugin:80 - create IPUIPlugin
2025-03-14 00:08:15,670 [INFO] IPUIPlugin:80 - create IPUIPlugin
2025-03-14 00:08:15,674 [INFO] IPUIPlugin:80 - create IPUIPlugin
2025-03-14 00:08:15,679 [INFO] IPUIPlugin:80 - create IPUIPlugin
2025-03-14 00:08:16,651 [INFO] ApiDbMcu:508 - Load IP Config File for PDM2PCM
2025-03-14 00:08:18,322 [INFO] CADModel:165 - CPN selected for project levelSTM32H753ZIT6
2025-03-14 00:08:18,327 [INFO] CADModel:114 - Register for checkConnection events
2025-03-14 00:08:18,423 [INFO] OpenFileManager:363 - Restore cursor
2025-03-14 00:13:45,197 [INFO] MainUpdater:2872 - connection check result : 10
2025-03-14 00:13:45,685 [INFO] McuFinderGlobals:76 - Set McuFinderConnectedMode to true
2025-03-14 00:13:45,703 [INFO] MultiScanPanel:200 - Auto-refresh data requested => check proxy status ongoing
2025-03-14 00:13:45,709 [INFO] FinderPluginLoader:95 - Searching for filters in installed packs
2025-03-14 00:13:48,150 [INFO] LoadUrlFilesThread:185 - End of LoadServerUrlFiles without Thread
2025-03-14 00:13:48,324 [INFO] DetailPanel:341 - Set advertising image to /Users/sanjaybendale/STM32Cube/Repository//en.prom-stm32u3-mcu-finder.jpg
2025-03-14 00:14:42,781 [INFO] McuFinderGlobals:76 - Set McuFinderConnectedMode to true
2025-03-14 00:14:43,283 [INFO] ApiDb:448 - Save user favorites file /Users/sanjaybendale/.stm32cubeide/favorites.mcus.txt: 0 item(s)
2025-03-14 00:14:43,285 [INFO] ApiDb:452 - User favorites MCUs=[]
2025-03-14 00:14:49,184 [INFO] MainUpdater:2872 - connection check result : 10
2025-03-14 00:14:49,450 [INFO] McuFinderGlobals:76 - Set McuFinderConnectedMode to true
2025-03-14 00:14:49,463 [INFO] MultiScanPanel:200 - Auto-refresh data requested => check proxy status ongoing
2025-03-14 00:14:49,468 [INFO] FinderPluginLoader:95 - Searching for filters in installed packs
2025-03-14 00:14:50,736 [INFO] LoadUrlFilesThread:185 - End of LoadServerUrlFiles without Thread
2025-03-14 00:14:50,748 [INFO] DetailPanel:341 - Set advertising image to /Users/sanjaybendale/STM32Cube/Repository//en.prom-stm32u3-mcu-finder.jpg
2025-03-14 00:15:49,827 [INFO] MultiScanPanel:200 - Auto-refresh data requested => check proxy status ongoing
2025-03-14 00:15:50,138 [INFO] LoadUrlFilesThread:185 - End of LoadServerUrlFiles without Thread
2025-03-14 00:15:50,140 [INFO] DetailPanel:341 - Set advertising image to /Users/sanjaybendale/STM32Cube/Repository//en.prom-stm32u3-mcu-finder.jpg
2025-03-14 00:15:50,168 [INFO] DbBoards:642 - Loading board mini-images...
2025-03-14 00:15:50,254 [ERROR] DbBoards:659 - Image file not found for board B-WBA5M-WPAN: /Users/sanjaybendale/.stmcufinder/plugins/mcufinder//mcu//boards_images/B-WBA5M-WPAN.jpg
2025-03-14 00:15:51,406 [ERROR] DbBoards:659 - Image file not found for board NUCLEO-U385RG-Q: /Users/sanjaybendale/.stmcufinder/plugins/mcufinder//mcu//boards_images/NUCLEO-U385RG-Q.jpg
2025-03-14 00:15:53,791 [INFO] DbBoards:665 - Loaded 209 board mini-images
2025-03-14 00:16:12,355 [INFO] MetaSearchPanel:254 - search for filter with key=nu
2025-03-14 00:16:26,163 [INFO] MetaSearchPanel:254 - search for filter with key=Nucleo-144
2025-03-14 00:16:26,221 [INFO] MetaSearchPanel:355 - search for filter component Type
2025-03-14 00:16:26,221 [INFO] MetaSearchPanel:329 - Collapse all filters sections
2025-03-14 00:16:47,988 [INFO] BoardResultTable:719 - Mark Board NUCLEO-H753ZI as favorite
2025-03-14 00:17:37,352 [INFO] MainUpdater:2872 - connection check result : 10
2025-03-14 00:17:37,356 [INFO] MainUpdater:2872 - connection check result : 10
2025-03-14 00:17:38,045 [INFO] I2cTimingTraitement:330 - 0x10707DBC
2025-03-14 00:17:38,071 [INFO] MicroXplorer:468 - Change Database Path : 
2025-03-14 00:17:38,071 [INFO] MicroXplorer:498 - Change Database Version : DB.6.0.130
2025-03-14 00:17:38,198 [ERROR] ProjectManagerView:394 - 
java.lang.NullPointerException: Cannot invoke "javax.swing.JTextField.getText()" because the return value of "java.util.List.get(int)" is null
	at com.st.microxplorer.plugins.projectmanager.gui.ProjectChoiceTab$9.caretUpdate(ProjectChoiceTab.java:2616) ~[filemanager.jar:?]
	at javax.swing.text.JTextComponent.fireCaretUpdate(JTextComponent.java:408) ~[?:?]
	at javax.swing.text.JTextComponent$MutableCaretEvent.fire(JTextComponent.java:4484) ~[?:?]
	at javax.swing.text.JTextComponent$MutableCaretEvent.stateChanged(JTextComponent.java:4506) ~[?:?]
	at javax.swing.text.DefaultCaret.fireStateChanged(DefaultCaret.java:857) ~[?:?]
	at com.apple.laf.AquaCaret.fireStateChanged(AquaCaret.java:86) ~[?:?]
	at javax.swing.text.DefaultCaret.changeCaretPosition(DefaultCaret.java:1343) ~[?:?]
	at javax.swing.text.DefaultCaret.handleSetDot(DefaultCaret.java:1242) ~[?:?]
	at javax.swing.text.DefaultCaret.setDot(DefaultCaret.java:1223) ~[?:?]
	at javax.swing.text.DefaultCaret$Handler.insertUpdate(DefaultCaret.java:1819) ~[?:?]
	at javax.swing.text.AbstractDocument.fireInsertUpdate(AbstractDocument.java:227) ~[?:?]
	at javax.swing.text.AbstractDocument.handleInsertString(AbstractDocument.java:781) ~[?:?]
	at javax.swing.text.AbstractDocument.insertString(AbstractDocument.java:740) ~[?:?]
	at javax.swing.text.PlainDocument.insertString(PlainDocument.java:131) ~[?:?]
	at javax.swing.text.AbstractDocument.replace(AbstractDocument.java:699) ~[?:?]
	at javax.swing.text.JTextComponent.setText(JTextComponent.java:1725) ~[?:?]
	at com.st.microxplorer.plugins.projectmanager.gui.ProjectChoiceTab.createHeapStackFields(ProjectChoiceTab.java:975) ~[filemanager.jar:?]
	at com.st.microxplorer.plugins.projectmanager.gui.ProjectChoiceTab.buildLinkSettingsPanel(ProjectChoiceTab.java:3666) ~[filemanager.jar:?]
	at com.st.microxplorer.plugins.projectmanager.gui.ProjectChoiceTab.defineWindowsFields(ProjectChoiceTab.java:1934) ~[filemanager.jar:?]
	at com.st.microxplorer.plugins.projectmanager.gui.ProjectChoiceTab.updateSettings(ProjectChoiceTab.java:553) ~[filemanager.jar:?]
	at com.st.microxplorer.plugins.projectmanager.gui.ProjectSettingsPanel.UpdateDialog(ProjectSettingsPanel.java:245) ~[filemanager.jar:?]
	at com.st.microxplorer.plugins.projectmanager.ProjectManagerView.propertyChange(ProjectManagerView.java:391) ~[filemanager.jar:?]
	at java.beans.PropertyChangeSupport.fire(PropertyChangeSupport.java:343) ~[?:?]
	at java.beans.PropertyChangeSupport.firePropertyChange(PropertyChangeSupport.java:335) ~[?:?]
	at java.beans.PropertyChangeSupport.firePropertyChange(PropertyChangeSupport.java:268) ~[?:?]
	at com.st.microxplorer.util.MXPropertyChangeSupport.firePropertyChange(MXPropertyChangeSupport.java:54) ~[STM32CubeMX.jar:?]
	at com.st.microxplorer.mxsystem.MxSystem.closeConfig(MxSystem.java:899) ~[STM32CubeMX.jar:?]
	at com.st.microxplorer.maingui.MainPanel.closeConfig(MainPanel.java:789) ~[STM32CubeMX.jar:?]
	at com.st.microxplorer.plugins.filemanager.engine.OpenFileManager.loadConfigurationFile(OpenFileManager.java:265) ~[filemanager.jar:?]
	at com.st.microxplorer.plugins.filemanager.engine.MainFileManager.userLoadConfig(MainFileManager.java:340) ~[filemanager.jar:?]
	at com.st.microxplorer.plugins.filemanager.FileManagerView.getSpecificTask(FileManagerView.java:250) ~[filemanager.jar:?]
	at com.st.stm32cube.common.mx.editor.CubeMxEditor.getMxTabbedPaneInstance(CubeMxEditor.java:1191) ~[com.st.stm32cube.common.mx_6.13.0.202411220809/:?]
	at com.st.stm32cube.common.mx.editor.CubeMxEditor$12$1.createSwingComponent(CubeMxEditor.java:1068) ~[com.st.stm32cube.common.mx_6.13.0.202411220809/:?]
	at com.st.stm32cube.common.mx.oss.core.awtswtbridge.EmbeddedSwingComposite.doComponentCreation(EmbeddedSwingComposite.java:492) ~[com.st.stm32cube.common.mx.oss_6.13.0.202411220809/:?]
	at com.st.stm32cube.common.mx.oss.core.awtswtbridge.EmbeddedSwingComposite$4.run(EmbeddedSwingComposite.java:291) ~[com.st.stm32cube.common.mx.oss_6.13.0.202411220809/:?]
	at com.st.stm32cube.common.mx.oss.core.awtswtbridge.AwtEnvironment$2.run(AwtEnvironment.java:166) ~[com.st.stm32cube.common.mx.oss_6.13.0.202411220809/:?]
	at java.awt.event.InvocationEvent.dispatch(InvocationEvent.java:318) ~[?:?]
	at java.awt.EventQueue.dispatchEventImpl(EventQueue.java:773) ~[?:?]
	at java.awt.EventQueue$4.run(EventQueue.java:720) ~[?:?]
	at java.awt.EventQueue$4.run(EventQueue.java:714) ~[?:?]
	at java.security.AccessController.doPrivileged(AccessController.java:400) ~[?:?]
	at java.security.ProtectionDomain$JavaSecurityAccessImpl.doIntersectionPrivilege(ProtectionDomain.java:87) ~[?:?]
	at java.awt.EventQueue.dispatchEvent(EventQueue.java:742) ~[?:?]
	at java.awt.EventDispatchThread.pumpOneEventForFilters(EventDispatchThread.java:203) ~[?:?]
	at java.awt.EventDispatchThread.pumpEventsForFilter(EventDispatchThread.java:124) ~[?:?]
	at java.awt.EventDispatchThread.pumpEventsForHierarchy(EventDispatchThread.java:113) ~[?:?]
	at java.awt.EventDispatchThread.pumpEvents(EventDispatchThread.java:109) ~[?:?]
	at java.awt.EventDispatchThread.pumpEvents(EventDispatchThread.java:101) ~[?:?]
	at java.awt.EventDispatchThread.run(EventDispatchThread.java:90) ~[?:?]
2025-03-14 00:17:38,201 [WARN] ThirdParty:871 - waiting for thirdparty lock release [close project]
2025-03-14 00:17:38,202 [INFO] ThirdParty:873 - entering critical section [close project]
2025-03-14 00:17:38,202 [INFO] ThirdParty:883 - exiting critical section [close project]
2025-03-14 00:17:38,210 [INFO] PinOutPanel:1589 - setPackage(No Configuration,No Configuration)
2025-03-14 00:17:38,249 [WARN] IpParametersView:154 - Warning: This peripheral hasn't parameters
2025-03-14 00:17:38,303 [WARN] MainPanel:289 - <html><b><center>Warning: This peripheral has no parameters to be configured<br></b></html>
2025-03-14 00:17:38,303 [ERROR] MainPanel:599 - java.lang.IndexOutOfBoundsException: Index: 0, Tab count: 0
2025-03-14 00:17:38,318 [INFO] UtilMem:75 - Begin LoadConfig() Used Memory: 998487088 Bytes (1073741824)
2025-03-14 00:17:38,321 [INFO] MicroXplorer:468 - Change Database Path : 
2025-03-14 00:17:38,321 [INFO] MicroXplorer:498 - Change Database Version : DB.6.0.130
2025-03-14 00:17:38,322 [INFO] OpenFileManager:332 - Change cursor
2025-03-14 00:17:38,500 [INFO] Mcu:2035 - Initializing MCU STM32H753ZITx STM32H753ZITx STM32H753ZIT6
2025-03-14 00:17:47,227 [INFO] Context:748 - Trying to add GPIOservice into a context  which must be forbidden
2025-03-14 00:17:53,953 [INFO] ApiDbMcu:508 - Load IP Config File for NUCLEO-H753ZI
2025-03-14 00:17:56,250 [INFO] RtosManager:555 - Registered RTOS mode: class=CMSIS, group=RTOS, mode=CMSIS_V1, owner=FREERTOS
2025-03-14 00:17:56,266 [INFO] RtosManager:555 - Registered RTOS mode: class=CMSIS, group=RTOS2, mode=CMSIS_V2, owner=FREERTOS
2025-03-14 00:17:56,269 [INFO] RtosManager:555 - Registered RTOS mode: class=RTOS, group=Core, mode=CMSIS_V1, owner=FREERTOS
2025-03-14 00:17:56,270 [INFO] RtosManager:555 - Registered RTOS mode: class=RTOS, group=Core, mode=CMSIS_V2, owner=FREERTOS
2025-03-14 00:17:56,270 [WARN] ModelIntegratedComponent:184 - Missing modes for component STMicroelectronics:FreeRTOS:0.0.1:STMicroelectronics:RTOS:FreeRTOS:Core:::10.2.0:
2025-03-14 00:17:56,306 [WARN] ModelIntegratedComponent:63 - No mode defined for component null
2025-03-14 00:17:56,307 [WARN] ModelIntegratedComponent:63 - No mode defined for component null
2025-03-14 00:17:56,307 [WARN] ModelIntegratedComponent:63 - No mode defined for component null
2025-03-14 00:17:56,307 [WARN] ModelIntegratedComponent:63 - No mode defined for component null
2025-03-14 00:17:56,307 [WARN] ModelIntegratedComponent:63 - No mode defined for component null
2025-03-14 00:17:56,307 [WARN] ModelIntegratedComponent:63 - No mode defined for component null
2025-03-14 00:17:56,307 [WARN] ModelIntegratedComponent:63 - No mode defined for component null
2025-03-14 00:17:56,307 [WARN] ModelIntegratedComponent:63 - No mode defined for component null
2025-03-14 00:17:56,308 [WARN] ModelIntegratedComponent:63 - No mode defined for component null
2025-03-14 00:17:56,308 [WARN] ModelIntegratedComponent:63 - No mode defined for component null
2025-03-14 00:17:56,309 [WARN] ModelIntegratedComponent:63 - No mode defined for component null
2025-03-14 00:17:56,310 [WARN] ModelIntegratedComponent:63 - No mode defined for component null
2025-03-14 00:17:56,311 [WARN] ModelIntegratedComponent:63 - No mode defined for component null
2025-03-14 00:17:56,311 [WARN] ModelIntegratedComponent:63 - No mode defined for component null
2025-03-14 00:17:56,311 [WARN] ModelIntegratedComponent:63 - No mode defined for component null
2025-03-14 00:17:56,312 [WARN] ModelIntegratedComponent:63 - No mode defined for component null
2025-03-14 00:17:56,312 [WARN] ModelIntegratedComponent:63 - No mode defined for component null
2025-03-14 00:17:56,312 [WARN] ModelIntegratedComponent:63 - No mode defined for component null
2025-03-14 00:17:56,312 [WARN] ModelIntegratedComponent:63 - No mode defined for component null
2025-03-14 00:17:56,312 [WARN] ModelIntegratedComponent:63 - No mode defined for component null
2025-03-14 00:17:56,312 [WARN] ModelIntegratedComponent:63 - No mode defined for component null
2025-03-14 00:17:56,312 [WARN] ModelIntegratedComponent:63 - No mode defined for component null
2025-03-14 00:17:56,312 [WARN] ModelIntegratedComponent:63 - No mode defined for component null
2025-03-14 00:17:56,312 [WARN] ModelIntegratedComponent:63 - No mode defined for component null
2025-03-14 00:17:56,312 [WARN] ModelIntegratedComponent:63 - No mode defined for component null
2025-03-14 00:17:56,312 [WARN] ModelIntegratedComponent:63 - No mode defined for component null
2025-03-14 00:17:56,312 [WARN] ModelIntegratedComponent:63 - No mode defined for component null
2025-03-14 00:17:56,312 [WARN] ModelIntegratedComponent:63 - No mode defined for component null
2025-03-14 00:17:56,312 [WARN] ModelIntegratedComponent:63 - No mode defined for component null
2025-03-14 00:17:56,312 [WARN] ModelIntegratedComponent:63 - No mode defined for component null
2025-03-14 00:17:56,312 [WARN] ModelIntegratedComponent:63 - No mode defined for component null
2025-03-14 00:17:56,312 [WARN] ModelIntegratedComponent:63 - No mode defined for component null
2025-03-14 00:17:56,312 [WARN] ModelIntegratedComponent:63 - No mode defined for component null
2025-03-14 00:17:56,312 [WARN] ModelIntegratedComponent:63 - No mode defined for component null
2025-03-14 00:17:56,312 [WARN] ModelIntegratedComponent:63 - No mode defined for component null
2025-03-14 00:17:56,314 [WARN] ModelPack:524 - Component already loaded: STMicroelectronics:HAL Drivers:0.0.0:STMicroelectronics:Device:STMicro_Driver:XSPI:HAL::0.0.1:HAL_XSPI
2025-03-14 00:17:56,582 [INFO] ThirdPartyModel:298 - Start build external matchings
2025-03-14 00:17:59,703 [INFO] ThirdPartyModel:316 - End build external matchings
2025-03-14 00:18:01,082 [INFO] UtilMem:75 - End LoadConfig() Used Memory: 984418264 Bytes (1073741824)
2025-03-14 00:18:19,738 [INFO] BspBoardWizard:580 - Analytics plugin initialized with success
2025-03-14 00:18:20,015 [INFO] BspBoardWizard:580 - Analytics plugin initialized with success
2025-03-14 00:18:20,067 [INFO] BspBoardWizard:580 - Analytics plugin initialized with success
2025-03-14 00:18:20,179 [WARN] ThirdParty:833 - waiting for thirdparty lock release [change project]
2025-03-14 00:18:20,184 [INFO] ThirdParty:835 - entering critical section [change project]
2025-03-14 00:18:20,185 [INFO] ThirdParty:1030 - CMSIS Pack Vendor :STMicroelectronics X-CUBE-ISPU 1.1.0
2025-03-14 00:18:20,185 [INFO] ThirdParty:1030 - CMSIS Pack Vendor :STMicroelectronics USBPD 4.1
2025-03-14 00:18:20,185 [INFO] ThirdParty:1030 - CMSIS Pack Vendor :STMicroelectronics X-CUBE-AZRTOS-H7 3.3.0
2025-03-14 00:18:20,186 [INFO] ThirdParty:1030 - CMSIS Pack Vendor :STMicroelectronics X-CUBE-GNSS1 6.0.0
2025-03-14 00:18:20,186 [INFO] ThirdParty:1030 - CMSIS Pack Vendor :STMicroelectronics USB_HOST 2.0.0
2025-03-14 00:18:20,187 [INFO] ThirdParty:1030 - CMSIS Pack Vendor :STMicroelectronics X-CUBE-AZRTOS-F4 1.1.0
2025-03-14 00:18:20,187 [INFO] ThirdParty:1030 - CMSIS Pack Vendor :STMicroelectronics LIBJPEG 8.0.0
2025-03-14 00:18:20,187 [INFO] ThirdParty:1030 - CMSIS Pack Vendor :STMicroelectronics FP-ATR-ASTRA1 2.0.2
2025-03-14 00:18:20,187 [INFO] ThirdParty:1030 - CMSIS Pack Vendor :STMicroelectronics FP-ATR-ASTRA1 2.0.1
2025-03-14 00:18:20,187 [INFO] ThirdParty:1030 - CMSIS Pack Vendor :STMicroelectronics X-CUBE-BLE1 7.1.0
2025-03-14 00:18:20,187 [INFO] ThirdParty:1030 - CMSIS Pack Vendor :STMicroelectronics X-CUBE-WB05N 1.1.0
2025-03-14 00:18:20,187 [INFO] ThirdParty:1030 - CMSIS Pack Vendor :STMicroelectronics USB_DEVICE 3.0.0
2025-03-14 00:18:20,187 [INFO] ThirdParty:1030 - CMSIS Pack Vendor :STMicroelectronics X-CUBE-TCPP 4.1.0
2025-03-14 00:18:20,187 [INFO] ThirdParty:1030 - CMSIS Pack Vendor :STMicroelectronics X-CUBE-FREERTOS 1.2.0
2025-03-14 00:18:20,188 [INFO] ThirdParty:1030 - CMSIS Pack Vendor :STMicroelectronics X-CUBE-AI 8.0.0
2025-03-14 00:18:20,188 [INFO] ThirdParty:1030 - CMSIS Pack Vendor :STMicroelectronics X-CUBE-IPS 3.0.0
2025-03-14 00:18:20,188 [INFO] ThirdParty:1030 - CMSIS Pack Vendor :STMicroelectronics X-CUBE-AZRTOS-WB 2.0.0
2025-03-14 00:18:20,188 [INFO] ThirdParty:1030 - CMSIS Pack Vendor :STMicroelectronics X-CUBE-FREERTOS 1.0.1
2025-03-14 00:18:20,188 [INFO] ThirdParty:1030 - CMSIS Pack Vendor :STMicroelectronics X-CUBE-GNSS1 7.0.0
2025-03-14 00:18:20,188 [INFO] ThirdParty:1030 - CMSIS Pack Vendor :STMicroelectronics X-CUBE-GNSS1 7.0.1
2025-03-14 00:18:20,188 [INFO] ThirdParty:1030 - CMSIS Pack Vendor :STMicroelectronics X-CUBE-TOUCHGFX 4.21.3
2025-03-14 00:18:20,189 [INFO] ThirdParty:1030 - CMSIS Pack Vendor :STMicroelectronics X-CUBE-AZRTOS-F7 1.1.0
2025-03-14 00:18:20,189 [INFO] ThirdParty:1030 - CMSIS Pack Vendor :STMicroelectronics X-CUBE-TOUCHGFX 4.21.4
2025-03-14 00:18:20,189 [INFO] ThirdParty:1030 - CMSIS Pack Vendor :STMicroelectronics X-CUBE-AZRTOS-L5 2.0.0
2025-03-14 00:18:20,189 [INFO] ThirdParty:1030 - CMSIS Pack Vendor :STMicroelectronics X-CUBE-TOUCHGFX 4.25.0
2025-03-14 00:18:20,190 [INFO] ThirdParty:1030 - CMSIS Pack Vendor :STMicroelectronics X-CUBE-MEMS1 9.4.0
2025-03-14 00:18:20,191 [INFO] ThirdParty:1030 - CMSIS Pack Vendor :STMicroelectronics USB_DEVICE 2.0.0
2025-03-14 00:18:20,194 [INFO] ThirdParty:1030 - CMSIS Pack Vendor :STMicroelectronics X-CUBE-AI 7.3.0
2025-03-14 00:18:20,196 [INFO] ThirdParty:1030 - CMSIS Pack Vendor :STMicroelectronics X-CUBE-MEMS1 9.6.0
2025-03-14 00:18:20,199 [INFO] ThirdParty:1030 - CMSIS Pack Vendor :STMicroelectronics FP-SNS-FLIGHT1 5.0.0
2025-03-14 00:18:20,201 [INFO] ThirdParty:1030 - CMSIS Pack Vendor :STMicroelectronics X-CUBE-ALGOBUILD 1.3.0
2025-03-14 00:18:20,208 [INFO] ThirdParty:1030 - CMSIS Pack Vendor :STMicroelectronics X-CUBE-MEMS1 11.0.0
2025-03-14 00:18:20,218 [INFO] ThirdParty:1030 - CMSIS Pack Vendor :STMicroelectronics X-CUBE-BLE1 6.2.4
2025-03-14 00:18:20,229 [INFO] ThirdParty:1030 - CMSIS Pack Vendor :STMicroelectronics X-CUBE-AZRTOS-L5 1.1.0
2025-03-14 00:18:20,231 [INFO] ThirdParty:1030 - CMSIS Pack Vendor :STMicroelectronics FreeRTOS 0.0.1
2025-03-14 00:18:20,233 [INFO] ThirdParty:1030 - CMSIS Pack Vendor :STMicroelectronics X-CUBE-AZRTOS-G0 1.1.0
2025-03-14 00:18:20,233 [INFO] ThirdParty:1030 - CMSIS Pack Vendor :STMicroelectronics X-CUBE-BLEMGR 2.0.0
2025-03-14 00:18:20,233 [INFO] ThirdParty:1030 - CMSIS Pack Vendor :STMicroelectronics X-CUBE-AI 8.0.1
2025-03-14 00:18:20,233 [INFO] ThirdParty:1030 - CMSIS Pack Vendor :STMicroelectronics X-CUBE-SUBG2 5.0.0
2025-03-14 00:18:20,233 [INFO] ThirdParty:1030 - CMSIS Pack Vendor :STMicroelectronics STM32_WPAN 1.0.0
2025-03-14 00:18:20,233 [INFO] ThirdParty:1030 - CMSIS Pack Vendor :EmbeddedOffice I-CUBE-FS-RTOS 1.0.1
2025-03-14 00:18:20,233 [INFO] ThirdParty:1030 - CMSIS Pack Vendor :STMicroelectronics lwIP 2.0.3
2025-03-14 00:18:20,233 [INFO] ThirdParty:1030 - CMSIS Pack Vendor :STMicroelectronics FP-SNS-FLIGHT1 5.0.2
2025-03-14 00:18:20,233 [INFO] ThirdParty:1030 - CMSIS Pack Vendor :Cesanta I-CUBE-Mongoose 7.13.0
2025-03-14 00:18:20,233 [INFO] ThirdParty:1030 - CMSIS Pack Vendor :STMicroelectronics USB_HOST 1.0.0
2025-03-14 00:18:20,233 [INFO] ThirdParty:1030 - CMSIS Pack Vendor :STMicroelectronics X-CUBE-AI 9.0.0
2025-03-14 00:18:20,233 [INFO] ThirdParty:1030 - CMSIS Pack Vendor :STMicroelectronics PDM2PCM 3.1.0
2025-03-14 00:18:20,233 [INFO] ThirdParty:1030 - CMSIS Pack Vendor :STMicroelectronics X-CUBE-AZRTOS-H7 3.1.0
2025-03-14 00:18:20,233 [INFO] ThirdParty:1030 - CMSIS Pack Vendor :STMicroelectronics FP-ATR-ASTRA1 1.1.1
2025-03-14 00:18:20,233 [INFO] ThirdParty:1030 - CMSIS Pack Vendor :STMicroelectronics PDM2PCM 3.3.0
2025-03-14 00:18:20,233 [INFO] ThirdParty:1030 - CMSIS Pack Vendor :STMicroelectronics X-CUBE-BLEMGR 1.3.0
2025-03-14 00:18:20,233 [INFO] ThirdParty:1030 - CMSIS Pack Vendor :STMicroelectronics X-CUBE-TCPP 4.2.0
2025-03-14 00:18:20,233 [INFO] ThirdParty:1030 - CMSIS Pack Vendor :RealThread X-CUBE-RT-Thread_Nano 4.1.1
2025-03-14 00:18:20,233 [INFO] ThirdParty:1030 - CMSIS Pack Vendor :STMicroelectronics X-CUBE-BLE1 7.0.0
2025-03-14 00:18:20,233 [INFO] ThirdParty:1030 - CMSIS Pack Vendor :STMicroelectronics FP-ATR-SIGFOX1 3.2.0
2025-03-14 00:18:20,234 [INFO] ThirdParty:1030 - CMSIS Pack Vendor :STMicroelectronics X-CUBE-AZRTOS-G4 1.0.0
2025-03-14 00:18:20,234 [INFO] ThirdParty:1030 - CMSIS Pack Vendor :STMicroelectronics X-CUBE-AZRTOS-L4 1.0.0
2025-03-14 00:18:20,234 [INFO] ThirdParty:1030 - CMSIS Pack Vendor :quantropi X-CUBE-qispace-sdk-base 1.9.3
2025-03-14 00:18:20,234 [INFO] ThirdParty:1030 - CMSIS Pack Vendor :STMicroelectronics X-CUBE-BLEMGR 4.0.0
2025-03-14 00:18:20,234 [INFO] ThirdParty:1030 - CMSIS Pack Vendor :STMicroelectronics HAL Drivers 0.0.0
2025-03-14 00:18:20,234 [INFO] ThirdParty:1030 - CMSIS Pack Vendor :STMicroelectronics MBEDTLS 2.16.2
2025-03-14 00:18:20,234 [INFO] ThirdParty:1030 - CMSIS Pack Vendor :STMicroelectronics X-CUBE-IPS 3.1.0
2025-03-14 00:18:20,234 [INFO] ThirdParty:1030 - CMSIS Pack Vendor :emotas I-CUBE-CANOPEN 1.3.0
2025-03-14 00:18:20,234 [INFO] ThirdParty:1030 - CMSIS Pack Vendor :STMicroelectronics X-CUBE-FREERTOS 1.3.0
2025-03-14 00:18:20,234 [INFO] ThirdParty:1030 - CMSIS Pack Vendor :STMicroelectronics X-CUBE-MEMS1 10.0.0
2025-03-14 00:18:20,234 [INFO] ThirdParty:1030 - CMSIS Pack Vendor :STMicroelectronics MBEDTLS 2.14.1
2025-03-14 00:18:20,234 [INFO] ThirdParty:1030 - CMSIS Pack Vendor :STMicroelectronics X-CUBE-NFC7 1.0.0
2025-03-14 00:18:20,234 [INFO] ThirdParty:1030 - CMSIS Pack Vendor :ITTIA_DB I-CUBE-ITTIADB 8.9.0
2025-03-14 00:18:20,234 [INFO] ThirdParty:1030 - CMSIS Pack Vendor :STMicroelectronics X-CUBE-TOUCHGFX 4.24.2
2025-03-14 00:18:20,234 [INFO] ThirdParty:1030 - CMSIS Pack Vendor :STMicroelectronics X-CUBE-TOUCHGFX 4.24.1
2025-03-14 00:18:20,234 [INFO] ThirdParty:1030 - CMSIS Pack Vendor :wolfSSL I-CUBE-wolfTPM 3.4.0
2025-03-14 00:18:20,234 [INFO] ThirdParty:1030 - CMSIS Pack Vendor :portGmbH I-Cube-SoM-uGOAL 1.1.0
2025-03-14 00:18:20,234 [INFO] ThirdParty:1030 - CMSIS Pack Vendor :STMicroelectronics X-CUBE-ALS 1.0.1
2025-03-14 00:18:20,234 [INFO] ThirdParty:1030 - CMSIS Pack Vendor :STMicroelectronics X-CUBE-MEMS1 9.5.0
2025-03-14 00:18:20,234 [INFO] ThirdParty:1030 - CMSIS Pack Vendor :STMicroelectronics X-CUBE-BLEMGR 3.1.0
2025-03-14 00:18:20,234 [INFO] ThirdParty:1030 - CMSIS Pack Vendor :STMicroelectronics X-CUBE-AI 10.0.0
2025-03-14 00:18:20,234 [INFO] ThirdParty:1030 - CMSIS Pack Vendor :STMicroelectronics ThreadX 1.0.0
2025-03-14 00:18:20,234 [INFO] ThirdParty:1030 - CMSIS Pack Vendor :STMicroelectronics X-CUBE-AZRTOS-WB 1.1.0
2025-03-14 00:18:20,234 [INFO] ThirdParty:1030 - CMSIS Pack Vendor :STMicroelectronics FP-SNS-FLIGHT1 5.1.0
2025-03-14 00:18:20,234 [INFO] ThirdParty:1030 - CMSIS Pack Vendor :STMicroelectronics X-CUBE-MEMS1 11.1.0
2025-03-14 00:18:20,234 [INFO] ThirdParty:1030 - CMSIS Pack Vendor :STMicroelectronics X-CUBE-AZRTOS-WL 2.0.0
2025-03-14 00:18:20,234 [INFO] ThirdParty:1030 - CMSIS Pack Vendor :SEGGER I-CUBE-embOS 1.3.1
2025-03-14 00:18:20,234 [INFO] ThirdParty:1030 - CMSIS Pack Vendor :STMicroelectronics X-CUBE-ALGOBUILD 1.4.0
2025-03-14 00:18:20,234 [INFO] ThirdParty:1030 - CMSIS Pack Vendor :STMicroelectronics USB_DEVICE 1.0.0
2025-03-14 00:18:20,234 [INFO] ThirdParty:1030 - CMSIS Pack Vendor :STMicroelectronics X-CUBE-AZRTOS-H7RS 1.0.0
2025-03-14 00:18:20,234 [INFO] ThirdParty:1030 - CMSIS Pack Vendor :wolfSSL I-CUBE-wolfMQTT 1.19.0
2025-03-14 00:18:20,234 [INFO] ThirdParty:1030 - CMSIS Pack Vendor :STMicroelectronics X-CUBE-AZRTOS-L4 2.0.0
2025-03-14 00:18:20,234 [INFO] ThirdParty:1030 - CMSIS Pack Vendor :STMicroelectronics ThreadX 0.0.2
2025-03-14 00:18:20,234 [INFO] ThirdParty:1030 - CMSIS Pack Vendor :WES I-CUBE-Cesium 1.3.0
2025-03-14 00:18:20,234 [INFO] ThirdParty:1030 - CMSIS Pack Vendor :STMicroelectronics FP-ATR-ASTRA1 2.0.0
2025-03-14 00:18:20,234 [INFO] ThirdParty:1030 - CMSIS Pack Vendor :STMicroelectronics lwIP 2.1.2
2025-03-14 00:18:20,234 [INFO] ThirdParty:1030 - CMSIS Pack Vendor :STMicroelectronics X-CUBE-SFXS2LP1 4.0.0
2025-03-14 00:18:20,234 [INFO] ThirdParty:1030 - CMSIS Pack Vendor :STMicroelectronics X-CUBE-BLE2 3.3.0
2025-03-14 00:18:20,234 [INFO] ThirdParty:1030 - CMSIS Pack Vendor :Infineon AIROC-Wi-Fi-Bluetooth-STM32 1.6.1
2025-03-14 00:18:20,234 [INFO] ThirdParty:1030 - CMSIS Pack Vendor :STMicroelectronics PDM2PCM 3.2.0
2025-03-14 00:18:20,235 [INFO] ThirdParty:1030 - CMSIS Pack Vendor :wolfSSL I-CUBE-wolfSSH 1.4.17
2025-03-14 00:18:20,242 [INFO] ThirdParty:841 - exiting critical section [change project]
2025-03-14 00:18:21,660 [INFO] PinOutPanel:1589 - setPackage(No Configuration,No Configuration)
2025-03-14 00:18:21,665 [INFO] PinOutPanel:1589 - setPackage(STM32H753ZITx,LQFP144)
2025-03-14 00:18:23,389 [INFO] UtilMem:75 - Before build in PCC Used Memory: 914234168 Bytes (1073741824)
2025-03-14 00:18:24,505 [INFO] UtilMem:75 - After build in PCC Used Memory: 979253856 Bytes (1073741824)
2025-03-14 00:18:24,632 [INFO] IPUIPlugin:80 - create IPUIPlugin
2025-03-14 00:18:24,633 [INFO] IPUIPlugin:80 - create IPUIPlugin
2025-03-14 00:18:24,633 [INFO] IPUIPlugin:80 - create IPUIPlugin
2025-03-14 00:18:24,634 [INFO] IPUIPlugin:80 - create IPUIPlugin
2025-03-14 00:18:24,635 [INFO] IPUIPlugin:80 - create IPUIPlugin
2025-03-14 00:18:24,635 [INFO] IPUIPlugin:80 - create IPUIPlugin
2025-03-14 00:18:24,635 [INFO] IPUIPlugin:80 - create IPUIPlugin
2025-03-14 00:18:24,635 [INFO] IPUIPlugin:80 - create IPUIPlugin
2025-03-14 00:18:24,636 [INFO] IPUIPlugin:80 - create IPUIPlugin
2025-03-14 00:18:24,636 [INFO] IPUIPlugin:80 - create IPUIPlugin
2025-03-14 00:18:24,636 [INFO] IPUIPlugin:80 - create IPUIPlugin
2025-03-14 00:18:24,636 [INFO] IPUIPlugin:80 - create IPUIPlugin
2025-03-14 00:18:24,636 [INFO] IPUIPlugin:80 - create IPUIPlugin
2025-03-14 00:18:24,636 [INFO] IPUIPlugin:80 - create IPUIPlugin
2025-03-14 00:18:24,636 [INFO] IPUIPlugin:80 - create IPUIPlugin
2025-03-14 00:18:24,637 [INFO] IPUIPlugin:80 - create IPUIPlugin
2025-03-14 00:18:24,637 [INFO] IPUIPlugin:80 - create IPUIPlugin
2025-03-14 00:18:24,637 [INFO] IPUIPlugin:80 - create IPUIPlugin
2025-03-14 00:18:24,637 [INFO] IPUIPlugin:80 - create IPUIPlugin
2025-03-14 00:18:24,637 [INFO] IPUIPlugin:80 - create IPUIPlugin
2025-03-14 00:18:24,639 [INFO] IPUIPlugin:80 - create IPUIPlugin
2025-03-14 00:18:24,640 [INFO] IPUIPlugin:80 - create IPUIPlugin
2025-03-14 00:18:24,641 [INFO] IPUIPlugin:80 - create IPUIPlugin
2025-03-14 00:18:24,641 [INFO] IPUIPlugin:80 - create IPUIPlugin
2025-03-14 00:18:24,642 [INFO] IPUIPlugin:80 - create IPUIPlugin
2025-03-14 00:18:24,642 [INFO] IPUIPlugin:80 - create IPUIPlugin
2025-03-14 00:18:24,643 [INFO] IPUIPlugin:80 - create IPUIPlugin
2025-03-14 00:18:24,643 [INFO] IPUIPlugin:80 - create IPUIPlugin
2025-03-14 00:18:24,643 [INFO] IPUIPlugin:80 - create IPUIPlugin
2025-03-14 00:18:24,643 [INFO] IPUIPlugin:80 - create IPUIPlugin
2025-03-14 00:18:24,643 [INFO] IPUIPlugin:80 - create IPUIPlugin
2025-03-14 00:18:24,643 [INFO] IPUIPlugin:80 - create IPUIPlugin
2025-03-14 00:18:24,644 [INFO] IPUIPlugin:80 - create IPUIPlugin
2025-03-14 00:18:24,644 [INFO] IPUIPlugin:80 - create IPUIPlugin
2025-03-14 00:18:24,644 [INFO] IPUIPlugin:80 - create IPUIPlugin
2025-03-14 00:18:24,645 [INFO] IPUIPlugin:80 - create IPUIPlugin
2025-03-14 00:18:24,646 [INFO] IPUIPlugin:80 - create IPUIPlugin
2025-03-14 00:18:24,648 [INFO] IPUIPlugin:80 - create IPUIPlugin
2025-03-14 00:18:24,649 [INFO] IPUIPlugin:80 - create IPUIPlugin
2025-03-14 00:18:24,649 [INFO] IPUIPlugin:80 - create IPUIPlugin
2025-03-14 00:18:24,650 [INFO] IPUIPlugin:80 - create IPUIPlugin
2025-03-14 00:18:24,650 [INFO] IPUIPlugin:80 - create IPUIPlugin
2025-03-14 00:18:24,650 [INFO] IPUIPlugin:80 - create IPUIPlugin
2025-03-14 00:18:24,664 [INFO] IPUIPlugin:80 - create IPUIPlugin
2025-03-14 00:18:24,666 [INFO] IPUIPlugin:80 - create IPUIPlugin
2025-03-14 00:18:24,666 [INFO] IPUIPlugin:80 - create IPUIPlugin
2025-03-14 00:18:24,666 [INFO] IPUIPlugin:80 - create IPUIPlugin
2025-03-14 00:18:24,667 [INFO] IPUIPlugin:80 - create IPUIPlugin
2025-03-14 00:18:24,667 [INFO] IPUIPlugin:80 - create IPUIPlugin
2025-03-14 00:18:24,667 [INFO] IPUIPlugin:80 - create IPUIPlugin
2025-03-14 00:18:24,668 [INFO] IPUIPlugin:80 - create IPUIPlugin
2025-03-14 00:18:24,668 [INFO] IPUIPlugin:80 - create IPUIPlugin
2025-03-14 00:18:24,668 [INFO] IPUIPlugin:80 - create IPUIPlugin
2025-03-14 00:18:24,668 [INFO] IPUIPlugin:80 - create IPUIPlugin
2025-03-14 00:18:24,668 [INFO] IPUIPlugin:80 - create IPUIPlugin
2025-03-14 00:18:24,669 [INFO] IPUIPlugin:80 - create IPUIPlugin
2025-03-14 00:18:24,670 [INFO] IPUIPlugin:80 - create IPUIPlugin
2025-03-14 00:18:24,670 [INFO] IPUIPlugin:80 - create IPUIPlugin
2025-03-14 00:18:24,670 [INFO] IPUIPlugin:80 - create IPUIPlugin
2025-03-14 00:18:24,671 [INFO] IPUIPlugin:80 - create IPUIPlugin
2025-03-14 00:18:24,671 [INFO] IPUIPlugin:80 - create IPUIPlugin
2025-03-14 00:18:24,671 [INFO] IPUIPlugin:80 - create IPUIPlugin
2025-03-14 00:18:24,671 [INFO] IPUIPlugin:80 - create IPUIPlugin
2025-03-14 00:18:24,672 [INFO] IPUIPlugin:80 - create IPUIPlugin
2025-03-14 00:18:24,672 [INFO] IPUIPlugin:80 - create IPUIPlugin
2025-03-14 00:18:24,672 [INFO] IPUIPlugin:80 - create IPUIPlugin
2025-03-14 00:18:24,672 [INFO] IPUIPlugin:80 - create IPUIPlugin
2025-03-14 00:18:24,672 [INFO] IPUIPlugin:80 - create IPUIPlugin
2025-03-14 00:18:24,673 [INFO] IPUIPlugin:80 - create IPUIPlugin
2025-03-14 00:18:24,673 [INFO] IPUIPlugin:80 - create IPUIPlugin
2025-03-14 00:18:24,673 [INFO] IPUIPlugin:80 - create IPUIPlugin
2025-03-14 00:18:24,673 [INFO] IPUIPlugin:80 - create IPUIPlugin
2025-03-14 00:18:24,674 [INFO] IPUIPlugin:80 - create IPUIPlugin
2025-03-14 00:18:24,674 [INFO] IPUIPlugin:80 - create IPUIPlugin
2025-03-14 00:18:24,674 [INFO] IPUIPlugin:80 - create IPUIPlugin
2025-03-14 00:18:24,674 [INFO] IPUIPlugin:80 - create IPUIPlugin
2025-03-14 00:18:24,674 [INFO] IPUIPlugin:80 - create IPUIPlugin
2025-03-14 00:18:24,674 [INFO] IPUIPlugin:80 - create IPUIPlugin
2025-03-14 00:18:24,674 [INFO] IPUIPlugin:80 - create IPUIPlugin
2025-03-14 00:18:24,674 [INFO] IPUIPlugin:80 - create IPUIPlugin
2025-03-14 00:18:24,674 [INFO] IPUIPlugin:80 - create IPUIPlugin
2025-03-14 00:18:24,674 [INFO] IPUIPlugin:80 - create IPUIPlugin
2025-03-14 00:18:24,674 [INFO] IPUIPlugin:80 - create IPUIPlugin
2025-03-14 00:18:24,675 [INFO] IPUIPlugin:80 - create IPUIPlugin
2025-03-14 00:18:24,675 [INFO] IPUIPlugin:80 - create IPUIPlugin
2025-03-14 00:18:24,675 [INFO] IPUIPlugin:80 - create IPUIPlugin
2025-03-14 00:18:24,675 [INFO] IPUIPlugin:80 - create IPUIPlugin
2025-03-14 00:18:24,675 [INFO] IPUIPlugin:80 - create IPUIPlugin
2025-03-14 00:18:24,675 [INFO] IPUIPlugin:80 - create IPUIPlugin
2025-03-14 00:18:24,676 [INFO] IPUIPlugin:80 - create IPUIPlugin
2025-03-14 00:18:24,676 [INFO] IPUIPlugin:80 - create IPUIPlugin
2025-03-14 00:18:24,676 [INFO] IPUIPlugin:80 - create IPUIPlugin
2025-03-14 00:18:24,676 [INFO] IPUIPlugin:80 - create IPUIPlugin
2025-03-14 00:18:24,677 [INFO] IPUIPlugin:80 - create IPUIPlugin
2025-03-14 00:18:24,677 [INFO] IPUIPlugin:80 - create IPUIPlugin
2025-03-14 00:18:24,677 [INFO] IPUIPlugin:80 - create IPUIPlugin
2025-03-14 00:18:24,678 [INFO] IPUIPlugin:80 - create IPUIPlugin
2025-03-14 00:18:24,678 [INFO] IPUIPlugin:80 - create IPUIPlugin
2025-03-14 00:18:24,678 [INFO] IPUIPlugin:80 - create IPUIPlugin
2025-03-14 00:18:24,679 [INFO] IPUIPlugin:80 - create IPUIPlugin
2025-03-14 00:18:24,679 [INFO] IPUIPlugin:80 - create IPUIPlugin
2025-03-14 00:18:24,695 [INFO] ApiDbMcu:508 - Load IP Config File for PDM2PCM
2025-03-14 00:18:24,799 [INFO] CADModel:165 - CPN selected for project levelSTM32H753ZIT6
2025-03-14 00:18:24,800 [INFO] CADModel:114 - Register for checkConnection events
2025-03-14 00:18:24,854 [INFO] OpenFileManager:363 - Restore cursor
2025-03-14 00:18:27,766 [INFO] UtilMem:75 - End SaveConfig() Used Memory: 987211128 Bytes (1073741824)
2025-03-14 00:18:27,973 [WARN] Context:821 - Trying to set MEMORYMAP twice on same context Cortex-M7NS
2025-03-14 00:18:28,627 [ERROR] IocParser:95 - Exception caught: Cannot invoke "java.lang.CharSequence.length()" because "this.text" is null
2025-03-14 00:18:53,978 [INFO] MainUpdater:2872 - connection check result : 10
2025-03-14 00:18:54,016 [INFO] WebApp:449 - Apply proxy settings
2025-03-14 00:18:54,021 [INFO] WebApp:494 - Chromium authenticates against Manually configured proxy
2025-03-14 00:18:54,028 [INFO] WebApp:502 - Username used for proxy authentication: 
2025-03-14 00:18:54,031 [INFO] WebApp:449 - Apply proxy settings
2025-03-14 00:18:54,035 [INFO] WebApp:494 - Chromium authenticates against Manually configured proxy
2025-03-14 00:18:54,481 [INFO] WebApp:502 - Username used for proxy authentication: 
2025-03-14 00:18:54,482 [INFO] WebApp:371 - Starting web application
2025-03-14 00:18:54,482 [INFO] WebApp:579 - Web application path used /Applications/STM32CubeIDE.app/Contents/Eclipse/plugins/com.st.stm32cube.common.mx_6.13.0.202411220809/db/plugins/mcufinder/reactClient1/index.html
2025-03-14 00:18:55,383 [INFO] UserAuth:486 - Internet connection configuration mode: 1
2025-03-14 00:19:10,592 [INFO] McuFinderGlobals:76 - Set McuFinderConnectedMode to true
2025-03-14 00:19:10,617 [INFO] ApiDb:448 - Save user favorites file /Users/sanjaybendale/.stm32cubeide/favorites.mcus.txt: 0 item(s)
2025-03-14 00:19:10,617 [INFO] ApiDb:452 - User favorites MCUs=[]
2025-03-14 00:19:10,651 [INFO] ApiDb:448 - Save user favorites file /Users/sanjaybendale/.stm32cubeide/favorites.boards.txt: 1 item(s)
2025-03-14 00:19:10,651 [INFO] ApiDb:452 - User favorites Boards=[NUCLEO-H753ZI]
